number,value,datetime_start,datetime_complete,duration,params_bootstrap,params_class_weight_mode,params_criterion,params_max_depth,params_max_features,params_max_samples,params_min_samples_leaf,params_min_samples_split,params_n_estimators,user_attrs_average_uniqueness_weighting,user_attrs_fold_metrics,user_attrs_folds_evaluated,user_attrs_max_roc_auc,user_attrs_mean_average_precision,user_attrs_mean_roc_auc,user_attrs_min_roc_auc,user_attrs_policy_complete,user_attrs_policy_false_positive,user_attrs_policy_fold_metrics,user_attrs_policy_min_fold_specificity,user_attrs_policy_precision,user_attrs_policy_signals,user_attrs_policy_specificity,user_attrs_policy_specificity_std,user_attrs_policy_true_positive,user_attrs_std_roc_auc,user_attrs_threshold_selected,user_attrs_validation_metrics_weighted,state,policy_selection_rank,selected_by_policy_hierarchy
8,0.5039272564036843,2026-07-19 18:08:14.525913,2026-07-19 18:10:27.947875,0 days 00:02:13.421962,True,none,log_loss,9,0.5,0.9971658557508559,11,22,50,True,"[{'events': 10344, 'positive_fraction': 0.3857308584686775, 'roc_auc': 0.4744740155393204, 'average_precision': 0.3740119708164611, 'log_loss': 0.7956304163881536, 'brier_score': 0.29843701111872317, 'threshold': 0.5, 'accuracy': 0.4069025522041763, 'balanced_accuracy': 0.477230966935753, 'precision': 0.3724580806278987, 'sensitivity': 0.7849624060150376, 'recall': 0.7849624060150376, 'specificity': 0.16949952785646838, 'f1': 0.5052020324219695, 'mcc': -0.05684234361125014, 'tn': 1077, 'fp': 5277, 'fn': 858, 'tp': 3132, 'model_name': 'random_forest', 'feature_set_name': 'I_full_40', 'feature_count': 40, 'numeric_feature_count': 38, 'categorical_feature_count': 2, 'fold_id': 1, 'train_events': 62717, 'validation_events': 10344, 'train_positive_fraction': 0.5022721112298101, 'validation_positive_fraction': 0.3857308584686775, 'average_uniqueness_weighting_applied': True, 'train_sample_weight_mean': 0.9999999999999998, 'train_sample_weight_min': 0.33537416646232093, 'train_sample_weight_max': 10.396599160332254, 'validation_metrics_weighted': False, 'fit_seconds': 18.82750619998842, 'inference_seconds': 0.06348559999605641}, {'events': 10408, 'positive_fraction': 0.46666026133743277, 'roc_auc': 0.4744264602100344, 'average_precision': 0.4615817054483112, 'log_loss': 0.7211698550238279, 'brier_score': 0.2635498247483361, 'threshold': 0.5, 'accuracy': 0.4656033820138355, 'balanced_accuracy': 0.483345979280527, 'precision': 0.45585472761427676, 'sensitivity': 0.7494338068766728, 'recall': 0.7494338068766728, 'specificity': 0.2172581516843812, 'f1': 0.5668898925401028, 'mcc': -0.03931919288636358, 'tn': 1206, 'fp': 4345, 'fn': 1217, 'tp': 3640, 'model_name': 'random_forest', 'feature_set_name': 'I_full_40', 'feature_count': 40, 'numeric_feature_count': 38, 'categorical_feature_count': 2, 'fold_id': 2, 'train_events': 73590, 'validation_events': 10408, 'train_positive_fraction': 0.4856366354124202, 'validation_positive_fraction': 0.46666026133743277, 'average_uniqueness_weighting_applied': True, 'train_sample_weight_mean': 1.0000000000000002, 'train_sample_weight_min': 0.34266121177818065, 'train_sample_weight_max': 10.622497565123911, 'validation_metrics_weighted': False, 'fit_seconds': 22.749705300011556, 'inference_seconds': 0.06051399999705609}, {'events': 10397, 'positive_fraction': 0.7263633740502068, 'roc_auc': 0.543023089124542, 'average_precision': 0.7799192175559088, 'log_loss': 0.7751257972476588, 'brier_score': 0.2894384031970804, 'threshold': 0.5, 'accuracy': 0.3862652688275464, 'balanced_accuracy': 0.5463104316225313, 'precision': 0.8363009764503159, 'sensitivity': 0.19279661016949154, 'recall': 0.19279661016949154, 'specificity': 0.8998242530755711, 'f1': 0.31335413752286667, 'mcc': 0.1105918036243008, 'tn': 2560, 'fp': 285, 'fn': 6096, 'tp': 1456, 'model_name': 'random_forest', 'feature_set_name': 'I_full_40', 'feature_count': 40, 'numeric_feature_count': 38, 'categorical_feature_count': 2, 'fold_id': 3, 'train_events': 83825, 'validation_events': 10397, 'train_positive_fraction': 0.4746555323590814, 'validation_positive_fraction': 0.7263633740502068, 'average_uniqueness_weighting_applied': True, 'train_sample_weight_mean': 1.0, 'train_sample_weight_min': 0.3437930721380264, 'train_sample_weight_max': 10.65758523627913, 'validation_metrics_weighted': False, 'fit_seconds': 25.754503800009843, 'inference_seconds': 0.061054699996020645}, {'events': 10319, 'positive_fraction': 0.888070549471848, 'roc_auc': 0.48900256225659977, 'average_precision': 0.8983307578026286, 'log_loss': 0.654960670663481, 'brier_score': 0.2348446464287876, 'threshold': 0.5, 'accuracy': 0.5276674096327163, 'balanced_accuracy': 0.46998739656967503, 'precision': 0.8772423496306718, 'sensitivity': 0.5443037974683544, 'recall': 0.5443037974683544, 'specificity': 0.3956709956709957, 'f1': 0.6717845117845118, 'mcc': -0.03804806895389795, 'tn': 457, 'fp': 698, 'fn': 4176, 'tp': 4988, 'model_name': 'random_forest', 'feature_set_name': 'I_full_40', 'feature_count': 40, 'numeric_feature_count': 38, 'categorical_feature_count': 2, 'fold_id': 4, 'train_events': 94059, 'validation_events': 10319, 'train_positive_fraction': 0.49821920284077015, 'validation_positive_fraction': 0.888070549471848, 'average_uniqueness_weighting_applied': True, 'train_sample_weight_mean': 1.0, 'train_sample_weight_min': 0.3302478543176708, 'train_sample_weight_max': 10.237683483848098, 'validation_metrics_weighted': False, 'fit_seconds': 29.29362019999826, 'inference_seconds': 0.05728590000944678}, {'events': 10372, 'positive_fraction': 0.5071345931353645, 'roc_auc': 0.538710154887925, 'average_precision': 0.5449789075367285, 'log_loss': 0.7607161302470323, 'brier_score': 0.27904062107812333, 'threshold': 0.5, 'accuracy': 0.48843038951021983, 'balanced_accuracy': 0.48239280422713726, 'precision': 0.49759715837860424, 'sensitivity': 0.9055133079847909, 'recall': 0.9055133079847909, 'specificity': 0.05927230046948357, 'f1': 0.642259978425027, 'mcc': -0.06598757141005736, 'tn': 303, 'fp': 4809, 'fn': 497, 'tp': 4763, 'model_name': 'random_forest', 'feature_set_name': 'I_full_40', 'feature_count': 40, 'numeric_feature_count': 38, 'categorical_feature_count': 2, 'fold_id': 5, 'train_events': 107360, 'validation_events': 10372, 'train_positive_fraction': 0.5392883755588673, 'validation_positive_fraction': 0.5071345931353645, 'average_uniqueness_weighting_applied': True, 'train_sample_weight_mean': 1.0, 'train_sample_weight_min': 0.31837299323945095, 'train_sample_weight_max': 9.869562790423288, 'validation_metrics_weighted': False, 'fit_seconds': 34.74411220000184, 'inference_seconds': 0.0691272999974899}]",5,0.543023089124542,0.6117645118320076,0.5039272564036843,0.4744264602100344,True,1079,"[{'fold_id': 1, 'true_positive': 238, 'false_positive': 323, 'true_negative': 6031, 'false_negative': 3752, 'signals': 561, 'events': 10344, 'dates': 92, 'precision': 0.42424242424242425, 'specificity': 0.9491658797607806, 'sensitivity': 0.05964912280701754}, {'fold_id': 2, 'true_positive': 309, 'false_positive': 257, 'true_negative': 5294, 'false_negative': 4548, 'signals': 566, 'events': 10408, 'dates': 91, 'precision': 0.5459363957597173, 'specificity': 0.9537020356692488, 'sensitivity': 0.06361951822112415}, {'fold_id': 3, 'true_positive': 456, 'false_positive': 138, 'true_negative': 2707, 'false_negative': 7096, 'signals': 594, 'events': 10397, 'dates': 136, 'precision': 0.7676767676767676, 'specificity': 0.951493848857645, 'sensitivity': 0.06038135593220339}, {'fold_id': 4, 'true_positive': 547, 'false_positive': 77, 'true_negative': 1078, 'false_negative': 8617, 'signals': 624, 'events': 10319, 'dates': 231, 'precision': 0.8766025641025641, 'specificity': 0.9333333333333333, 'sensitivity': 0.05969009166302924}, {'fold_id': 5, 'true_positive': 387, 'false_positive': 284, 'true_negative': 4828, 'false_negative': 4873, 'signals': 671, 'events': 10372, 'dates': 288, 'precision': 0.5767511177347243, 'specificity': 0.9444444444444444, 'sensitivity': 0.07357414448669201}]",0.9333333333333333,0.6422413793103449,3016,0.948660608079174,0.007231530859529599,1937,0.030655736924627346,False,False,COMPLETE,1,True
9,0.509677685508198,2026-07-19 18:10:28.146880,2026-07-19 18:12:40.860009,0 days 00:02:12.713129,False,none,gini,12,sqrt,0.9271665892354083,20,12,125,True,"[{'events': 10344, 'positive_fraction': 0.3857308584686775, 'roc_auc': 0.48705522067681006, 'average_precision': 0.3900501534828231, 'log_loss': 0.7564158357677069, 'brier_score': 0.2807421098595189, 'threshold': 0.5, 'accuracy': 0.40226218097447797, 'balanced_accuracy': 0.47886205125656445, 'precision': 0.37380596156059387, 'sensitivity': 0.8140350877192982, 'recall': 0.8140350877192982, 'specificity': 0.14368901479383067, 'f1': 0.5123432447353893, 'mcc': -0.056133095394826756, 'tn': 913, 'fp': 5441, 'fn': 742, 'tp': 3248, 'model_name': 'random_forest', 'feature_set_name': 'I_full_40', 'feature_count': 40, 'numeric_feature_count': 38, 'categorical_feature_count': 2, 'fold_id': 1, 'train_events': 62717, 'validation_events': 10344, 'train_positive_fraction': 0.5022721112298101, 'validation_positive_fraction': 0.3857308584686775, 'average_uniqueness_weighting_applied': True, 'train_sample_weight_mean': 0.9999999999999998, 'train_sample_weight_min': 0.33537416646232093, 'train_sample_weight_max': 10.396599160332254, 'validation_metrics_weighted': False, 'fit_seconds': 18.082208699997864, 'inference_seconds': 0.12327290000393987}, {'events': 10408, 'positive_fraction': 0.46666026133743277, 'roc_auc': 0.466965666633545, 'average_precision': 0.4456331996318223, 'log_loss': 0.7169001845547304, 'brier_score': 0.26152109180470307, 'threshold': 0.5, 'accuracy': 0.4579169869331284, 'balanced_accuracy': 0.46796740220124416, 'precision': 0.44223693892568067, 'sensitivity': 0.6186946674902203, 'recall': 0.6186946674902203, 'specificity': 0.31724013691226804, 'f1': 0.5157912804668726, 'mcc': -0.06713718233880528, 'tn': 1761, 'fp': 3790, 'fn': 1852, 'tp': 3005, 'model_name': 'random_forest', 'feature_set_name': 'I_full_40', 'feature_count': 40, 'numeric_feature_count': 38, 'categorical_feature_count': 2, 'fold_id': 2, 'train_events': 73590, 'validation_events': 10408, 'train_positive_fraction': 0.4856366354124202, 'validation_positive_fraction': 0.46666026133743277, 'average_uniqueness_weighting_applied': True, 'train_sample_weight_mean': 1.0000000000000002, 'train_sample_weight_min': 0.34266121177818065, 'train_sample_weight_max': 10.622497565123911, 'validation_metrics_weighted': False, 'fit_seconds': 21.77292529999977, 'inference_seconds': 0.09094120000372641}, {'events': 10397, 'positive_fraction': 0.7263633740502068, 'roc_auc': 0.5588001455869649, 'average_precision': 0.7860652084029918, 'log_loss': 0.7228424649372787, 'brier_score': 0.2646987370216825, 'threshold': 0.5, 'accuracy': 0.4496489371934212, 'balanced_accuracy': 0.5514929645378451, 'precision': 0.7949709864603481, 'sensitivity': 0.3265360169491525, 'recall': 0.3265360169491525, 'specificity': 0.7764499121265378, 'f1': 0.4629247231086916, 'mcc': 0.10034979102994644, 'tn': 2209, 'fp': 636, 'fn': 5086, 'tp': 2466, 'model_name': 'random_forest', 'feature_set_name': 'I_full_40', 'feature_count': 40, 'numeric_feature_count': 38, 'categorical_feature_count': 2, 'fold_id': 3, 'train_events': 83825, 'validation_events': 10397, 'train_positive_fraction': 0.4746555323590814, 'validation_positive_fraction': 0.7263633740502068, 'average_uniqueness_weighting_applied': True, 'train_sample_weight_mean': 1.0, 'train_sample_weight_min': 0.3437930721380264, 'train_sample_weight_max': 10.65758523627913, 'validation_metrics_weighted': False, 'fit_seconds': 25.4819170999981, 'inference_seconds': 0.1004769999999553}, {'events': 10319, 'positive_fraction': 0.888070549471848, 'roc_auc': 0.5193775379283891, 'average_precision': 0.9034328827177065, 'log_loss': 0.6340856881233533, 'brier_score': 0.2241417514693243, 'threshold': 0.5, 'accuracy': 0.567303033239655, 'balanced_accuracy': 0.5097065781592189, 'precision': 0.8913876395135766, 'sensitivity': 0.5839153208206024, 'recall': 0.5839153208206024, 'specificity': 0.4354978354978355, 'f1': 0.7056108656952594, 'mcc': 0.01240808598205358, 'tn': 503, 'fp': 652, 'fn': 3813, 'tp': 5351, 'model_name': 'random_forest', 'feature_set_name': 'I_full_40', 'feature_count': 40, 'numeric_feature_count': 38, 'categorical_feature_count': 2, 'fold_id': 4, 'train_events': 94059, 'validation_events': 10319, 'train_positive_fraction': 0.49821920284077015, 'validation_positive_fraction': 0.888070549471848, 'average_uniqueness_weighting_applied': True, 'train_sample_weight_mean': 1.0, 'train_sample_weight_min': 0.3302478543176708, 'train_sample_weight_max': 10.237683483848098, 'validation_metrics_weighted': False, 'fit_seconds': 29.997249599997303, 'inference_seconds': 0.096852199989371}, {'events': 10372, 'positive_fraction': 0.5071345931353645, 'roc_auc': 0.5161898567152812, 'average_precision': 0.5351014085817287, 'log_loss': 0.7656186337078859, 'brier_score': 0.2816599575478024, 'threshold': 0.5, 'accuracy': 0.48457385268029307, 'balanced_accuracy': 0.4780318582385738, 'precision': 0.49567317367679614, 'sensitivity': 0.9365019011406844, 'recall': 0.9365019011406844, 'specificity': 0.019561815336463225, 'f1': 0.648243189893407, 'mcc': -0.10970268363865569, 'tn': 100, 'fp': 5012, 'fn': 334, 'tp': 4926, 'model_name': 'random_forest', 'feature_set_name': 'I_full_40', 'feature_count': 40, 'numeric_feature_count': 38, 'categorical_feature_count': 2, 'fold_id': 5, 'train_events': 107360, 'validation_events': 10372, 'train_positive_fraction': 0.5392883755588673, 'validation_positive_fraction': 0.5071345931353645, 'average_uniqueness_weighting_applied': True, 'train_sample_weight_mean': 1.0, 'train_sample_weight_min': 0.31837299323945095, 'train_sample_weight_max': 9.869562790423288, 'validation_metrics_weighted': False, 'fit_seconds': 34.64299760000722, 'inference_seconds': 0.1312395999993896}]",5,0.5588001455869649,0.6120565705634144,0.509677685508198,0.466965666633545,True,1080,"[{'fold_id': 1, 'true_positive': 231, 'false_positive': 330, 'true_negative': 6024, 'false_negative': 3759, 'signals': 561, 'events': 10344, 'dates': 92, 'precision': 0.4117647058823529, 'specificity': 0.9480642115203022, 'sensitivity': 0.05789473684210526}, {'fold_id': 2, 'true_positive': 300, 'false_positive': 266, 'true_negative': 5285, 'false_negative': 4557, 'signals': 566, 'events': 10408, 'dates': 91, 'precision': 0.5300353356890459, 'specificity': 0.9520807061790668, 'sensitivity': 0.06176652254478073}, {'fold_id': 3, 'true_positive': 456, 'false_positive': 138, 'true_negative': 2707, 'false_negative': 7096, 'signals': 594, 'events': 10397, 'dates': 136, 'precision': 0.7676767676767676, 'specificity': 0.951493848857645, 'sensitivity': 0.06038135593220339}, {'fold_id': 4, 'true_positive': 550, 'false_positive': 74, 'true_negative': 1081, 'false_negative': 8614, 'signals': 624, 'events': 10319, 'dates': 231, 'precision': 0.8814102564102564, 'specificity': 0.935930735930736, 'sensitivity': 0.06001745962461807}, {'fold_id': 5, 'true_positive': 399, 'false_positive': 272, 'true_negative': 4840, 'false_negative': 4861, 'signals': 671, 'events': 10372, 'dates': 288, 'precision': 0.5946348733233979, 'specificity': 0.94679186228482, 'sensitivity': 0.07585551330798479}]",0.935930735930736,0.6419098143236074,3016,0.9486130275491269,0.00582462284351779,1936,0.03125893173603345,False,False,COMPLETE,2,False
