number,value,datetime_start,datetime_complete,duration,params_bootstrap,params_class_weight_mode,params_criterion,params_max_depth,params_max_features,params_max_samples,params_min_samples_leaf,params_min_samples_split,params_n_estimators,user_attrs_average_uniqueness_weighting,user_attrs_fold_metrics,user_attrs_folds_evaluated,user_attrs_max_roc_auc,user_attrs_mean_average_precision,user_attrs_mean_roc_auc,user_attrs_min_roc_auc,user_attrs_policy_complete,user_attrs_policy_false_positive,user_attrs_policy_fold_metrics,user_attrs_policy_min_fold_specificity,user_attrs_policy_precision,user_attrs_policy_signals,user_attrs_policy_specificity,user_attrs_policy_specificity_std,user_attrs_policy_true_positive,user_attrs_std_roc_auc,user_attrs_threshold_selected,user_attrs_validation_metrics_weighted,state,policy_selection_rank,selected_by_policy_hierarchy
18,0.5095879914968272,2026-07-19 18:21:20.594964,2026-07-19 18:25:25.617304,0 days 00:04:05.022340,False,none,log_loss,7,0.5,0.7274934999025512,10,18,75,True,"[{'events': 10344, 'positive_fraction': 0.3857308584686775, 'roc_auc': 0.47135236580592177, 'average_precision': 0.37135207748134513, 'log_loss': 0.7848740326758037, 'brier_score': 0.29386157583185063, 'threshold': 0.5, 'accuracy': 0.40390564578499616, 'balanced_accuracy': 0.4767963345568832, 'precision': 0.37239033544452266, 'sensitivity': 0.7957393483709273, 'recall': 0.7957393483709273, 'specificity': 0.15785332074283914, 'f1': 0.5073505912432087, 'mcc': -0.05935086326746528, 'tn': 1003, 'fp': 5351, 'fn': 815, 'tp': 3175, 'model_name': 'random_forest', 'feature_set_name': 'I_full_40', 'feature_count': 40, 'numeric_feature_count': 38, 'categorical_feature_count': 2, 'fold_id': 1, 'train_events': 62717, 'validation_events': 10344, 'train_positive_fraction': 0.5022721112298101, 'validation_positive_fraction': 0.3857308584686775, 'average_uniqueness_weighting_applied': True, 'train_sample_weight_mean': 0.9999999999999998, 'train_sample_weight_min': 0.33537416646232093, 'train_sample_weight_max': 10.396599160332254, 'validation_metrics_weighted': False, 'fit_seconds': 34.36997130000964, 'inference_seconds': 0.09733530000085011}, {'events': 10408, 'positive_fraction': 0.46666026133743277, 'roc_auc': 0.5026354903176257, 'average_precision': 0.4824397868679009, 'log_loss': 0.7156863499721515, 'brier_score': 0.2608305836793484, 'threshold': 0.5, 'accuracy': 0.4730015372790161, 'balanced_accuracy': 0.4940526772410449, 'precision': 0.463032728985166, 'sensitivity': 0.8097591105620754, 'recall': 0.8097591105620754, 'specificity': 0.1783462439200144, 'f1': 0.5891693506104412, 'mcc': -0.01531771815087302, 'tn': 990, 'fp': 4561, 'fn': 924, 'tp': 3933, 'model_name': 'random_forest', 'feature_set_name': 'I_full_40', 'feature_count': 40, 'numeric_feature_count': 38, 'categorical_feature_count': 2, 'fold_id': 2, 'train_events': 73590, 'validation_events': 10408, 'train_positive_fraction': 0.4856366354124202, 'validation_positive_fraction': 0.46666026133743277, 'average_uniqueness_weighting_applied': True, 'train_sample_weight_mean': 1.0000000000000002, 'train_sample_weight_min': 0.34266121177818065, 'train_sample_weight_max': 10.622497565123911, 'validation_metrics_weighted': False, 'fit_seconds': 39.957254799999646, 'inference_seconds': 0.07482829999935348}, {'events': 10397, 'positive_fraction': 0.7263633740502068, 'roc_auc': 0.5540224216958088, 'average_precision': 0.7855137352309581, 'log_loss': 0.7874402423537432, 'brier_score': 0.29586404425922225, 'threshold': 0.5, 'accuracy': 0.38895835337116474, 'balanced_accuracy': 0.5486024023710941, 'precision': 0.8404315729699035, 'sensitivity': 0.19597457627118645, 'recall': 0.19597457627118645, 'specificity': 0.9012302284710018, 'f1': 0.3178352840115967, 'mcc': 0.11553773873367602, 'tn': 2564, 'fp': 281, 'fn': 6072, 'tp': 1480, 'model_name': 'random_forest', 'feature_set_name': 'I_full_40', 'feature_count': 40, 'numeric_feature_count': 38, 'categorical_feature_count': 2, 'fold_id': 3, 'train_events': 83825, 'validation_events': 10397, 'train_positive_fraction': 0.4746555323590814, 'validation_positive_fraction': 0.7263633740502068, 'average_uniqueness_weighting_applied': True, 'train_sample_weight_mean': 1.0, 'train_sample_weight_min': 0.3437930721380264, 'train_sample_weight_max': 10.65758523627913, 'validation_metrics_weighted': False, 'fit_seconds': 45.8711062999937, 'inference_seconds': 0.08903069999360014}, {'events': 10319, 'positive_fraction': 0.888070549471848, 'roc_auc': 0.49526081731450566, 'average_precision': 0.8962649462171641, 'log_loss': 0.6429764433429525, 'brier_score': 0.22893122405112198, 'threshold': 0.5, 'accuracy': 0.5249539684077914, 'balanced_accuracy': 0.4953217559393902, 'precision': 0.8863306744017404, 'sensitivity': 0.5335006547359232, 'recall': 0.5335006547359232, 'specificity': 0.45714285714285713, 'f1': 0.6660762942779291, 'mcc': -0.005913954526867292, 'tn': 528, 'fp': 627, 'fn': 4275, 'tp': 4889, 'model_name': 'random_forest', 'feature_set_name': 'I_full_40', 'feature_count': 40, 'numeric_feature_count': 38, 'categorical_feature_count': 2, 'fold_id': 4, 'train_events': 94059, 'validation_events': 10319, 'train_positive_fraction': 0.49821920284077015, 'validation_positive_fraction': 0.888070549471848, 'average_uniqueness_weighting_applied': True, 'train_sample_weight_mean': 1.0, 'train_sample_weight_min': 0.3302478543176708, 'train_sample_weight_max': 10.237683483848098, 'validation_metrics_weighted': False, 'fit_seconds': 54.1853165999928, 'inference_seconds': 0.09994180001376662}, {'events': 10372, 'positive_fraction': 0.5071345931353645, 'roc_auc': 0.524668862350274, 'average_precision': 0.5498670600738, 'log_loss': 0.7527767795585861, 'brier_score': 0.2758703999900491, 'threshold': 0.5, 'accuracy': 0.490262244504435, 'balanced_accuracy': 0.4841163266034738, 'precision': 0.49860118122474356, 'sensitivity': 0.914828897338403, 'recall': 0.914828897338403, 'specificity': 0.0534037558685446, 'f1': 0.6454295486553551, 'mcc': -0.06244755635148285, 'tn': 273, 'fp': 4839, 'fn': 448, 'tp': 4812, 'model_name': 'random_forest', 'feature_set_name': 'I_full_40', 'feature_count': 40, 'numeric_feature_count': 38, 'categorical_feature_count': 2, 'fold_id': 5, 'train_events': 107360, 'validation_events': 10372, 'train_positive_fraction': 0.5392883755588673, 'validation_positive_fraction': 0.5071345931353645, 'average_uniqueness_weighting_applied': True, 'train_sample_weight_mean': 1.0, 'train_sample_weight_min': 0.31837299323945095, 'train_sample_weight_max': 9.869562790423288, 'validation_metrics_weighted': False, 'fit_seconds': 68.41621110000415, 'inference_seconds': 0.07244999999238644}]",5,0.5540224216958088,0.6170875211742336,0.5095879914968272,0.47135236580592177,True,1103,"[{'fold_id': 1, 'true_positive': 234, 'false_positive': 327, 'true_negative': 6027, 'false_negative': 3756, 'signals': 561, 'events': 10344, 'dates': 92, 'precision': 0.41711229946524064, 'specificity': 0.9485363550519358, 'sensitivity': 0.058646616541353384}, {'fold_id': 2, 'true_positive': 302, 'false_positive': 264, 'true_negative': 5287, 'false_negative': 4555, 'signals': 566, 'events': 10408, 'dates': 91, 'precision': 0.5335689045936396, 'specificity': 0.9524410016213295, 'sensitivity': 0.06217829936174593}, {'fold_id': 3, 'true_positive': 442, 'false_positive': 152, 'true_negative': 2693, 'false_negative': 7110, 'signals': 594, 'events': 10397, 'dates': 136, 'precision': 0.7441077441077442, 'specificity': 0.9465729349736379, 'sensitivity': 0.05852754237288135}, {'fold_id': 4, 'true_positive': 544, 'false_positive': 80, 'true_negative': 1075, 'false_negative': 8620, 'signals': 624, 'events': 10319, 'dates': 231, 'precision': 0.8717948717948718, 'specificity': 0.9307359307359307, 'sensitivity': 0.05936272370144042}, {'fold_id': 5, 'true_positive': 391, 'false_positive': 280, 'true_negative': 4832, 'false_negative': 4869, 'signals': 671, 'events': 10372, 'dates': 288, 'precision': 0.5827123695976155, 'specificity': 0.945226917057903, 'sensitivity': 0.07433460076045627}]",0.9307359307359307,0.6342838196286472,3016,0.9475186753580435,0.007394882677501615,1913,0.027990782473803478,False,False,COMPLETE,9,False
19,0.5205145851533992,2026-07-19 18:25:25.807319,2026-07-19 18:26:02.396016,0 days 00:00:36.588697,False,none,gini,4,sqrt,0.7850276862424843,15,23,75,True,"[{'events': 10344, 'positive_fraction': 0.3857308584686775, 'roc_auc': 0.4832300494705445, 'average_precision': 0.38565974460459895, 'log_loss': 0.7279624031361178, 'brier_score': 0.26727313721773527, 'threshold': 0.5, 'accuracy': 0.3965583913379737, 'balanced_accuracy': 0.4742659292234363, 'precision': 0.3713142857142857, 'sensitivity': 0.8142857142857143, 'recall': 0.8142857142857143, 'specificity': 0.13424614416115832, 'f1': 0.5100470957613815, 'mcc': -0.0693905539930021, 'tn': 853, 'fp': 5501, 'fn': 741, 'tp': 3249, 'model_name': 'random_forest', 'feature_set_name': 'I_full_40', 'feature_count': 40, 'numeric_feature_count': 38, 'categorical_feature_count': 2, 'fold_id': 1, 'train_events': 62717, 'validation_events': 10344, 'train_positive_fraction': 0.5022721112298101, 'validation_positive_fraction': 0.3857308584686775, 'average_uniqueness_weighting_applied': True, 'train_sample_weight_mean': 0.9999999999999998, 'train_sample_weight_min': 0.33537416646232093, 'train_sample_weight_max': 10.396599160332254, 'validation_metrics_weighted': False, 'fit_seconds': 5.3166219999984605, 'inference_seconds': 0.08252209999773186}, {'events': 10408, 'positive_fraction': 0.46666026133743277, 'roc_auc': 0.5195519807403282, 'average_precision': 0.4924776348075891, 'log_loss': 0.6999658001474932, 'brier_score': 0.2533863398737584, 'threshold': 0.5, 'accuracy': 0.4714642582628747, 'balanced_accuracy': 0.4934480678109107, 'precision': 0.46273148148148147, 'sensitivity': 0.8231418571134446, 'recall': 0.8231418571134446, 'specificity': 0.16375427850837687, 'f1': 0.5924279469511743, 'mcc': -0.01740888888828408, 'tn': 909, 'fp': 4642, 'fn': 859, 'tp': 3998, 'model_name': 'random_forest', 'feature_set_name': 'I_full_40', 'feature_count': 40, 'numeric_feature_count': 38, 'categorical_feature_count': 2, 'fold_id': 2, 'train_events': 73590, 'validation_events': 10408, 'train_positive_fraction': 0.4856366354124202, 'validation_positive_fraction': 0.46666026133743277, 'average_uniqueness_weighting_applied': True, 'train_sample_weight_mean': 1.0000000000000002, 'train_sample_weight_min': 0.34266121177818065, 'train_sample_weight_max': 10.622497565123911, 'validation_metrics_weighted': False, 'fit_seconds': 5.7755056000023615, 'inference_seconds': 0.07069600000977516}, {'events': 10397, 'positive_fraction': 0.7263633740502068, 'roc_auc': 0.5628457923133061, 'average_precision': 0.7914495851282884, 'log_loss': 0.6975160395682208, 'brier_score': 0.2525096301666399, 'threshold': 0.5, 'accuracy': 0.4573434644609022, 'balanced_accuracy': 0.5568991140046469, 'precision': 0.800314465408805, 'sensitivity': 0.3369968220338983, 'recall': 0.3369968220338983, 'specificity': 0.7768014059753954, 'f1': 0.47428251956764816, 'mcc': 0.11010719852004501, 'tn': 2210, 'fp': 635, 'fn': 5007, 'tp': 2545, 'model_name': 'random_forest', 'feature_set_name': 'I_full_40', 'feature_count': 40, 'numeric_feature_count': 38, 'categorical_feature_count': 2, 'fold_id': 3, 'train_events': 83825, 'validation_events': 10397, 'train_positive_fraction': 0.4746555323590814, 'validation_positive_fraction': 0.7263633740502068, 'average_uniqueness_weighting_applied': True, 'train_sample_weight_mean': 1.0, 'train_sample_weight_min': 0.3437930721380264, 'train_sample_weight_max': 10.65758523627913, 'validation_metrics_weighted': False, 'fit_seconds': 6.908783099992434, 'inference_seconds': 0.09362710001005325}, {'events': 10319, 'positive_fraction': 0.888070549471848, 'roc_auc': 0.525863911296037, 'average_precision': 0.9033589368305925, 'log_loss': 0.5610718683386724, 'brier_score': 0.188674667341347, 'threshold': 0.5, 'accuracy': 0.8212036050004845, 'balanced_accuracy': 0.4979165603783674, 'precision': 0.8876178370935283, 'sensitivity': 0.9144478393714535, 'recall': 0.9144478393714535, 'specificity': 0.08138528138528138, 'f1': 0.9008331093791991, 'mcc': -0.004708560882876996, 'tn': 94, 'fp': 1061, 'fn': 784, 'tp': 8380, 'model_name': 'random_forest', 'feature_set_name': 'I_full_40', 'feature_count': 40, 'numeric_feature_count': 38, 'categorical_feature_count': 2, 'fold_id': 4, 'train_events': 94059, 'validation_events': 10319, 'train_positive_fraction': 0.49821920284077015, 'validation_positive_fraction': 0.888070549471848, 'average_uniqueness_weighting_applied': True, 'train_sample_weight_mean': 1.0, 'train_sample_weight_min': 0.3302478543176708, 'train_sample_weight_max': 10.237683483848098, 'validation_metrics_weighted': False, 'fit_seconds': 7.683422600006452, 'inference_seconds': 0.06770890000916552}, {'events': 10372, 'positive_fraction': 0.5071345931353645, 'roc_auc': 0.5110811919467799, 'average_precision': 0.5585642249277865, 'log_loss': 0.7518395811643354, 'brier_score': 0.2762397697695553, 'threshold': 0.5, 'accuracy': 0.5071345931353645, 'balanced_accuracy': 0.5, 'precision': 0.5071345931353645, 'sensitivity': 1.0, 'recall': 1.0, 'specificity': 0.0, 'f1': 0.672978505629478, 'mcc': 0.0, 'tn': 0, 'fp': 5112, 'fn': 0, 'tp': 5260, 'model_name': 'random_forest', 'feature_set_name': 'I_full_40', 'feature_count': 40, 'numeric_feature_count': 38, 'categorical_feature_count': 2, 'fold_id': 5, 'train_events': 107360, 'validation_events': 10372, 'train_positive_fraction': 0.5392883755588673, 'validation_positive_fraction': 0.5071345931353645, 'average_uniqueness_weighting_applied': True, 'train_sample_weight_mean': 1.0, 'train_sample_weight_min': 0.31837299323945095, 'train_sample_weight_max': 9.869562790423288, 'validation_metrics_weighted': False, 'fit_seconds': 8.733162800010177, 'inference_seconds': 0.07286890000978019}]",5,0.5628457923133061,0.6263020252597711,0.5205145851533992,0.4832300494705445,True,1114,"[{'fold_id': 1, 'true_positive': 208, 'false_positive': 353, 'true_negative': 6001, 'false_negative': 3782, 'signals': 561, 'events': 10344, 'dates': 92, 'precision': 0.37076648841354726, 'specificity': 0.9444444444444444, 'sensitivity': 0.05213032581453634}, {'fold_id': 2, 'true_positive': 307, 'false_positive': 259, 'true_negative': 5292, 'false_negative': 4550, 'signals': 566, 'events': 10408, 'dates': 91, 'precision': 0.5424028268551236, 'specificity': 0.9533417402269861, 'sensitivity': 0.06320774140415894}, {'fold_id': 3, 'true_positive': 450, 'false_positive': 144, 'true_negative': 2701, 'false_negative': 7102, 'signals': 594, 'events': 10397, 'dates': 136, 'precision': 0.7575757575757576, 'specificity': 0.9493848857644991, 'sensitivity': 0.05958686440677966}, {'fold_id': 4, 'true_positive': 555, 'false_positive': 69, 'true_negative': 1086, 'false_negative': 8609, 'signals': 624, 'events': 10319, 'dates': 231, 'precision': 0.8894230769230769, 'specificity': 0.9402597402597402, 'sensitivity': 0.06056307289393278}, {'fold_id': 5, 'true_positive': 382, 'false_positive': 289, 'true_negative': 4823, 'false_negative': 4878, 'signals': 671, 'events': 10372, 'dates': 288, 'precision': 0.5692995529061102, 'specificity': 0.9434663536776213, 'sensitivity': 0.0726235741444867}]",0.9402597402597402,0.6306366047745358,3016,0.9469952895275253,0.004625739272282527,1902,0.02569279473131751,False,False,COMPLETE,11,False
