number,value,datetime_start,datetime_complete,duration,params_bootstrap,params_class_weight_mode,params_criterion,params_max_depth,params_max_features,params_max_samples,params_min_samples_leaf,params_min_samples_split,params_n_estimators,user_attrs_average_uniqueness_weighting,user_attrs_fold_metrics,user_attrs_folds_evaluated,user_attrs_max_roc_auc,user_attrs_mean_average_precision,user_attrs_mean_roc_auc,user_attrs_min_roc_auc,user_attrs_policy_complete,user_attrs_policy_false_positive,user_attrs_policy_fold_metrics,user_attrs_policy_min_fold_specificity,user_attrs_policy_precision,user_attrs_policy_signals,user_attrs_policy_specificity,user_attrs_policy_specificity_std,user_attrs_policy_true_positive,user_attrs_std_roc_auc,user_attrs_threshold_selected,user_attrs_validation_metrics_weighted,state,policy_selection_rank,selected_by_policy_hierarchy
10,0.5224301463781142,2026-07-19 18:12:41.083003,2026-07-19 18:13:29.498862,0 days 00:00:48.415859,False,none,log_loss,3,log2,0.8726086400921882,16,21,125,True,"[{'events': 10344, 'positive_fraction': 0.3857308584686775, 'roc_auc': 0.47592831228212173, 'average_precision': 0.37821556058369327, 'log_loss': 0.7180489774507918, 'brier_score': 0.2623961742579258, 'threshold': 0.5, 'accuracy': 0.38679427687548334, 'balanced_accuracy': 0.47158654426434354, 'precision': 0.3703866916382065, 'sensitivity': 0.8426065162907268, 'recall': 0.8426065162907268, 'specificity': 0.10056657223796034, 'f1': 0.5145787097267926, 'mcc': -0.08437322137447051, 'tn': 639, 'fp': 5715, 'fn': 628, 'tp': 3362, 'model_name': 'random_forest', 'feature_set_name': 'I_full_40', 'feature_count': 40, 'numeric_feature_count': 38, 'categorical_feature_count': 2, 'fold_id': 1, 'train_events': 62717, 'validation_events': 10344, 'train_positive_fraction': 0.5022721112298101, 'validation_positive_fraction': 0.3857308584686775, 'average_uniqueness_weighting_applied': True, 'train_sample_weight_mean': 0.9999999999999998, 'train_sample_weight_min': 0.33537416646232093, 'train_sample_weight_max': 10.396599160332254, 'validation_metrics_weighted': False, 'fit_seconds': 6.7926058000011835, 'inference_seconds': 0.10227810000651516}, {'events': 10408, 'positive_fraction': 0.46666026133743277, 'roc_auc': 0.5308763439262938, 'average_precision': 0.4970221113717024, 'log_loss': 0.6964237148235715, 'brier_score': 0.251630705997457, 'threshold': 0.5, 'accuracy': 0.48799000768639506, 'balanced_accuracy': 0.5095585483246354, 'precision': 0.47244278374591314, 'sensitivity': 0.8330245007206094, 'recall': 0.8330245007206094, 'specificity': 0.1860925959286615, 'f1': 0.6029356977870501, 'mcc': 0.024978871481875147, 'tn': 1033, 'fp': 4518, 'fn': 811, 'tp': 4046, 'model_name': 'random_forest', 'feature_set_name': 'I_full_40', 'feature_count': 40, 'numeric_feature_count': 38, 'categorical_feature_count': 2, 'fold_id': 2, 'train_events': 73590, 'validation_events': 10408, 'train_positive_fraction': 0.4856366354124202, 'validation_positive_fraction': 0.46666026133743277, 'average_uniqueness_weighting_applied': True, 'train_sample_weight_mean': 1.0000000000000002, 'train_sample_weight_min': 0.34266121177818065, 'train_sample_weight_max': 10.622497565123911, 'validation_metrics_weighted': False, 'fit_seconds': 8.057813600011286, 'inference_seconds': 0.11390350000874605}, {'events': 10397, 'positive_fraction': 0.7263633740502068, 'roc_auc': 0.5695588500863842, 'average_precision': 0.79444960965633, 'log_loss': 0.6904992789121975, 'brier_score': 0.24889789818904218, 'threshold': 0.5, 'accuracy': 0.4673463499086275, 'balanced_accuracy': 0.5598412925218195, 'precision': 0.8000595947556615, 'sensitivity': 0.3555349576271186, 'recall': 0.3555349576271186, 'specificity': 0.7641476274165202, 'f1': 0.4922992299229923, 'mcc': 0.11412346227263387, 'tn': 2174, 'fp': 671, 'fn': 4867, 'tp': 2685, 'model_name': 'random_forest', 'feature_set_name': 'I_full_40', 'feature_count': 40, 'numeric_feature_count': 38, 'categorical_feature_count': 2, 'fold_id': 3, 'train_events': 83825, 'validation_events': 10397, 'train_positive_fraction': 0.4746555323590814, 'validation_positive_fraction': 0.7263633740502068, 'average_uniqueness_weighting_applied': True, 'train_sample_weight_mean': 1.0, 'train_sample_weight_min': 0.3437930721380264, 'train_sample_weight_max': 10.65758523627913, 'validation_metrics_weighted': False, 'fit_seconds': 9.376637900000787, 'inference_seconds': 0.11105930000485387}, {'events': 10319, 'positive_fraction': 0.888070549471848, 'roc_auc': 0.5236690342975807, 'average_precision': 0.9022752159920904, 'log_loss': 0.5626958307355147, 'brier_score': 0.1881554468142762, 'threshold': 0.5, 'accuracy': 0.8681073747456148, 'balanced_accuracy': 0.49935386161924794, 'precision': 0.8879387491299592, 'sensitivity': 0.9744652989960716, 'recall': 0.9744652989960716, 'specificity': 0.024242424242424242, 'f1': 0.9291920295510119, 'mcc': -0.0025900264325386547, 'tn': 28, 'fp': 1127, 'fn': 234, 'tp': 8930, 'model_name': 'random_forest', 'feature_set_name': 'I_full_40', 'feature_count': 40, 'numeric_feature_count': 38, 'categorical_feature_count': 2, 'fold_id': 4, 'train_events': 94059, 'validation_events': 10319, 'train_positive_fraction': 0.49821920284077015, 'validation_positive_fraction': 0.888070549471848, 'average_uniqueness_weighting_applied': True, 'train_sample_weight_mean': 1.0, 'train_sample_weight_min': 0.3302478543176708, 'train_sample_weight_max': 10.237683483848098, 'validation_metrics_weighted': False, 'fit_seconds': 10.184409599998617, 'inference_seconds': 0.09214200000860728}, {'events': 10372, 'positive_fraction': 0.5071345931353645, 'roc_auc': 0.5121181912981905, 'average_precision': 0.5612052657934276, 'log_loss': 0.7351974604732525, 'brier_score': 0.26933921375922004, 'threshold': 0.5, 'accuracy': 0.5071345931353645, 'balanced_accuracy': 0.5, 'precision': 0.5071345931353645, 'sensitivity': 1.0, 'recall': 1.0, 'specificity': 0.0, 'f1': 0.672978505629478, 'mcc': 0.0, 'tn': 0, 'fp': 5112, 'fn': 0, 'tp': 5260, 'model_name': 'random_forest', 'feature_set_name': 'I_full_40', 'feature_count': 40, 'numeric_feature_count': 38, 'categorical_feature_count': 2, 'fold_id': 5, 'train_events': 107360, 'validation_events': 10372, 'train_positive_fraction': 0.5392883755588673, 'validation_positive_fraction': 0.5071345931353645, 'average_uniqueness_weighting_applied': True, 'train_sample_weight_mean': 1.0, 'train_sample_weight_min': 0.31837299323945095, 'train_sample_weight_max': 9.869562790423288, 'validation_metrics_weighted': False, 'fit_seconds': 11.616462099991622, 'inference_seconds': 0.09646119999524672}]",5,0.5695588500863842,0.6266335526794486,0.5224301463781142,0.47592831228212173,True,1135,"[{'fold_id': 1, 'true_positive': 222, 'false_positive': 339, 'true_negative': 6015, 'false_negative': 3768, 'signals': 561, 'events': 10344, 'dates': 92, 'precision': 0.39572192513368987, 'specificity': 0.9466477809254014, 'sensitivity': 0.055639097744360905}, {'fold_id': 2, 'true_positive': 298, 'false_positive': 268, 'true_negative': 5283, 'false_negative': 4559, 'signals': 566, 'events': 10408, 'dates': 91, 'precision': 0.5265017667844523, 'specificity': 0.9517204107368041, 'sensitivity': 0.061354745727815525}, {'fold_id': 3, 'true_positive': 442, 'false_positive': 152, 'true_negative': 2693, 'false_negative': 7110, 'signals': 594, 'events': 10397, 'dates': 136, 'precision': 0.7441077441077442, 'specificity': 0.9465729349736379, 'sensitivity': 0.05852754237288135}, {'fold_id': 4, 'true_positive': 547, 'false_positive': 77, 'true_negative': 1078, 'false_negative': 8617, 'signals': 624, 'events': 10319, 'dates': 231, 'precision': 0.8766025641025641, 'specificity': 0.9333333333333333, 'sensitivity': 0.05969009166302924}, {'fold_id': 5, 'true_positive': 372, 'false_positive': 299, 'true_negative': 4813, 'false_negative': 4888, 'signals': 671, 'events': 10372, 'dates': 288, 'precision': 0.5543964232488823, 'specificity': 0.9415101721439749, 'sensitivity': 0.07072243346007605}]",0.9333333333333333,0.6236737400530504,3016,0.9459960983965361,0.00621615997248346,1881,0.030208425319381834,False,False,COMPLETE,21,False
11,0.5224456100931114,2026-07-19 18:13:29.682844,2026-07-19 18:14:02.781297,0 days 00:00:33.098453,False,none,log_loss,3,log2,0.7418253477651631,12,19,75,True,"[{'events': 10344, 'positive_fraction': 0.3857308584686775, 'roc_auc': 0.4709938404399415, 'average_precision': 0.3742479793711314, 'log_loss': 0.7187469579014198, 'brier_score': 0.26274087812639224, 'threshold': 0.5, 'accuracy': 0.3874709976798144, 'balanced_accuracy': 0.47125154718713685, 'precision': 0.3701284322409212, 'sensitivity': 0.8378446115288221, 'recall': 0.8378446115288221, 'specificity': 0.10465848284545168, 'f1': 0.5134387958838889, 'mcc': -0.08409993178327736, 'tn': 665, 'fp': 5689, 'fn': 647, 'tp': 3343, 'model_name': 'random_forest', 'feature_set_name': 'I_full_40', 'feature_count': 40, 'numeric_feature_count': 38, 'categorical_feature_count': 2, 'fold_id': 1, 'train_events': 62717, 'validation_events': 10344, 'train_positive_fraction': 0.5022721112298101, 'validation_positive_fraction': 0.3857308584686775, 'average_uniqueness_weighting_applied': True, 'train_sample_weight_mean': 0.9999999999999998, 'train_sample_weight_min': 0.33537416646232093, 'train_sample_weight_max': 10.396599160332254, 'validation_metrics_weighted': False, 'fit_seconds': 4.539760200001183, 'inference_seconds': 0.0787622000061674}, {'events': 10408, 'positive_fraction': 0.46666026133743277, 'roc_auc': 0.5305082224249085, 'average_precision': 0.4987529678574262, 'log_loss': 0.6968994905573715, 'brier_score': 0.25186826690442227, 'threshold': 0.5, 'accuracy': 0.4882782475019216, 'balanced_accuracy': 0.5098158995626568, 'precision': 0.4726019394789111, 'sensitivity': 0.8328186123121268, 'recall': 0.8328186123121268, 'specificity': 0.18681318681318682, 'f1': 0.6030113297555159, 'mcc': 0.025624169490246172, 'tn': 1037, 'fp': 4514, 'fn': 812, 'tp': 4045, 'model_name': 'random_forest', 'feature_set_name': 'I_full_40', 'feature_count': 40, 'numeric_feature_count': 38, 'categorical_feature_count': 2, 'fold_id': 2, 'train_events': 73590, 'validation_events': 10408, 'train_positive_fraction': 0.4856366354124202, 'validation_positive_fraction': 0.46666026133743277, 'average_uniqueness_weighting_applied': True, 'train_sample_weight_mean': 1.0000000000000002, 'train_sample_weight_min': 0.34266121177818065, 'train_sample_weight_max': 10.622497565123911, 'validation_metrics_weighted': False, 'fit_seconds': 5.518356300002779, 'inference_seconds': 0.14118510000116657}, {'events': 10397, 'positive_fraction': 0.7263633740502068, 'roc_auc': 0.57476549235203, 'average_precision': 0.7982014406424268, 'log_loss': 0.6888164270471423, 'brier_score': 0.24803912001152517, 'threshold': 0.5, 'accuracy': 0.4697508896797153, 'balanced_accuracy': 0.5565672148208275, 'precision': 0.7937193892250072, 'sensitivity': 0.3648040254237288, 'recall': 0.3648040254237288, 'specificity': 0.7483304042179262, 'f1': 0.49986392089267895, 'mcc': 0.1069543289687395, 'tn': 2129, 'fp': 716, 'fn': 4797, 'tp': 2755, 'model_name': 'random_forest', 'feature_set_name': 'I_full_40', 'feature_count': 40, 'numeric_feature_count': 38, 'categorical_feature_count': 2, 'fold_id': 3, 'train_events': 83825, 'validation_events': 10397, 'train_positive_fraction': 0.4746555323590814, 'validation_positive_fraction': 0.7263633740502068, 'average_uniqueness_weighting_applied': True, 'train_sample_weight_mean': 1.0, 'train_sample_weight_min': 0.3437930721380264, 'train_sample_weight_max': 10.65758523627913, 'validation_metrics_weighted': False, 'fit_seconds': 6.22474499999953, 'inference_seconds': 0.07689070000196807}, {'events': 10319, 'positive_fraction': 0.888070549471848, 'roc_auc': 0.5243121966059547, 'average_precision': 0.9028787335479024, 'log_loss': 0.5618078897303889, 'brier_score': 0.18786861365692215, 'threshold': 0.5, 'accuracy': 0.862777400910941, 'balanced_accuracy': 0.49521797132011014, 'precision': 0.8870903277378097, 'sensitivity': 0.9687909209951986, 'recall': 0.9687909209951986, 'specificity': 0.021645021645021644, 'f1': 0.9261422908408096, 'mcc': -0.017636884126332568, 'tn': 25, 'fp': 1130, 'fn': 286, 'tp': 8878, 'model_name': 'random_forest', 'feature_set_name': 'I_full_40', 'feature_count': 40, 'numeric_feature_count': 38, 'categorical_feature_count': 2, 'fold_id': 4, 'train_events': 94059, 'validation_events': 10319, 'train_positive_fraction': 0.49821920284077015, 'validation_positive_fraction': 0.888070549471848, 'average_uniqueness_weighting_applied': True, 'train_sample_weight_mean': 1.0, 'train_sample_weight_min': 0.3302478543176708, 'train_sample_weight_max': 10.237683483848098, 'validation_metrics_weighted': False, 'fit_seconds': 6.679135400001542, 'inference_seconds': 0.07261899999866728}, {'events': 10372, 'positive_fraction': 0.5071345931353645, 'roc_auc': 0.5116482986427224, 'average_precision': 0.5617867308438325, 'log_loss': 0.7362276834184536, 'brier_score': 0.26991800143295575, 'threshold': 0.5, 'accuracy': 0.5071345931353645, 'balanced_accuracy': 0.5, 'precision': 0.5071345931353645, 'sensitivity': 1.0, 'recall': 1.0, 'specificity': 0.0, 'f1': 0.672978505629478, 'mcc': 0.0, 'tn': 0, 'fp': 5112, 'fn': 0, 'tp': 5260, 'model_name': 'random_forest', 'feature_set_name': 'I_full_40', 'feature_count': 40, 'numeric_feature_count': 38, 'categorical_feature_count': 2, 'fold_id': 5, 'train_events': 107360, 'validation_events': 10372, 'train_positive_fraction': 0.5392883755588673, 'validation_positive_fraction': 0.5071345931353645, 'average_uniqueness_weighting_applied': True, 'train_sample_weight_mean': 1.0, 'train_sample_weight_min': 0.31837299323945095, 'train_sample_weight_max': 9.869562790423288, 'validation_metrics_weighted': False, 'fit_seconds': 7.812973199994303, 'inference_seconds': 0.07253700000001118}]",5,0.57476549235203,0.6271735704525438,0.5224456100931114,0.4709938404399415,True,1137,"[{'fold_id': 1, 'true_positive': 228, 'false_positive': 333, 'true_negative': 6021, 'false_negative': 3762, 'signals': 561, 'events': 10344, 'dates': 92, 'precision': 0.40641711229946526, 'specificity': 0.9475920679886686, 'sensitivity': 0.05714285714285714}, {'fold_id': 2, 'true_positive': 298, 'false_positive': 268, 'true_negative': 5283, 'false_negative': 4559, 'signals': 566, 'events': 10408, 'dates': 91, 'precision': 0.5265017667844523, 'specificity': 0.9517204107368041, 'sensitivity': 0.061354745727815525}, {'fold_id': 3, 'true_positive': 440, 'false_positive': 154, 'true_negative': 2691, 'false_negative': 7112, 'signals': 594, 'events': 10397, 'dates': 136, 'precision': 0.7407407407407407, 'specificity': 0.9458699472759227, 'sensitivity': 0.05826271186440678}, {'fold_id': 4, 'true_positive': 543, 'false_positive': 81, 'true_negative': 1074, 'false_negative': 8621, 'signals': 624, 'events': 10319, 'dates': 231, 'precision': 0.8701923076923077, 'specificity': 0.9298701298701298, 'sensitivity': 0.05925360104757748}, {'fold_id': 5, 'true_positive': 370, 'false_positive': 301, 'true_negative': 4811, 'false_negative': 4890, 'signals': 671, 'events': 10372, 'dates': 288, 'precision': 0.5514157973174366, 'specificity': 0.9411189358372457, 'sensitivity': 0.07034220532319392}]",0.9298701298701298,0.6230106100795756,3016,0.945900937336442,0.0074970215771946475,1879,0.03337581902338708,False,False,COMPLETE,24,False
