number,value,datetime_start,datetime_complete,duration,params_bootstrap,params_class_weight_mode,params_criterion,params_max_depth,params_max_features,params_max_samples,params_min_samples_leaf,params_min_samples_split,params_n_estimators,user_attrs_average_uniqueness_weighting,user_attrs_fold_metrics,user_attrs_folds_evaluated,user_attrs_max_roc_auc,user_attrs_mean_average_precision,user_attrs_mean_roc_auc,user_attrs_min_roc_auc,user_attrs_policy_complete,user_attrs_policy_false_positive,user_attrs_policy_fold_metrics,user_attrs_policy_min_fold_specificity,user_attrs_policy_precision,user_attrs_policy_signals,user_attrs_policy_specificity,user_attrs_policy_specificity_std,user_attrs_policy_true_positive,user_attrs_std_roc_auc,user_attrs_threshold_selected,user_attrs_validation_metrics_weighted,state,policy_selection_rank,selected_by_policy_hierarchy
24,0.520762959997645,2026-07-19 18:28:07.146275,2026-07-19 18:28:39.783884,0 days 00:00:32.637609,True,none,log_loss,5,sqrt,0.6301646609798801,13,15,75,True,"[{'events': 10344, 'positive_fraction': 0.3857308584686775, 'roc_auc': 0.4886474527521195, 'average_precision': 0.39425180759597406, 'log_loss': 0.7283369628981095, 'brier_score': 0.26744725352774823, 'threshold': 0.5, 'accuracy': 0.3993619489559165, 'balanced_accuracy': 0.47692093784981815, 'precision': 0.3727824195948266, 'sensitivity': 0.8162907268170426, 'recall': 0.8162907268170426, 'specificity': 0.13755114888259365, 'f1': 0.5118252533982871, 'mcc': -0.062025332231254164, 'tn': 874, 'fp': 5480, 'fn': 733, 'tp': 3257, 'model_name': 'random_forest', 'feature_set_name': 'I_full_40', 'feature_count': 40, 'numeric_feature_count': 38, 'categorical_feature_count': 2, 'fold_id': 1, 'train_events': 62717, 'validation_events': 10344, 'train_positive_fraction': 0.5022721112298101, 'validation_positive_fraction': 0.3857308584686775, 'average_uniqueness_weighting_applied': True, 'train_sample_weight_mean': 0.9999999999999998, 'train_sample_weight_min': 0.33537416646232093, 'train_sample_weight_max': 10.396599160332254, 'validation_metrics_weighted': False, 'fit_seconds': 4.65276100000483, 'inference_seconds': 0.08442400000058115}, {'events': 10408, 'positive_fraction': 0.46666026133743277, 'roc_auc': 0.5072971695963019, 'average_precision': 0.4824084014105804, 'log_loss': 0.700985036931228, 'brier_score': 0.2538872189235016, 'threshold': 0.5, 'accuracy': 0.4714642582628747, 'balanced_accuracy': 0.49065520323329737, 'precision': 0.4607604192054594, 'sensitivity': 0.7784640724727198, 'recall': 0.7784640724727198, 'specificity': 0.20284633399387497, 'f1': 0.5788869325576055, 'mcc': -0.022829432093770318, 'tn': 1126, 'fp': 4425, 'fn': 1076, 'tp': 3781, 'model_name': 'random_forest', 'feature_set_name': 'I_full_40', 'feature_count': 40, 'numeric_feature_count': 38, 'categorical_feature_count': 2, 'fold_id': 2, 'train_events': 73590, 'validation_events': 10408, 'train_positive_fraction': 0.4856366354124202, 'validation_positive_fraction': 0.46666026133743277, 'average_uniqueness_weighting_applied': True, 'train_sample_weight_mean': 1.0000000000000002, 'train_sample_weight_min': 0.34266121177818065, 'train_sample_weight_max': 10.622497565123911, 'validation_metrics_weighted': False, 'fit_seconds': 4.96847209999396, 'inference_seconds': 0.07822250000026543}, {'events': 10397, 'positive_fraction': 0.7263633740502068, 'roc_auc': 0.5756037809791188, 'average_precision': 0.7968667862266376, 'log_loss': 0.7024773649496858, 'brier_score': 0.2550139336765879, 'threshold': 0.5, 'accuracy': 0.4248340867557949, 'balanced_accuracy': 0.5563192562032706, 'precision': 0.8216039279869067, 'sensitivity': 0.2658898305084746, 'recall': 0.2658898305084746, 'specificity': 0.8467486818980667, 'f1': 0.4017607042817127, 'mcc': 0.11842487641922116, 'tn': 2409, 'fp': 436, 'fn': 5544, 'tp': 2008, 'model_name': 'random_forest', 'feature_set_name': 'I_full_40', 'feature_count': 40, 'numeric_feature_count': 38, 'categorical_feature_count': 2, 'fold_id': 3, 'train_events': 83825, 'validation_events': 10397, 'train_positive_fraction': 0.4746555323590814, 'validation_positive_fraction': 0.7263633740502068, 'average_uniqueness_weighting_applied': True, 'train_sample_weight_mean': 1.0, 'train_sample_weight_min': 0.3437930721380264, 'train_sample_weight_max': 10.65758523627913, 'validation_metrics_weighted': False, 'fit_seconds': 6.3061162999947555, 'inference_seconds': 0.07817490000161342}, {'events': 10319, 'positive_fraction': 0.888070549471848, 'roc_auc': 0.5315737187299824, 'average_precision': 0.9055787028017774, 'log_loss': 0.5728847372193017, 'brier_score': 0.19422641620892647, 'threshold': 0.5, 'accuracy': 0.7573408275995736, 'balanced_accuracy': 0.5039562866930829, 'precision': 0.889018691588785, 'sensitivity': 0.8304233958969882, 'recall': 0.8304233958969882, 'specificity': 0.1774891774891775, 'f1': 0.8587226359738208, 'mcc': 0.0066340918678917836, 'tn': 205, 'fp': 950, 'fn': 1554, 'tp': 7610, 'model_name': 'random_forest', 'feature_set_name': 'I_full_40', 'feature_count': 40, 'numeric_feature_count': 38, 'categorical_feature_count': 2, 'fold_id': 4, 'train_events': 94059, 'validation_events': 10319, 'train_positive_fraction': 0.49821920284077015, 'validation_positive_fraction': 0.888070549471848, 'average_uniqueness_weighting_applied': True, 'train_sample_weight_mean': 1.0, 'train_sample_weight_min': 0.3302478543176708, 'train_sample_weight_max': 10.237683483848098, 'validation_metrics_weighted': False, 'fit_seconds': 6.954529700000421, 'inference_seconds': 0.09175259999756236}, {'events': 10372, 'positive_fraction': 0.5071345931353645, 'roc_auc': 0.5006926779307022, 'average_precision': 0.5501154829073859, 'log_loss': 0.7608380416282083, 'brier_score': 0.2801015157000382, 'threshold': 0.5, 'accuracy': 0.5035672965676822, 'balanced_accuracy': 0.4964828897338403, 'precision': 0.5053701015965167, 'sensitivity': 0.9929657794676806, 'recall': 0.9929657794676806, 'specificity': 0.0, 'f1': 0.6698300737415839, 'mcc': -0.05898589481603918, 'tn': 0, 'fp': 5112, 'fn': 37, 'tp': 5223, 'model_name': 'random_forest', 'feature_set_name': 'I_full_40', 'feature_count': 40, 'numeric_feature_count': 38, 'categorical_feature_count': 2, 'fold_id': 5, 'train_events': 107360, 'validation_events': 10372, 'train_positive_fraction': 0.5392883755588673, 'validation_positive_fraction': 0.5071345931353645, 'average_uniqueness_weighting_applied': True, 'train_sample_weight_mean': 1.0, 'train_sample_weight_min': 0.31837299323945095, 'train_sample_weight_max': 9.869562790423288, 'validation_metrics_weighted': False, 'fit_seconds': 7.535444900000584, 'inference_seconds': 0.07472819999384228}]",5,0.5756037809791188,0.6258442361884711,0.520762959997645,0.4886474527521195,True,1102,"[{'fold_id': 1, 'true_positive': 244, 'false_positive': 317, 'true_negative': 6037, 'false_negative': 3746, 'signals': 561, 'events': 10344, 'dates': 92, 'precision': 0.43493761140819964, 'specificity': 0.9501101668240478, 'sensitivity': 0.061152882205513785}, {'fold_id': 2, 'true_positive': 301, 'false_positive': 265, 'true_negative': 5286, 'false_negative': 4556, 'signals': 566, 'events': 10408, 'dates': 91, 'precision': 0.5318021201413428, 'specificity': 0.9522608539001982, 'sensitivity': 0.06197241095326333}, {'fold_id': 3, 'true_positive': 430, 'false_positive': 164, 'true_negative': 2681, 'false_negative': 7122, 'signals': 594, 'events': 10397, 'dates': 136, 'precision': 0.7239057239057239, 'specificity': 0.9423550087873462, 'sensitivity': 0.0569385593220339}, {'fold_id': 4, 'true_positive': 552, 'false_positive': 72, 'true_negative': 1083, 'false_negative': 8612, 'signals': 624, 'events': 10319, 'dates': 231, 'precision': 0.8846153846153846, 'specificity': 0.9376623376623376, 'sensitivity': 0.06023570493234395}, {'fold_id': 5, 'true_positive': 387, 'false_positive': 284, 'true_negative': 4828, 'false_negative': 4873, 'signals': 671, 'events': 10372, 'dates': 288, 'precision': 0.5767511177347243, 'specificity': 0.9444444444444444, 'sensitivity': 0.07357414448669201}]",0.9376623376623376,0.6346153846153846,3016,0.9475662558880906,0.005278406458691975,1914,0.030789406260296144,False,False,COMPLETE,6,False
25,0.5216205582039584,2026-07-19 18:28:40.027989,2026-07-19 18:29:41.543103,0 days 00:01:01.515114,False,none,log_loss,5,log2,0.6673759552833514,10,2,100,True,"[{'events': 10344, 'positive_fraction': 0.3857308584686775, 'roc_auc': 0.49134366053629513, 'average_precision': 0.397606836449902, 'log_loss': 0.7271309278604294, 'brier_score': 0.2668604817897563, 'threshold': 0.5, 'accuracy': 0.38892111368909515, 'balanced_accuracy': 0.474110323021908, 'precision': 0.37176807129497197, 'sensitivity': 0.8468671679197995, 'recall': 0.8468671679197995, 'specificity': 0.10135347812401636, 'f1': 0.5167061701964982, 'mcc': -0.07719457241502437, 'tn': 644, 'fp': 5710, 'fn': 611, 'tp': 3379, 'model_name': 'random_forest', 'feature_set_name': 'I_full_40', 'feature_count': 40, 'numeric_feature_count': 38, 'categorical_feature_count': 2, 'fold_id': 1, 'train_events': 62717, 'validation_events': 10344, 'train_positive_fraction': 0.5022721112298101, 'validation_positive_fraction': 0.3857308584686775, 'average_uniqueness_weighting_applied': True, 'train_sample_weight_mean': 0.9999999999999998, 'train_sample_weight_min': 0.33537416646232093, 'train_sample_weight_max': 10.396599160332254, 'validation_metrics_weighted': False, 'fit_seconds': 8.553477299996302, 'inference_seconds': 0.0857285999954911}, {'events': 10408, 'positive_fraction': 0.46666026133743277, 'roc_auc': 0.5111694183424355, 'average_precision': 0.4818402918214592, 'log_loss': 0.701004007616069, 'brier_score': 0.25388481861739864, 'threshold': 0.5, 'accuracy': 0.4684857801691007, 'balanced_accuracy': 0.4874510625581414, 'precision': 0.45870549369876423, 'sensitivity': 0.7718756434012765, 'recall': 0.7718756434012765, 'specificity': 0.2030264817150063, 'f1': 0.5754412893323101, 'mcc': -0.030491381527158003, 'tn': 1127, 'fp': 4424, 'fn': 1108, 'tp': 3749, 'model_name': 'random_forest', 'feature_set_name': 'I_full_40', 'feature_count': 40, 'numeric_feature_count': 38, 'categorical_feature_count': 2, 'fold_id': 2, 'train_events': 73590, 'validation_events': 10408, 'train_positive_fraction': 0.4856366354124202, 'validation_positive_fraction': 0.46666026133743277, 'average_uniqueness_weighting_applied': True, 'train_sample_weight_mean': 1.0000000000000002, 'train_sample_weight_min': 0.34266121177818065, 'train_sample_weight_max': 10.622497565123911, 'validation_metrics_weighted': False, 'fit_seconds': 9.931504399995902, 'inference_seconds': 0.08202520001213998}, {'events': 10397, 'positive_fraction': 0.7263633740502068, 'roc_auc': 0.5755180019585356, 'average_precision': 0.794800033054021, 'log_loss': 0.7020562750550532, 'brier_score': 0.25500908447430903, 'threshold': 0.5, 'accuracy': 0.4246417235741079, 'balanced_accuracy': 0.5483000115427006, 'precision': 0.8035576179427688, 'sensitivity': 0.2751588983050847, 'recall': 0.2751588983050847, 'specificity': 0.8214411247803164, 'f1': 0.4099427895048333, 'mcc': 0.0996280837213418, 'tn': 2337, 'fp': 508, 'fn': 5474, 'tp': 2078, 'model_name': 'random_forest', 'feature_set_name': 'I_full_40', 'feature_count': 40, 'numeric_feature_count': 38, 'categorical_feature_count': 2, 'fold_id': 3, 'train_events': 83825, 'validation_events': 10397, 'train_positive_fraction': 0.4746555323590814, 'validation_positive_fraction': 0.7263633740502068, 'average_uniqueness_weighting_applied': True, 'train_sample_weight_mean': 1.0, 'train_sample_weight_min': 0.3437930721380264, 'train_sample_weight_max': 10.65758523627913, 'validation_metrics_weighted': False, 'fit_seconds': 11.64793120000104, 'inference_seconds': 0.0855944999930216}, {'events': 10319, 'positive_fraction': 0.888070549471848, 'roc_auc': 0.5286677966293853, 'average_precision': 0.9041807168157645, 'log_loss': 0.5682722490380001, 'brier_score': 0.19196702605262642, 'threshold': 0.5, 'accuracy': 0.786704137997868, 'balanced_accuracy': 0.4981663615011498, 'precision': 0.8876517091637902, 'sensitivity': 0.8699257965953732, 'recall': 0.8699257965953732, 'specificity': 0.1264069264069264, 'f1': 0.8786993662165886, 'mcc': -0.0034418096024049264, 'tn': 146, 'fp': 1009, 'fn': 1192, 'tp': 7972, 'model_name': 'random_forest', 'feature_set_name': 'I_full_40', 'feature_count': 40, 'numeric_feature_count': 38, 'categorical_feature_count': 2, 'fold_id': 4, 'train_events': 94059, 'validation_events': 10319, 'train_positive_fraction': 0.49821920284077015, 'validation_positive_fraction': 0.888070549471848, 'average_uniqueness_weighting_applied': True, 'train_sample_weight_mean': 1.0, 'train_sample_weight_min': 0.3302478543176708, 'train_sample_weight_max': 10.237683483848098, 'validation_metrics_weighted': False, 'fit_seconds': 13.2492312000104, 'inference_seconds': 0.10413249999692198}, {'events': 10372, 'positive_fraction': 0.5071345931353645, 'roc_auc': 0.5014039135531397, 'average_precision': 0.5512406535388559, 'log_loss': 0.7608516647948887, 'brier_score': 0.2802366898031691, 'threshold': 0.5, 'accuracy': 0.5067489394523718, 'balanced_accuracy': 0.49961977186311785, 'precision': 0.5069444444444444, 'sensitivity': 0.9992395437262357, 'recall': 0.9992395437262357, 'specificity': 0.0, 'f1': 0.6726388533401587, 'mcc': -0.019363553148545445, 'tn': 0, 'fp': 5112, 'fn': 4, 'tp': 5256, 'model_name': 'random_forest', 'feature_set_name': 'I_full_40', 'feature_count': 40, 'numeric_feature_count': 38, 'categorical_feature_count': 2, 'fold_id': 5, 'train_events': 107360, 'validation_events': 10372, 'train_positive_fraction': 0.5392883755588673, 'validation_positive_fraction': 0.5071345931353645, 'average_uniqueness_weighting_applied': True, 'train_sample_weight_mean': 1.0, 'train_sample_weight_min': 0.31837299323945095, 'train_sample_weight_max': 9.869562790423288, 'validation_metrics_weighted': False, 'fit_seconds': 15.466013700002804, 'inference_seconds': 0.0898631000018213}]",5,0.5755180019585356,0.6259337063360005,0.5216205582039584,0.49134366053629513,True,1123,"[{'fold_id': 1, 'true_positive': 219, 'false_positive': 342, 'true_negative': 6012, 'false_negative': 3771, 'signals': 561, 'events': 10344, 'dates': 92, 'precision': 0.39037433155080214, 'specificity': 0.9461756373937678, 'sensitivity': 0.05488721804511278}, {'fold_id': 2, 'true_positive': 289, 'false_positive': 277, 'true_negative': 5274, 'false_negative': 4568, 'signals': 566, 'events': 10408, 'dates': 91, 'precision': 0.5106007067137809, 'specificity': 0.9500990812466222, 'sensitivity': 0.0595017500514721}, {'fold_id': 3, 'true_positive': 449, 'false_positive': 145, 'true_negative': 2700, 'false_negative': 7103, 'signals': 594, 'events': 10397, 'dates': 136, 'precision': 0.7558922558922558, 'specificity': 0.9490333919156415, 'sensitivity': 0.059454449152542374}, {'fold_id': 4, 'true_positive': 547, 'false_positive': 77, 'true_negative': 1078, 'false_negative': 8617, 'signals': 624, 'events': 10319, 'dates': 231, 'precision': 0.8766025641025641, 'specificity': 0.9333333333333333, 'sensitivity': 0.05969009166302924}, {'fold_id': 5, 'true_positive': 389, 'false_positive': 282, 'true_negative': 4830, 'false_negative': 4871, 'signals': 671, 'events': 10372, 'dates': 288, 'precision': 0.5797317436661699, 'specificity': 0.9448356807511737, 'sensitivity': 0.07395437262357414}]",0.9333333333333333,0.6276525198938993,3016,0.9465670647571014,0.005988744196256784,1893,0.029628457909325532,False,False,COMPLETE,15,False
