number,value,datetime_start,datetime_complete,duration,params_bootstrap,params_class_weight_mode,params_criterion,params_max_depth,params_max_features,params_max_samples,params_min_samples_leaf,params_min_samples_split,params_n_estimators,user_attrs_average_uniqueness_weighting,user_attrs_fold_metrics,user_attrs_folds_evaluated,user_attrs_max_roc_auc,user_attrs_mean_average_precision,user_attrs_mean_roc_auc,user_attrs_min_roc_auc,user_attrs_policy_complete,user_attrs_policy_false_positive,user_attrs_policy_fold_metrics,user_attrs_policy_min_fold_specificity,user_attrs_policy_precision,user_attrs_policy_signals,user_attrs_policy_specificity,user_attrs_policy_specificity_std,user_attrs_policy_true_positive,user_attrs_std_roc_auc,user_attrs_threshold_selected,user_attrs_validation_metrics_weighted,state,policy_selection_rank,selected_by_policy_hierarchy
14,0.5221754801040714,2026-07-19 18:14:43.074485,2026-07-19 18:15:33.663097,0 days 00:00:50.588612,False,balanced_subsample,log_loss,4,log2,0.6071574037668367,9,30,100,True,"[{'events': 10344, 'positive_fraction': 0.3857308584686775, 'roc_auc': 0.48817207482035274, 'average_precision': 0.3878583803441381, 'log_loss': 0.7214806247849761, 'brier_score': 0.26408698279913273, 'threshold': 0.5, 'accuracy': 0.3876643464810518, 'balanced_accuracy': 0.4753252347109511, 'precision': 0.3725809958686671, 'sensitivity': 0.8588972431077694, 'recall': 0.8588972431077694, 'specificity': 0.09175322631413282, 'f1': 0.5197148923263573, 'mcc': -0.07653393929843037, 'tn': 583, 'fp': 5771, 'fn': 563, 'tp': 3427, 'model_name': 'random_forest', 'feature_set_name': 'I_full_40', 'feature_count': 40, 'numeric_feature_count': 38, 'categorical_feature_count': 2, 'fold_id': 1, 'train_events': 62717, 'validation_events': 10344, 'train_positive_fraction': 0.5022721112298101, 'validation_positive_fraction': 0.3857308584686775, 'average_uniqueness_weighting_applied': True, 'train_sample_weight_mean': 0.9999999999999998, 'train_sample_weight_min': 0.33537416646232093, 'train_sample_weight_max': 10.396599160332254, 'validation_metrics_weighted': False, 'fit_seconds': 7.026572200004011, 'inference_seconds': 0.08538459999545012}, {'events': 10408, 'positive_fraction': 0.46666026133743277, 'roc_auc': 0.5191341396548012, 'average_precision': 0.4877605865964652, 'log_loss': 0.7019264923465662, 'brier_score': 0.2543501022969988, 'threshold': 0.5, 'accuracy': 0.46915833973866256, 'balanced_accuracy': 0.4946454548566761, 'precision': 0.46364032222947965, 'sensitivity': 0.8768787317274037, 'recall': 0.8768787317274037, 'specificity': 0.11241217798594848, 'f1': 0.6065655486719362, 'mcc': -0.016596764131202684, 'tn': 624, 'fp': 4927, 'fn': 598, 'tp': 4259, 'model_name': 'random_forest', 'feature_set_name': 'I_full_40', 'feature_count': 40, 'numeric_feature_count': 38, 'categorical_feature_count': 2, 'fold_id': 2, 'train_events': 73590, 'validation_events': 10408, 'train_positive_fraction': 0.4856366354124202, 'validation_positive_fraction': 0.46666026133743277, 'average_uniqueness_weighting_applied': True, 'train_sample_weight_mean': 1.0000000000000002, 'train_sample_weight_min': 0.34266121177818065, 'train_sample_weight_max': 10.622497565123911, 'validation_metrics_weighted': False, 'fit_seconds': 8.20373350000591, 'inference_seconds': 0.09354670000902843}, {'events': 10397, 'positive_fraction': 0.7263633740502068, 'roc_auc': 0.5651102560617796, 'average_precision': 0.789811621966843, 'log_loss': 0.6740285767778261, 'brier_score': 0.24098007515302972, 'threshold': 0.5, 'accuracy': 0.5431374434933154, 'balanced_accuracy': 0.5359926303580471, 'precision': 0.7532537960954447, 'sensitivity': 0.5517743644067796, 'recall': 0.5517743644067796, 'specificity': 0.5202108963093146, 'f1': 0.6369611739529196, 'mcc': 0.0643180990120912, 'tn': 1480, 'fp': 1365, 'fn': 3385, 'tp': 4167, 'model_name': 'random_forest', 'feature_set_name': 'I_full_40', 'feature_count': 40, 'numeric_feature_count': 38, 'categorical_feature_count': 2, 'fold_id': 3, 'train_events': 83825, 'validation_events': 10397, 'train_positive_fraction': 0.4746555323590814, 'validation_positive_fraction': 0.7263633740502068, 'average_uniqueness_weighting_applied': True, 'train_sample_weight_mean': 1.0, 'train_sample_weight_min': 0.3437930721380264, 'train_sample_weight_max': 10.65758523627913, 'validation_metrics_weighted': False, 'fit_seconds': 9.518901600007666, 'inference_seconds': 0.10232150000229012}, {'events': 10319, 'positive_fraction': 0.888070549471848, 'roc_auc': 0.5330630776178571, 'average_precision': 0.9047185346647355, 'log_loss': 0.5568657211413278, 'brier_score': 0.18625192719151937, 'threshold': 0.5, 'accuracy': 0.8490163775559647, 'balanced_accuracy': 0.5067655573002583, 'precision': 0.8894920114707088, 'sensitivity': 0.9477302487996508, 'recall': 0.9477302487996508, 'specificity': 0.0658008658008658, 'f1': 0.9176880811496196, 'mcc': 0.018910661798969237, 'tn': 76, 'fp': 1079, 'fn': 479, 'tp': 8685, 'model_name': 'random_forest', 'feature_set_name': 'I_full_40', 'feature_count': 40, 'numeric_feature_count': 38, 'categorical_feature_count': 2, 'fold_id': 4, 'train_events': 94059, 'validation_events': 10319, 'train_positive_fraction': 0.49821920284077015, 'validation_positive_fraction': 0.888070549471848, 'average_uniqueness_weighting_applied': True, 'train_sample_weight_mean': 1.0, 'train_sample_weight_min': 0.3302478543176708, 'train_sample_weight_max': 10.237683483848098, 'validation_metrics_weighted': False, 'fit_seconds': 11.09507150000718, 'inference_seconds': 0.08656760001031216}, {'events': 10372, 'positive_fraction': 0.5071345931353645, 'roc_auc': 0.5053978523655664, 'average_precision': 0.5555948294950538, 'log_loss': 0.7287121996997319, 'brier_score': 0.2664200898527043, 'threshold': 0.5, 'accuracy': 0.4987466255302738, 'balanced_accuracy': 0.4917575584474315, 'precision': 0.5029712615684364, 'sensitivity': 0.9815589353612167, 'recall': 0.9815589353612167, 'specificity': 0.0019561815336463224, 'f1': 0.6651207729468599, 'mcc': -0.08156480473883385, 'tn': 10, 'fp': 5102, 'fn': 97, 'tp': 5163, 'model_name': 'random_forest', 'feature_set_name': 'I_full_40', 'feature_count': 40, 'numeric_feature_count': 38, 'categorical_feature_count': 2, 'fold_id': 5, 'train_events': 107360, 'validation_events': 10372, 'train_positive_fraction': 0.5392883755588673, 'validation_positive_fraction': 0.5071345931353645, 'average_uniqueness_weighting_applied': True, 'train_sample_weight_mean': 1.0, 'train_sample_weight_min': 0.31837299323945095, 'train_sample_weight_max': 9.869562790423288, 'validation_metrics_weighted': False, 'fit_seconds': 12.201226300006965, 'inference_seconds': 0.08065249999344815}]",5,0.5651102560617796,0.6251487906134471,0.5221754801040714,0.48817207482035274,True,1139,"[{'fold_id': 1, 'true_positive': 222, 'false_positive': 339, 'true_negative': 6015, 'false_negative': 3768, 'signals': 561, 'events': 10344, 'dates': 92, 'precision': 0.39572192513368987, 'specificity': 0.9466477809254014, 'sensitivity': 0.055639097744360905}, {'fold_id': 2, 'true_positive': 298, 'false_positive': 268, 'true_negative': 5283, 'false_negative': 4559, 'signals': 566, 'events': 10408, 'dates': 91, 'precision': 0.5265017667844523, 'specificity': 0.9517204107368041, 'sensitivity': 0.061354745727815525}, {'fold_id': 3, 'true_positive': 444, 'false_positive': 150, 'true_negative': 2695, 'false_negative': 7108, 'signals': 594, 'events': 10397, 'dates': 136, 'precision': 0.7474747474747475, 'specificity': 0.9472759226713533, 'sensitivity': 0.058792372881355935}, {'fold_id': 4, 'true_positive': 550, 'false_positive': 74, 'true_negative': 1081, 'false_negative': 8614, 'signals': 624, 'events': 10319, 'dates': 231, 'precision': 0.8814102564102564, 'specificity': 0.935930735930736, 'sensitivity': 0.06001745962461807}, {'fold_id': 5, 'true_positive': 363, 'false_positive': 308, 'true_negative': 4804, 'false_negative': 4897, 'signals': 671, 'events': 10372, 'dates': 288, 'precision': 0.5409836065573771, 'specificity': 0.9397496087636933, 'sensitivity': 0.06901140684410646}]",0.935930735930736,0.6223474801061007,3016,0.9458057762763478,0.005659949912506141,1877,0.026110935951473787,False,False,COMPLETE,25,False
15,0.5091187115642481,2026-07-19 18:15:33.967580,2026-07-19 18:16:18.742831,0 days 00:00:44.775251,False,none,gini,10,log2,0.7248617058079104,11,23,50,True,"[{'events': 10344, 'positive_fraction': 0.3857308584686775, 'roc_auc': 0.4788166710449401, 'average_precision': 0.38323004769074004, 'log_loss': 0.7454313689590322, 'brier_score': 0.27560054413682933, 'threshold': 0.5, 'accuracy': 0.397815158546017, 'balanced_accuracy': 0.47678083310258645, 'precision': 0.37279854561981596, 'sensitivity': 0.8223057644110275, 'recall': 0.8223057644110275, 'specificity': 0.13125590179414542, 'f1': 0.5130169650535533, 'mcc': -0.06345088858219625, 'tn': 834, 'fp': 5520, 'fn': 709, 'tp': 3281, 'model_name': 'random_forest', 'feature_set_name': 'I_full_40', 'feature_count': 40, 'numeric_feature_count': 38, 'categorical_feature_count': 2, 'fold_id': 1, 'train_events': 62717, 'validation_events': 10344, 'train_positive_fraction': 0.5022721112298101, 'validation_positive_fraction': 0.3857308584686775, 'average_uniqueness_weighting_applied': True, 'train_sample_weight_mean': 0.9999999999999998, 'train_sample_weight_min': 0.33537416646232093, 'train_sample_weight_max': 10.396599160332254, 'validation_metrics_weighted': False, 'fit_seconds': 5.883960700011812, 'inference_seconds': 0.062452400001347996}, {'events': 10408, 'positive_fraction': 0.46666026133743277, 'roc_auc': 0.48322130014431475, 'average_precision': 0.4604592724716465, 'log_loss': 0.7115964629425063, 'brier_score': 0.25897649283032054, 'threshold': 0.5, 'accuracy': 0.4639700230591852, 'balanced_accuracy': 0.47619038346465725, 'precision': 0.44935465768799104, 'sensitivity': 0.6594605723697756, 'recall': 0.6594605723697756, 'specificity': 0.2929201945595388, 'f1': 0.5345014601585315, 'mcc': -0.051136534724034684, 'tn': 1626, 'fp': 3925, 'fn': 1654, 'tp': 3203, 'model_name': 'random_forest', 'feature_set_name': 'I_full_40', 'feature_count': 40, 'numeric_feature_count': 38, 'categorical_feature_count': 2, 'fold_id': 2, 'train_events': 73590, 'validation_events': 10408, 'train_positive_fraction': 0.4856366354124202, 'validation_positive_fraction': 0.46666026133743277, 'average_uniqueness_weighting_applied': True, 'train_sample_weight_mean': 1.0000000000000002, 'train_sample_weight_min': 0.34266121177818065, 'train_sample_weight_max': 10.622497565123911, 'validation_metrics_weighted': False, 'fit_seconds': 7.102120999988983, 'inference_seconds': 0.0611129000026267}, {'events': 10397, 'positive_fraction': 0.7263633740502068, 'roc_auc': 0.562449361055673, 'average_precision': 0.7883395710494694, 'log_loss': 0.7174339566725734, 'brier_score': 0.2623312449560966, 'threshold': 0.5, 'accuracy': 0.43743387515629506, 'balanced_accuracy': 0.5463707748130827, 'precision': 0.7921097770154374, 'sensitivity': 0.3057468220338983, 'recall': 0.3057468220338983, 'specificity': 0.7869947275922672, 'f1': 0.4411961402503105, 'mcc': 0.09204884485821639, 'tn': 2239, 'fp': 606, 'fn': 5243, 'tp': 2309, 'model_name': 'random_forest', 'feature_set_name': 'I_full_40', 'feature_count': 40, 'numeric_feature_count': 38, 'categorical_feature_count': 2, 'fold_id': 3, 'train_events': 83825, 'validation_events': 10397, 'train_positive_fraction': 0.4746555323590814, 'validation_positive_fraction': 0.7263633740502068, 'average_uniqueness_weighting_applied': True, 'train_sample_weight_mean': 1.0, 'train_sample_weight_min': 0.3437930721380264, 'train_sample_weight_max': 10.65758523627913, 'validation_metrics_weighted': False, 'fit_seconds': 8.628310499989311, 'inference_seconds': 0.063455099996645}, {'events': 10319, 'positive_fraction': 0.888070549471848, 'roc_auc': 0.523033808182215, 'average_precision': 0.9050493166853583, 'log_loss': 0.6092269931325803, 'brier_score': 0.21204512222251184, 'threshold': 0.5, 'accuracy': 0.6271925574183544, 'balanced_accuracy': 0.5101316368775993, 'precision': 0.8911284390172135, 'sensitivity': 0.6609559144478394, 'recall': 0.6609559144478394, 'specificity': 0.3593073593073593, 'f1': 0.7589750015663179, 'mcc': 0.013473791833950956, 'tn': 415, 'fp': 740, 'fn': 3107, 'tp': 6057, 'model_name': 'random_forest', 'feature_set_name': 'I_full_40', 'feature_count': 40, 'numeric_feature_count': 38, 'categorical_feature_count': 2, 'fold_id': 4, 'train_events': 94059, 'validation_events': 10319, 'train_positive_fraction': 0.49821920284077015, 'validation_positive_fraction': 0.888070549471848, 'average_uniqueness_weighting_applied': True, 'train_sample_weight_mean': 1.0, 'train_sample_weight_min': 0.3302478543176708, 'train_sample_weight_max': 10.237683483848098, 'validation_metrics_weighted': False, 'fit_seconds': 9.500028799986467, 'inference_seconds': 0.06018519999634009}, {'events': 10372, 'positive_fraction': 0.5071345931353645, 'roc_auc': 0.4980724173940984, 'average_precision': 0.5332840751745694, 'log_loss': 0.7712137686838546, 'brier_score': 0.2841167482373281, 'threshold': 0.5, 'accuracy': 0.4827419976860779, 'balanced_accuracy': 0.4761349571871449, 'precision': 0.49474211316975464, 'sensitivity': 0.9391634980988594, 'recall': 0.9391634980988594, 'specificity': 0.01310641627543036, 'f1': 0.6480813381436537, 'mcc': -0.1259073232343947, 'tn': 67, 'fp': 5045, 'fn': 320, 'tp': 4940, 'model_name': 'random_forest', 'feature_set_name': 'I_full_40', 'feature_count': 40, 'numeric_feature_count': 38, 'categorical_feature_count': 2, 'fold_id': 5, 'train_events': 107360, 'validation_events': 10372, 'train_positive_fraction': 0.5392883755588673, 'validation_positive_fraction': 0.5071345931353645, 'average_uniqueness_weighting_applied': True, 'train_sample_weight_mean': 1.0, 'train_sample_weight_min': 0.31837299323945095, 'train_sample_weight_max': 9.869562790423288, 'validation_metrics_weighted': False, 'fit_seconds': 11.273736399991321, 'inference_seconds': 0.06744490000710357}]",5,0.562449361055673,0.6140724566143567,0.5091187115642481,0.4788166710449401,True,1115,"[{'fold_id': 1, 'true_positive': 230, 'false_positive': 331, 'true_negative': 6023, 'false_negative': 3760, 'signals': 561, 'events': 10344, 'dates': 92, 'precision': 0.40998217468805703, 'specificity': 0.947906830343091, 'sensitivity': 0.05764411027568922}, {'fold_id': 2, 'true_positive': 291, 'false_positive': 275, 'true_negative': 5276, 'false_negative': 4566, 'signals': 566, 'events': 10408, 'dates': 91, 'precision': 0.5141342756183745, 'specificity': 0.9504593766888849, 'sensitivity': 0.05991352686843731}, {'fold_id': 3, 'true_positive': 441, 'false_positive': 153, 'true_negative': 2692, 'false_negative': 7111, 'signals': 594, 'events': 10397, 'dates': 136, 'precision': 0.7424242424242424, 'specificity': 0.9462214411247803, 'sensitivity': 0.058395127118644065}, {'fold_id': 4, 'true_positive': 547, 'false_positive': 77, 'true_negative': 1078, 'false_negative': 8617, 'signals': 624, 'events': 10319, 'dates': 231, 'precision': 0.8766025641025641, 'specificity': 0.9333333333333333, 'sensitivity': 0.05969009166302924}, {'fold_id': 5, 'true_positive': 392, 'false_positive': 279, 'true_negative': 4833, 'false_negative': 4868, 'signals': 671, 'events': 10372, 'dates': 288, 'precision': 0.5842026825633383, 'specificity': 0.9454225352112676, 'sensitivity': 0.07452471482889733}]",0.9333333333333333,0.6303050397877984,3016,0.9469477089974783,0.0059243098269434625,1901,0.03081784639407866,False,False,COMPLETE,13,False
