number,value,datetime_start,datetime_complete,duration,params_bootstrap,params_class_weight_mode,params_criterion,params_max_depth,params_max_features,params_max_samples,params_min_samples_leaf,params_min_samples_split,params_n_estimators,user_attrs_average_uniqueness_weighting,user_attrs_fold_metrics,user_attrs_folds_evaluated,user_attrs_max_roc_auc,user_attrs_mean_average_precision,user_attrs_mean_roc_auc,user_attrs_min_roc_auc,user_attrs_policy_complete,user_attrs_policy_false_positive,user_attrs_policy_fold_metrics,user_attrs_policy_min_fold_specificity,user_attrs_policy_precision,user_attrs_policy_signals,user_attrs_policy_specificity,user_attrs_policy_specificity_std,user_attrs_policy_true_positive,user_attrs_std_roc_auc,user_attrs_threshold_selected,user_attrs_validation_metrics_weighted,state,policy_selection_rank,selected_by_policy_hierarchy
20,0.5153092526826208,2026-07-19 18:26:02.613018,2026-07-19 18:26:14.673649,0 days 00:00:12.060631,True,none,log_loss,3,log2,0.6459505324285439,16,27,25,True,"[{'events': 10344, 'positive_fraction': 0.3857308584686775, 'roc_auc': 0.46817300964087905, 'average_precision': 0.3810102033017251, 'log_loss': 0.7190302604906119, 'brier_score': 0.26288421498880676, 'threshold': 0.5, 'accuracy': 0.3874709976798144, 'balanced_accuracy': 0.4723238691629925, 'precision': 0.3707865168539326, 'sensitivity': 0.843609022556391, 'recall': 0.843609022556391, 'specificity': 0.10103871576959396, 'f1': 0.5151515151515151, 'mcc': -0.08221167216605252, 'tn': 642, 'fp': 5712, 'fn': 624, 'tp': 3366, 'model_name': 'random_forest', 'feature_set_name': 'I_full_40', 'feature_count': 40, 'numeric_feature_count': 38, 'categorical_feature_count': 2, 'fold_id': 1, 'train_events': 62717, 'validation_events': 10344, 'train_positive_fraction': 0.5022721112298101, 'validation_positive_fraction': 0.3857308584686775, 'average_uniqueness_weighting_applied': True, 'train_sample_weight_mean': 0.9999999999999998, 'train_sample_weight_min': 0.33537416646232093, 'train_sample_weight_max': 10.396599160332254, 'validation_metrics_weighted': False, 'fit_seconds': 1.4056740999949398, 'inference_seconds': 0.05903479999687988}, {'events': 10408, 'positive_fraction': 0.46666026133743277, 'roc_auc': 0.5027089848017561, 'average_precision': 0.4833617261025425, 'log_loss': 0.6996444710646155, 'brier_score': 0.2532337935635507, 'threshold': 0.5, 'accuracy': 0.4729054573405073, 'balanced_accuracy': 0.4957387108077172, 'precision': 0.464143199179113, 'sensitivity': 0.8381717109326745, 'recall': 0.8381717109326745, 'specificity': 0.15330571068275986, 'f1': 0.5974464338127384, 'mcc': -0.011678626639030444, 'tn': 851, 'fp': 4700, 'fn': 786, 'tp': 4071, 'model_name': 'random_forest', 'feature_set_name': 'I_full_40', 'feature_count': 40, 'numeric_feature_count': 38, 'categorical_feature_count': 2, 'fold_id': 2, 'train_events': 73590, 'validation_events': 10408, 'train_positive_fraction': 0.4856366354124202, 'validation_positive_fraction': 0.46666026133743277, 'average_uniqueness_weighting_applied': True, 'train_sample_weight_mean': 1.0000000000000002, 'train_sample_weight_min': 0.34266121177818065, 'train_sample_weight_max': 10.622497565123911, 'validation_metrics_weighted': False, 'fit_seconds': 1.7467764000030002, 'inference_seconds': 0.07643169999937527}, {'events': 10397, 'positive_fraction': 0.7263633740502068, 'roc_auc': 0.5619023859879062, 'average_precision': 0.7906208182030199, 'log_loss': 0.6949188011263965, 'brier_score': 0.25101016738627896, 'threshold': 0.5, 'accuracy': 0.4718668846782726, 'balanced_accuracy': 0.5480557065622114, 'precision': 0.7804081632653062, 'sensitivity': 0.3797669491525424, 'recall': 0.3797669491525424, 'specificity': 0.7163444639718805, 'f1': 0.5109111962233901, 'mcc': 0.08963325396716947, 'tn': 2038, 'fp': 807, 'fn': 4684, 'tp': 2868, 'model_name': 'random_forest', 'feature_set_name': 'I_full_40', 'feature_count': 40, 'numeric_feature_count': 38, 'categorical_feature_count': 2, 'fold_id': 3, 'train_events': 83825, 'validation_events': 10397, 'train_positive_fraction': 0.4746555323590814, 'validation_positive_fraction': 0.7263633740502068, 'average_uniqueness_weighting_applied': True, 'train_sample_weight_mean': 1.0, 'train_sample_weight_min': 0.3437930721380264, 'train_sample_weight_max': 10.65758523627913, 'validation_metrics_weighted': False, 'fit_seconds': 1.8890874999924563, 'inference_seconds': 0.0860157999995863}, {'events': 10319, 'positive_fraction': 0.888070549471848, 'roc_auc': 0.5245702173572099, 'average_precision': 0.9027081291749375, 'log_loss': 0.5588653716666812, 'brier_score': 0.18686978124398707, 'threshold': 0.5, 'accuracy': 0.8448493071034014, 'balanced_accuracy': 0.5025277247123603, 'precision': 0.8886034323296681, 'sensitivity': 0.943583587952859, 'recall': 0.943583587952859, 'specificity': 0.06147186147186147, 'f1': 0.9152685895739614, 'mcc': 0.006875842231107341, 'tn': 71, 'fp': 1084, 'fn': 517, 'tp': 8647, 'model_name': 'random_forest', 'feature_set_name': 'I_full_40', 'feature_count': 40, 'numeric_feature_count': 38, 'categorical_feature_count': 2, 'fold_id': 4, 'train_events': 94059, 'validation_events': 10319, 'train_positive_fraction': 0.49821920284077015, 'validation_positive_fraction': 0.888070549471848, 'average_uniqueness_weighting_applied': True, 'train_sample_weight_mean': 1.0, 'train_sample_weight_min': 0.3302478543176708, 'train_sample_weight_max': 10.237683483848098, 'validation_metrics_weighted': False, 'fit_seconds': 2.1524037000053795, 'inference_seconds': 0.07443940000666771}, {'events': 10372, 'positive_fraction': 0.5071345931353645, 'roc_auc': 0.5191916656253533, 'average_precision': 0.5675182433847246, 'log_loss': 0.7400162630492984, 'brier_score': 0.271563352326187, 'threshold': 0.5, 'accuracy': 0.5071345931353645, 'balanced_accuracy': 0.5, 'precision': 0.5071345931353645, 'sensitivity': 1.0, 'recall': 1.0, 'specificity': 0.0, 'f1': 0.672978505629478, 'mcc': 0.0, 'tn': 0, 'fp': 5112, 'fn': 0, 'tp': 5260, 'model_name': 'random_forest', 'feature_set_name': 'I_full_40', 'feature_count': 40, 'numeric_feature_count': 38, 'categorical_feature_count': 2, 'fold_id': 5, 'train_events': 107360, 'validation_events': 10372, 'train_positive_fraction': 0.5392883755588673, 'validation_positive_fraction': 0.5071345931353645, 'average_uniqueness_weighting_applied': True, 'train_sample_weight_mean': 1.0, 'train_sample_weight_min': 0.31837299323945095, 'train_sample_weight_max': 9.869562790423288, 'validation_metrics_weighted': False, 'fit_seconds': 2.4282884999993257, 'inference_seconds': 0.07276070000079926}]",5,0.5619023859879062,0.62504382403339,0.5153092526826208,0.46817300964087905,True,1141,"[{'fold_id': 1, 'true_positive': 232, 'false_positive': 329, 'true_negative': 6025, 'false_negative': 3758, 'signals': 561, 'events': 10344, 'dates': 92, 'precision': 0.41354723707664887, 'specificity': 0.9482215926975134, 'sensitivity': 0.058145363408521306}, {'fold_id': 2, 'true_positive': 280, 'false_positive': 286, 'true_negative': 5265, 'false_negative': 4577, 'signals': 566, 'events': 10408, 'dates': 91, 'precision': 0.49469964664310956, 'specificity': 0.9484777517564403, 'sensitivity': 0.05764875437512868}, {'fold_id': 3, 'true_positive': 451, 'false_positive': 143, 'true_negative': 2702, 'false_negative': 7101, 'signals': 594, 'events': 10397, 'dates': 136, 'precision': 0.7592592592592593, 'specificity': 0.9497363796133568, 'sensitivity': 0.05971927966101695}, {'fold_id': 4, 'true_positive': 544, 'false_positive': 80, 'true_negative': 1075, 'false_negative': 8620, 'signals': 624, 'events': 10319, 'dates': 231, 'precision': 0.8717948717948718, 'specificity': 0.9307359307359307, 'sensitivity': 0.05936272370144042}, {'fold_id': 5, 'true_positive': 368, 'false_positive': 303, 'true_negative': 4809, 'false_negative': 4892, 'signals': 671, 'events': 10372, 'dates': 288, 'precision': 0.5484351713859911, 'specificity': 0.9407276995305164, 'sensitivity': 0.0699619771863118}]",0.9307359307359307,0.621684350132626,3016,0.9457106152162535,0.0071629476910853775,1875,0.03050360905507963,False,False,COMPLETE,26,False
21,0.5239763467527704,2026-07-19 18:26:14.893661,2026-07-19 18:26:48.832473,0 days 00:00:33.938812,False,none,log_loss,4,log2,0.7915949383047945,8,25,50,True,"[{'events': 10344, 'positive_fraction': 0.3857308584686775, 'roc_auc': 0.47966246667976203, 'average_precision': 0.38051229134395315, 'log_loss': 0.7237462658365187, 'brier_score': 0.2652049444412689, 'threshold': 0.5, 'accuracy': 0.38930781129157, 'balanced_accuracy': 0.4747514442385473, 'precision': 0.37212880536322673, 'sensitivity': 0.8486215538847118, 'recall': 0.8486215538847118, 'specificity': 0.10088133459238276, 'f1': 0.5173810069524027, 'mcc': -0.07554314853684728, 'tn': 641, 'fp': 5713, 'fn': 604, 'tp': 3386, 'model_name': 'random_forest', 'feature_set_name': 'I_full_40', 'feature_count': 40, 'numeric_feature_count': 38, 'categorical_feature_count': 2, 'fold_id': 1, 'train_events': 62717, 'validation_events': 10344, 'train_positive_fraction': 0.5022721112298101, 'validation_positive_fraction': 0.3857308584686775, 'average_uniqueness_weighting_applied': True, 'train_sample_weight_mean': 0.9999999999999998, 'train_sample_weight_min': 0.33537416646232093, 'train_sample_weight_max': 10.396599160332254, 'validation_metrics_weighted': False, 'fit_seconds': 5.597593600003165, 'inference_seconds': 0.11225099999865051}, {'events': 10408, 'positive_fraction': 0.46666026133743277, 'roc_auc': 0.5210160101511776, 'average_precision': 0.4892634650118981, 'log_loss': 0.6985181814946274, 'brier_score': 0.2526601662900094, 'threshold': 0.5, 'accuracy': 0.48203305149884706, 'balanced_accuracy': 0.5002415693036295, 'precision': 0.4668158090976883, 'sensitivity': 0.7733168622606548, 'recall': 0.7733168622606548, 'specificity': 0.22716627634660422, 'f1': 0.5821901883282957, 'mcc': 0.0005754551057054494, 'tn': 1261, 'fp': 4290, 'fn': 1101, 'tp': 3756, 'model_name': 'random_forest', 'feature_set_name': 'I_full_40', 'feature_count': 40, 'numeric_feature_count': 38, 'categorical_feature_count': 2, 'fold_id': 2, 'train_events': 73590, 'validation_events': 10408, 'train_positive_fraction': 0.4856366354124202, 'validation_positive_fraction': 0.46666026133743277, 'average_uniqueness_weighting_applied': True, 'train_sample_weight_mean': 1.0000000000000002, 'train_sample_weight_min': 0.34266121177818065, 'train_sample_weight_max': 10.622497565123911, 'validation_metrics_weighted': False, 'fit_seconds': 6.167662299994845, 'inference_seconds': 0.07183140001143329}, {'events': 10397, 'positive_fraction': 0.7263633740502068, 'roc_auc': 0.5811786260835246, 'average_precision': 0.79637267188899, 'log_loss': 0.6976232452417206, 'brier_score': 0.2525678007928778, 'threshold': 0.5, 'accuracy': 0.4449360392420891, 'balanced_accuracy': 0.5549306879449525, 'precision': 0.8038212214261344, 'sensitivity': 0.3119703389830508, 'recall': 0.3119703389830508, 'specificity': 0.7978910369068541, 'f1': 0.44948964990937706, 'mcc': 0.10885922992271718, 'tn': 2270, 'fp': 575, 'fn': 5196, 'tp': 2356, 'model_name': 'random_forest', 'feature_set_name': 'I_full_40', 'feature_count': 40, 'numeric_feature_count': 38, 'categorical_feature_count': 2, 'fold_id': 3, 'train_events': 83825, 'validation_events': 10397, 'train_positive_fraction': 0.4746555323590814, 'validation_positive_fraction': 0.7263633740502068, 'average_uniqueness_weighting_applied': True, 'train_sample_weight_mean': 1.0, 'train_sample_weight_min': 0.3437930721380264, 'train_sample_weight_max': 10.65758523627913, 'validation_metrics_weighted': False, 'fit_seconds': 5.755105600008392, 'inference_seconds': 0.06868979999853764}, {'events': 10319, 'positive_fraction': 0.888070549471848, 'roc_auc': 0.5363593848316677, 'average_precision': 0.9047091332187506, 'log_loss': 0.556056189207797, 'brier_score': 0.18603671357832025, 'threshold': 0.5, 'accuracy': 0.8579319701521465, 'balanced_accuracy': 0.5125418775898916, 'precision': 0.8906820950060901, 'sensitivity': 0.9575512876473156, 'recall': 0.9575512876473156, 'specificity': 0.06753246753246753, 'f1': 0.9229070256626, 'mcc': 0.03804568815655981, 'tn': 78, 'fp': 1077, 'fn': 389, 'tp': 8775, 'model_name': 'random_forest', 'feature_set_name': 'I_full_40', 'feature_count': 40, 'numeric_feature_count': 38, 'categorical_feature_count': 2, 'fold_id': 4, 'train_events': 94059, 'validation_events': 10319, 'train_positive_fraction': 0.49821920284077015, 'validation_positive_fraction': 0.888070549471848, 'average_uniqueness_weighting_applied': True, 'train_sample_weight_mean': 1.0, 'train_sample_weight_min': 0.3302478543176708, 'train_sample_weight_max': 10.237683483848098, 'validation_metrics_weighted': False, 'fit_seconds': 6.776874399991357, 'inference_seconds': 0.05632200000400189}, {'events': 10372, 'positive_fraction': 0.5071345931353645, 'roc_auc': 0.5016652460177202, 'average_precision': 0.5500469009807216, 'log_loss': 0.7492199481767433, 'brier_score': 0.27529427830307784, 'threshold': 0.5, 'accuracy': 0.5071345931353645, 'balanced_accuracy': 0.5, 'precision': 0.5071345931353645, 'sensitivity': 1.0, 'recall': 1.0, 'specificity': 0.0, 'f1': 0.672978505629478, 'mcc': 0.0, 'tn': 0, 'fp': 5112, 'fn': 0, 'tp': 5260, 'model_name': 'random_forest', 'feature_set_name': 'I_full_40', 'feature_count': 40, 'numeric_feature_count': 38, 'categorical_feature_count': 2, 'fold_id': 5, 'train_events': 107360, 'validation_events': 10372, 'train_positive_fraction': 0.5392883755588673, 'validation_positive_fraction': 0.5071345931353645, 'average_uniqueness_weighting_applied': True, 'train_sample_weight_mean': 1.0, 'train_sample_weight_min': 0.31837299323945095, 'train_sample_weight_max': 9.869562790423288, 'validation_metrics_weighted': False, 'fit_seconds': 7.205649800001993, 'inference_seconds': 0.08315679999941494}]",5,0.5811786260835246,0.6241808924888627,0.5239763467527704,0.47966246667976203,True,1137,"[{'fold_id': 1, 'true_positive': 220, 'false_positive': 341, 'true_negative': 6013, 'false_negative': 3770, 'signals': 561, 'events': 10344, 'dates': 92, 'precision': 0.39215686274509803, 'specificity': 0.946333018570979, 'sensitivity': 0.05513784461152882}, {'fold_id': 2, 'true_positive': 298, 'false_positive': 268, 'true_negative': 5283, 'false_negative': 4559, 'signals': 566, 'events': 10408, 'dates': 91, 'precision': 0.5265017667844523, 'specificity': 0.9517204107368041, 'sensitivity': 0.061354745727815525}, {'fold_id': 3, 'true_positive': 443, 'false_positive': 151, 'true_negative': 2694, 'false_negative': 7109, 'signals': 594, 'events': 10397, 'dates': 136, 'precision': 0.7457912457912458, 'specificity': 0.9469244288224956, 'sensitivity': 0.05865995762711865}, {'fold_id': 4, 'true_positive': 548, 'false_positive': 76, 'true_negative': 1079, 'false_negative': 8616, 'signals': 624, 'events': 10319, 'dates': 231, 'precision': 0.8782051282051282, 'specificity': 0.9341991341991343, 'sensitivity': 0.05979921431689219}, {'fold_id': 5, 'true_positive': 370, 'false_positive': 301, 'true_negative': 4811, 'false_negative': 4890, 'signals': 671, 'events': 10372, 'dates': 288, 'precision': 0.5514157973174366, 'specificity': 0.9411189358372457, 'sensitivity': 0.07034220532319392}]",0.9341991341991343,0.6230106100795756,3016,0.945900937336442,0.005965567667805954,1879,0.03433863470968611,False,False,COMPLETE,23,False
