number,value,datetime_start,datetime_complete,duration,params_bootstrap,params_class_weight_mode,params_criterion,params_max_depth,params_max_features,params_max_samples,params_min_samples_leaf,params_min_samples_split,params_n_estimators,user_attrs_average_uniqueness_weighting,user_attrs_fold_metrics,user_attrs_folds_evaluated,user_attrs_max_roc_auc,user_attrs_mean_average_precision,user_attrs_mean_roc_auc,user_attrs_min_roc_auc,user_attrs_policy_complete,user_attrs_policy_false_positive,user_attrs_policy_fold_metrics,user_attrs_policy_min_fold_specificity,user_attrs_policy_precision,user_attrs_policy_signals,user_attrs_policy_specificity,user_attrs_policy_specificity_std,user_attrs_policy_true_positive,user_attrs_std_roc_auc,user_attrs_threshold_selected,user_attrs_validation_metrics_weighted,state,policy_selection_rank,selected_by_policy_hierarchy
4,0.5165108676717376,2026-07-19 18:00:11.169255,2026-07-19 18:05:27.464062,0 days 00:05:16.294807,True,none,log_loss,15,0.75,0.6556822304757093,4,20,75,True,"[{'events': 10344, 'positive_fraction': 0.3857308584686775, 'roc_auc': 0.4819161533042553, 'average_precision': 0.38095898726144495, 'log_loss': 0.8052776325068784, 'brier_score': 0.30144379111097647, 'threshold': 0.5, 'accuracy': 0.4175367362722351, 'balanced_accuracy': 0.4794996225218381, 'precision': 0.373208722741433, 'sensitivity': 0.7506265664160401, 'recall': 0.7506265664160401, 'specificity': 0.20837267862763614, 'f1': 0.49854348730753223, 'mcc': -0.04785518635661445, 'tn': 1324, 'fp': 5030, 'fn': 995, 'tp': 2995, 'model_name': 'random_forest', 'feature_set_name': 'I_full_40', 'feature_count': 40, 'numeric_feature_count': 38, 'categorical_feature_count': 2, 'fold_id': 1, 'train_events': 62717, 'validation_events': 10344, 'train_positive_fraction': 0.5022721112298101, 'validation_positive_fraction': 0.3857308584686775, 'average_uniqueness_weighting_applied': True, 'train_sample_weight_mean': 0.9999999999999998, 'train_sample_weight_min': 0.33537416646232093, 'train_sample_weight_max': 10.396599160332254, 'validation_metrics_weighted': False, 'fit_seconds': 43.30705920000037, 'inference_seconds': 0.09251879999646917}, {'events': 10408, 'positive_fraction': 0.46666026133743277, 'roc_auc': 0.4373192936058093, 'average_precision': 0.4256363355360725, 'log_loss': 0.7360722409045276, 'brier_score': 0.2704518277700098, 'threshold': 0.5, 'accuracy': 0.444369715603382, 'balanced_accuracy': 0.45546004301662013, 'precision': 0.43353430950330174, 'sensitivity': 0.6217829936174594, 'recall': 0.6217829936174594, 'specificity': 0.28913709241578095, 'f1': 0.5108686458597649, 'mcc': -0.09446094505742506, 'tn': 1605, 'fp': 3946, 'fn': 1837, 'tp': 3020, 'model_name': 'random_forest', 'feature_set_name': 'I_full_40', 'feature_count': 40, 'numeric_feature_count': 38, 'categorical_feature_count': 2, 'fold_id': 2, 'train_events': 73590, 'validation_events': 10408, 'train_positive_fraction': 0.4856366354124202, 'validation_positive_fraction': 0.46666026133743277, 'average_uniqueness_weighting_applied': True, 'train_sample_weight_mean': 1.0000000000000002, 'train_sample_weight_min': 0.34266121177818065, 'train_sample_weight_max': 10.622497565123911, 'validation_metrics_weighted': False, 'fit_seconds': 54.05506600000081, 'inference_seconds': 0.08452169998781756}, {'events': 10397, 'positive_fraction': 0.7263633740502068, 'roc_auc': 0.5612781027523756, 'average_precision': 0.7855887799215695, 'log_loss': 0.8316100063005029, 'brier_score': 0.3138441552368562, 'threshold': 0.5, 'accuracy': 0.3841492738289891, 'balanced_accuracy': 0.5470446497721247, 'precision': 0.8421679571173317, 'sensitivity': 0.1872351694915254, 'recall': 0.1872351694915254, 'specificity': 0.9068541300527241, 'f1': 0.3063590076914744, 'mcc': 0.11399310438529345, 'tn': 2580, 'fp': 265, 'fn': 6138, 'tp': 1414, 'model_name': 'random_forest', 'feature_set_name': 'I_full_40', 'feature_count': 40, 'numeric_feature_count': 38, 'categorical_feature_count': 2, 'fold_id': 3, 'train_events': 83825, 'validation_events': 10397, 'train_positive_fraction': 0.4746555323590814, 'validation_positive_fraction': 0.7263633740502068, 'average_uniqueness_weighting_applied': True, 'train_sample_weight_mean': 1.0, 'train_sample_weight_min': 0.3437930721380264, 'train_sample_weight_max': 10.65758523627913, 'validation_metrics_weighted': False, 'fit_seconds': 61.67293690000952, 'inference_seconds': 0.07281979999970645}, {'events': 10319, 'positive_fraction': 0.888070549471848, 'roc_auc': 0.5318230946995679, 'average_precision': 0.9073583049470528, 'log_loss': 0.687921532408054, 'brier_score': 0.25004509482297765, 'threshold': 0.5, 'accuracy': 0.4960752010853765, 'balanced_accuracy': 0.5206797821703977, 'precision': 0.8965586234493798, 'sensitivity': 0.4889786119598429, 'recall': 0.4889786119598429, 'specificity': 0.5523809523809524, 'f1': 0.6328202231323259, 'mcc': 0.026092442344909133, 'tn': 638, 'fp': 517, 'fn': 4683, 'tp': 4481, 'model_name': 'random_forest', 'feature_set_name': 'I_full_40', 'feature_count': 40, 'numeric_feature_count': 38, 'categorical_feature_count': 2, 'fold_id': 4, 'train_events': 94059, 'validation_events': 10319, 'train_positive_fraction': 0.49821920284077015, 'validation_positive_fraction': 0.888070549471848, 'average_uniqueness_weighting_applied': True, 'train_sample_weight_mean': 1.0, 'train_sample_weight_min': 0.3302478543176708, 'train_sample_weight_max': 10.237683483848098, 'validation_metrics_weighted': False, 'fit_seconds': 71.77832170001057, 'inference_seconds': 0.11712329999136273}, {'events': 10372, 'positive_fraction': 0.5071345931353645, 'roc_auc': 0.5702176939966798, 'average_precision': 0.5657177664211385, 'log_loss': 0.7381103085329703, 'brier_score': 0.2684504906921358, 'threshold': 0.5, 'accuracy': 0.5134014654839953, 'balanced_accuracy': 0.5084243738731502, 'precision': 0.5120954003407155, 'sensitivity': 0.8572243346007604, 'recall': 0.8572243346007604, 'specificity': 0.1596244131455399, 'f1': 0.641166014930679, 'mcc': 0.023521052132653306, 'tn': 816, 'fp': 4296, 'fn': 751, 'tp': 4509, 'model_name': 'random_forest', 'feature_set_name': 'I_full_40', 'feature_count': 40, 'numeric_feature_count': 38, 'categorical_feature_count': 2, 'fold_id': 5, 'train_events': 107360, 'validation_events': 10372, 'train_positive_fraction': 0.5392883755588673, 'validation_positive_fraction': 0.5071345931353645, 'average_uniqueness_weighting_applied': True, 'train_sample_weight_mean': 1.0, 'train_sample_weight_min': 0.31837299323945095, 'train_sample_weight_max': 9.869562790423288, 'validation_metrics_weighted': False, 'fit_seconds': 83.12791770001058, 'inference_seconds': 0.07024670000828337}]",5,0.5702176939966798,0.6130520348174556,0.5165108676717376,0.4373192936058093,True,1098,"[{'fold_id': 1, 'true_positive': 232, 'false_positive': 329, 'true_negative': 6025, 'false_negative': 3758, 'signals': 561, 'events': 10344, 'dates': 92, 'precision': 0.41354723707664887, 'specificity': 0.9482215926975134, 'sensitivity': 0.058145363408521306}, {'fold_id': 2, 'true_positive': 273, 'false_positive': 293, 'true_negative': 5258, 'false_negative': 4584, 'signals': 566, 'events': 10408, 'dates': 91, 'precision': 0.4823321554770318, 'specificity': 0.947216717708521, 'sensitivity': 0.056207535515750466}, {'fold_id': 3, 'true_positive': 455, 'false_positive': 139, 'true_negative': 2706, 'false_negative': 7097, 'signals': 594, 'events': 10397, 'dates': 136, 'precision': 0.765993265993266, 'specificity': 0.9511423550087873, 'sensitivity': 0.0602489406779661}, {'fold_id': 4, 'true_positive': 554, 'false_positive': 70, 'true_negative': 1085, 'false_negative': 8610, 'signals': 624, 'events': 10319, 'dates': 231, 'precision': 0.8878205128205128, 'specificity': 0.9393939393939394, 'sensitivity': 0.06045395024006984}, {'fold_id': 5, 'true_positive': 404, 'false_positive': 267, 'true_negative': 4845, 'false_negative': 4856, 'signals': 671, 'events': 10372, 'dates': 288, 'precision': 0.6020864381520119, 'specificity': 0.9477699530516432, 'sensitivity': 0.07680608365019011}]",0.9393939393939394,0.6359416445623343,3016,0.9477565780082791,0.003919900992480711,1918,0.05018185427506942,False,False,COMPLETE,5,False
5,0.5205044273805223,2026-07-19 18:05:27.644069,2026-07-19 18:06:20.616626,0 days 00:00:52.972557,True,none,entropy,5,sqrt,0.7659249834879809,19,21,125,True,"[{'events': 10344, 'positive_fraction': 0.3857308584686775, 'roc_auc': 0.48542991488794385, 'average_precision': 0.3895817105206505, 'log_loss': 0.7254160021519983, 'brier_score': 0.26601019239150625, 'threshold': 0.5, 'accuracy': 0.3982985305491106, 'balanced_accuracy': 0.4761952094589637, 'precision': 0.3724011880283299, 'sensitivity': 0.8170426065162907, 'recall': 0.8170426065162907, 'specificity': 0.13534781240163676, 'f1': 0.5116133082234777, 'mcc': -0.06425435670365102, 'tn': 860, 'fp': 5494, 'fn': 730, 'tp': 3260, 'model_name': 'random_forest', 'feature_set_name': 'I_full_40', 'feature_count': 40, 'numeric_feature_count': 38, 'categorical_feature_count': 2, 'fold_id': 1, 'train_events': 62717, 'validation_events': 10344, 'train_positive_fraction': 0.5022721112298101, 'validation_positive_fraction': 0.3857308584686775, 'average_uniqueness_weighting_applied': True, 'train_sample_weight_mean': 0.9999999999999998, 'train_sample_weight_min': 0.33537416646232093, 'train_sample_weight_max': 10.396599160332254, 'validation_metrics_weighted': False, 'fit_seconds': 7.357004000004963, 'inference_seconds': 0.09948180000355933}, {'events': 10408, 'positive_fraction': 0.46666026133743277, 'roc_auc': 0.5166724360671242, 'average_precision': 0.4900241104323094, 'log_loss': 0.7001240064301807, 'brier_score': 0.2534596978472958, 'threshold': 0.5, 'accuracy': 0.48030361260568794, 'balanced_accuracy': 0.5006666244578739, 'precision': 0.4670722977809592, 'sensitivity': 0.8060531192093885, 'recall': 0.8060531192093885, 'specificity': 0.19528012970635922, 'f1': 0.5914343983684568, 'mcc': 0.0016799151851808222, 'tn': 1084, 'fp': 4467, 'fn': 942, 'tp': 3915, 'model_name': 'random_forest', 'feature_set_name': 'I_full_40', 'feature_count': 40, 'numeric_feature_count': 38, 'categorical_feature_count': 2, 'fold_id': 2, 'train_events': 73590, 'validation_events': 10408, 'train_positive_fraction': 0.4856366354124202, 'validation_positive_fraction': 0.46666026133743277, 'average_uniqueness_weighting_applied': True, 'train_sample_weight_mean': 1.0000000000000002, 'train_sample_weight_min': 0.34266121177818065, 'train_sample_weight_max': 10.622497565123911, 'validation_metrics_weighted': False, 'fit_seconds': 8.87666480000189, 'inference_seconds': 0.1002779999980703}, {'events': 10397, 'positive_fraction': 0.7263633740502068, 'roc_auc': 0.5649996928152274, 'average_precision': 0.7913937988074491, 'log_loss': 0.6974133168005513, 'brier_score': 0.2525336663260616, 'threshold': 0.5, 'accuracy': 0.4314706165239973, 'balanced_accuracy': 0.5460997773375831, 'precision': 0.7948257276320517, 'sensitivity': 0.2929025423728814, 'recall': 0.2929025423728814, 'specificity': 0.7992970123022847, 'f1': 0.42805999032414127, 'mcc': 0.09284059391015018, 'tn': 2274, 'fp': 571, 'fn': 5340, 'tp': 2212, 'model_name': 'random_forest', 'feature_set_name': 'I_full_40', 'feature_count': 40, 'numeric_feature_count': 38, 'categorical_feature_count': 2, 'fold_id': 3, 'train_events': 83825, 'validation_events': 10397, 'train_positive_fraction': 0.4746555323590814, 'validation_positive_fraction': 0.7263633740502068, 'average_uniqueness_weighting_applied': True, 'train_sample_weight_mean': 1.0, 'train_sample_weight_min': 0.3437930721380264, 'train_sample_weight_max': 10.65758523627913, 'validation_metrics_weighted': False, 'fit_seconds': 10.21683170000324, 'inference_seconds': 0.09979019999445882}, {'events': 10319, 'positive_fraction': 0.888070549471848, 'roc_auc': 0.5317170898358153, 'average_precision': 0.905897318243259, 'log_loss': 0.5721424383464245, 'brier_score': 0.19375443523271846, 'threshold': 0.5, 'accuracy': 0.7609264463610815, 'balanced_accuracy': 0.5021916647298577, 'precision': 0.888592317511895, 'sensitivity': 0.8355521606285465, 'recall': 0.8355521606285465, 'specificity': 0.16883116883116883, 'f1': 0.8612563972779934, 'mcc': 0.0037237440504683844, 'tn': 195, 'fp': 960, 'fn': 1507, 'tp': 7657, 'model_name': 'random_forest', 'feature_set_name': 'I_full_40', 'feature_count': 40, 'numeric_feature_count': 38, 'categorical_feature_count': 2, 'fold_id': 4, 'train_events': 94059, 'validation_events': 10319, 'train_positive_fraction': 0.49821920284077015, 'validation_positive_fraction': 0.888070549471848, 'average_uniqueness_weighting_applied': True, 'train_sample_weight_mean': 1.0, 'train_sample_weight_min': 0.3302478543176708, 'train_sample_weight_max': 10.237683483848098, 'validation_metrics_weighted': False, 'fit_seconds': 11.224563899988425, 'inference_seconds': 0.09243859999696724}, {'events': 10372, 'positive_fraction': 0.5071345931353645, 'roc_auc': 0.5037030032965006, 'average_precision': 0.550924009532827, 'log_loss': 0.7600193238207896, 'brier_score': 0.27970213085496953, 'threshold': 0.5, 'accuracy': 0.5065561126108754, 'balanced_accuracy': 0.4994296577946768, 'precision': 0.5068493150684932, 'sensitivity': 0.9988593155893536, 'recall': 0.9988593155893536, 'specificity': 0.0, 'f1': 0.6724689619864329, 'mcc': -0.023717700107745657, 'tn': 0, 'fp': 5112, 'fn': 6, 'tp': 5254, 'model_name': 'random_forest', 'feature_set_name': 'I_full_40', 'feature_count': 40, 'numeric_feature_count': 38, 'categorical_feature_count': 2, 'fold_id': 5, 'train_events': 107360, 'validation_events': 10372, 'train_positive_fraction': 0.5392883755588673, 'validation_positive_fraction': 0.5071345931353645, 'average_uniqueness_weighting_applied': True, 'train_sample_weight_mean': 1.0, 'train_sample_weight_min': 0.31837299323945095, 'train_sample_weight_max': 9.869562790423288, 'validation_metrics_weighted': False, 'fit_seconds': 12.59957900000154, 'inference_seconds': 0.13633429999754298}]",5,0.5649996928152274,0.6255641895072991,0.5205044273805223,0.48542991488794385,True,1114,"[{'fold_id': 1, 'true_positive': 238, 'false_positive': 323, 'true_negative': 6031, 'false_negative': 3752, 'signals': 561, 'events': 10344, 'dates': 92, 'precision': 0.42424242424242425, 'specificity': 0.9491658797607806, 'sensitivity': 0.05964912280701754}, {'fold_id': 2, 'true_positive': 295, 'false_positive': 271, 'true_negative': 5280, 'false_negative': 4562, 'signals': 566, 'events': 10408, 'dates': 91, 'precision': 0.5212014134275619, 'specificity': 0.9511799675734102, 'sensitivity': 0.060737080502367716}, {'fold_id': 3, 'true_positive': 435, 'false_positive': 159, 'true_negative': 2686, 'false_negative': 7117, 'signals': 594, 'events': 10397, 'dates': 136, 'precision': 0.7323232323232324, 'specificity': 0.9441124780316345, 'sensitivity': 0.05760063559322034}, {'fold_id': 4, 'true_positive': 551, 'false_positive': 73, 'true_negative': 1082, 'false_negative': 8613, 'signals': 624, 'events': 10319, 'dates': 231, 'precision': 0.8830128205128205, 'specificity': 0.9367965367965368, 'sensitivity': 0.060126582278481014}, {'fold_id': 5, 'true_positive': 383, 'false_positive': 288, 'true_negative': 4824, 'false_negative': 4877, 'signals': 671, 'events': 10372, 'dates': 288, 'precision': 0.5707898658718331, 'specificity': 0.9436619718309859, 'sensitivity': 0.07281368821292776}]",0.9367965367965368,0.6306366047745358,3016,0.9469952895275253,0.0050083928206308,1902,0.02695457616328013,False,False,COMPLETE,12,False
