number,value,datetime_start,datetime_complete,duration,params_bootstrap,params_class_weight_mode,params_criterion,params_max_depth,params_max_features,params_max_samples,params_min_samples_leaf,params_min_samples_split,params_n_estimators,user_attrs_average_uniqueness_weighting,user_attrs_fold_metrics,user_attrs_folds_evaluated,user_attrs_max_roc_auc,user_attrs_mean_average_precision,user_attrs_mean_roc_auc,user_attrs_min_roc_auc,user_attrs_policy_complete,user_attrs_policy_false_positive,user_attrs_policy_fold_metrics,user_attrs_policy_min_fold_specificity,user_attrs_policy_precision,user_attrs_policy_signals,user_attrs_policy_specificity,user_attrs_policy_specificity_std,user_attrs_policy_true_positive,user_attrs_std_roc_auc,user_attrs_threshold_selected,user_attrs_validation_metrics_weighted,state,policy_selection_rank,selected_by_policy_hierarchy
26,0.5204171474667584,2026-07-19 18:29:41.735497,2026-07-19 18:30:22.541178,0 days 00:00:40.805681,False,none,entropy,4,log2,0.605139712884151,11,27,75,True,"[{'events': 10344, 'positive_fraction': 0.3857308584686775, 'roc_auc': 0.48105059627349767, 'average_precision': 0.3805425521923397, 'log_loss': 0.7233966113096963, 'brier_score': 0.2650295048242585, 'threshold': 0.5, 'accuracy': 0.38959783449342617, 'balanced_accuracy': 0.47233002241202626, 'precision': 0.3706301491872634, 'sensitivity': 0.8343358395989975, 'recall': 0.8343358395989975, 'specificity': 0.11032420522505508, 'f1': 0.513259327782917, 'mcc': -0.07966614033444058, 'tn': 701, 'fp': 5653, 'fn': 661, 'tp': 3329, 'model_name': 'random_forest', 'feature_set_name': 'I_full_40', 'feature_count': 40, 'numeric_feature_count': 38, 'categorical_feature_count': 2, 'fold_id': 1, 'train_events': 62717, 'validation_events': 10344, 'train_positive_fraction': 0.5022721112298101, 'validation_positive_fraction': 0.3857308584686775, 'average_uniqueness_weighting_applied': True, 'train_sample_weight_mean': 0.9999999999999998, 'train_sample_weight_min': 0.33537416646232093, 'train_sample_weight_max': 10.396599160332254, 'validation_metrics_weighted': False, 'fit_seconds': 5.515388699990581, 'inference_seconds': 0.07320690000778995}, {'events': 10408, 'positive_fraction': 0.46666026133743277, 'roc_auc': 0.5205824984022415, 'average_precision': 0.4910619561323223, 'log_loss': 0.698269977243015, 'brier_score': 0.2525419117289244, 'threshold': 0.5, 'accuracy': 0.47809377401998465, 'balanced_accuracy': 0.4972950209536242, 'precision': 0.46495184688528585, 'sensitivity': 0.7852583899526456, 'recall': 0.7852583899526456, 'specificity': 0.20933165195460277, 'f1': 0.584073506891271, 'mcc': -0.006605001394801515, 'tn': 1162, 'fp': 4389, 'fn': 1043, 'tp': 3814, 'model_name': 'random_forest', 'feature_set_name': 'I_full_40', 'feature_count': 40, 'numeric_feature_count': 38, 'categorical_feature_count': 2, 'fold_id': 2, 'train_events': 73590, 'validation_events': 10408, 'train_positive_fraction': 0.4856366354124202, 'validation_positive_fraction': 0.46666026133743277, 'average_uniqueness_weighting_applied': True, 'train_sample_weight_mean': 1.0000000000000002, 'train_sample_weight_min': 0.34266121177818065, 'train_sample_weight_max': 10.622497565123911, 'validation_metrics_weighted': False, 'fit_seconds': 6.762719999998808, 'inference_seconds': 0.06945180000911932}, {'events': 10397, 'positive_fraction': 0.7263633740502068, 'roc_auc': 0.5699185588007507, 'average_precision': 0.7935105553483872, 'log_loss': 0.6963069000009467, 'brier_score': 0.2519326859877718, 'threshold': 0.5, 'accuracy': 0.44657112628642875, 'balanced_accuracy': 0.555179903227488, 'precision': 0.803306342780027, 'sensitivity': 0.3152807203389831, 'recall': 0.3152807203389831, 'specificity': 0.795079086115993, 'f1': 0.45283377710155953, 'mcc': 0.10898378581890299, 'tn': 2262, 'fp': 583, 'fn': 5171, 'tp': 2381, 'model_name': 'random_forest', 'feature_set_name': 'I_full_40', 'feature_count': 40, 'numeric_feature_count': 38, 'categorical_feature_count': 2, 'fold_id': 3, 'train_events': 83825, 'validation_events': 10397, 'train_positive_fraction': 0.4746555323590814, 'validation_positive_fraction': 0.7263633740502068, 'average_uniqueness_weighting_applied': True, 'train_sample_weight_mean': 1.0, 'train_sample_weight_min': 0.3437930721380264, 'train_sample_weight_max': 10.65758523627913, 'validation_metrics_weighted': False, 'fit_seconds': 7.63604120000673, 'inference_seconds': 0.0919558000023244}, {'events': 10319, 'positive_fraction': 0.888070549471848, 'roc_auc': 0.5299720721588902, 'average_precision': 0.9037022427486868, 'log_loss': 0.5606985243865855, 'brier_score': 0.1881058308816281, 'threshold': 0.5, 'accuracy': 0.8415544141874213, 'balanced_accuracy': 0.5082394217160695, 'precision': 0.8898208553380967, 'sensitivity': 0.9376909646442602, 'recall': 0.9376909646442602, 'specificity': 0.07878787878787878, 'f1': 0.9131289517028851, 'mcc': 0.02120362668814415, 'tn': 91, 'fp': 1064, 'fn': 571, 'tp': 8593, 'model_name': 'random_forest', 'feature_set_name': 'I_full_40', 'feature_count': 40, 'numeric_feature_count': 38, 'categorical_feature_count': 2, 'fold_id': 4, 'train_events': 94059, 'validation_events': 10319, 'train_positive_fraction': 0.49821920284077015, 'validation_positive_fraction': 0.888070549471848, 'average_uniqueness_weighting_applied': True, 'train_sample_weight_mean': 1.0, 'train_sample_weight_min': 0.3302478543176708, 'train_sample_weight_max': 10.237683483848098, 'validation_metrics_weighted': False, 'fit_seconds': 8.452734699996654, 'inference_seconds': 0.07970180000120308}, {'events': 10372, 'positive_fraction': 0.5071345931353645, 'roc_auc': 0.500562011698412, 'average_precision': 0.5509372041321715, 'log_loss': 0.74943688794655, 'brier_score': 0.27546966965282665, 'threshold': 0.5, 'accuracy': 0.5071345931353645, 'balanced_accuracy': 0.5, 'precision': 0.5071345931353645, 'sensitivity': 1.0, 'recall': 1.0, 'specificity': 0.0, 'f1': 0.672978505629478, 'mcc': 0.0, 'tn': 0, 'fp': 5112, 'fn': 0, 'tp': 5260, 'model_name': 'random_forest', 'feature_set_name': 'I_full_40', 'feature_count': 40, 'numeric_feature_count': 38, 'categorical_feature_count': 2, 'fold_id': 5, 'train_events': 107360, 'validation_events': 10372, 'train_positive_fraction': 0.5392883755588673, 'validation_positive_fraction': 0.5071345931353645, 'average_uniqueness_weighting_applied': True, 'train_sample_weight_mean': 1.0, 'train_sample_weight_min': 0.31837299323945095, 'train_sample_weight_max': 9.869562790423288, 'validation_metrics_weighted': False, 'fit_seconds': 10.002380899997661, 'inference_seconds': 0.0692955999984406}]",5,0.5699185588007507,0.6239509021107815,0.5204171474667584,0.48105059627349767,True,1135,"[{'fold_id': 1, 'true_positive': 220, 'false_positive': 341, 'true_negative': 6013, 'false_negative': 3770, 'signals': 561, 'events': 10344, 'dates': 92, 'precision': 0.39215686274509803, 'specificity': 0.946333018570979, 'sensitivity': 0.05513784461152882}, {'fold_id': 2, 'true_positive': 297, 'false_positive': 269, 'true_negative': 5282, 'false_negative': 4560, 'signals': 566, 'events': 10408, 'dates': 91, 'precision': 0.5247349823321554, 'specificity': 0.9515402630156728, 'sensitivity': 0.06114885731933292}, {'fold_id': 3, 'true_positive': 443, 'false_positive': 151, 'true_negative': 2694, 'false_negative': 7109, 'signals': 594, 'events': 10397, 'dates': 136, 'precision': 0.7457912457912458, 'specificity': 0.9469244288224956, 'sensitivity': 0.05865995762711865}, {'fold_id': 4, 'true_positive': 551, 'false_positive': 73, 'true_negative': 1082, 'false_negative': 8613, 'signals': 624, 'events': 10319, 'dates': 231, 'precision': 0.8830128205128205, 'specificity': 0.9367965367965368, 'sensitivity': 0.060126582278481014}, {'fold_id': 5, 'true_positive': 370, 'false_positive': 301, 'true_negative': 4811, 'false_negative': 4890, 'signals': 671, 'events': 10372, 'dates': 288, 'precision': 0.5514157973174366, 'specificity': 0.9411189358372457, 'sensitivity': 0.07034220532319392}]",0.9367965367965368,0.6236737400530504,3016,0.9459960983965361,0.005090559229093906,1881,0.029952179954361804,False,False,COMPLETE,20,False
27,0.5396832138040354,2026-07-19 18:30:22.765560,2026-07-19 18:31:07.709401,0 days 00:00:44.943841,False,balanced_subsample,log_loss,3,0.5,0.7368085912040737,6,22,25,True,"[{'events': 10344, 'positive_fraction': 0.3857308584686775, 'roc_auc': 0.4887300088433232, 'average_precision': 0.3852385642754155, 'log_loss': 0.7473033040693311, 'brier_score': 0.2766613158759801, 'threshold': 0.5, 'accuracy': 0.39752513534416084, 'balanced_accuracy': 0.4709500379844796, 'precision': 0.3691032227930873, 'sensitivity': 0.7922305764411027, 'recall': 0.7922305764411027, 'specificity': 0.14966949952785646, 'f1': 0.5035845148956508, 'mcc': -0.07492681762446596, 'tn': 951, 'fp': 5403, 'fn': 829, 'tp': 3161, 'model_name': 'random_forest', 'feature_set_name': 'I_full_40', 'feature_count': 40, 'numeric_feature_count': 38, 'categorical_feature_count': 2, 'fold_id': 1, 'train_events': 62717, 'validation_events': 10344, 'train_positive_fraction': 0.5022721112298101, 'validation_positive_fraction': 0.3857308584686775, 'average_uniqueness_weighting_applied': True, 'train_sample_weight_mean': 0.9999999999999998, 'train_sample_weight_min': 0.33537416646232093, 'train_sample_weight_max': 10.396599160332254, 'validation_metrics_weighted': False, 'fit_seconds': 6.64752800000133, 'inference_seconds': 0.048835900000995025}, {'events': 10408, 'positive_fraction': 0.46666026133743277, 'roc_auc': 0.5571569366312124, 'average_precision': 0.5238146059765171, 'log_loss': 0.7042515956850656, 'brier_score': 0.2554669753064148, 'threshold': 0.5, 'accuracy': 0.4692544196771714, 'balanced_accuracy': 0.49431080737594574, 'precision': 0.463428007456958, 'sensitivity': 0.8700844142474778, 'recall': 0.8700844142474778, 'specificity': 0.11853720050441362, 'f1': 0.6047510017172295, 'mcc': -0.017232577203407203, 'tn': 658, 'fp': 4893, 'fn': 631, 'tp': 4226, 'model_name': 'random_forest', 'feature_set_name': 'I_full_40', 'feature_count': 40, 'numeric_feature_count': 38, 'categorical_feature_count': 2, 'fold_id': 2, 'train_events': 73590, 'validation_events': 10408, 'train_positive_fraction': 0.4856366354124202, 'validation_positive_fraction': 0.46666026133743277, 'average_uniqueness_weighting_applied': True, 'train_sample_weight_mean': 1.0000000000000002, 'train_sample_weight_min': 0.34266121177818065, 'train_sample_weight_max': 10.622497565123911, 'validation_metrics_weighted': False, 'fit_seconds': 7.021192599990172, 'inference_seconds': 0.05268890000297688}, {'events': 10397, 'positive_fraction': 0.7263633740502068, 'roc_auc': 0.5989874538291978, 'average_precision': 0.8083221577467646, 'log_loss': 0.723984094672243, 'brier_score': 0.26571998487607107, 'threshold': 0.5, 'accuracy': 0.390881985188035, 'balanced_accuracy': 0.5573752271305591, 'precision': 0.870516717325228, 'sensitivity': 0.1896186440677966, 'recall': 0.1896186440677966, 'specificity': 0.9251318101933216, 'f1': 0.311405893226052, 'mcc': 0.14018125178852242, 'tn': 2632, 'fp': 213, 'fn': 6120, 'tp': 1432, 'model_name': 'random_forest', 'feature_set_name': 'I_full_40', 'feature_count': 40, 'numeric_feature_count': 38, 'categorical_feature_count': 2, 'fold_id': 3, 'train_events': 83825, 'validation_events': 10397, 'train_positive_fraction': 0.4746555323590814, 'validation_positive_fraction': 0.7263633740502068, 'average_uniqueness_weighting_applied': True, 'train_sample_weight_mean': 1.0, 'train_sample_weight_min': 0.3437930721380264, 'train_sample_weight_max': 10.65758523627913, 'validation_metrics_weighted': False, 'fit_seconds': 8.54086510000343, 'inference_seconds': 0.054338399990228936}, {'events': 10319, 'positive_fraction': 0.888070549471848, 'roc_auc': 0.5251410563828721, 'average_precision': 0.9044766275947759, 'log_loss': 0.5536404143961107, 'brier_score': 0.1865276508645643, 'threshold': 0.5, 'accuracy': 0.7617017152824886, 'balanced_accuracy': 0.5117082938885645, 'precision': 0.8908709338929696, 'sensitivity': 0.8338061981667394, 'recall': 0.8338061981667394, 'specificity': 0.18961038961038962, 'f1': 0.8613945098923398, 'mcc': 0.01970903509081567, 'tn': 219, 'fp': 936, 'fn': 1523, 'tp': 7641, 'model_name': 'random_forest', 'feature_set_name': 'I_full_40', 'feature_count': 40, 'numeric_feature_count': 38, 'categorical_feature_count': 2, 'fold_id': 4, 'train_events': 94059, 'validation_events': 10319, 'train_positive_fraction': 0.49821920284077015, 'validation_positive_fraction': 0.888070549471848, 'average_uniqueness_weighting_applied': True, 'train_sample_weight_mean': 1.0, 'train_sample_weight_min': 0.3302478543176708, 'train_sample_weight_max': 10.237683483848098, 'validation_metrics_weighted': False, 'fit_seconds': 9.620551100000739, 'inference_seconds': 0.06724209999083541}, {'events': 10372, 'positive_fraction': 0.5071345931353645, 'roc_auc': 0.5284006133335715, 'average_precision': 0.5734406537629572, 'log_loss': 0.7307640734055352, 'brier_score': 0.26656095108131905, 'threshold': 0.5, 'accuracy': 0.5026995757809487, 'balanced_accuracy': 0.496563070862862, 'precision': 0.5052871656645241, 'sensitivity': 0.9266159695817491, 'recall': 0.9266159695817491, 'specificity': 0.06651017214397496, 'f1': 0.653964846370589, 'mcc': -0.013469359022548043, 'tn': 340, 'fp': 4772, 'fn': 386, 'tp': 4874, 'model_name': 'random_forest', 'feature_set_name': 'I_full_40', 'feature_count': 40, 'numeric_feature_count': 38, 'categorical_feature_count': 2, 'fold_id': 5, 'train_events': 107360, 'validation_events': 10372, 'train_positive_fraction': 0.5392883755588673, 'validation_positive_fraction': 0.5071345931353645, 'average_uniqueness_weighting_applied': True, 'train_sample_weight_mean': 1.0, 'train_sample_weight_min': 0.31837299323945095, 'train_sample_weight_max': 9.869562790423288, 'validation_metrics_weighted': False, 'fit_seconds': 11.060035699993023, 'inference_seconds': 0.05212759999267291}]",5,0.5989874538291978,0.6390585218712861,0.5396832138040354,0.4887300088433232,True,1213,"[{'fold_id': 1, 'true_positive': 250, 'false_positive': 311, 'true_negative': 6043, 'false_negative': 3740, 'signals': 561, 'events': 10344, 'dates': 92, 'precision': 0.44563279857397503, 'specificity': 0.9510544538873151, 'sensitivity': 0.06265664160401002}, {'fold_id': 2, 'true_positive': 296, 'false_positive': 270, 'true_negative': 5281, 'false_negative': 4561, 'signals': 566, 'events': 10408, 'dates': 91, 'precision': 0.5229681978798587, 'specificity': 0.9513601152945416, 'sensitivity': 0.06094296891085032}, {'fold_id': 3, 'true_positive': 400, 'false_positive': 194, 'true_negative': 2651, 'false_negative': 7152, 'signals': 594, 'events': 10397, 'dates': 136, 'precision': 0.6734006734006734, 'specificity': 0.9318101933216169, 'sensitivity': 0.05296610169491525}, {'fold_id': 4, 'true_positive': 540, 'false_positive': 84, 'true_negative': 1071, 'false_negative': 8624, 'signals': 624, 'events': 10319, 'dates': 231, 'precision': 0.8653846153846154, 'specificity': 0.9272727272727272, 'sensitivity': 0.05892623308598865}, {'fold_id': 5, 'true_positive': 317, 'false_positive': 354, 'true_negative': 4758, 'false_negative': 4943, 'signals': 671, 'events': 10372, 'dates': 288, 'precision': 0.47242921013412814, 'specificity': 0.9307511737089202, 'sensitivity': 0.060266159695817494}]",0.9272727272727272,0.5978116710875332,3016,0.9422848170528619,0.01052457808147113,1803,0.03676227519076978,False,False,COMPLETE,30,False
