number,value,datetime_start,datetime_complete,duration,params_bootstrap,params_class_weight_mode,params_criterion,params_max_depth,params_max_features,params_max_samples,params_min_samples_leaf,params_min_samples_split,params_n_estimators,user_attrs_average_uniqueness_weighting,user_attrs_fold_metrics,user_attrs_folds_evaluated,user_attrs_max_roc_auc,user_attrs_mean_average_precision,user_attrs_mean_roc_auc,user_attrs_min_roc_auc,user_attrs_policy_complete,user_attrs_policy_false_positive,user_attrs_policy_fold_metrics,user_attrs_policy_min_fold_specificity,user_attrs_policy_precision,user_attrs_policy_signals,user_attrs_policy_specificity,user_attrs_policy_specificity_std,user_attrs_policy_true_positive,user_attrs_std_roc_auc,user_attrs_threshold_selected,user_attrs_validation_metrics_weighted,state,policy_selection_rank,selected_by_policy_hierarchy
2,0.52189787713257,2026-07-19 17:58:46.687412,2026-07-19 17:59:27.569422,0 days 00:00:40.882010,False,none,log_loss,3,log2,0.7988015600229156,18,17,100,True,"[{'events': 10344, 'positive_fraction': 0.3857308584686775, 'roc_auc': 0.47339968192435766, 'average_precision': 0.37608850358608925, 'log_loss': 0.7180645734410527, 'brier_score': 0.2624045740965927, 'threshold': 0.5, 'accuracy': 0.3864075792730085, 'balanced_accuracy': 0.47313668969401784, 'precision': 0.3713568387730597, 'sensitivity': 0.8526315789473684, 'recall': 0.8526315789473684, 'specificity': 0.09364180044066729, 'f1': 0.5173751045547867, 'mcc': -0.08217425277245671, 'tn': 595, 'fp': 5759, 'fn': 588, 'tp': 3402, 'model_name': 'random_forest', 'feature_set_name': 'I_full_40', 'feature_count': 40, 'numeric_feature_count': 38, 'categorical_feature_count': 2, 'fold_id': 1, 'train_events': 62717, 'validation_events': 10344, 'train_positive_fraction': 0.5022721112298101, 'validation_positive_fraction': 0.3857308584686775, 'average_uniqueness_weighting_applied': True, 'train_sample_weight_mean': 0.9999999999999998, 'train_sample_weight_min': 0.33537416646232093, 'train_sample_weight_max': 10.396599160332254, 'validation_metrics_weighted': False, 'fit_seconds': 5.963132600008976, 'inference_seconds': 0.09486719999404158}, {'events': 10408, 'positive_fraction': 0.46666026133743277, 'roc_auc': 0.5310307509600738, 'average_precision': 0.497573872951945, 'log_loss': 0.696612690243093, 'brier_score': 0.25172493841466914, 'threshold': 0.5, 'accuracy': 0.48799000768639506, 'balanced_accuracy': 0.5093783635131766, 'precision': 0.4723523898781631, 'sensitivity': 0.830142063001853, 'recall': 0.830142063001853, 'specificity': 0.18861466402450008, 'f1': 0.6021055775405062, 'mcc': 0.024363888202269385, 'tn': 1047, 'fp': 4504, 'fn': 825, 'tp': 4032, 'model_name': 'random_forest', 'feature_set_name': 'I_full_40', 'feature_count': 40, 'numeric_feature_count': 38, 'categorical_feature_count': 2, 'fold_id': 2, 'train_events': 73590, 'validation_events': 10408, 'train_positive_fraction': 0.4856366354124202, 'validation_positive_fraction': 0.46666026133743277, 'average_uniqueness_weighting_applied': True, 'train_sample_weight_mean': 1.0000000000000002, 'train_sample_weight_min': 0.34266121177818065, 'train_sample_weight_max': 10.622497565123911, 'validation_metrics_weighted': False, 'fit_seconds': 6.569056400010595, 'inference_seconds': 0.08205189999716822}, {'events': 10397, 'positive_fraction': 0.7263633740502068, 'roc_auc': 0.5706882195570582, 'average_precision': 0.795049192903595, 'log_loss': 0.6909597798815845, 'brier_score': 0.24912824862268895, 'threshold': 0.5, 'accuracy': 0.46686544195440993, 'balanced_accuracy': 0.5598388722781568, 'precision': 0.8002989536621824, 'sensitivity': 0.3544756355932203, 'recall': 0.3544756355932203, 'specificity': 0.7652021089630932, 'f1': 0.491327888409654, 'mcc': 0.11421714731638641, 'tn': 2177, 'fp': 668, 'fn': 4875, 'tp': 2677, 'model_name': 'random_forest', 'feature_set_name': 'I_full_40', 'feature_count': 40, 'numeric_feature_count': 38, 'categorical_feature_count': 2, 'fold_id': 3, 'train_events': 83825, 'validation_events': 10397, 'train_positive_fraction': 0.4746555323590814, 'validation_positive_fraction': 0.7263633740502068, 'average_uniqueness_weighting_applied': True, 'train_sample_weight_mean': 1.0, 'train_sample_weight_min': 0.3437930721380264, 'train_sample_weight_max': 10.65758523627913, 'validation_metrics_weighted': False, 'fit_seconds': 7.623451899999054, 'inference_seconds': 0.07970569998724386}, {'events': 10319, 'positive_fraction': 0.888070549471848, 'roc_auc': 0.5255390942536294, 'average_precision': 0.9024376869058092, 'log_loss': 0.5617508685754428, 'brier_score': 0.18769315721512486, 'threshold': 0.5, 'accuracy': 0.8689795522821979, 'balanced_accuracy': 0.4983315571377553, 'precision': 0.8877307921381775, 'sensitivity': 0.9758838934962898, 'recall': 0.9758838934962898, 'specificity': 0.02077922077922078, 'f1': 0.9297224243684374, 'mcc': -0.006910203718503054, 'tn': 24, 'fp': 1131, 'fn': 221, 'tp': 8943, 'model_name': 'random_forest', 'feature_set_name': 'I_full_40', 'feature_count': 40, 'numeric_feature_count': 38, 'categorical_feature_count': 2, 'fold_id': 4, 'train_events': 94059, 'validation_events': 10319, 'train_positive_fraction': 0.49821920284077015, 'validation_positive_fraction': 0.888070549471848, 'average_uniqueness_weighting_applied': True, 'train_sample_weight_mean': 1.0, 'train_sample_weight_min': 0.3302478543176708, 'train_sample_weight_max': 10.237683483848098, 'validation_metrics_weighted': False, 'fit_seconds': 8.619988699996611, 'inference_seconds': 0.10262629999488126}, {'events': 10372, 'positive_fraction': 0.5071345931353645, 'roc_auc': 0.5088316389677312, 'average_precision': 0.5599952333493887, 'log_loss': 0.7364124545129268, 'brier_score': 0.269958304894527, 'threshold': 0.5, 'accuracy': 0.5071345931353645, 'balanced_accuracy': 0.5, 'precision': 0.5071345931353645, 'sensitivity': 1.0, 'recall': 1.0, 'specificity': 0.0, 'f1': 0.672978505629478, 'mcc': 0.0, 'tn': 0, 'fp': 5112, 'fn': 0, 'tp': 5260, 'model_name': 'random_forest', 'feature_set_name': 'I_full_40', 'feature_count': 40, 'numeric_feature_count': 38, 'categorical_feature_count': 2, 'fold_id': 5, 'train_events': 107360, 'validation_events': 10372, 'train_positive_fraction': 0.5392883755588673, 'validation_positive_fraction': 0.5071345931353645, 'average_uniqueness_weighting_applied': True, 'train_sample_weight_mean': 1.0, 'train_sample_weight_min': 0.31837299323945095, 'train_sample_weight_max': 9.869562790423288, 'validation_metrics_weighted': False, 'fit_seconds': 9.504789300000994, 'inference_seconds': 0.0843414999981178}]",5,0.5706882195570582,0.6262288979393654,0.52189787713257,0.47339968192435766,True,1143,"[{'fold_id': 1, 'true_positive': 220, 'false_positive': 341, 'true_negative': 6013, 'false_negative': 3770, 'signals': 561, 'events': 10344, 'dates': 92, 'precision': 0.39215686274509803, 'specificity': 0.946333018570979, 'sensitivity': 0.05513784461152882}, {'fold_id': 2, 'true_positive': 298, 'false_positive': 268, 'true_negative': 5283, 'false_negative': 4559, 'signals': 566, 'events': 10408, 'dates': 91, 'precision': 0.5265017667844523, 'specificity': 0.9517204107368041, 'sensitivity': 0.061354745727815525}, {'fold_id': 3, 'true_positive': 441, 'false_positive': 153, 'true_negative': 2692, 'false_negative': 7111, 'signals': 594, 'events': 10397, 'dates': 136, 'precision': 0.7424242424242424, 'specificity': 0.9462214411247803, 'sensitivity': 0.058395127118644065}, {'fold_id': 4, 'true_positive': 548, 'false_positive': 76, 'true_negative': 1079, 'false_negative': 8616, 'signals': 624, 'events': 10319, 'dates': 231, 'precision': 0.8782051282051282, 'specificity': 0.9341991341991343, 'sensitivity': 0.05979921431689219}, {'fold_id': 5, 'true_positive': 366, 'false_positive': 305, 'true_negative': 4807, 'false_negative': 4894, 'signals': 671, 'events': 10372, 'dates': 288, 'precision': 0.5454545454545454, 'specificity': 0.9403364632237872, 'sensitivity': 0.06958174904942965}]",0.9341991341991343,0.6210212201591512,3016,0.9456154541561593,0.005986284207770884,1873,0.03162267186246213,False,False,COMPLETE,27,False
3,0.5165094092467519,2026-07-19 17:59:27.753409,2026-07-19 18:00:10.980266,0 days 00:00:43.226857,True,balanced_subsample,log_loss,9,sqrt,0.8744162194718417,19,23,50,True,"[{'events': 10344, 'positive_fraction': 0.3857308584686775, 'roc_auc': 0.4971586780927768, 'average_precision': 0.3994602419258906, 'log_loss': 0.7455628753831823, 'brier_score': 0.27571514751038867, 'threshold': 0.5, 'accuracy': 0.4000386697602475, 'balanced_accuracy': 0.4793833024487565, 'precision': 0.3742623694961416, 'sensitivity': 0.8265664160401003, 'recall': 0.8265664160401003, 'specificity': 0.13220018885741266, 'f1': 0.5152319950007811, 'mcc': -0.056505734129125774, 'tn': 840, 'fp': 5514, 'fn': 692, 'tp': 3298, 'model_name': 'random_forest', 'feature_set_name': 'I_full_40', 'feature_count': 40, 'numeric_feature_count': 38, 'categorical_feature_count': 2, 'fold_id': 1, 'train_events': 62717, 'validation_events': 10344, 'train_positive_fraction': 0.5022721112298101, 'validation_positive_fraction': 0.3857308584686775, 'average_uniqueness_weighting_applied': True, 'train_sample_weight_mean': 0.9999999999999998, 'train_sample_weight_min': 0.33537416646232093, 'train_sample_weight_max': 10.396599160332254, 'validation_metrics_weighted': False, 'fit_seconds': 5.964441699994495, 'inference_seconds': 0.05884069998865016}, {'events': 10408, 'positive_fraction': 0.46666026133743277, 'roc_auc': 0.4772398728291356, 'average_precision': 0.45248233959763173, 'log_loss': 0.7153197472510147, 'brier_score': 0.2608169496724993, 'threshold': 0.5, 'accuracy': 0.46694850115295927, 'balanced_accuracy': 0.4852891415432551, 'precision': 0.45722421691221987, 'sensitivity': 0.7603458925262507, 'recall': 0.7603458925262507, 'specificity': 0.2102323905602594, 'f1': 0.5710530385031699, 'mcc': -0.03520801168760865, 'tn': 1167, 'fp': 4384, 'fn': 1164, 'tp': 3693, 'model_name': 'random_forest', 'feature_set_name': 'I_full_40', 'feature_count': 40, 'numeric_feature_count': 38, 'categorical_feature_count': 2, 'fold_id': 2, 'train_events': 73590, 'validation_events': 10408, 'train_positive_fraction': 0.4856366354124202, 'validation_positive_fraction': 0.46666026133743277, 'average_uniqueness_weighting_applied': True, 'train_sample_weight_mean': 1.0000000000000002, 'train_sample_weight_min': 0.34266121177818065, 'train_sample_weight_max': 10.622497565123911, 'validation_metrics_weighted': False, 'fit_seconds': 6.973797400001786, 'inference_seconds': 0.06164800000260584}, {'events': 10397, 'positive_fraction': 0.7263633740502068, 'roc_auc': 0.5733062017812993, 'average_precision': 0.7904523371396395, 'log_loss': 0.6924359769795901, 'brier_score': 0.25025854559588406, 'threshold': 0.5, 'accuracy': 0.48994902375685295, 'balanced_accuracy': 0.5518491359730124, 'precision': 0.7796568017905994, 'sensitivity': 0.4151218220338983, 'recall': 0.4151218220338983, 'specificity': 0.6885764499121265, 'f1': 0.5417782770241079, 'mcc': 0.09492977565593547, 'tn': 1959, 'fp': 886, 'fn': 4417, 'tp': 3135, 'model_name': 'random_forest', 'feature_set_name': 'I_full_40', 'feature_count': 40, 'numeric_feature_count': 38, 'categorical_feature_count': 2, 'fold_id': 3, 'train_events': 83825, 'validation_events': 10397, 'train_positive_fraction': 0.4746555323590814, 'validation_positive_fraction': 0.7263633740502068, 'average_uniqueness_weighting_applied': True, 'train_sample_weight_mean': 1.0, 'train_sample_weight_min': 0.3437930721380264, 'train_sample_weight_max': 10.65758523627913, 'validation_metrics_weighted': False, 'fit_seconds': 8.162280899996404, 'inference_seconds': 0.09447769999678712}, {'events': 10319, 'positive_fraction': 0.888070549471848, 'roc_auc': 0.5377592725912237, 'average_precision': 0.9071170700793902, 'log_loss': 0.5987739280143778, 'brier_score': 0.20741191129685416, 'threshold': 0.5, 'accuracy': 0.6389184998546371, 'balanced_accuracy': 0.5178685747542142, 'precision': 0.8933738425925926, 'sensitivity': 0.6738323876036665, 'recall': 0.6738323876036665, 'specificity': 0.3619047619047619, 'f1': 0.7682259268474745, 'mcc': 0.023958824698726885, 'tn': 418, 'fp': 737, 'fn': 2989, 'tp': 6175, 'model_name': 'random_forest', 'feature_set_name': 'I_full_40', 'feature_count': 40, 'numeric_feature_count': 38, 'categorical_feature_count': 2, 'fold_id': 4, 'train_events': 94059, 'validation_events': 10319, 'train_positive_fraction': 0.49821920284077015, 'validation_positive_fraction': 0.888070549471848, 'average_uniqueness_weighting_applied': True, 'train_sample_weight_mean': 1.0, 'train_sample_weight_min': 0.3302478543176708, 'train_sample_weight_max': 10.237683483848098, 'validation_metrics_weighted': False, 'fit_seconds': 9.513871699993615, 'inference_seconds': 0.05830070000956766}, {'events': 10372, 'positive_fraction': 0.5071345931353645, 'roc_auc': 0.49708302093932416, 'average_precision': 0.5336306168795395, 'log_loss': 0.7520399941238345, 'brier_score': 0.27645712287161506, 'threshold': 0.5, 'accuracy': 0.4864057076745083, 'balanced_accuracy': 0.47990674295030855, 'precision': 0.49661855253860904, 'sensitivity': 0.935361216730038, 'recall': 0.935361216730038, 'specificity': 0.02445226917057903, 'f1': 0.6487769499571437, 'mcc': -0.09708923351728098, 'tn': 125, 'fp': 4987, 'fn': 340, 'tp': 4920, 'model_name': 'random_forest', 'feature_set_name': 'I_full_40', 'feature_count': 40, 'numeric_feature_count': 38, 'categorical_feature_count': 2, 'fold_id': 5, 'train_events': 107360, 'validation_events': 10372, 'train_positive_fraction': 0.5392883755588673, 'validation_positive_fraction': 0.5071345931353645, 'average_uniqueness_weighting_applied': True, 'train_sample_weight_mean': 1.0, 'train_sample_weight_min': 0.31837299323945095, 'train_sample_weight_max': 9.869562790423288, 'validation_metrics_weighted': False, 'fit_seconds': 10.39935060001153, 'inference_seconds': 0.06734530000539962}]",5,0.5733062017812993,0.6166285211244183,0.5165094092467519,0.4772398728291356,True,1103,"[{'fold_id': 1, 'true_positive': 235, 'false_positive': 326, 'true_negative': 6028, 'false_negative': 3755, 'signals': 561, 'events': 10344, 'dates': 92, 'precision': 0.41889483065953653, 'specificity': 0.948693736229147, 'sensitivity': 0.05889724310776942}, {'fold_id': 2, 'true_positive': 292, 'false_positive': 274, 'true_negative': 5277, 'false_negative': 4565, 'signals': 566, 'events': 10408, 'dates': 91, 'precision': 0.5159010600706714, 'specificity': 0.9506395244100162, 'sensitivity': 0.060119415276919906}, {'fold_id': 3, 'true_positive': 455, 'false_positive': 139, 'true_negative': 2706, 'false_negative': 7097, 'signals': 594, 'events': 10397, 'dates': 136, 'precision': 0.765993265993266, 'specificity': 0.9511423550087873, 'sensitivity': 0.0602489406779661}, {'fold_id': 4, 'true_positive': 550, 'false_positive': 74, 'true_negative': 1081, 'false_negative': 8614, 'signals': 624, 'events': 10319, 'dates': 231, 'precision': 0.8814102564102564, 'specificity': 0.935930735930736, 'sensitivity': 0.06001745962461807}, {'fold_id': 5, 'true_positive': 381, 'false_positive': 290, 'true_negative': 4822, 'false_negative': 4879, 'signals': 671, 'events': 10372, 'dates': 288, 'precision': 0.5678092399403875, 'specificity': 0.9432707355242567, 'sensitivity': 0.07243346007604563}]",0.935930735930736,0.6342838196286472,3016,0.9475186753580435,0.005727884872918877,1913,0.034558252802160086,False,False,COMPLETE,8,False
