number,value,datetime_start,datetime_complete,duration,params_bootstrap,params_class_weight_mode,params_criterion,params_max_depth,params_max_features,params_max_samples,params_min_samples_leaf,params_min_samples_split,params_n_estimators,user_attrs_average_uniqueness_weighting,user_attrs_fold_metrics,user_attrs_folds_evaluated,user_attrs_max_roc_auc,user_attrs_mean_average_precision,user_attrs_mean_roc_auc,user_attrs_min_roc_auc,user_attrs_policy_complete,user_attrs_policy_false_positive,user_attrs_policy_fold_metrics,user_attrs_policy_min_fold_specificity,user_attrs_policy_precision,user_attrs_policy_signals,user_attrs_policy_specificity,user_attrs_policy_specificity_std,user_attrs_policy_true_positive,user_attrs_std_roc_auc,user_attrs_threshold_selected,user_attrs_validation_metrics_weighted,state,policy_selection_rank,selected_by_policy_hierarchy
12,0.5243022602759995,2026-07-19 18:14:02.982303,2026-07-19 18:14:27.046785,0 days 00:00:24.064482,False,none,log_loss,3,log2,0.6499307888610094,9,17,50,True,"[{'events': 10344, 'positive_fraction': 0.3857308584686775, 'roc_auc': 0.4741904533130118, 'average_precision': 0.37628610651457767, 'log_loss': 0.7187482554677278, 'brier_score': 0.26274381816381076, 'threshold': 0.5, 'accuracy': 0.38689095127610207, 'balanced_accuracy': 0.47017330862567186, 'precision': 0.36950732356857524, 'sensitivity': 0.8345864661654135, 'recall': 0.8345864661654135, 'specificity': 0.10576015108593012, 'f1': 0.5122288878634056, 'mcc': -0.0866926792858549, 'tn': 672, 'fp': 5682, 'fn': 660, 'tp': 3330, 'model_name': 'random_forest', 'feature_set_name': 'I_full_40', 'feature_count': 40, 'numeric_feature_count': 38, 'categorical_feature_count': 2, 'fold_id': 1, 'train_events': 62717, 'validation_events': 10344, 'train_positive_fraction': 0.5022721112298101, 'validation_positive_fraction': 0.3857308584686775, 'average_uniqueness_weighting_applied': True, 'train_sample_weight_mean': 0.9999999999999998, 'train_sample_weight_min': 0.33537416646232093, 'train_sample_weight_max': 10.396599160332254, 'validation_metrics_weighted': False, 'fit_seconds': 3.4612816000008024, 'inference_seconds': 0.07404449999739882}, {'events': 10408, 'positive_fraction': 0.46666026133743277, 'roc_auc': 0.5241187273255237, 'average_precision': 0.4908880320299432, 'log_loss': 0.6975533474493852, 'brier_score': 0.2521906358112856, 'threshold': 0.5, 'accuracy': 0.4912567255956956, 'balanced_accuracy': 0.5118102279323029, 'precision': 0.4739409804854831, 'sensitivity': 0.8200535309862055, 'recall': 0.8200535309862055, 'specificity': 0.20356692487840028, 'f1': 0.6007088454867657, 'mcc': 0.029885880804047246, 'tn': 1130, 'fp': 4421, 'fn': 874, 'tp': 3983, 'model_name': 'random_forest', 'feature_set_name': 'I_full_40', 'feature_count': 40, 'numeric_feature_count': 38, 'categorical_feature_count': 2, 'fold_id': 2, 'train_events': 73590, 'validation_events': 10408, 'train_positive_fraction': 0.4856366354124202, 'validation_positive_fraction': 0.46666026133743277, 'average_uniqueness_weighting_applied': True, 'train_sample_weight_mean': 1.0000000000000002, 'train_sample_weight_min': 0.34266121177818065, 'train_sample_weight_max': 10.622497565123911, 'validation_metrics_weighted': False, 'fit_seconds': 3.8407446000055643, 'inference_seconds': 0.07547160000831354}, {'events': 10397, 'positive_fraction': 0.7263633740502068, 'roc_auc': 0.5752454918307468, 'average_precision': 0.7986098243346154, 'log_loss': 0.6870704518523968, 'brier_score': 0.24720588721745088, 'threshold': 0.5, 'accuracy': 0.4851399442146773, 'balanced_accuracy': 0.5615739309969914, 'precision': 0.7945352263594964, 'sensitivity': 0.3927436440677966, 'recall': 0.3927436440677966, 'specificity': 0.7304042179261863, 'f1': 0.5256535223748339, 'mcc': 0.11444649935292917, 'tn': 2078, 'fp': 767, 'fn': 4586, 'tp': 2966, 'model_name': 'random_forest', 'feature_set_name': 'I_full_40', 'feature_count': 40, 'numeric_feature_count': 38, 'categorical_feature_count': 2, 'fold_id': 3, 'train_events': 83825, 'validation_events': 10397, 'train_positive_fraction': 0.4746555323590814, 'validation_positive_fraction': 0.7263633740502068, 'average_uniqueness_weighting_applied': True, 'train_sample_weight_mean': 1.0, 'train_sample_weight_min': 0.3437930721380264, 'train_sample_weight_max': 10.65758523627913, 'validation_metrics_weighted': False, 'fit_seconds': 4.364654899996822, 'inference_seconds': 0.07632550000562333}, {'events': 10319, 'positive_fraction': 0.888070549471848, 'roc_auc': 0.529670496824578, 'average_precision': 0.9038653833984892, 'log_loss': 0.5602280583363695, 'brier_score': 0.18748964358959536, 'threshold': 0.5, 'accuracy': 0.8614206802984785, 'balanced_accuracy': 0.4967241473788833, 'precision': 0.8873973151673011, 'sensitivity': 0.9666084679179398, 'recall': 0.9666084679179398, 'specificity': 0.02683982683982684, 'f1': 0.9253107698736028, 'mcc': -0.01162155253268087, 'tn': 31, 'fp': 1124, 'fn': 306, 'tp': 8858, 'model_name': 'random_forest', 'feature_set_name': 'I_full_40', 'feature_count': 40, 'numeric_feature_count': 38, 'categorical_feature_count': 2, 'fold_id': 4, 'train_events': 94059, 'validation_events': 10319, 'train_positive_fraction': 0.49821920284077015, 'validation_positive_fraction': 0.888070549471848, 'average_uniqueness_weighting_applied': True, 'train_sample_weight_mean': 1.0, 'train_sample_weight_min': 0.3302478543176708, 'train_sample_weight_max': 10.237683483848098, 'validation_metrics_weighted': False, 'fit_seconds': 4.895790000009583, 'inference_seconds': 0.059231400009593926}, {'events': 10372, 'positive_fraction': 0.5071345931353645, 'roc_auc': 0.5182861320861375, 'average_precision': 0.5668695646781154, 'log_loss': 0.7347577154440681, 'brier_score': 0.26920625475214055, 'threshold': 0.5, 'accuracy': 0.5071345931353645, 'balanced_accuracy': 0.5, 'precision': 0.5071345931353645, 'sensitivity': 1.0, 'recall': 1.0, 'specificity': 0.0, 'f1': 0.672978505629478, 'mcc': 0.0, 'tn': 0, 'fp': 5112, 'fn': 0, 'tp': 5260, 'model_name': 'random_forest', 'feature_set_name': 'I_full_40', 'feature_count': 40, 'numeric_feature_count': 38, 'categorical_feature_count': 2, 'fold_id': 5, 'train_events': 107360, 'validation_events': 10372, 'train_positive_fraction': 0.5392883755588673, 'validation_positive_fraction': 0.5071345931353645, 'average_uniqueness_weighting_applied': True, 'train_sample_weight_mean': 1.0, 'train_sample_weight_min': 0.31837299323945095, 'train_sample_weight_max': 9.869562790423288, 'validation_metrics_weighted': False, 'fit_seconds': 5.394505300006131, 'inference_seconds': 0.06262709999282379}]",5,0.5752454918307468,0.6273037821911481,0.5243022602759995,0.4741904533130118,True,1135,"[{'fold_id': 1, 'true_positive': 224, 'false_positive': 337, 'true_negative': 6017, 'false_negative': 3766, 'signals': 561, 'events': 10344, 'dates': 92, 'precision': 0.39928698752228164, 'specificity': 0.9469625432798238, 'sensitivity': 0.056140350877192984}, {'fold_id': 2, 'true_positive': 293, 'false_positive': 273, 'true_negative': 5278, 'false_negative': 4564, 'signals': 566, 'events': 10408, 'dates': 91, 'precision': 0.5176678445229682, 'specificity': 0.9508196721311475, 'sensitivity': 0.06032530368540251}, {'fold_id': 3, 'true_positive': 448, 'false_positive': 146, 'true_negative': 2699, 'false_negative': 7104, 'signals': 594, 'events': 10397, 'dates': 136, 'precision': 0.7542087542087542, 'specificity': 0.9486818980667838, 'sensitivity': 0.059322033898305086}, {'fold_id': 4, 'true_positive': 547, 'false_positive': 77, 'true_negative': 1078, 'false_negative': 8617, 'signals': 624, 'events': 10319, 'dates': 231, 'precision': 0.8766025641025641, 'specificity': 0.9333333333333333, 'sensitivity': 0.05969009166302924}, {'fold_id': 5, 'true_positive': 369, 'false_positive': 302, 'true_negative': 4810, 'false_negative': 4891, 'signals': 671, 'events': 10372, 'dates': 288, 'precision': 0.5499254843517138, 'specificity': 0.940923317683881, 'sensitivity': 0.07015209125475286}]",0.9333333333333333,0.6236737400530504,3016,0.9459960983965361,0.006330001765080127,1881,0.032160383967604,False,False,COMPLETE,22,False
13,0.5216517341409527,2026-07-19 18:14:27.258779,2026-07-19 18:14:42.828292,0 days 00:00:15.569513,False,none,log_loss,3,log2,0.6524944774983514,9,15,25,True,"[{'events': 10344, 'positive_fraction': 0.3857308584686775, 'roc_auc': 0.4699713361149175, 'average_precision': 0.3723619553717392, 'log_loss': 0.7189806927027483, 'brier_score': 0.26285911358292297, 'threshold': 0.5, 'accuracy': 0.38602088167053367, 'balanced_accuracy': 0.4751064393751139, 'precision': 0.3725574867753428, 'sensitivity': 0.8649122807017544, 'recall': 0.8649122807017544, 'specificity': 0.0853005980484734, 'f1': 0.5207877461706784, 'mcc': -0.07922064785266997, 'tn': 542, 'fp': 5812, 'fn': 539, 'tp': 3451, 'model_name': 'random_forest', 'feature_set_name': 'I_full_40', 'feature_count': 40, 'numeric_feature_count': 38, 'categorical_feature_count': 2, 'fold_id': 1, 'train_events': 62717, 'validation_events': 10344, 'train_positive_fraction': 0.5022721112298101, 'validation_positive_fraction': 0.3857308584686775, 'average_uniqueness_weighting_applied': True, 'train_sample_weight_mean': 0.9999999999999998, 'train_sample_weight_min': 0.33537416646232093, 'train_sample_weight_max': 10.396599160332254, 'validation_metrics_weighted': False, 'fit_seconds': 1.8830924999929266, 'inference_seconds': 0.0843246000004001}, {'events': 10408, 'positive_fraction': 0.46666026133743277, 'roc_auc': 0.5099417099538608, 'average_precision': 0.4809657321257452, 'log_loss': 0.6985082262002646, 'brier_score': 0.2526670351949327, 'threshold': 0.5, 'accuracy': 0.4860684089162183, 'balanced_accuracy': 0.5071006835858647, 'precision': 0.4709974062721056, 'sensitivity': 0.8225241918879967, 'recall': 0.8225241918879967, 'specificity': 0.19167717528373265, 'f1': 0.598995426943549, 'mcc': 0.01824410428563045, 'tn': 1064, 'fp': 4487, 'fn': 862, 'tp': 3995, 'model_name': 'random_forest', 'feature_set_name': 'I_full_40', 'feature_count': 40, 'numeric_feature_count': 38, 'categorical_feature_count': 2, 'fold_id': 2, 'train_events': 73590, 'validation_events': 10408, 'train_positive_fraction': 0.4856366354124202, 'validation_positive_fraction': 0.46666026133743277, 'average_uniqueness_weighting_applied': True, 'train_sample_weight_mean': 1.0000000000000002, 'train_sample_weight_min': 0.34266121177818065, 'train_sample_weight_max': 10.622497565123911, 'validation_metrics_weighted': False, 'fit_seconds': 2.295418100009556, 'inference_seconds': 0.05331960000330582}, {'events': 10397, 'positive_fraction': 0.7263633740502068, 'roc_auc': 0.5869021998153168, 'average_precision': 0.8045665815622999, 'log_loss': 0.6923393320492651, 'brier_score': 0.24977762984378676, 'threshold': 0.5, 'accuracy': 0.4765797826296047, 'balanced_accuracy': 0.5640064387790057, 'precision': 0.8021191294387171, 'sensitivity': 0.3708951271186441, 'recall': 0.3708951271186441, 'specificity': 0.7571177504393674, 'f1': 0.5072437522636726, 'mcc': 0.12083891776834543, 'tn': 2154, 'fp': 691, 'fn': 4751, 'tp': 2801, 'model_name': 'random_forest', 'feature_set_name': 'I_full_40', 'feature_count': 40, 'numeric_feature_count': 38, 'categorical_feature_count': 2, 'fold_id': 3, 'train_events': 83825, 'validation_events': 10397, 'train_positive_fraction': 0.4746555323590814, 'validation_positive_fraction': 0.7263633740502068, 'average_uniqueness_weighting_applied': True, 'train_sample_weight_mean': 1.0, 'train_sample_weight_min': 0.3437930721380264, 'train_sample_weight_max': 10.65758523627913, 'validation_metrics_weighted': False, 'fit_seconds': 2.558957000001101, 'inference_seconds': 0.05183650000253692}, {'events': 10319, 'positive_fraction': 0.888070549471848, 'roc_auc': 0.5230084407081351, 'average_precision': 0.9020784321220628, 'log_loss': 0.5602175691927531, 'brier_score': 0.1875582787454785, 'threshold': 0.5, 'accuracy': 0.8598701424556643, 'balanced_accuracy': 0.49925621810170046, 'precision': 0.8879171692802573, 'sensitivity': 0.9638804015713662, 'recall': 0.9638804015713662, 'specificity': 0.03463203463203463, 'f1': 0.9243407283382168, 'mcc': -0.0025191515176628833, 'tn': 40, 'fp': 1115, 'fn': 331, 'tp': 8833, 'model_name': 'random_forest', 'feature_set_name': 'I_full_40', 'feature_count': 40, 'numeric_feature_count': 38, 'categorical_feature_count': 2, 'fold_id': 4, 'train_events': 94059, 'validation_events': 10319, 'train_positive_fraction': 0.49821920284077015, 'validation_positive_fraction': 0.888070549471848, 'average_uniqueness_weighting_applied': True, 'train_sample_weight_mean': 1.0, 'train_sample_weight_min': 0.3302478543176708, 'train_sample_weight_max': 10.237683483848098, 'validation_metrics_weighted': False, 'fit_seconds': 3.085040799996932, 'inference_seconds': 0.05608130000473466}, {'events': 10372, 'positive_fraction': 0.5071345931353645, 'roc_auc': 0.5184349841125333, 'average_precision': 0.5647647011022885, 'log_loss': 0.7379879665720311, 'brier_score': 0.27069960692650874, 'threshold': 0.5, 'accuracy': 0.5071345931353645, 'balanced_accuracy': 0.5, 'precision': 0.5071345931353645, 'sensitivity': 1.0, 'recall': 1.0, 'specificity': 0.0, 'f1': 0.672978505629478, 'mcc': 0.0, 'tn': 0, 'fp': 5112, 'fn': 0, 'tp': 5260, 'model_name': 'random_forest', 'feature_set_name': 'I_full_40', 'feature_count': 40, 'numeric_feature_count': 38, 'categorical_feature_count': 2, 'fold_id': 5, 'train_events': 107360, 'validation_events': 10372, 'train_positive_fraction': 0.5392883755588673, 'validation_positive_fraction': 0.5071345931353645, 'average_uniqueness_weighting_applied': True, 'train_sample_weight_mean': 1.0, 'train_sample_weight_min': 0.31837299323945095, 'train_sample_weight_max': 9.869562790423288, 'validation_metrics_weighted': False, 'fit_seconds': 3.3744078000017907, 'inference_seconds': 0.07213359999877866}]",5,0.5869021998153168,0.6249474804568271,0.5216517341409527,0.4699713361149175,True,1131,"[{'fold_id': 1, 'true_positive': 212, 'false_positive': 349, 'true_negative': 6005, 'false_negative': 3778, 'signals': 561, 'events': 10344, 'dates': 92, 'precision': 0.3778966131907308, 'specificity': 0.9450739691532892, 'sensitivity': 0.053132832080200504}, {'fold_id': 2, 'true_positive': 294, 'false_positive': 272, 'true_negative': 5279, 'false_negative': 4563, 'signals': 566, 'events': 10408, 'dates': 91, 'precision': 0.519434628975265, 'specificity': 0.9509998198522789, 'sensitivity': 0.06053119209388511}, {'fold_id': 3, 'true_positive': 452, 'false_positive': 142, 'true_negative': 2703, 'false_negative': 7100, 'signals': 594, 'events': 10397, 'dates': 136, 'precision': 0.7609427609427609, 'specificity': 0.9500878734622145, 'sensitivity': 0.05985169491525424}, {'fold_id': 4, 'true_positive': 541, 'false_positive': 83, 'true_negative': 1072, 'false_negative': 8623, 'signals': 624, 'events': 10319, 'dates': 231, 'precision': 0.8669871794871795, 'specificity': 0.9281385281385282, 'sensitivity': 0.059035355739851594}, {'fold_id': 5, 'true_positive': 386, 'false_positive': 285, 'true_negative': 4827, 'false_negative': 4874, 'signals': 671, 'events': 10372, 'dates': 288, 'precision': 0.5752608047690015, 'specificity': 0.9442488262910798, 'sensitivity': 0.07338403041825095}]",0.9281385281385282,0.625,3016,0.9461864205167245,0.008227274454411905,1885,0.03762392752163931,False,False,COMPLETE,19,False
