number,value,datetime_start,datetime_complete,duration,params_bootstrap,params_class_weight_mode,params_criterion,params_max_depth,params_max_features,params_max_samples,params_min_samples_leaf,params_min_samples_split,params_n_estimators,user_attrs_average_uniqueness_weighting,user_attrs_fold_metrics,user_attrs_folds_evaluated,user_attrs_max_roc_auc,user_attrs_mean_average_precision,user_attrs_mean_roc_auc,user_attrs_min_roc_auc,user_attrs_policy_complete,user_attrs_policy_false_positive,user_attrs_policy_fold_metrics,user_attrs_policy_min_fold_specificity,user_attrs_policy_precision,user_attrs_policy_signals,user_attrs_policy_specificity,user_attrs_policy_specificity_std,user_attrs_policy_true_positive,user_attrs_std_roc_auc,user_attrs_threshold_selected,user_attrs_validation_metrics_weighted,state,policy_selection_rank,selected_by_policy_hierarchy
22,0.5158867714266029,2026-07-19 18:26:49.115671,2026-07-19 18:27:18.545114,0 days 00:00:29.429443,False,none,log_loss,8,log2,0.9012825383656721,9,25,25,True,"[{'events': 10344, 'positive_fraction': 0.3857308584686775, 'roc_auc': 0.4669707594450401, 'average_precision': 0.3788064997419369, 'log_loss': 0.7400463552491185, 'brier_score': 0.2730811118152786, 'threshold': 0.5, 'accuracy': 0.40100541376643467, 'balanced_accuracy': 0.48077630336464394, 'precision': 0.37505663797009514, 'sensitivity': 0.8298245614035088, 'recall': 0.8298245614035088, 'specificity': 0.13172804532577903, 'f1': 0.5166172569823685, 'mcc': -0.05291711883177303, 'tn': 837, 'fp': 5517, 'fn': 679, 'tp': 3311, 'model_name': 'random_forest', 'feature_set_name': 'I_full_40', 'feature_count': 40, 'numeric_feature_count': 38, 'categorical_feature_count': 2, 'fold_id': 1, 'train_events': 62717, 'validation_events': 10344, 'train_positive_fraction': 0.5022721112298101, 'validation_positive_fraction': 0.3857308584686775, 'average_uniqueness_weighting_applied': True, 'train_sample_weight_mean': 0.9999999999999998, 'train_sample_weight_min': 0.33537416646232093, 'train_sample_weight_max': 10.396599160332254, 'validation_metrics_weighted': False, 'fit_seconds': 4.25137270000414, 'inference_seconds': 0.05650170000444632}, {'events': 10408, 'positive_fraction': 0.46666026133743277, 'roc_auc': 0.4909928735757268, 'average_precision': 0.4674638834176349, 'log_loss': 0.7071899180628425, 'brier_score': 0.25688633570900454, 'threshold': 0.5, 'accuracy': 0.4648347425057648, 'balanced_accuracy': 0.4784940080761221, 'precision': 0.4515031968439668, 'sensitivity': 0.6833436277537575, 'recall': 0.6833436277537575, 'specificity': 0.27364438839848676, 'f1': 0.5437418086500655, 'mcc': -0.04711272328040741, 'tn': 1519, 'fp': 4032, 'fn': 1538, 'tp': 3319, 'model_name': 'random_forest', 'feature_set_name': 'I_full_40', 'feature_count': 40, 'numeric_feature_count': 38, 'categorical_feature_count': 2, 'fold_id': 2, 'train_events': 73590, 'validation_events': 10408, 'train_positive_fraction': 0.4856366354124202, 'validation_positive_fraction': 0.46666026133743277, 'average_uniqueness_weighting_applied': True, 'train_sample_weight_mean': 1.0000000000000002, 'train_sample_weight_min': 0.34266121177818065, 'train_sample_weight_max': 10.622497565123911, 'validation_metrics_weighted': False, 'fit_seconds': 4.584572499996284, 'inference_seconds': 0.06905800000822637}, {'events': 10397, 'positive_fraction': 0.7263633740502068, 'roc_auc': 0.5804903692919484, 'average_precision': 0.7971762156876363, 'log_loss': 0.707620648782927, 'brier_score': 0.25747623604885106, 'threshold': 0.5, 'accuracy': 0.46378763104741755, 'balanced_accuracy': 0.552681420534092, 'precision': 0.7903083700440529, 'sensitivity': 0.3563294491525424, 'recall': 0.3563294491525424, 'specificity': 0.7490333919156414, 'f1': 0.4911928447567765, 'mcc': 0.10009222206405909, 'tn': 2131, 'fp': 714, 'fn': 4861, 'tp': 2691, 'model_name': 'random_forest', 'feature_set_name': 'I_full_40', 'feature_count': 40, 'numeric_feature_count': 38, 'categorical_feature_count': 2, 'fold_id': 3, 'train_events': 83825, 'validation_events': 10397, 'train_positive_fraction': 0.4746555323590814, 'validation_positive_fraction': 0.7263633740502068, 'average_uniqueness_weighting_applied': True, 'train_sample_weight_mean': 1.0, 'train_sample_weight_min': 0.3437930721380264, 'train_sample_weight_max': 10.65758523627913, 'validation_metrics_weighted': False, 'fit_seconds': 5.451141900004586, 'inference_seconds': 0.053924599997117184}, {'events': 10319, 'positive_fraction': 0.888070549471848, 'roc_auc': 0.5464339567023984, 'average_precision': 0.906203407866887, 'log_loss': 0.5796356863002156, 'brier_score': 0.19821433474301334, 'threshold': 0.5, 'accuracy': 0.6715767031689117, 'balanced_accuracy': 0.526040586068958, 'precision': 0.8953854580309462, 'sensitivity': 0.7135530336097774, 'recall': 0.7135530336097774, 'specificity': 0.3385281385281385, 'f1': 0.7941944495050708, 'mcc': 0.03610338838541942, 'tn': 391, 'fp': 764, 'fn': 2625, 'tp': 6539, 'model_name': 'random_forest', 'feature_set_name': 'I_full_40', 'feature_count': 40, 'numeric_feature_count': 38, 'categorical_feature_count': 2, 'fold_id': 4, 'train_events': 94059, 'validation_events': 10319, 'train_positive_fraction': 0.49821920284077015, 'validation_positive_fraction': 0.888070549471848, 'average_uniqueness_weighting_applied': True, 'train_sample_weight_mean': 1.0, 'train_sample_weight_min': 0.3302478543176708, 'train_sample_weight_max': 10.237683483848098, 'validation_metrics_weighted': False, 'fit_seconds': 5.902767300009145, 'inference_seconds': 0.053025800007162616}, {'events': 10372, 'positive_fraction': 0.5071345931353645, 'roc_auc': 0.4945458981179004, 'average_precision': 0.5280334698163536, 'log_loss': 0.7837821869895694, 'brier_score': 0.2883359282340916, 'threshold': 0.5, 'accuracy': 0.5006748939452372, 'balanced_accuracy': 0.4936531950469186, 'precision': 0.5039362425891729, 'sensitivity': 0.9857414448669202, 'recall': 0.9857414448669202, 'specificity': 0.001564945226917058, 'f1': 0.6669239179368448, 'mcc': -0.0712275182234735, 'tn': 8, 'fp': 5104, 'fn': 75, 'tp': 5185, 'model_name': 'random_forest', 'feature_set_name': 'I_full_40', 'feature_count': 40, 'numeric_feature_count': 38, 'categorical_feature_count': 2, 'fold_id': 5, 'train_events': 107360, 'validation_events': 10372, 'train_positive_fraction': 0.5392883755588673, 'validation_positive_fraction': 0.5071345931353645, 'average_uniqueness_weighting_applied': True, 'train_sample_weight_mean': 1.0, 'train_sample_weight_min': 0.31837299323945095, 'train_sample_weight_max': 9.869562790423288, 'validation_metrics_weighted': False, 'fit_seconds': 7.091639999998733, 'inference_seconds': 0.05251920000591781}]",5,0.5804903692919484,0.6155366953060898,0.5158867714266029,0.4669707594450401,True,1119,"[{'fold_id': 1, 'true_positive': 247, 'false_positive': 314, 'true_negative': 6040, 'false_negative': 3743, 'signals': 561, 'events': 10344, 'dates': 92, 'precision': 0.44028520499108736, 'specificity': 0.9505823103556814, 'sensitivity': 0.06190476190476191}, {'fold_id': 2, 'true_positive': 292, 'false_positive': 274, 'true_negative': 5277, 'false_negative': 4565, 'signals': 566, 'events': 10408, 'dates': 91, 'precision': 0.5159010600706714, 'specificity': 0.9506395244100162, 'sensitivity': 0.060119415276919906}, {'fold_id': 3, 'true_positive': 449, 'false_positive': 145, 'true_negative': 2700, 'false_negative': 7103, 'signals': 594, 'events': 10397, 'dates': 136, 'precision': 0.7558922558922558, 'specificity': 0.9490333919156415, 'sensitivity': 0.059454449152542374}, {'fold_id': 4, 'true_positive': 535, 'false_positive': 89, 'true_negative': 1066, 'false_negative': 8629, 'signals': 624, 'events': 10319, 'dates': 231, 'precision': 0.8573717948717948, 'specificity': 0.922943722943723, 'sensitivity': 0.05838061981667394}, {'fold_id': 5, 'true_positive': 374, 'false_positive': 297, 'true_negative': 4815, 'false_negative': 4886, 'signals': 671, 'events': 10372, 'dates': 288, 'precision': 0.5573770491803278, 'specificity': 0.9419014084507042, 'sensitivity': 0.07110266159695817}]",0.922943722943723,0.6289787798408488,3016,0.9467573868772898,0.010542435391791501,1897,0.04141176315345531,False,False,COMPLETE,14,False
23,0.5209471386609137,2026-07-19 18:27:18.743406,2026-07-19 18:28:06.927682,0 days 00:00:48.184276,False,none,log_loss,5,log2,0.8125265860569987,9,28,75,True,"[{'events': 10344, 'positive_fraction': 0.3857308584686775, 'roc_auc': 0.4875910858354574, 'average_precision': 0.39140978467171916, 'log_loss': 0.7269344382856031, 'brier_score': 0.26675714229029235, 'threshold': 0.5, 'accuracy': 0.39665506573859244, 'balanced_accuracy': 0.47658250915295797, 'precision': 0.3727529677784059, 'sensitivity': 0.8263157894736842, 'recall': 0.8263157894736842, 'specificity': 0.12684922883223165, 'f1': 0.5137514608492404, 'mcc': -0.0647635539320523, 'tn': 806, 'fp': 5548, 'fn': 693, 'tp': 3297, 'model_name': 'random_forest', 'feature_set_name': 'I_full_40', 'feature_count': 40, 'numeric_feature_count': 38, 'categorical_feature_count': 2, 'fold_id': 1, 'train_events': 62717, 'validation_events': 10344, 'train_positive_fraction': 0.5022721112298101, 'validation_positive_fraction': 0.3857308584686775, 'average_uniqueness_weighting_applied': True, 'train_sample_weight_mean': 0.9999999999999998, 'train_sample_weight_min': 0.33537416646232093, 'train_sample_weight_max': 10.396599160332254, 'validation_metrics_weighted': False, 'fit_seconds': 7.173222600002191, 'inference_seconds': 0.08917140000266954}, {'events': 10408, 'positive_fraction': 0.46666026133743277, 'roc_auc': 0.5155647148883208, 'average_precision': 0.48836048519599884, 'log_loss': 0.7006787695454911, 'brier_score': 0.2537288335410948, 'threshold': 0.5, 'accuracy': 0.4697348193697156, 'balanced_accuracy': 0.4893813730223576, 'precision': 0.4600144962551341, 'sensitivity': 0.78402305950175, 'recall': 0.78402305950175, 'specificity': 0.19473968654296522, 'f1': 0.5798248953178531, 'mcc': -0.02626125719288766, 'tn': 1081, 'fp': 4470, 'fn': 1049, 'tp': 3808, 'model_name': 'random_forest', 'feature_set_name': 'I_full_40', 'feature_count': 40, 'numeric_feature_count': 38, 'categorical_feature_count': 2, 'fold_id': 2, 'train_events': 73590, 'validation_events': 10408, 'train_positive_fraction': 0.4856366354124202, 'validation_positive_fraction': 0.46666026133743277, 'average_uniqueness_weighting_applied': True, 'train_sample_weight_mean': 1.0000000000000002, 'train_sample_weight_min': 0.34266121177818065, 'train_sample_weight_max': 10.622497565123911, 'validation_metrics_weighted': False, 'fit_seconds': 7.598560899990844, 'inference_seconds': 0.07368029998906422}, {'events': 10397, 'positive_fraction': 0.7263633740502068, 'roc_auc': 0.575699520233237, 'average_precision': 0.7950271146716766, 'log_loss': 0.7036423298942556, 'brier_score': 0.2557684680953606, 'threshold': 0.5, 'accuracy': 0.4301240742521881, 'balanced_accuracy': 0.5483495101799172, 'precision': 0.800073773515308, 'sensitivity': 0.287208686440678, 'recall': 0.287208686440678, 'specificity': 0.8094903339191564, 'f1': 0.42268342589886, 'mcc': 0.09819271120007222, 'tn': 2303, 'fp': 542, 'fn': 5383, 'tp': 2169, 'model_name': 'random_forest', 'feature_set_name': 'I_full_40', 'feature_count': 40, 'numeric_feature_count': 38, 'categorical_feature_count': 2, 'fold_id': 3, 'train_events': 83825, 'validation_events': 10397, 'train_positive_fraction': 0.4746555323590814, 'validation_positive_fraction': 0.7263633740502068, 'average_uniqueness_weighting_applied': True, 'train_sample_weight_mean': 1.0, 'train_sample_weight_min': 0.3437930721380264, 'train_sample_weight_max': 10.65758523627913, 'validation_metrics_weighted': False, 'fit_seconds': 9.13082590000704, 'inference_seconds': 0.07767929999681655}, {'events': 10319, 'positive_fraction': 0.888070549471848, 'roc_auc': 0.5239959298667287, 'average_precision': 0.9033884626059201, 'log_loss': 0.570939060163331, 'brier_score': 0.19337059737206747, 'threshold': 0.5, 'accuracy': 0.771877119875957, 'balanced_accuracy': 0.497385260600014, 'precision': 0.8874601729631315, 'sensitivity': 0.8510475774770843, 'recall': 0.8510475774770843, 'specificity': 0.14372294372294372, 'f1': 0.8688725490196079, 'mcc': -0.004638305177100794, 'tn': 166, 'fp': 989, 'fn': 1365, 'tp': 7799, 'model_name': 'random_forest', 'feature_set_name': 'I_full_40', 'feature_count': 40, 'numeric_feature_count': 38, 'categorical_feature_count': 2, 'fold_id': 4, 'train_events': 94059, 'validation_events': 10319, 'train_positive_fraction': 0.49821920284077015, 'validation_positive_fraction': 0.888070549471848, 'average_uniqueness_weighting_applied': True, 'train_sample_weight_mean': 1.0, 'train_sample_weight_min': 0.3302478543176708, 'train_sample_weight_max': 10.237683483848098, 'validation_metrics_weighted': False, 'fit_seconds': 9.961492599992198, 'inference_seconds': 0.07291740000073332}, {'events': 10372, 'positive_fraction': 0.5071345931353645, 'roc_auc': 0.501884442480825, 'average_precision': 0.5517110924556122, 'log_loss': 0.763516185828653, 'brier_score': 0.2814394949819272, 'threshold': 0.5, 'accuracy': 0.5070381797146163, 'balanced_accuracy': 0.4999049429657795, 'precision': 0.5070870697136245, 'sensitivity': 0.999809885931559, 'recall': 0.999809885931559, 'specificity': 0.0, 'f1': 0.6728936088542, 'mcc': -0.009680376158184645, 'tn': 0, 'fp': 5112, 'fn': 1, 'tp': 5259, 'model_name': 'random_forest', 'feature_set_name': 'I_full_40', 'feature_count': 40, 'numeric_feature_count': 38, 'categorical_feature_count': 2, 'fold_id': 5, 'train_events': 107360, 'validation_events': 10372, 'train_positive_fraction': 0.5392883755588673, 'validation_positive_fraction': 0.5071345931353645, 'average_uniqueness_weighting_applied': True, 'train_sample_weight_mean': 1.0, 'train_sample_weight_min': 0.31837299323945095, 'train_sample_weight_max': 9.869562790423288, 'validation_metrics_weighted': False, 'fit_seconds': 11.794843199997558, 'inference_seconds': 0.07893399999011308}]",5,0.575699520233237,0.6259793879201854,0.5209471386609137,0.4875910858354574,True,1103,"[{'fold_id': 1, 'true_positive': 222, 'false_positive': 339, 'true_negative': 6015, 'false_negative': 3768, 'signals': 561, 'events': 10344, 'dates': 92, 'precision': 0.39572192513368987, 'specificity': 0.9466477809254014, 'sensitivity': 0.055639097744360905}, {'fold_id': 2, 'true_positive': 291, 'false_positive': 275, 'true_negative': 5276, 'false_negative': 4566, 'signals': 566, 'events': 10408, 'dates': 91, 'precision': 0.5141342756183745, 'specificity': 0.9504593766888849, 'sensitivity': 0.05991352686843731}, {'fold_id': 3, 'true_positive': 454, 'false_positive': 140, 'true_negative': 2705, 'false_negative': 7098, 'signals': 594, 'events': 10397, 'dates': 136, 'precision': 0.7643097643097643, 'specificity': 0.9507908611599297, 'sensitivity': 0.06011652542372881}, {'fold_id': 4, 'true_positive': 551, 'false_positive': 73, 'true_negative': 1082, 'false_negative': 8613, 'signals': 624, 'events': 10319, 'dates': 231, 'precision': 0.8830128205128205, 'specificity': 0.9367965367965368, 'sensitivity': 0.060126582278481014}, {'fold_id': 5, 'true_positive': 395, 'false_positive': 276, 'true_negative': 4836, 'false_negative': 4865, 'signals': 671, 'events': 10372, 'dates': 288, 'precision': 0.5886736214605067, 'specificity': 0.9460093896713615, 'sensitivity': 0.07509505703422054}]",0.9367965367965368,0.6342838196286472,3016,0.9475186753580435,0.005056930423825438,1913,0.030040311406757145,False,False,COMPLETE,7,False
