number,value,datetime_start,datetime_complete,duration,params_bootstrap,params_class_weight_mode,params_criterion,params_max_depth,params_max_features,params_max_samples,params_min_samples_leaf,params_min_samples_split,params_n_estimators,user_attrs_average_uniqueness_weighting,user_attrs_fold_metrics,user_attrs_folds_evaluated,user_attrs_max_roc_auc,user_attrs_mean_average_precision,user_attrs_mean_roc_auc,user_attrs_min_roc_auc,user_attrs_policy_complete,user_attrs_policy_false_positive,user_attrs_policy_fold_metrics,user_attrs_policy_min_fold_specificity,user_attrs_policy_precision,user_attrs_policy_signals,user_attrs_policy_specificity,user_attrs_policy_specificity_std,user_attrs_policy_true_positive,user_attrs_std_roc_auc,user_attrs_threshold_selected,user_attrs_validation_metrics_weighted,state,policy_selection_rank,selected_by_policy_hierarchy
28,0.516412517367475,2026-07-19 18:31:07.903507,2026-07-19 18:32:16.753707,0 days 00:01:08.850200,False,balanced_subsample,log_loss,5,0.5,0.7237612492194688,2,18,25,True,"[{'events': 10344, 'positive_fraction': 0.3857308584686775, 'roc_auc': 0.4812056108164652, 'average_precision': 0.3765419412369546, 'log_loss': 0.7738095653472689, 'brier_score': 0.2890645506562946, 'threshold': 0.5, 'accuracy': 0.39858855375096675, 'balanced_accuracy': 0.473354183381021, 'precision': 0.37057663302007193, 'sensitivity': 0.800501253132832, 'recall': 0.800501253132832, 'specificity': 0.14620711362920993, 'f1': 0.5066222539455945, 'mcc': -0.06958988092436394, 'tn': 929, 'fp': 5425, 'fn': 796, 'tp': 3194, 'model_name': 'random_forest', 'feature_set_name': 'I_full_40', 'feature_count': 40, 'numeric_feature_count': 38, 'categorical_feature_count': 2, 'fold_id': 1, 'train_events': 62717, 'validation_events': 10344, 'train_positive_fraction': 0.5022721112298101, 'validation_positive_fraction': 0.3857308584686775, 'average_uniqueness_weighting_applied': True, 'train_sample_weight_mean': 0.9999999999999998, 'train_sample_weight_min': 0.33537416646232093, 'train_sample_weight_max': 10.396599160332254, 'validation_metrics_weighted': False, 'fit_seconds': 9.97510150000744, 'inference_seconds': 0.04996000000392087}, {'events': 10408, 'positive_fraction': 0.46666026133743277, 'roc_auc': 0.5541986306473594, 'average_precision': 0.5140299416639968, 'log_loss': 0.7110951444924809, 'brier_score': 0.2586442539581644, 'threshold': 0.5, 'accuracy': 0.48318601076095313, 'balanced_accuracy': 0.5047330967044614, 'precision': 0.46952358710882763, 'sensitivity': 0.8278772905085444, 'recall': 0.8278772905085444, 'specificity': 0.18158890290037832, 'f1': 0.599210192981149, 'mcc': 0.01236876252299906, 'tn': 1008, 'fp': 4543, 'fn': 836, 'tp': 4021, 'model_name': 'random_forest', 'feature_set_name': 'I_full_40', 'feature_count': 40, 'numeric_feature_count': 38, 'categorical_feature_count': 2, 'fold_id': 2, 'train_events': 73590, 'validation_events': 10408, 'train_positive_fraction': 0.4856366354124202, 'validation_positive_fraction': 0.46666026133743277, 'average_uniqueness_weighting_applied': True, 'train_sample_weight_mean': 1.0000000000000002, 'train_sample_weight_min': 0.34266121177818065, 'train_sample_weight_max': 10.622497565123911, 'validation_metrics_weighted': False, 'fit_seconds': 10.871637599993846, 'inference_seconds': 0.047856399993179366}, {'events': 10397, 'positive_fraction': 0.7263633740502068, 'roc_auc': 0.5582656906258379, 'average_precision': 0.7899843574939261, 'log_loss': 0.7460631087496861, 'brier_score': 0.27689540887537206, 'threshold': 0.5, 'accuracy': 0.40482831586034435, 'balanced_accuracy': 0.5570072570075363, 'precision': 0.845841784989858, 'sensitivity': 0.2208686440677966, 'recall': 0.2208686440677966, 'specificity': 0.893145869947276, 'f1': 0.3502729945401092, 'mcc': 0.12965636937201933, 'tn': 2541, 'fp': 304, 'fn': 5884, 'tp': 1668, 'model_name': 'random_forest', 'feature_set_name': 'I_full_40', 'feature_count': 40, 'numeric_feature_count': 38, 'categorical_feature_count': 2, 'fold_id': 3, 'train_events': 83825, 'validation_events': 10397, 'train_positive_fraction': 0.4746555323590814, 'validation_positive_fraction': 0.7263633740502068, 'average_uniqueness_weighting_applied': True, 'train_sample_weight_mean': 1.0, 'train_sample_weight_min': 0.3437930721380264, 'train_sample_weight_max': 10.65758523627913, 'validation_metrics_weighted': False, 'fit_seconds': 13.574568199997884, 'inference_seconds': 0.049813799996627495}, {'events': 10319, 'positive_fraction': 0.888070549471848, 'roc_auc': 0.5028148448379789, 'average_precision': 0.9013701421918008, 'log_loss': 0.594483036497673, 'brier_score': 0.20695361597426254, 'threshold': 0.5, 'accuracy': 0.5637174144781472, 'balanced_accuracy': 0.4690972202539204, 'precision': 0.8777957860615884, 'sensitivity': 0.5910082933216936, 'recall': 0.5910082933216936, 'specificity': 0.3471861471861472, 'f1': 0.7064040693882875, 'mcc': -0.03974173060986364, 'tn': 401, 'fp': 754, 'fn': 3748, 'tp': 5416, 'model_name': 'random_forest', 'feature_set_name': 'I_full_40', 'feature_count': 40, 'numeric_feature_count': 38, 'categorical_feature_count': 2, 'fold_id': 4, 'train_events': 94059, 'validation_events': 10319, 'train_positive_fraction': 0.49821920284077015, 'validation_positive_fraction': 0.888070549471848, 'average_uniqueness_weighting_applied': True, 'train_sample_weight_mean': 1.0, 'train_sample_weight_min': 0.3302478543176708, 'train_sample_weight_max': 10.237683483848098, 'validation_metrics_weighted': False, 'fit_seconds': 15.305354399999487, 'inference_seconds': 0.04778259999875445}, {'events': 10372, 'positive_fraction': 0.5071345931353645, 'roc_auc': 0.485577809909733, 'average_precision': 0.529200599584251, 'log_loss': 0.75267805727502, 'brier_score': 0.2764830711149154, 'threshold': 0.5, 'accuracy': 0.4869841881989973, 'balanced_accuracy': 0.4806807362978037, 'precision': 0.49687660010240653, 'sensitivity': 0.9224334600760457, 'recall': 0.9224334600760457, 'specificity': 0.038928012519561815, 'f1': 0.6458569051580699, 'mcc': -0.08229593645487325, 'tn': 199, 'fp': 4913, 'fn': 408, 'tp': 4852, 'model_name': 'random_forest', 'feature_set_name': 'I_full_40', 'feature_count': 40, 'numeric_feature_count': 38, 'categorical_feature_count': 2, 'fold_id': 5, 'train_events': 107360, 'validation_events': 10372, 'train_positive_fraction': 0.5392883755588673, 'validation_positive_fraction': 0.5071345931353645, 'average_uniqueness_weighting_applied': True, 'train_sample_weight_mean': 1.0, 'train_sample_weight_min': 0.31837299323945095, 'train_sample_weight_max': 9.869562790423288, 'validation_metrics_weighted': False, 'fit_seconds': 17.091718499999843, 'inference_seconds': 0.04631760000484064}]",5,0.5582656906258379,0.6222253964341858,0.516412517367475,0.4812056108164652,True,1130,"[{'fold_id': 1, 'true_positive': 235, 'false_positive': 326, 'true_negative': 6028, 'false_negative': 3755, 'signals': 561, 'events': 10344, 'dates': 92, 'precision': 0.41889483065953653, 'specificity': 0.948693736229147, 'sensitivity': 0.05889724310776942}, {'fold_id': 2, 'true_positive': 293, 'false_positive': 273, 'true_negative': 5278, 'false_negative': 4564, 'signals': 566, 'events': 10408, 'dates': 91, 'precision': 0.5176678445229682, 'specificity': 0.9508196721311475, 'sensitivity': 0.06032530368540251}, {'fold_id': 3, 'true_positive': 454, 'false_positive': 140, 'true_negative': 2705, 'false_negative': 7098, 'signals': 594, 'events': 10397, 'dates': 136, 'precision': 0.7643097643097643, 'specificity': 0.9507908611599297, 'sensitivity': 0.06011652542372881}, {'fold_id': 4, 'true_positive': 542, 'false_positive': 82, 'true_negative': 1073, 'false_negative': 8622, 'signals': 624, 'events': 10319, 'dates': 231, 'precision': 0.8685897435897436, 'specificity': 0.929004329004329, 'sensitivity': 0.059144478393714534}, {'fold_id': 5, 'true_positive': 362, 'false_positive': 309, 'true_negative': 4803, 'false_negative': 4898, 'signals': 671, 'events': 10372, 'dates': 288, 'precision': 0.5394932935916542, 'specificity': 0.9395539906103286, 'sensitivity': 0.0688212927756654}]",0.929004329004329,0.6253315649867374,3016,0.9462340010467717,0.008473880934575772,1886,0.03333070842244515,False,False,COMPLETE,18,False
29,0.5191643179480668,2026-07-19 18:32:16.990133,2026-07-19 18:35:18.773086,0 days 00:03:01.782953,False,none,log_loss,5,0.5,0.7009207169503797,1,29,75,True,"[{'events': 10344, 'positive_fraction': 0.3857308584686775, 'roc_auc': 0.4794692901596137, 'average_precision': 0.38386062971036017, 'log_loss': 0.7688562151852572, 'brier_score': 0.2868394069079419, 'threshold': 0.5, 'accuracy': 0.3989752513534416, 'balanced_accuracy': 0.4736689457354434, 'precision': 0.37074869413813116, 'sensitivity': 0.800501253132832, 'recall': 0.800501253132832, 'specificity': 0.14683663833805477, 'f1': 0.5067830226100754, 'mcc': -0.06870417980104489, 'tn': 933, 'fp': 5421, 'fn': 796, 'tp': 3194, 'model_name': 'random_forest', 'feature_set_name': 'I_full_40', 'feature_count': 40, 'numeric_feature_count': 38, 'categorical_feature_count': 2, 'fold_id': 1, 'train_events': 62717, 'validation_events': 10344, 'train_positive_fraction': 0.5022721112298101, 'validation_positive_fraction': 0.3857308584686775, 'average_uniqueness_weighting_applied': True, 'train_sample_weight_mean': 0.9999999999999998, 'train_sample_weight_min': 0.33537416646232093, 'train_sample_weight_max': 10.396599160332254, 'validation_metrics_weighted': False, 'fit_seconds': 25.112327099996037, 'inference_seconds': 0.07077330000174697}, {'events': 10408, 'positive_fraction': 0.46666026133743277, 'roc_auc': 0.5472911134876121, 'average_precision': 0.5144236949740056, 'log_loss': 0.7047785705823219, 'brier_score': 0.25564226398011447, 'threshold': 0.5, 'accuracy': 0.4944273635664873, 'balanced_accuracy': 0.5134441495887034, 'precision': 0.47519294377067256, 'sensitivity': 0.7986411365040148, 'recall': 0.7986411365040148, 'specificity': 0.22824716267339218, 'f1': 0.595852534562212, 'mcc': 0.03261368905393912, 'tn': 1267, 'fp': 4284, 'fn': 978, 'tp': 3879, 'model_name': 'random_forest', 'feature_set_name': 'I_full_40', 'feature_count': 40, 'numeric_feature_count': 38, 'categorical_feature_count': 2, 'fold_id': 2, 'train_events': 73590, 'validation_events': 10408, 'train_positive_fraction': 0.4856366354124202, 'validation_positive_fraction': 0.46666026133743277, 'average_uniqueness_weighting_applied': True, 'train_sample_weight_mean': 1.0000000000000002, 'train_sample_weight_min': 0.34266121177818065, 'train_sample_weight_max': 10.622497565123911, 'validation_metrics_weighted': False, 'fit_seconds': 30.88562639999145, 'inference_seconds': 0.06805849999364}, {'events': 10397, 'positive_fraction': 0.7263633740502068, 'roc_auc': 0.5681407269294927, 'average_precision': 0.795282457727764, 'log_loss': 0.7666233575034838, 'brier_score': 0.28653187658269313, 'threshold': 0.5, 'accuracy': 0.38039819178609213, 'balanced_accuracy': 0.5511444494504185, 'precision': 0.8656126482213439, 'sensitivity': 0.1739936440677966, 'recall': 0.1739936440677966, 'specificity': 0.9282952548330404, 'f1': 0.2897464167585447, 'mcc': 0.12914652230636087, 'tn': 2641, 'fp': 204, 'fn': 6238, 'tp': 1314, 'model_name': 'random_forest', 'feature_set_name': 'I_full_40', 'feature_count': 40, 'numeric_feature_count': 38, 'categorical_feature_count': 2, 'fold_id': 3, 'train_events': 83825, 'validation_events': 10397, 'train_positive_fraction': 0.4746555323590814, 'validation_positive_fraction': 0.7263633740502068, 'average_uniqueness_weighting_applied': True, 'train_sample_weight_mean': 1.0, 'train_sample_weight_min': 0.3437930721380264, 'train_sample_weight_max': 10.65758523627913, 'validation_metrics_weighted': False, 'fit_seconds': 34.641525200000615, 'inference_seconds': 0.1692932000005385}, {'events': 10319, 'positive_fraction': 0.888070549471848, 'roc_auc': 0.5016570582044174, 'average_precision': 0.900050071842015, 'log_loss': 0.5991189863835777, 'brier_score': 0.20884037470687225, 'threshold': 0.5, 'accuracy': 0.5671092160093032, 'balanced_accuracy': 0.46949351027264596, 'precision': 0.8779977466602286, 'sensitivity': 0.5952640768223483, 'recall': 0.5952640768223483, 'specificity': 0.3437229437229437, 'f1': 0.7095012030955323, 'mcc': -0.03930027746108061, 'tn': 397, 'fp': 758, 'fn': 3709, 'tp': 5455, 'model_name': 'random_forest', 'feature_set_name': 'I_full_40', 'feature_count': 40, 'numeric_feature_count': 38, 'categorical_feature_count': 2, 'fold_id': 4, 'train_events': 94059, 'validation_events': 10319, 'train_positive_fraction': 0.49821920284077015, 'validation_positive_fraction': 0.888070549471848, 'average_uniqueness_weighting_applied': True, 'train_sample_weight_mean': 1.0, 'train_sample_weight_min': 0.3302478543176708, 'train_sample_weight_max': 10.237683483848098, 'validation_metrics_weighted': False, 'fit_seconds': 40.738467000002856, 'inference_seconds': 0.0847797000024002}, {'events': 10372, 'positive_fraction': 0.5071345931353645, 'roc_auc': 0.49926340095919836, 'average_precision': 0.5340896488107997, 'log_loss': 0.76681662370834, 'brier_score': 0.28191606086879306, 'threshold': 0.5, 'accuracy': 0.5027959892016969, 'balanced_accuracy': 0.49596461319671303, 'precision': 0.5050733917840606, 'sensitivity': 0.9747148288973384, 'recall': 0.9747148288973384, 'specificity': 0.017214397496087636, 'f1': 0.6653688923496204, 'mcc': -0.027941705373604398, 'tn': 88, 'fp': 5024, 'fn': 133, 'tp': 5127, 'model_name': 'random_forest', 'feature_set_name': 'I_full_40', 'feature_count': 40, 'numeric_feature_count': 38, 'categorical_feature_count': 2, 'fold_id': 5, 'train_events': 107360, 'validation_events': 10372, 'train_positive_fraction': 0.5392883755588673, 'validation_positive_fraction': 0.5071345931353645, 'average_uniqueness_weighting_applied': True, 'train_sample_weight_mean': 1.0, 'train_sample_weight_min': 0.31837299323945095, 'train_sample_weight_max': 9.869562790423288, 'validation_metrics_weighted': False, 'fit_seconds': 47.71978410000156, 'inference_seconds': 0.07664810000278521}]",5,0.5681407269294927,0.6255413006129888,0.5191643179480668,0.4794692901596137,True,1112,"[{'fold_id': 1, 'true_positive': 242, 'false_positive': 319, 'true_negative': 6035, 'false_negative': 3748, 'signals': 561, 'events': 10344, 'dates': 92, 'precision': 0.43137254901960786, 'specificity': 0.9497954044696254, 'sensitivity': 0.060651629072681706}, {'fold_id': 2, 'true_positive': 300, 'false_positive': 266, 'true_negative': 5285, 'false_negative': 4557, 'signals': 566, 'events': 10408, 'dates': 91, 'precision': 0.5300353356890459, 'specificity': 0.9520807061790668, 'sensitivity': 0.06176652254478073}, {'fold_id': 3, 'true_positive': 452, 'false_positive': 142, 'true_negative': 2703, 'false_negative': 7100, 'signals': 594, 'events': 10397, 'dates': 136, 'precision': 0.7609427609427609, 'specificity': 0.9500878734622145, 'sensitivity': 0.05985169491525424}, {'fold_id': 4, 'true_positive': 547, 'false_positive': 77, 'true_negative': 1078, 'false_negative': 8617, 'signals': 624, 'events': 10319, 'dates': 231, 'precision': 0.8766025641025641, 'specificity': 0.9333333333333333, 'sensitivity': 0.05969009166302924}, {'fold_id': 5, 'true_positive': 363, 'false_positive': 308, 'true_negative': 4804, 'false_negative': 4897, 'signals': 671, 'events': 10372, 'dates': 288, 'precision': 0.5409836065573771, 'specificity': 0.9397496087636933, 'sensitivity': 0.06901140684410646}]",0.9333333333333333,0.6312997347480106,3016,0.9470904505876195,0.007248393466426658,1904,0.03306977815436559,False,False,COMPLETE,10,False
