number,value,datetime_start,datetime_complete,duration,params_bootstrap,params_class_weight_mode,params_criterion,params_max_depth,params_max_features,params_max_samples,params_min_samples_leaf,params_min_samples_split,params_n_estimators,user_attrs_average_uniqueness_weighting,user_attrs_fold_metrics,user_attrs_folds_evaluated,user_attrs_max_roc_auc,user_attrs_mean_average_precision,user_attrs_mean_roc_auc,user_attrs_min_roc_auc,user_attrs_policy_complete,user_attrs_policy_false_positive,user_attrs_policy_fold_metrics,user_attrs_policy_min_fold_specificity,user_attrs_policy_precision,user_attrs_policy_signals,user_attrs_policy_specificity,user_attrs_policy_specificity_std,user_attrs_policy_true_positive,user_attrs_std_roc_auc,user_attrs_threshold_selected,user_attrs_validation_metrics_weighted,state,policy_selection_rank,selected_by_policy_hierarchy
16,0.5129534984438857,2026-07-19 18:16:18.944849,2026-07-19 18:20:39.467469,0 days 00:04:20.522620,False,none,entropy,5,0.75,0.6509204335379328,13,13,75,True,"[{'events': 10344, 'positive_fraction': 0.3857308584686775, 'roc_auc': 0.46660627804954624, 'average_precision': 0.3670185280484055, 'log_loss': 0.7945379936459761, 'brier_score': 0.29844680042030286, 'threshold': 0.5, 'accuracy': 0.40361562258314, 'balanced_accuracy': 0.47516158195299396, 'precision': 0.3713543511630653, 'sensitivity': 0.7882205513784462, 'recall': 0.7882205513784462, 'specificity': 0.1621026125275417, 'f1': 0.5048559274420098, 'mcc': -0.06276929900444154, 'tn': 1030, 'fp': 5324, 'fn': 845, 'tp': 3145, 'model_name': 'random_forest', 'feature_set_name': 'I_full_40', 'feature_count': 40, 'numeric_feature_count': 38, 'categorical_feature_count': 2, 'fold_id': 1, 'train_events': 62717, 'validation_events': 10344, 'train_positive_fraction': 0.5022721112298101, 'validation_positive_fraction': 0.3857308584686775, 'average_uniqueness_weighting_applied': True, 'train_sample_weight_mean': 0.9999999999999998, 'train_sample_weight_min': 0.33537416646232093, 'train_sample_weight_max': 10.396599160332254, 'validation_metrics_weighted': False, 'fit_seconds': 35.74903729998914, 'inference_seconds': 0.073907899990445}, {'events': 10408, 'positive_fraction': 0.46666026133743277, 'roc_auc': 0.5571406910677256, 'average_precision': 0.5175881912121847, 'log_loss': 0.7039562175544335, 'brier_score': 0.2551405416478977, 'threshold': 0.5, 'accuracy': 0.5037471176018448, 'balanced_accuracy': 0.5210873348511437, 'precision': 0.4804964539007092, 'sensitivity': 0.7811406217829936, 'recall': 0.7811406217829936, 'specificity': 0.2610340479192938, 'f1': 0.5949972555477142, 'mcc': 0.04917087855504529, 'tn': 1449, 'fp': 4102, 'fn': 1063, 'tp': 3794, 'model_name': 'random_forest', 'feature_set_name': 'I_full_40', 'feature_count': 40, 'numeric_feature_count': 38, 'categorical_feature_count': 2, 'fold_id': 2, 'train_events': 73590, 'validation_events': 10408, 'train_positive_fraction': 0.4856366354124202, 'validation_positive_fraction': 0.46666026133743277, 'average_uniqueness_weighting_applied': True, 'train_sample_weight_mean': 1.0000000000000002, 'train_sample_weight_min': 0.34266121177818065, 'train_sample_weight_max': 10.622497565123911, 'validation_metrics_weighted': False, 'fit_seconds': 43.585436800000025, 'inference_seconds': 0.07279550000384916}, {'events': 10397, 'positive_fraction': 0.7263633740502068, 'roc_auc': 0.5512579681868279, 'average_precision': 0.7852464084873967, 'log_loss': 0.8022827865091898, 'brier_score': 0.30305933527390516, 'threshold': 0.5, 'accuracy': 0.3930941617774358, 'balanced_accuracy': 0.5535305769860892, 'precision': 0.8516421291053228, 'sensitivity': 0.19915254237288135, 'recall': 0.19915254237288135, 'specificity': 0.907908611599297, 'f1': 0.3228160549474136, 'mcc': 0.12710953742775163, 'tn': 2583, 'fp': 262, 'fn': 6048, 'tp': 1504, 'model_name': 'random_forest', 'feature_set_name': 'I_full_40', 'feature_count': 40, 'numeric_feature_count': 38, 'categorical_feature_count': 2, 'fold_id': 3, 'train_events': 83825, 'validation_events': 10397, 'train_positive_fraction': 0.4746555323590814, 'validation_positive_fraction': 0.7263633740502068, 'average_uniqueness_weighting_applied': True, 'train_sample_weight_mean': 1.0, 'train_sample_weight_min': 0.3437930721380264, 'train_sample_weight_max': 10.65758523627913, 'validation_metrics_weighted': False, 'fit_seconds': 50.499246599996695, 'inference_seconds': 0.07521870000346098}, {'events': 10319, 'positive_fraction': 0.888070549471848, 'roc_auc': 0.5075685299714109, 'average_precision': 0.9013844043319776, 'log_loss': 0.6142175056096623, 'brier_score': 0.21475072290961497, 'threshold': 0.5, 'accuracy': 0.5660432212423685, 'balanced_accuracy': 0.46548828372267914, 'precision': 0.8766881028938907, 'sensitivity': 0.5950458315146224, 'recall': 0.5950458315146224, 'specificity': 0.3359307359307359, 'f1': 0.7089183567342694, 'mcc': -0.04447294956211006, 'tn': 388, 'fp': 767, 'fn': 3711, 'tp': 5453, 'model_name': 'random_forest', 'feature_set_name': 'I_full_40', 'feature_count': 40, 'numeric_feature_count': 38, 'categorical_feature_count': 2, 'fold_id': 4, 'train_events': 94059, 'validation_events': 10319, 'train_positive_fraction': 0.49821920284077015, 'validation_positive_fraction': 0.888070549471848, 'average_uniqueness_weighting_applied': True, 'train_sample_weight_mean': 1.0, 'train_sample_weight_min': 0.3302478543176708, 'train_sample_weight_max': 10.237683483848098, 'validation_metrics_weighted': False, 'fit_seconds': 59.96617709999555, 'inference_seconds': 0.0946609999955399}, {'events': 10372, 'positive_fraction': 0.5071345931353645, 'roc_auc': 0.48219402494391783, 'average_precision': 0.5339843825191107, 'log_loss': 0.7695935557310312, 'brier_score': 0.2829452686642579, 'threshold': 0.5, 'accuracy': 0.5009641342074816, 'balanced_accuracy': 0.4943016357545356, 'precision': 0.504188272836059, 'sensitivity': 0.9612167300380228, 'recall': 0.9612167300380228, 'specificity': 0.027386541471048513, 'f1': 0.6614338042909471, 'mcc': -0.031818676614456066, 'tn': 140, 'fp': 4972, 'fn': 204, 'tp': 5056, 'model_name': 'random_forest', 'feature_set_name': 'I_full_40', 'feature_count': 40, 'numeric_feature_count': 38, 'categorical_feature_count': 2, 'fold_id': 5, 'train_events': 107360, 'validation_events': 10372, 'train_positive_fraction': 0.5392883755588673, 'validation_positive_fraction': 0.5071345931353645, 'average_uniqueness_weighting_applied': True, 'train_sample_weight_mean': 1.0, 'train_sample_weight_min': 0.31837299323945095, 'train_sample_weight_max': 9.869562790423288, 'validation_metrics_weighted': False, 'fit_seconds': 68.46534629999951, 'inference_seconds': 0.07031199999619275}]",5,0.5571406910677256,0.6210443829198151,0.5129534984438857,0.46660627804954624,True,1178,"[{'fold_id': 1, 'true_positive': 252, 'false_positive': 309, 'true_negative': 6045, 'false_negative': 3738, 'signals': 561, 'events': 10344, 'dates': 92, 'precision': 0.44919786096256686, 'specificity': 0.9513692162417375, 'sensitivity': 0.06315789473684211}, {'fold_id': 2, 'true_positive': 281, 'false_positive': 285, 'true_negative': 5266, 'false_negative': 4576, 'signals': 566, 'events': 10408, 'dates': 91, 'precision': 0.49646643109540634, 'specificity': 0.9486578994775716, 'sensitivity': 0.057854642783611285}, {'fold_id': 3, 'true_positive': 414, 'false_positive': 180, 'true_negative': 2665, 'false_negative': 7138, 'signals': 594, 'events': 10397, 'dates': 136, 'precision': 0.696969696969697, 'specificity': 0.9367311072056239, 'sensitivity': 0.05481991525423729}, {'fold_id': 4, 'true_positive': 539, 'false_positive': 85, 'true_negative': 1070, 'false_negative': 8625, 'signals': 624, 'events': 10319, 'dates': 231, 'precision': 0.8637820512820513, 'specificity': 0.9264069264069265, 'sensitivity': 0.05881711043212571}, {'fold_id': 5, 'true_positive': 352, 'false_positive': 319, 'true_negative': 4793, 'false_negative': 4908, 'signals': 671, 'events': 10372, 'dates': 288, 'precision': 0.5245901639344263, 'specificity': 0.9375978090766823, 'sensitivity': 0.06692015209125475}]",0.9264069264069265,0.6094164456233422,3016,0.9439501356045107,0.00900366271301183,1838,0.036174433867002136,False,False,COMPLETE,29,False
17,0.5195446097384095,2026-07-19 18:20:39.685466,2026-07-19 18:21:20.399965,0 days 00:00:40.714499,False,none,entropy,4,log2,0.8385972302729577,2,21,75,True,"[{'events': 10344, 'positive_fraction': 0.3857308584686775, 'roc_auc': 0.4783663991581093, 'average_precision': 0.3780821249124203, 'log_loss': 0.7237734126176988, 'brier_score': 0.265215338763355, 'threshold': 0.5, 'accuracy': 0.38921113689095127, 'balanced_accuracy': 0.47299433664425466, 'precision': 0.371067789100576, 'sensitivity': 0.8395989974937343, 'recall': 0.8395989974937343, 'specificity': 0.10638967579477494, 'f1': 0.5146719926255954, 'mcc': -0.07889894180652968, 'tn': 676, 'fp': 5678, 'fn': 640, 'tp': 3350, 'model_name': 'random_forest', 'feature_set_name': 'I_full_40', 'feature_count': 40, 'numeric_feature_count': 38, 'categorical_feature_count': 2, 'fold_id': 1, 'train_events': 62717, 'validation_events': 10344, 'train_positive_fraction': 0.5022721112298101, 'validation_positive_fraction': 0.3857308584686775, 'average_uniqueness_weighting_applied': True, 'train_sample_weight_mean': 0.9999999999999998, 'train_sample_weight_min': 0.33537416646232093, 'train_sample_weight_max': 10.396599160332254, 'validation_metrics_weighted': False, 'fit_seconds': 6.21977889999107, 'inference_seconds': 0.10509639998781495}, {'events': 10408, 'positive_fraction': 0.46666026133743277, 'roc_auc': 0.5220949492357667, 'average_precision': 0.4929640389310457, 'log_loss': 0.6981957818737018, 'brier_score': 0.252506106762172, 'threshold': 0.5, 'accuracy': 0.47818985395849345, 'balanced_accuracy': 0.4978098161554859, 'precision': 0.46528785679729073, 'sensitivity': 0.7920527074325715, 'recall': 0.7920527074325715, 'specificity': 0.20356692487840028, 'f1': 0.5862095238095238, 'mcc': -0.0054072084430079395, 'tn': 1130, 'fp': 4421, 'fn': 1010, 'tp': 3847, 'model_name': 'random_forest', 'feature_set_name': 'I_full_40', 'feature_count': 40, 'numeric_feature_count': 38, 'categorical_feature_count': 2, 'fold_id': 2, 'train_events': 73590, 'validation_events': 10408, 'train_positive_fraction': 0.4856366354124202, 'validation_positive_fraction': 0.46666026133743277, 'average_uniqueness_weighting_applied': True, 'train_sample_weight_mean': 1.0000000000000002, 'train_sample_weight_min': 0.34266121177818065, 'train_sample_weight_max': 10.622497565123911, 'validation_metrics_weighted': False, 'fit_seconds': 6.963554900008603, 'inference_seconds': 0.07015450000471901}, {'events': 10397, 'positive_fraction': 0.7263633740502068, 'roc_auc': 0.5685241028342914, 'average_precision': 0.792933185811945, 'log_loss': 0.6951272921815727, 'brier_score': 0.25135484746135184, 'threshold': 0.5, 'accuracy': 0.45561219582571894, 'balanced_accuracy': 0.5575695447707842, 'precision': 0.8024296675191815, 'sensitivity': 0.3323622881355932, 'recall': 0.3323622881355932, 'specificity': 0.7827768014059754, 'f1': 0.4700374531835206, 'mcc': 0.111924254504072, 'tn': 2227, 'fp': 618, 'fn': 5042, 'tp': 2510, 'model_name': 'random_forest', 'feature_set_name': 'I_full_40', 'feature_count': 40, 'numeric_feature_count': 38, 'categorical_feature_count': 2, 'fold_id': 3, 'train_events': 83825, 'validation_events': 10397, 'train_positive_fraction': 0.4746555323590814, 'validation_positive_fraction': 0.7263633740502068, 'average_uniqueness_weighting_applied': True, 'train_sample_weight_mean': 1.0, 'train_sample_weight_min': 0.3437930721380264, 'train_sample_weight_max': 10.65758523627913, 'validation_metrics_weighted': False, 'fit_seconds': 7.462490999998408, 'inference_seconds': 0.07542439999815542}, {'events': 10319, 'positive_fraction': 0.888070549471848, 'roc_auc': 0.528150668624261, 'average_precision': 0.9038431149434937, 'log_loss': 0.55919636244441, 'brier_score': 0.1875618286667869, 'threshold': 0.5, 'accuracy': 0.8419420486481248, 'balanced_accuracy': 0.5080793279178264, 'precision': 0.889785780813412, 'sensitivity': 0.9382365779135748, 'recall': 0.9382365779135748, 'specificity': 0.07792207792207792, 'f1': 0.9133690975726351, 'mcc': 0.02088001728708319, 'tn': 90, 'fp': 1065, 'fn': 566, 'tp': 8598, 'model_name': 'random_forest', 'feature_set_name': 'I_full_40', 'feature_count': 40, 'numeric_feature_count': 38, 'categorical_feature_count': 2, 'fold_id': 4, 'train_events': 94059, 'validation_events': 10319, 'train_positive_fraction': 0.49821920284077015, 'validation_positive_fraction': 0.888070549471848, 'average_uniqueness_weighting_applied': True, 'train_sample_weight_mean': 1.0, 'train_sample_weight_min': 0.3302478543176708, 'train_sample_weight_max': 10.237683483848098, 'validation_metrics_weighted': False, 'fit_seconds': 8.355801099998644, 'inference_seconds': 0.07540670000889804}, {'events': 10372, 'positive_fraction': 0.5071345931353645, 'roc_auc': 0.5005869288396199, 'average_precision': 0.5513223383989259, 'log_loss': 0.7493267765624434, 'brier_score': 0.27542819873632673, 'threshold': 0.5, 'accuracy': 0.5071345931353645, 'balanced_accuracy': 0.5, 'precision': 0.5071345931353645, 'sensitivity': 1.0, 'recall': 1.0, 'specificity': 0.0, 'f1': 0.672978505629478, 'mcc': 0.0, 'tn': 0, 'fp': 5112, 'fn': 0, 'tp': 5260, 'model_name': 'random_forest', 'feature_set_name': 'I_full_40', 'feature_count': 40, 'numeric_feature_count': 38, 'categorical_feature_count': 2, 'fold_id': 5, 'train_events': 107360, 'validation_events': 10372, 'train_positive_fraction': 0.5392883755588673, 'validation_positive_fraction': 0.5071345931353645, 'average_uniqueness_weighting_applied': True, 'train_sample_weight_mean': 1.0, 'train_sample_weight_min': 0.31837299323945095, 'train_sample_weight_max': 9.869562790423288, 'validation_metrics_weighted': False, 'fit_seconds': 9.509925199992722, 'inference_seconds': 0.07210399999166839}]",5,0.5685241028342914,0.623828960599566,0.5195446097384095,0.4783663991581093,True,1129,"[{'fold_id': 1, 'true_positive': 218, 'false_positive': 343, 'true_negative': 6011, 'false_negative': 3772, 'signals': 561, 'events': 10344, 'dates': 92, 'precision': 0.38859180035650626, 'specificity': 0.9460182562165566, 'sensitivity': 0.05463659147869674}, {'fold_id': 2, 'true_positive': 302, 'false_positive': 264, 'true_negative': 5287, 'false_negative': 4555, 'signals': 566, 'events': 10408, 'dates': 91, 'precision': 0.5335689045936396, 'specificity': 0.9524410016213295, 'sensitivity': 0.06217829936174593}, {'fold_id': 3, 'true_positive': 446, 'false_positive': 148, 'true_negative': 2697, 'false_negative': 7106, 'signals': 594, 'events': 10397, 'dates': 136, 'precision': 0.7508417508417509, 'specificity': 0.9479789103690686, 'sensitivity': 0.05905720338983051}, {'fold_id': 4, 'true_positive': 553, 'false_positive': 71, 'true_negative': 1084, 'false_negative': 8611, 'signals': 624, 'events': 10319, 'dates': 231, 'precision': 0.8862179487179487, 'specificity': 0.9385281385281385, 'sensitivity': 0.0603448275862069}, {'fold_id': 5, 'true_positive': 368, 'false_positive': 303, 'true_negative': 4809, 'false_negative': 4892, 'signals': 671, 'events': 10372, 'dates': 288, 'precision': 0.5484351713859911, 'specificity': 0.9407276995305164, 'sensitivity': 0.0699619771863118}]",0.9385281385281385,0.6256631299734748,3016,0.9462815815768187,0.0050064053194143615,1887,0.03011510556741899,False,False,COMPLETE,16,False
