number,value,datetime_start,datetime_complete,duration,params_bootstrap,params_class_weight_mode,params_criterion,params_max_depth,params_max_features,params_max_samples,params_min_samples_leaf,params_min_samples_split,params_n_estimators,user_attrs_average_uniqueness_weighting,user_attrs_fold_metrics,user_attrs_folds_evaluated,user_attrs_max_roc_auc,user_attrs_mean_average_precision,user_attrs_mean_roc_auc,user_attrs_min_roc_auc,user_attrs_policy_complete,user_attrs_policy_false_positive,user_attrs_policy_fold_metrics,user_attrs_policy_min_fold_specificity,user_attrs_policy_precision,user_attrs_policy_signals,user_attrs_policy_specificity,user_attrs_policy_specificity_std,user_attrs_policy_true_positive,user_attrs_std_roc_auc,user_attrs_threshold_selected,user_attrs_validation_metrics_weighted,state,policy_selection_rank,selected_by_policy_hierarchy
6,0.5138314617983949,2026-07-19 18:06:20.845398,2026-07-19 18:07:19.479306,0 days 00:00:58.633908,True,balanced_subsample,entropy,7,0.5,0.8458717426673914,7,15,25,True,"[{'events': 10344, 'positive_fraction': 0.3857308584686775, 'roc_auc': 0.4646235118801094, 'average_precision': 0.3720452077073587, 'log_loss': 0.7765218396906772, 'brier_score': 0.2901290909682578, 'threshold': 0.5, 'accuracy': 0.404969064191802, 'balanced_accuracy': 0.47836127145058116, 'precision': 0.37331772966647164, 'sensitivity': 0.7994987468671679, 'recall': 0.7994987468671679, 'specificity': 0.15722379603399433, 'f1': 0.5089748703629836, 'mcc': -0.055577649096666584, 'tn': 999, 'fp': 5355, 'fn': 800, 'tp': 3190, 'model_name': 'random_forest', 'feature_set_name': 'I_full_40', 'feature_count': 40, 'numeric_feature_count': 38, 'categorical_feature_count': 2, 'fold_id': 1, 'train_events': 62717, 'validation_events': 10344, 'train_positive_fraction': 0.5022721112298101, 'validation_positive_fraction': 0.3857308584686775, 'average_uniqueness_weighting_applied': True, 'train_sample_weight_mean': 0.9999999999999998, 'train_sample_weight_min': 0.33537416646232093, 'train_sample_weight_max': 10.396599160332254, 'validation_metrics_weighted': False, 'fit_seconds': 8.639722099993378, 'inference_seconds': 0.06506660000013653}, {'events': 10408, 'positive_fraction': 0.46666026133743277, 'roc_auc': 0.4902705950812959, 'average_precision': 0.47745960423997946, 'log_loss': 0.7161517402255343, 'brier_score': 0.26121258839141404, 'threshold': 0.5, 'accuracy': 0.4745388162951576, 'balanced_accuracy': 0.4941810839551805, 'precision': 0.46301667875271935, 'sensitivity': 0.78875849289685, 'recall': 0.78875849289685, 'specificity': 0.1996036750135111, 'f1': 0.5835046835732237, 'mcc': -0.01438092384611713, 'tn': 1108, 'fp': 4443, 'fn': 1026, 'tp': 3831, 'model_name': 'random_forest', 'feature_set_name': 'I_full_40', 'feature_count': 40, 'numeric_feature_count': 38, 'categorical_feature_count': 2, 'fold_id': 2, 'train_events': 73590, 'validation_events': 10408, 'train_positive_fraction': 0.4856366354124202, 'validation_positive_fraction': 0.46666026133743277, 'average_uniqueness_weighting_applied': True, 'train_sample_weight_mean': 1.0000000000000002, 'train_sample_weight_min': 0.34266121177818065, 'train_sample_weight_max': 10.622497565123911, 'validation_metrics_weighted': False, 'fit_seconds': 9.415557000000263, 'inference_seconds': 0.05340430000796914}, {'events': 10397, 'positive_fraction': 0.7263633740502068, 'roc_auc': 0.5525439088052189, 'average_precision': 0.783969463843491, 'log_loss': 0.7346540067482443, 'brier_score': 0.27084240788265784, 'threshold': 0.5, 'accuracy': 0.41781283062421853, 'balanced_accuracy': 0.5452423594769296, 'precision': 0.8016096579476861, 'sensitivity': 0.263771186440678, 'recall': 0.263771186440678, 'specificity': 0.826713532513181, 'f1': 0.3969313539902361, 'mcc': 0.0945890866586439, 'tn': 2352, 'fp': 493, 'fn': 5560, 'tp': 1992, 'model_name': 'random_forest', 'feature_set_name': 'I_full_40', 'feature_count': 40, 'numeric_feature_count': 38, 'categorical_feature_count': 2, 'fold_id': 3, 'train_events': 83825, 'validation_events': 10397, 'train_positive_fraction': 0.4746555323590814, 'validation_positive_fraction': 0.7263633740502068, 'average_uniqueness_weighting_applied': True, 'train_sample_weight_mean': 1.0, 'train_sample_weight_min': 0.3437930721380264, 'train_sample_weight_max': 10.65758523627913, 'validation_metrics_weighted': False, 'fit_seconds': 11.080071599993971, 'inference_seconds': 0.05339669999375474}, {'events': 10319, 'positive_fraction': 0.888070549471848, 'roc_auc': 0.5296049287537721, 'average_precision': 0.9067143557420682, 'log_loss': 0.6210458472258408, 'brier_score': 0.21878427666847391, 'threshold': 0.5, 'accuracy': 0.5717608295377459, 'balanced_accuracy': 0.5216748768472906, 'precision': 0.8954825804300717, 'sensitivity': 0.5862068965517241, 'recall': 0.5862068965517241, 'specificity': 0.45714285714285713, 'f1': 0.7085669062850359, 'mcc': 0.027703769313725344, 'tn': 528, 'fp': 627, 'fn': 3792, 'tp': 5372, 'model_name': 'random_forest', 'feature_set_name': 'I_full_40', 'feature_count': 40, 'numeric_feature_count': 38, 'categorical_feature_count': 2, 'fold_id': 4, 'train_events': 94059, 'validation_events': 10319, 'train_positive_fraction': 0.49821920284077015, 'validation_positive_fraction': 0.888070549471848, 'average_uniqueness_weighting_applied': True, 'train_sample_weight_mean': 1.0, 'train_sample_weight_min': 0.3302478543176708, 'train_sample_weight_max': 10.237683483848098, 'validation_metrics_weighted': False, 'fit_seconds': 12.762645599999814, 'inference_seconds': 0.05386890000954736}, {'events': 10372, 'positive_fraction': 0.5071345931353645, 'roc_auc': 0.5321143644715781, 'average_precision': 0.5489123508120252, 'log_loss': 0.7430068219087365, 'brier_score': 0.2710353672344391, 'threshold': 0.5, 'accuracy': 0.48679136135750095, 'balanced_accuracy': 0.4810878154435697, 'precision': 0.4966234323078572, 'sensitivity': 0.8807984790874525, 'recall': 0.8807984790874525, 'specificity': 0.081377151799687, 'f1': 0.6351360614161354, 'mcc': -0.06287822694879651, 'tn': 416, 'fp': 4696, 'fn': 627, 'tp': 4633, 'model_name': 'random_forest', 'feature_set_name': 'I_full_40', 'feature_count': 40, 'numeric_feature_count': 38, 'categorical_feature_count': 2, 'fold_id': 5, 'train_events': 107360, 'validation_events': 10372, 'train_positive_fraction': 0.5392883755588673, 'validation_positive_fraction': 0.5071345931353645, 'average_uniqueness_weighting_applied': True, 'train_sample_weight_mean': 1.0, 'train_sample_weight_min': 0.31837299323945095, 'train_sample_weight_max': 9.869562790423288, 'validation_metrics_weighted': False, 'fit_seconds': 14.387993099997402, 'inference_seconds': 0.04795679998642299}]",5,0.5525439088052189,0.6178201964689845,0.5138314617983949,0.4646235118801094,True,1088,"[{'fold_id': 1, 'true_positive': 235, 'false_positive': 326, 'true_negative': 6028, 'false_negative': 3755, 'signals': 561, 'events': 10344, 'dates': 92, 'precision': 0.41889483065953653, 'specificity': 0.948693736229147, 'sensitivity': 0.05889724310776942}, {'fold_id': 2, 'true_positive': 301, 'false_positive': 265, 'true_negative': 5286, 'false_negative': 4556, 'signals': 566, 'events': 10408, 'dates': 91, 'precision': 0.5318021201413428, 'specificity': 0.9522608539001982, 'sensitivity': 0.06197241095326333}, {'fold_id': 3, 'true_positive': 459, 'false_positive': 135, 'true_negative': 2710, 'false_negative': 7093, 'signals': 594, 'events': 10397, 'dates': 136, 'precision': 0.7727272727272727, 'specificity': 0.9525483304042179, 'sensitivity': 0.06077860169491525}, {'fold_id': 4, 'true_positive': 550, 'false_positive': 74, 'true_negative': 1081, 'false_negative': 8614, 'signals': 624, 'events': 10319, 'dates': 231, 'precision': 0.8814102564102564, 'specificity': 0.935930735930736, 'sensitivity': 0.06001745962461807}, {'fold_id': 5, 'true_positive': 383, 'false_positive': 288, 'true_negative': 4824, 'false_negative': 4877, 'signals': 671, 'events': 10372, 'dates': 288, 'precision': 0.5707898658718331, 'specificity': 0.9436619718309859, 'sensitivity': 0.07281368821292776}]",0.935930735930736,0.6392572944297082,3016,0.94823238330875,0.006233378044396362,1928,0.03180646826929081,False,False,COMPLETE,4,False
7,0.5098143180963199,2026-07-19 18:07:19.700312,2026-07-19 18:08:14.301916,0 days 00:00:54.601604,True,none,entropy,12,log2,0.7198285532161771,20,21,75,True,"[{'events': 10344, 'positive_fraction': 0.3857308584686775, 'roc_auc': 0.4911496162502573, 'average_precision': 0.3949511205704662, 'log_loss': 0.7473317880459766, 'brier_score': 0.2765016720557846, 'threshold': 0.5, 'accuracy': 0.40284222737819025, 'balanced_accuracy': 0.480779498320873, 'precision': 0.3749571183533448, 'sensitivity': 0.8218045112781955, 'recall': 0.8218045112781955, 'specificity': 0.1397544853635505, 'f1': 0.5149587750294464, 'mcc': -0.051760758171221055, 'tn': 888, 'fp': 5466, 'fn': 711, 'tp': 3279, 'model_name': 'random_forest', 'feature_set_name': 'I_full_40', 'feature_count': 40, 'numeric_feature_count': 38, 'categorical_feature_count': 2, 'fold_id': 1, 'train_events': 62717, 'validation_events': 10344, 'train_positive_fraction': 0.5022721112298101, 'validation_positive_fraction': 0.3857308584686775, 'average_uniqueness_weighting_applied': True, 'train_sample_weight_mean': 0.9999999999999998, 'train_sample_weight_min': 0.33537416646232093, 'train_sample_weight_max': 10.396599160332254, 'validation_metrics_weighted': False, 'fit_seconds': 7.327519599988591, 'inference_seconds': 0.1046963999979198}, {'events': 10408, 'positive_fraction': 0.46666026133743277, 'roc_auc': 0.4857123050907921, 'average_precision': 0.4600343091964506, 'log_loss': 0.7102818770623311, 'brier_score': 0.2583308169619537, 'threshold': 0.5, 'accuracy': 0.4732897770945427, 'balanced_accuracy': 0.48364051357196286, 'precision': 0.454252671643976, 'sensitivity': 0.6388717315215153, 'recall': 0.6388717315215153, 'specificity': 0.3284092956224104, 'f1': 0.5309719370294319, 'mcc': -0.03436906473536816, 'tn': 1823, 'fp': 3728, 'fn': 1754, 'tp': 3103, 'model_name': 'random_forest', 'feature_set_name': 'I_full_40', 'feature_count': 40, 'numeric_feature_count': 38, 'categorical_feature_count': 2, 'fold_id': 2, 'train_events': 73590, 'validation_events': 10408, 'train_positive_fraction': 0.4856366354124202, 'validation_positive_fraction': 0.46666026133743277, 'average_uniqueness_weighting_applied': True, 'train_sample_weight_mean': 1.0000000000000002, 'train_sample_weight_min': 0.34266121177818065, 'train_sample_weight_max': 10.622497565123911, 'validation_metrics_weighted': False, 'fit_seconds': 9.43142129998887, 'inference_seconds': 0.07762440000078641}, {'events': 10397, 'positive_fraction': 0.7263633740502068, 'roc_auc': 0.5546107968931517, 'average_precision': 0.7825591048103062, 'log_loss': 0.7198033142525557, 'brier_score': 0.2631900021554521, 'threshold': 0.5, 'accuracy': 0.4542656535539098, 'balanced_accuracy': 0.5424025293408001, 'precision': 0.7783046828689982, 'sensitivity': 0.3477224576271186, 'recall': 0.3477224576271186, 'specificity': 0.7370826010544815, 'f1': 0.480688266520227, 'mcc': 0.08075325031270196, 'tn': 2097, 'fp': 748, 'fn': 4926, 'tp': 2626, 'model_name': 'random_forest', 'feature_set_name': 'I_full_40', 'feature_count': 40, 'numeric_feature_count': 38, 'categorical_feature_count': 2, 'fold_id': 3, 'train_events': 83825, 'validation_events': 10397, 'train_positive_fraction': 0.4746555323590814, 'validation_positive_fraction': 0.7263633740502068, 'average_uniqueness_weighting_applied': True, 'train_sample_weight_mean': 1.0, 'train_sample_weight_min': 0.3437930721380264, 'train_sample_weight_max': 10.65758523627913, 'validation_metrics_weighted': False, 'fit_seconds': 10.226336099993205, 'inference_seconds': 0.07724869999219663}, {'events': 10319, 'positive_fraction': 0.888070549471848, 'roc_auc': 0.5277353884294085, 'average_precision': 0.9047360092716947, 'log_loss': 0.6170131642423764, 'brier_score': 0.21582547772403668, 'threshold': 0.5, 'accuracy': 0.5967632522531253, 'balanced_accuracy': 0.5130513528374725, 'precision': 0.8922690920495531, 'sensitivity': 0.6209079004801397, 'recall': 0.6209079004801397, 'specificity': 0.4051948051948052, 'f1': 0.7322566115436587, 'mcc': 0.016937626053971075, 'tn': 468, 'fp': 687, 'fn': 3474, 'tp': 5690, 'model_name': 'random_forest', 'feature_set_name': 'I_full_40', 'feature_count': 40, 'numeric_feature_count': 38, 'categorical_feature_count': 2, 'fold_id': 4, 'train_events': 94059, 'validation_events': 10319, 'train_positive_fraction': 0.49821920284077015, 'validation_positive_fraction': 0.888070549471848, 'average_uniqueness_weighting_applied': True, 'train_sample_weight_mean': 1.0, 'train_sample_weight_min': 0.3302478543176708, 'train_sample_weight_max': 10.237683483848098, 'validation_metrics_weighted': False, 'fit_seconds': 11.664254800009076, 'inference_seconds': 0.08174599999620114}, {'events': 10372, 'positive_fraction': 0.5071345931353645, 'roc_auc': 0.48986348381799033, 'average_precision': 0.5205007853033199, 'log_loss': 0.7815688604736943, 'brier_score': 0.28826186773597645, 'threshold': 0.5, 'accuracy': 0.48563440030852295, 'balanced_accuracy': 0.47896465187406656, 'precision': 0.496261589073871, 'sensitivity': 0.9463878326996198, 'recall': 0.9463878326996198, 'specificity': 0.011541471048513302, 'f1': 0.6511019553986005, 'mcc': -0.11795563404758432, 'tn': 59, 'fp': 5053, 'fn': 282, 'tp': 4978, 'model_name': 'random_forest', 'feature_set_name': 'I_full_40', 'feature_count': 40, 'numeric_feature_count': 38, 'categorical_feature_count': 2, 'fold_id': 5, 'train_events': 107360, 'validation_events': 10372, 'train_positive_fraction': 0.5392883755588673, 'validation_positive_fraction': 0.5071345931353645, 'average_uniqueness_weighting_applied': True, 'train_sample_weight_mean': 1.0, 'train_sample_weight_min': 0.31837299323945095, 'train_sample_weight_max': 9.869562790423288, 'validation_metrics_weighted': False, 'fit_seconds': 13.285965500006569, 'inference_seconds': 0.07663210001192056}]",5,0.5546107968931517,0.6125562658304475,0.5098143180963199,0.4857123050907921,True,1129,"[{'fold_id': 1, 'true_positive': 229, 'false_positive': 332, 'true_negative': 6022, 'false_negative': 3761, 'signals': 561, 'events': 10344, 'dates': 92, 'precision': 0.40819964349376114, 'specificity': 0.9477494491658798, 'sensitivity': 0.057393483709273184}, {'fold_id': 2, 'true_positive': 278, 'false_positive': 288, 'true_negative': 5263, 'false_negative': 4579, 'signals': 566, 'events': 10408, 'dates': 91, 'precision': 0.4911660777385159, 'specificity': 0.9481174563141777, 'sensitivity': 0.057236977558163475}, {'fold_id': 3, 'true_positive': 444, 'false_positive': 150, 'true_negative': 2695, 'false_negative': 7108, 'signals': 594, 'events': 10397, 'dates': 136, 'precision': 0.7474747474747475, 'specificity': 0.9472759226713533, 'sensitivity': 0.058792372881355935}, {'fold_id': 4, 'true_positive': 547, 'false_positive': 77, 'true_negative': 1078, 'false_negative': 8617, 'signals': 624, 'events': 10319, 'dates': 231, 'precision': 0.8766025641025641, 'specificity': 0.9333333333333333, 'sensitivity': 0.05969009166302924}, {'fold_id': 5, 'true_positive': 389, 'false_positive': 282, 'true_negative': 4830, 'false_negative': 4871, 'signals': 671, 'events': 10372, 'dates': 288, 'precision': 0.5797317436661699, 'specificity': 0.9448356807511737, 'sensitivity': 0.07395437262357414}]",0.9333333333333333,0.6256631299734748,3016,0.9462815815768187,0.005583465572216537,1887,0.02703776317967492,False,False,COMPLETE,17,False
