number,value,datetime_start,datetime_complete,duration,params_class_weight_mode,params_colsample_bytree,params_gamma,params_learning_rate,params_max_delta_step,params_max_depth,params_min_child_weight,params_n_estimators,params_reg_alpha,params_reg_lambda,params_subsample,user_attrs_average_uniqueness_weighting,user_attrs_fold_metrics,user_attrs_folds_evaluated,user_attrs_max_roc_auc,user_attrs_mean_average_precision,user_attrs_mean_roc_auc,user_attrs_min_roc_auc,user_attrs_policy_complete,user_attrs_policy_false_positive,user_attrs_policy_fold_metrics,user_attrs_policy_min_fold_specificity,user_attrs_policy_precision,user_attrs_policy_signals,user_attrs_policy_specificity,user_attrs_policy_specificity_std,user_attrs_policy_true_positive,user_attrs_std_roc_auc,user_attrs_threshold_selected,user_attrs_validation_metrics_weighted,state,policy_selection_rank,selected_by_policy_hierarchy
18,0.5212092247968285,2026-07-19 18:39:41.574041,2026-07-19 18:39:52.090825,0 days 00:00:10.516784,none,0.7689337016809266,3.858018426404136,0.022687258410431666,4,4,1.4813366428967834,50,0.005586769380253118,16.944501949653986,0.7354021427796702,True,"[{'events': 10344, 'positive_fraction': 0.3857308584686775, 'roc_auc': 0.5025611518566641, 'average_precision': 0.41101346139122796, 'log_loss': 0.7386265441175157, 'brier_score': 0.2724613783713938, 'threshold': 0.5, 'accuracy': 0.3987819025522042, 'balanced_accuracy': 0.47341831916902744, 'precision': 0.3706025774991292, 'sensitivity': 0.8, 'recall': 0.8, 'specificity': 0.14683663833805477, 'f1': 0.5065460604617948, 'mcc': -0.06932609377678137, 'tn': 933, 'fp': 5421, 'fn': 798, 'tp': 3192, 'model_name': 'xgboost', 'feature_set_name': 'I_full_40', 'feature_count': 40, 'numeric_feature_count': 38, 'categorical_feature_count': 2, 'fold_id': 1, 'train_events': 62717, 'validation_events': 10344, 'train_positive_fraction': 0.5022721112298101, 'validation_positive_fraction': 0.3857308584686775, 'average_uniqueness_weighting_applied': True, 'train_sample_weight_mean': 0.9999999999999998, 'train_sample_weight_min': 0.33537416646232093, 'train_sample_weight_max': 10.396599160332254, 'validation_metrics_weighted': False, 'fit_seconds': 1.2671964000037406, 'inference_seconds': 0.04327309998916462}, {'events': 10408, 'positive_fraction': 0.46666026133743277, 'roc_auc': 0.51056822122244, 'average_precision': 0.4963137511193575, 'log_loss': 0.701956240670176, 'brier_score': 0.2543834240607009, 'threshold': 0.5, 'accuracy': 0.4645465026902383, 'balanced_accuracy': 0.4837194232439223, 'precision': 0.4563840155945419, 'sensitivity': 0.7712579781758288, 'recall': 0.7712579781758288, 'specificity': 0.19618086831201587, 'f1': 0.5734404898584003, 'mcc': -0.039786838670227066, 'tn': 1089, 'fp': 4462, 'fn': 1111, 'tp': 3746, 'model_name': 'xgboost', 'feature_set_name': 'I_full_40', 'feature_count': 40, 'numeric_feature_count': 38, 'categorical_feature_count': 2, 'fold_id': 2, 'train_events': 73590, 'validation_events': 10408, 'train_positive_fraction': 0.4856366354124202, 'validation_positive_fraction': 0.46666026133743277, 'average_uniqueness_weighting_applied': True, 'train_sample_weight_mean': 1.0000000000000002, 'train_sample_weight_min': 0.34266121177818065, 'train_sample_weight_max': 10.622497565123911, 'validation_metrics_weighted': False, 'fit_seconds': 1.5721500999934506, 'inference_seconds': 0.0397545000014361}, {'events': 10397, 'positive_fraction': 0.7263633740502068, 'roc_auc': 0.5468784674644782, 'average_precision': 0.7810385463183899, 'log_loss': 0.7133992173585629, 'brier_score': 0.26021702745905, 'threshold': 0.5, 'accuracy': 0.4024237760892565, 'balanced_accuracy': 0.5422073506523488, 'precision': 0.80612711476909, 'sensitivity': 0.233448093220339, 'recall': 0.233448093220339, 'specificity': 0.8509666080843585, 'f1': 0.3620494917342643, 'mcc': 0.09234092996639225, 'tn': 2421, 'fp': 424, 'fn': 5789, 'tp': 1763, 'model_name': 'xgboost', 'feature_set_name': 'I_full_40', 'feature_count': 40, 'numeric_feature_count': 38, 'categorical_feature_count': 2, 'fold_id': 3, 'train_events': 83825, 'validation_events': 10397, 'train_positive_fraction': 0.4746555323590814, 'validation_positive_fraction': 0.7263633740502068, 'average_uniqueness_weighting_applied': True, 'train_sample_weight_mean': 1.0, 'train_sample_weight_min': 0.3437930721380264, 'train_sample_weight_max': 10.65758523627913, 'validation_metrics_weighted': False, 'fit_seconds': 1.7558757999941008, 'inference_seconds': 0.04424730000027921}, {'events': 10319, 'positive_fraction': 0.888070549471848, 'roc_auc': 0.527869689600375, 'average_precision': 0.9025635797683319, 'log_loss': 0.6027501867377358, 'brier_score': 0.20656637211653261, 'threshold': 0.5, 'accuracy': 0.7150886713828859, 'balanced_accuracy': 0.5092996593105716, 'precision': 0.8904642409033877, 'sensitivity': 0.774443474465299, 'recall': 0.774443474465299, 'specificity': 0.24415584415584415, 'f1': 0.8284113458620287, 'mcc': 0.013984917141433547, 'tn': 282, 'fp': 873, 'fn': 2067, 'tp': 7097, 'model_name': 'xgboost', 'feature_set_name': 'I_full_40', 'feature_count': 40, 'numeric_feature_count': 38, 'categorical_feature_count': 2, 'fold_id': 4, 'train_events': 94059, 'validation_events': 10319, 'train_positive_fraction': 0.49821920284077015, 'validation_positive_fraction': 0.888070549471848, 'average_uniqueness_weighting_applied': True, 'train_sample_weight_mean': 1.0, 'train_sample_weight_min': 0.3302478543176708, 'train_sample_weight_max': 10.237683483848098, 'validation_metrics_weighted': False, 'fit_seconds': 1.839071199996397, 'inference_seconds': 0.04108249999990221}, {'events': 10372, 'positive_fraction': 0.5071345931353645, 'roc_auc': 0.5181685938401852, 'average_precision': 0.5575570043198682, 'log_loss': 0.746290245441576, 'brier_score': 0.27482526477428426, 'threshold': 0.5, 'accuracy': 0.501156961048978, 'balanced_accuracy': 0.49418902515218055, 'precision': 0.5041951219512195, 'sensitivity': 0.9825095057034221, 'recall': 0.9825095057034221, 'specificity': 0.005868544600938967, 'f1': 0.6664087685364282, 'mcc': -0.053892141069001614, 'tn': 30, 'fp': 5082, 'fn': 92, 'tp': 5168, 'model_name': 'xgboost', 'feature_set_name': 'I_full_40', 'feature_count': 40, 'numeric_feature_count': 38, 'categorical_feature_count': 2, 'fold_id': 5, 'train_events': 107360, 'validation_events': 10372, 'train_positive_fraction': 0.5392883755588673, 'validation_positive_fraction': 0.5071345931353645, 'average_uniqueness_weighting_applied': True, 'train_sample_weight_mean': 1.0, 'train_sample_weight_min': 0.31837299323945095, 'train_sample_weight_max': 9.869562790423288, 'validation_metrics_weighted': False, 'fit_seconds': 2.012261399999261, 'inference_seconds': 0.03387990000192076}]",5,0.5468784674644782,0.629697268583435,0.5212092247968285,0.5025611518566641,True,1047,"[{'fold_id': 1, 'true_positive': 255, 'false_positive': 306, 'true_negative': 6048, 'false_negative': 3735, 'signals': 561, 'events': 10344, 'dates': 92, 'precision': 0.45454545454545453, 'specificity': 0.9518413597733711, 'sensitivity': 0.06390977443609022}, {'fold_id': 2, 'true_positive': 306, 'false_positive': 260, 'true_negative': 5291, 'false_negative': 4551, 'signals': 566, 'events': 10408, 'dates': 91, 'precision': 0.5406360424028268, 'specificity': 0.9531615925058547, 'sensitivity': 0.06300185299567634}, {'fold_id': 3, 'true_positive': 458, 'false_positive': 136, 'true_negative': 2709, 'false_negative': 7094, 'signals': 594, 'events': 10397, 'dates': 136, 'precision': 0.7710437710437711, 'specificity': 0.9521968365553602, 'sensitivity': 0.060646186440677964}, {'fold_id': 4, 'true_positive': 559, 'false_positive': 65, 'true_negative': 1090, 'false_negative': 8605, 'signals': 624, 'events': 10319, 'dates': 231, 'precision': 0.8958333333333334, 'specificity': 0.9437229437229437, 'sensitivity': 0.06099956350938455}, {'fold_id': 5, 'true_positive': 391, 'false_positive': 280, 'true_negative': 4832, 'false_negative': 4869, 'signals': 671, 'events': 10372, 'dates': 288, 'precision': 0.5827123695976155, 'specificity': 0.945226917057903, 'sensitivity': 0.07433460076045627}]",0.9437229437229437,0.6528514588859416,3016,0.9501831850406813,0.003935252990589429,1969,0.015319914024538831,False,False,COMPLETE,7,False
19,0.5210299925267388,2026-07-19 18:39:52.307409,2026-07-19 18:40:06.460091,0 days 00:00:14.152682,none,0.6408866500730575,3.8595565502147675,0.021500313121051665,3,6,10.428049955185774,75,3.9787645173063853,29.64366399411422,0.9079280616821972,True,"[{'events': 10344, 'positive_fraction': 0.3857308584686775, 'roc_auc': 0.48862384557553784, 'average_precision': 0.3952374890593909, 'log_loss': 0.7557826016260841, 'brier_score': 0.2805681572967361, 'threshold': 0.5, 'accuracy': 0.40516241299303946, 'balanced_accuracy': 0.47870514340620196, 'precision': 0.37352356449538066, 'sensitivity': 0.800501253132832, 'recall': 0.800501253132832, 'specificity': 0.15690903367957193, 'f1': 0.5093692687983414, 'mcc': -0.05476664923702013, 'tn': 997, 'fp': 5357, 'fn': 796, 'tp': 3194, 'model_name': 'xgboost', 'feature_set_name': 'I_full_40', 'feature_count': 40, 'numeric_feature_count': 38, 'categorical_feature_count': 2, 'fold_id': 1, 'train_events': 62717, 'validation_events': 10344, 'train_positive_fraction': 0.5022721112298101, 'validation_positive_fraction': 0.3857308584686775, 'average_uniqueness_weighting_applied': True, 'train_sample_weight_mean': 0.9999999999999998, 'train_sample_weight_min': 0.33537416646232093, 'train_sample_weight_max': 10.396599160332254, 'validation_metrics_weighted': False, 'fit_seconds': 2.0193149999977322, 'inference_seconds': 0.04936989999259822}, {'events': 10408, 'positive_fraction': 0.46666026133743277, 'roc_auc': 0.4888651312977197, 'average_precision': 0.46005099367080043, 'log_loss': 0.7086911972257743, 'brier_score': 0.2576302799534527, 'threshold': 0.5, 'accuracy': 0.4763643351268255, 'balanced_accuracy': 0.49611128314841396, 'precision': 0.4642297020147183, 'sensitivity': 0.7922585958410542, 'recall': 0.7922585958410542, 'specificity': 0.19996397045577374, 'f1': 0.5854252244028602, 'mcc': -0.009635836781094748, 'tn': 1110, 'fp': 4441, 'fn': 1009, 'tp': 3848, 'model_name': 'xgboost', 'feature_set_name': 'I_full_40', 'feature_count': 40, 'numeric_feature_count': 38, 'categorical_feature_count': 2, 'fold_id': 2, 'train_events': 73590, 'validation_events': 10408, 'train_positive_fraction': 0.4856366354124202, 'validation_positive_fraction': 0.46666026133743277, 'average_uniqueness_weighting_applied': True, 'train_sample_weight_mean': 1.0000000000000002, 'train_sample_weight_min': 0.34266121177818065, 'train_sample_weight_max': 10.622497565123911, 'validation_metrics_weighted': False, 'fit_seconds': 2.1904080000094837, 'inference_seconds': 0.0522765000059735}, {'events': 10397, 'positive_fraction': 0.7263633740502068, 'roc_auc': 0.5481080676029907, 'average_precision': 0.7808039976347443, 'log_loss': 0.7192266069543074, 'brier_score': 0.2631344870512177, 'threshold': 0.5, 'accuracy': 0.4128113879003559, 'balanced_accuracy': 0.5411423270828989, 'precision': 0.7959100204498978, 'sensitivity': 0.2576800847457627, 'recall': 0.2576800847457627, 'specificity': 0.8246045694200351, 'f1': 0.3893167950385116, 'mcc': 0.08649945213566286, 'tn': 2346, 'fp': 499, 'fn': 5606, 'tp': 1946, 'model_name': 'xgboost', 'feature_set_name': 'I_full_40', 'feature_count': 40, 'numeric_feature_count': 38, 'categorical_feature_count': 2, 'fold_id': 3, 'train_events': 83825, 'validation_events': 10397, 'train_positive_fraction': 0.4746555323590814, 'validation_positive_fraction': 0.7263633740502068, 'average_uniqueness_weighting_applied': True, 'train_sample_weight_mean': 1.0, 'train_sample_weight_min': 0.3437930721380264, 'train_sample_weight_max': 10.65758523627913, 'validation_metrics_weighted': False, 'fit_seconds': 2.294624300004216, 'inference_seconds': 0.04896669999288861}, {'events': 10319, 'positive_fraction': 0.888070549471848, 'roc_auc': 0.5192134760336419, 'average_precision': 0.9040848639668373, 'log_loss': 0.6123425209937511, 'brier_score': 0.21220243065456457, 'threshold': 0.5, 'accuracy': 0.6361081500145362, 'balanced_accuracy': 0.4890458806434363, 'precision': 0.8848726341255159, 'sensitivity': 0.678524661719773, 'recall': 0.678524661719773, 'specificity': 0.2995670995670996, 'f1': 0.7680810326724724, 'mcc': -0.014819245976496285, 'tn': 346, 'fp': 809, 'fn': 2946, 'tp': 6218, 'model_name': 'xgboost', 'feature_set_name': 'I_full_40', 'feature_count': 40, 'numeric_feature_count': 38, 'categorical_feature_count': 2, 'fold_id': 4, 'train_events': 94059, 'validation_events': 10319, 'train_positive_fraction': 0.49821920284077015, 'validation_positive_fraction': 0.888070549471848, 'average_uniqueness_weighting_applied': True, 'train_sample_weight_mean': 1.0, 'train_sample_weight_min': 0.3302478543176708, 'train_sample_weight_max': 10.237683483848098, 'validation_metrics_weighted': False, 'fit_seconds': 2.617889999994077, 'inference_seconds': 0.04573159999563359}, {'events': 10372, 'positive_fraction': 0.5071345931353645, 'roc_auc': 0.5603394421238033, 'average_precision': 0.5797586805330994, 'log_loss': 0.7459314595639719, 'brier_score': 0.2743007241619071, 'threshold': 0.5, 'accuracy': 0.4892016968762052, 'balanced_accuracy': 0.4826303724331626, 'precision': 0.49809236947791163, 'sensitivity': 0.9431558935361217, 'recall': 0.9431558935361217, 'specificity': 0.022104851330203443, 'f1': 0.6519053876478318, 'mcc': -0.08892636078582618, 'tn': 113, 'fp': 4999, 'fn': 299, 'tp': 4961, 'model_name': 'xgboost', 'feature_set_name': 'I_full_40', 'feature_count': 40, 'numeric_feature_count': 38, 'categorical_feature_count': 2, 'fold_id': 5, 'train_events': 107360, 'validation_events': 10372, 'train_positive_fraction': 0.5392883755588673, 'validation_positive_fraction': 0.5071345931353645, 'average_uniqueness_weighting_applied': True, 'train_sample_weight_mean': 1.0, 'train_sample_weight_min': 0.31837299323945095, 'train_sample_weight_max': 9.869562790423288, 'validation_metrics_weighted': False, 'fit_seconds': 2.8243393000011565, 'inference_seconds': 0.050072300000465475}]",5,0.5603394421238033,0.6239872049729744,0.5210299925267388,0.48862384557553784,True,1052,"[{'fold_id': 1, 'true_positive': 245, 'false_positive': 316, 'true_negative': 6038, 'false_negative': 3745, 'signals': 561, 'events': 10344, 'dates': 92, 'precision': 0.43672014260249553, 'specificity': 0.950267548001259, 'sensitivity': 0.06140350877192982}, {'fold_id': 2, 'true_positive': 288, 'false_positive': 278, 'true_negative': 5273, 'false_negative': 4569, 'signals': 566, 'events': 10408, 'dates': 91, 'precision': 0.508833922261484, 'specificity': 0.949918933525491, 'sensitivity': 0.0592958616429895}, {'fold_id': 3, 'true_positive': 460, 'false_positive': 134, 'true_negative': 2711, 'false_negative': 7092, 'signals': 594, 'events': 10397, 'dates': 136, 'precision': 0.7744107744107744, 'specificity': 0.9528998242530756, 'sensitivity': 0.06091101694915254}, {'fold_id': 4, 'true_positive': 562, 'false_positive': 62, 'true_negative': 1093, 'false_negative': 8602, 'signals': 624, 'events': 10319, 'dates': 231, 'precision': 0.9006410256410257, 'specificity': 0.9463203463203463, 'sensitivity': 0.06132693147097337}, {'fold_id': 5, 'true_positive': 409, 'false_positive': 262, 'true_negative': 4850, 'false_negative': 4851, 'signals': 671, 'events': 10372, 'dates': 288, 'precision': 0.6095380029806259, 'specificity': 0.9487480438184663, 'sensitivity': 0.07775665399239544}]",0.9463203463203463,0.6511936339522546,3016,0.9499452823904458,0.002140717190902321,1964,0.029551620489353427,False,False,COMPLETE,9,False
