number,value,datetime_start,datetime_complete,duration,params_class_weight_mode,params_colsample_bytree,params_gamma,params_learning_rate,params_max_delta_step,params_max_depth,params_min_child_weight,params_n_estimators,params_reg_alpha,params_reg_lambda,params_subsample,user_attrs_average_uniqueness_weighting,user_attrs_fold_metrics,user_attrs_folds_evaluated,user_attrs_max_roc_auc,user_attrs_mean_average_precision,user_attrs_mean_roc_auc,user_attrs_min_roc_auc,user_attrs_policy_complete,user_attrs_policy_false_positive,user_attrs_policy_fold_metrics,user_attrs_policy_min_fold_specificity,user_attrs_policy_precision,user_attrs_policy_signals,user_attrs_policy_specificity,user_attrs_policy_specificity_std,user_attrs_policy_true_positive,user_attrs_std_roc_auc,user_attrs_threshold_selected,user_attrs_validation_metrics_weighted,state,policy_selection_rank,selected_by_policy_hierarchy
4,0.5225563455558193,2026-07-19 18:36:22.102929,2026-07-19 18:36:37.620342,0 days 00:00:15.517413,fold_weighted_ratio,0.9150238140070879,1.280070392139217,0.09283550500374504,1,9,12.28813926775539,50,2.6841767134615854e-08,0.053677886505558686,0.9775414487572986,True,"[{'events': 10344, 'positive_fraction': 0.3857308584686775, 'roc_auc': 0.501811224630667, 'average_precision': 0.4037670174257863, 'log_loss': 0.7883814245606111, 'brier_score': 0.29341824684456647, 'threshold': 0.5, 'accuracy': 0.4348414539829853, 'balanced_accuracy': 0.4896223088410355, 'precision': 0.3791036998436686, 'sensitivity': 0.7293233082706767, 'recall': 0.7293233082706767, 'specificity': 0.2499213094113944, 'f1': 0.4988856506086062, 'mcc': -0.023093002097548165, 'tn': 1588, 'fp': 4766, 'fn': 1080, 'tp': 2910, 'model_name': 'xgboost', 'feature_set_name': 'I_full_40', 'feature_count': 40, 'numeric_feature_count': 38, 'categorical_feature_count': 2, 'fold_id': 1, 'train_events': 62717, 'validation_events': 10344, 'train_positive_fraction': 0.5022721112298101, 'validation_positive_fraction': 0.3857308584686775, 'average_uniqueness_weighting_applied': True, 'train_sample_weight_mean': 0.9999999999999998, 'train_sample_weight_min': 0.33537416646232093, 'train_sample_weight_max': 10.396599160332254, 'validation_metrics_weighted': False, 'fit_seconds': 2.3758279000030598, 'inference_seconds': 0.049232899997150525}, {'events': 10408, 'positive_fraction': 0.46666026133743277, 'roc_auc': 0.45884034420269093, 'average_precision': 0.4342306383289038, 'log_loss': 0.744091807919421, 'brier_score': 0.2735677941068574, 'threshold': 0.5, 'accuracy': 0.4613758647194466, 'balanced_accuracy': 0.46763210563978086, 'precision': 0.4396259874254393, 'sensitivity': 0.5614576899320568, 'recall': 0.5614576899320568, 'specificity': 0.37380652134750497, 'f1': 0.493128390596745, 'mcc': -0.06581580816182779, 'tn': 2075, 'fp': 3476, 'fn': 2130, 'tp': 2727, 'model_name': 'xgboost', 'feature_set_name': 'I_full_40', 'feature_count': 40, 'numeric_feature_count': 38, 'categorical_feature_count': 2, 'fold_id': 2, 'train_events': 73590, 'validation_events': 10408, 'train_positive_fraction': 0.4856366354124202, 'validation_positive_fraction': 0.46666026133743277, 'average_uniqueness_weighting_applied': True, 'train_sample_weight_mean': 1.0000000000000002, 'train_sample_weight_min': 0.34266121177818065, 'train_sample_weight_max': 10.622497565123911, 'validation_metrics_weighted': False, 'fit_seconds': 2.500151000000187, 'inference_seconds': 0.04442269999708515}, {'events': 10397, 'positive_fraction': 0.7263633740502068, 'roc_auc': 0.5423169830359537, 'average_precision': 0.7734644427082973, 'log_loss': 0.7712695573254625, 'brier_score': 0.28632785845030473, 'threshold': 0.5, 'accuracy': 0.44349331537943637, 'balanced_accuracy': 0.5306057032111048, 'precision': 0.7642130460801915, 'sensitivity': 0.3381885593220339, 'recall': 0.3381885593220339, 'specificity': 0.7230228471001757, 'f1': 0.4688819533688269, 'mcc': 0.0584322692026238, 'tn': 2057, 'fp': 788, 'fn': 4998, 'tp': 2554, 'model_name': 'xgboost', 'feature_set_name': 'I_full_40', 'feature_count': 40, 'numeric_feature_count': 38, 'categorical_feature_count': 2, 'fold_id': 3, 'train_events': 83825, 'validation_events': 10397, 'train_positive_fraction': 0.4746555323590814, 'validation_positive_fraction': 0.7263633740502068, 'average_uniqueness_weighting_applied': True, 'train_sample_weight_mean': 1.0, 'train_sample_weight_min': 0.3437930721380264, 'train_sample_weight_max': 10.65758523627913, 'validation_metrics_weighted': False, 'fit_seconds': 2.677295300003607, 'inference_seconds': 0.04232860000047367}, {'events': 10319, 'positive_fraction': 0.888070549471848, 'roc_auc': 0.5307284196961194, 'average_precision': 0.9063951628024681, 'log_loss': 0.7145943836900125, 'brier_score': 0.2618378698249366, 'threshold': 0.5, 'accuracy': 0.500823723228995, 'balanced_accuracy': 0.5150298268587226, 'precision': 0.8941268905912394, 'sensitivity': 0.49672632038411174, 'recall': 0.49672632038411174, 'specificity': 0.5333333333333333, 'f1': 0.638653104173974, 'mcc': 0.018956064059676158, 'tn': 616, 'fp': 539, 'fn': 4612, 'tp': 4552, 'model_name': 'xgboost', 'feature_set_name': 'I_full_40', 'feature_count': 40, 'numeric_feature_count': 38, 'categorical_feature_count': 2, 'fold_id': 4, 'train_events': 94059, 'validation_events': 10319, 'train_positive_fraction': 0.49821920284077015, 'validation_positive_fraction': 0.888070549471848, 'average_uniqueness_weighting_applied': True, 'train_sample_weight_mean': 1.0, 'train_sample_weight_min': 0.3302478543176708, 'train_sample_weight_max': 10.237683483848098, 'validation_metrics_weighted': False, 'fit_seconds': 2.756841099995654, 'inference_seconds': 0.05701479999697767}, {'events': 10372, 'positive_fraction': 0.5071345931353645, 'roc_auc': 0.5790847562136656, 'average_precision': 0.5677080242438297, 'log_loss': 0.7508255881814239, 'brier_score': 0.269516905788374, 'threshold': 0.5, 'accuracy': 0.5393366756652526, 'balanced_accuracy': 0.5361853418780533, 'precision': 0.5322106388666132, 'sensitivity': 0.7570342205323194, 'recall': 0.7570342205323194, 'specificity': 0.31533646322378717, 'f1': 0.625019620153822, 'mcc': 0.08070365373525043, 'tn': 1612, 'fp': 3500, 'fn': 1278, 'tp': 3982, 'model_name': 'xgboost', 'feature_set_name': 'I_full_40', 'feature_count': 40, 'numeric_feature_count': 38, 'categorical_feature_count': 2, 'fold_id': 5, 'train_events': 107360, 'validation_events': 10372, 'train_positive_fraction': 0.5392883755588673, 'validation_positive_fraction': 0.5071345931353645, 'average_uniqueness_weighting_applied': True, 'train_sample_weight_mean': 1.0, 'train_sample_weight_min': 0.31837299323945095, 'train_sample_weight_max': 9.869562790423288, 'validation_metrics_weighted': False, 'fit_seconds': 3.0658765000116546, 'inference_seconds': 0.049068499996792525}]",5,0.5790847562136656,0.617113057101857,0.5225563455558193,0.45884034420269093,True,1032,"[{'fold_id': 1, 'true_positive': 236, 'false_positive': 325, 'true_negative': 6029, 'false_negative': 3754, 'signals': 561, 'events': 10344, 'dates': 92, 'precision': 0.4206773618538324, 'specificity': 0.9488511174063582, 'sensitivity': 0.05914786967418546}, {'fold_id': 2, 'true_positive': 296, 'false_positive': 270, 'true_negative': 5281, 'false_negative': 4561, 'signals': 566, 'events': 10408, 'dates': 91, 'precision': 0.5229681978798587, 'specificity': 0.9513601152945416, 'sensitivity': 0.06094296891085032}, {'fold_id': 3, 'true_positive': 469, 'false_positive': 125, 'true_negative': 2720, 'false_negative': 7083, 'signals': 594, 'events': 10397, 'dates': 136, 'precision': 0.7895622895622896, 'specificity': 0.9560632688927944, 'sensitivity': 0.06210275423728814}, {'fold_id': 4, 'true_positive': 556, 'false_positive': 68, 'true_negative': 1087, 'false_negative': 8608, 'signals': 624, 'events': 10319, 'dates': 231, 'precision': 0.8910256410256411, 'specificity': 0.9411255411255411, 'sensitivity': 0.060672195547795724}, {'fold_id': 5, 'true_positive': 427, 'false_positive': 244, 'true_negative': 4868, 'false_negative': 4833, 'signals': 671, 'events': 10372, 'dates': 288, 'precision': 0.6363636363636364, 'specificity': 0.9522691705790297, 'sensitivity': 0.0811787072243346}]",0.9411255411255411,0.6578249336870027,3016,0.9508968929913879,0.004976270610759294,1984,0.040355459783055415,False,False,COMPLETE,2,False
5,0.5193001883120092,2026-07-19 18:36:37.869977,2026-07-19 18:36:59.493819,0 days 00:00:21.623842,fold_weighted_ratio,0.9832662085708743,3.1581279320827638,0.07192654401608134,4,11,5.847976393900484,50,3.583826095638039e-07,0.6585945648091645,0.7666155158579436,True,"[{'events': 10344, 'positive_fraction': 0.3857308584686775, 'roc_auc': 0.5044647146667424, 'average_precision': 0.4024151258969192, 'log_loss': 0.8035544705590886, 'brier_score': 0.2990304650455847, 'threshold': 0.5, 'accuracy': 0.4425754060324826, 'balanced_accuracy': 0.4911620410800372, 'precision': 0.37987012987012986, 'sensitivity': 0.7037593984962406, 'recall': 0.7037593984962406, 'specificity': 0.2785646836638338, 'f1': 0.4934106483921982, 'mcc': -0.01905253954199311, 'tn': 1770, 'fp': 4584, 'fn': 1182, 'tp': 2808, 'model_name': 'xgboost', 'feature_set_name': 'I_full_40', 'feature_count': 40, 'numeric_feature_count': 38, 'categorical_feature_count': 2, 'fold_id': 1, 'train_events': 62717, 'validation_events': 10344, 'train_positive_fraction': 0.5022721112298101, 'validation_positive_fraction': 0.3857308584686775, 'average_uniqueness_weighting_applied': True, 'train_sample_weight_mean': 0.9999999999999998, 'train_sample_weight_min': 0.33537416646232093, 'train_sample_weight_max': 10.396599160332254, 'validation_metrics_weighted': False, 'fit_seconds': 3.4025706999964314, 'inference_seconds': 0.05750689998967573}, {'events': 10408, 'positive_fraction': 0.46666026133743277, 'roc_auc': 0.44231984866256174, 'average_precision': 0.42959967911187746, 'log_loss': 0.7532592729409596, 'brier_score': 0.27793893599501746, 'threshold': 0.5, 'accuracy': 0.4518639508070715, 'balanced_accuracy': 0.45830294244615977, 'precision': 0.4320294966335364, 'sensitivity': 0.5548692608606135, 'recall': 0.5548692608606135, 'specificity': 0.361736624031706, 'f1': 0.48580441640378547, 'mcc': -0.08490130338099931, 'tn': 2008, 'fp': 3543, 'fn': 2162, 'tp': 2695, 'model_name': 'xgboost', 'feature_set_name': 'I_full_40', 'feature_count': 40, 'numeric_feature_count': 38, 'categorical_feature_count': 2, 'fold_id': 2, 'train_events': 73590, 'validation_events': 10408, 'train_positive_fraction': 0.4856366354124202, 'validation_positive_fraction': 0.46666026133743277, 'average_uniqueness_weighting_applied': True, 'train_sample_weight_mean': 1.0000000000000002, 'train_sample_weight_min': 0.34266121177818065, 'train_sample_weight_max': 10.622497565123911, 'validation_metrics_weighted': False, 'fit_seconds': 3.6320704000099795, 'inference_seconds': 0.05675260000862181}, {'events': 10397, 'positive_fraction': 0.7263633740502068, 'roc_auc': 0.5422274107488607, 'average_precision': 0.7669991742781433, 'log_loss': 0.7851510501738825, 'brier_score': 0.29195000281094147, 'threshold': 0.5, 'accuracy': 0.433105703568337, 'balanced_accuracy': 0.5280559299693187, 'precision': 0.7631746031746032, 'sensitivity': 0.3183262711864407, 'recall': 0.3183262711864407, 'specificity': 0.7377855887521968, 'f1': 0.4492618202205195, 'mcc': 0.05443677432067161, 'tn': 2099, 'fp': 746, 'fn': 5148, 'tp': 2404, 'model_name': 'xgboost', 'feature_set_name': 'I_full_40', 'feature_count': 40, 'numeric_feature_count': 38, 'categorical_feature_count': 2, 'fold_id': 3, 'train_events': 83825, 'validation_events': 10397, 'train_positive_fraction': 0.4746555323590814, 'validation_positive_fraction': 0.7263633740502068, 'average_uniqueness_weighting_applied': True, 'train_sample_weight_mean': 1.0, 'train_sample_weight_min': 0.3437930721380264, 'train_sample_weight_max': 10.65758523627913, 'validation_metrics_weighted': False, 'fit_seconds': 3.843750200001523, 'inference_seconds': 0.05798300000606105}, {'events': 10319, 'positive_fraction': 0.888070549471848, 'roc_auc': 0.5362493173929228, 'average_precision': 0.905346386741005, 'log_loss': 0.7356179765496759, 'brier_score': 0.2698485554653717, 'threshold': 0.5, 'accuracy': 0.49103595309623027, 'balanced_accuracy': 0.5299494445609679, 'precision': 0.9006554690700532, 'sensitivity': 0.47981230903535577, 'recall': 0.47981230903535577, 'specificity': 0.5800865800865801, 'f1': 0.6260857183539797, 'mcc': 0.03782454795410629, 'tn': 670, 'fp': 485, 'fn': 4767, 'tp': 4397, 'model_name': 'xgboost', 'feature_set_name': 'I_full_40', 'feature_count': 40, 'numeric_feature_count': 38, 'categorical_feature_count': 2, 'fold_id': 4, 'train_events': 94059, 'validation_events': 10319, 'train_positive_fraction': 0.49821920284077015, 'validation_positive_fraction': 0.888070549471848, 'average_uniqueness_weighting_applied': True, 'train_sample_weight_mean': 1.0, 'train_sample_weight_min': 0.3302478543176708, 'train_sample_weight_max': 10.237683483848098, 'validation_metrics_weighted': False, 'fit_seconds': 3.9578487999970093, 'inference_seconds': 0.0500845000060508}, {'events': 10372, 'positive_fraction': 0.5071345931353645, 'roc_auc': 0.5712396500889579, 'average_precision': 0.5645827785140023, 'log_loss': 0.7489865336416223, 'brier_score': 0.2698275992303545, 'threshold': 0.5, 'accuracy': 0.5417470111839569, 'balanced_accuracy': 0.5386305687951112, 'precision': 0.5339949041169371, 'sensitivity': 0.7570342205323194, 'recall': 0.7570342205323194, 'specificity': 0.32022691705790296, 'f1': 0.626248329008414, 'mcc': 0.08593063912530852, 'tn': 1637, 'fp': 3475, 'fn': 1278, 'tp': 3982, 'model_name': 'xgboost', 'feature_set_name': 'I_full_40', 'feature_count': 40, 'numeric_feature_count': 38, 'categorical_feature_count': 2, 'fold_id': 5, 'train_events': 107360, 'validation_events': 10372, 'train_positive_fraction': 0.5392883755588673, 'validation_positive_fraction': 0.5071345931353645, 'average_uniqueness_weighting_applied': True, 'train_sample_weight_mean': 1.0, 'train_sample_weight_min': 0.31837299323945095, 'train_sample_weight_max': 9.869562790423288, 'validation_metrics_weighted': False, 'fit_seconds': 4.491667800000869, 'inference_seconds': 0.056051900013699196}]",5,0.5712396500889579,0.6137886289083895,0.5193001883120092,0.44231984866256174,True,1057,"[{'fold_id': 1, 'true_positive': 255, 'false_positive': 306, 'true_negative': 6048, 'false_negative': 3735, 'signals': 561, 'events': 10344, 'dates': 92, 'precision': 0.45454545454545453, 'specificity': 0.9518413597733711, 'sensitivity': 0.06390977443609022}, {'fold_id': 2, 'true_positive': 296, 'false_positive': 270, 'true_negative': 5281, 'false_negative': 4561, 'signals': 566, 'events': 10408, 'dates': 91, 'precision': 0.5229681978798587, 'specificity': 0.9513601152945416, 'sensitivity': 0.06094296891085032}, {'fold_id': 3, 'true_positive': 453, 'false_positive': 141, 'true_negative': 2704, 'false_negative': 7099, 'signals': 594, 'events': 10397, 'dates': 136, 'precision': 0.7626262626262627, 'specificity': 0.950439367311072, 'sensitivity': 0.059984110169491525}, {'fold_id': 4, 'true_positive': 546, 'false_positive': 78, 'true_negative': 1077, 'false_negative': 8618, 'signals': 624, 'events': 10319, 'dates': 231, 'precision': 0.875, 'specificity': 0.9324675324675324, 'sensitivity': 0.059580969009166304}, {'fold_id': 5, 'true_positive': 409, 'false_positive': 262, 'true_negative': 4850, 'false_negative': 4851, 'signals': 671, 'events': 10372, 'dates': 288, 'precision': 0.6095380029806259, 'specificity': 0.9487480438184663, 'sensitivity': 0.07775665399239544}]",0.9324675324675324,0.6495358090185677,3016,0.9497073797402104,0.007328339020418358,1959,0.04394701847855701,False,False,COMPLETE,14,False
