number,value,datetime_start,datetime_complete,duration,params_class_weight_mode,params_colsample_bytree,params_gamma,params_learning_rate,params_max_delta_step,params_max_depth,params_min_child_weight,params_n_estimators,params_reg_alpha,params_reg_lambda,params_subsample,user_attrs_average_uniqueness_weighting,user_attrs_fold_metrics,user_attrs_folds_evaluated,user_attrs_max_roc_auc,user_attrs_mean_average_precision,user_attrs_mean_roc_auc,user_attrs_min_roc_auc,user_attrs_policy_complete,user_attrs_policy_false_positive,user_attrs_policy_fold_metrics,user_attrs_policy_min_fold_specificity,user_attrs_policy_precision,user_attrs_policy_signals,user_attrs_policy_specificity,user_attrs_policy_specificity_std,user_attrs_policy_true_positive,user_attrs_std_roc_auc,user_attrs_threshold_selected,user_attrs_validation_metrics_weighted,state,policy_selection_rank,selected_by_policy_hierarchy
10,0.5227934492043504,2026-07-19 18:37:52.562405,2026-07-19 18:38:13.591619,0 days 00:00:21.029214,fold_weighted_ratio,0.5877906125992687,2.6758232429856275,0.018637302558129572,0,8,3.1732600961867776,100,0.06038497631137781,48.34276122213323,0.6914421358691342,True,"[{'events': 10344, 'positive_fraction': 0.3857308584686775, 'roc_auc': 0.4935512964027948, 'average_precision': 0.39433104471444236, 'log_loss': 0.7332072239705042, 'brier_score': 0.2696251378922374, 'threshold': 0.5, 'accuracy': 0.42730085073472546, 'balanced_accuracy': 0.486328427300546, 'precision': 0.3772219400711021, 'sensitivity': 0.7446115288220552, 'recall': 0.7446115288220552, 'specificity': 0.22804532577903683, 'f1': 0.5007584695769425, 'mcc': -0.03122720350548829, 'tn': 1449, 'fp': 4905, 'fn': 1019, 'tp': 2971, 'model_name': 'xgboost', 'feature_set_name': 'I_full_40', 'feature_count': 40, 'numeric_feature_count': 38, 'categorical_feature_count': 2, 'fold_id': 1, 'train_events': 62717, 'validation_events': 10344, 'train_positive_fraction': 0.5022721112298101, 'validation_positive_fraction': 0.3857308584686775, 'average_uniqueness_weighting_applied': True, 'train_sample_weight_mean': 0.9999999999999998, 'train_sample_weight_min': 0.33537416646232093, 'train_sample_weight_max': 10.396599160332254, 'validation_metrics_weighted': False, 'fit_seconds': 3.239700299993274, 'inference_seconds': 0.058419599998160265}, {'events': 10408, 'positive_fraction': 0.46666026133743277, 'roc_auc': 0.4827992493066056, 'average_precision': 0.44752948402930953, 'log_loss': 0.7098584421720292, 'brier_score': 0.25814479163905063, 'threshold': 0.5, 'accuracy': 0.47818985395849345, 'balanced_accuracy': 0.48892927901929617, 'precision': 0.4583333333333333, 'sensitivity': 0.6499897055795759, 'recall': 0.6499897055795759, 'specificity': 0.32786885245901637, 'f1': 0.5375904640272456, 'mcc': -0.023348429052108127, 'tn': 1820, 'fp': 3731, 'fn': 1700, 'tp': 3157, 'model_name': 'xgboost', 'feature_set_name': 'I_full_40', 'feature_count': 40, 'numeric_feature_count': 38, 'categorical_feature_count': 2, 'fold_id': 2, 'train_events': 73590, 'validation_events': 10408, 'train_positive_fraction': 0.4856366354124202, 'validation_positive_fraction': 0.46666026133743277, 'average_uniqueness_weighting_applied': True, 'train_sample_weight_mean': 1.0000000000000002, 'train_sample_weight_min': 0.34266121177818065, 'train_sample_weight_max': 10.622497565123911, 'validation_metrics_weighted': False, 'fit_seconds': 3.3326044999994338, 'inference_seconds': 0.059671699986211024}, {'events': 10397, 'positive_fraction': 0.7263633740502068, 'roc_auc': 0.5612557154984957, 'average_precision': 0.7882387117208801, 'log_loss': 0.7284859123788645, 'brier_score': 0.2673301408925601, 'threshold': 0.5, 'accuracy': 0.4208906415312109, 'balanced_accuracy': 0.5502090252747908, 'precision': 0.8105476673427991, 'sensitivity': 0.2645656779661017, 'recall': 0.2645656779661017, 'specificity': 0.8358523725834798, 'f1': 0.39892183288409705, 'mcc': 0.10526502488049515, 'tn': 2378, 'fp': 467, 'fn': 5554, 'tp': 1998, 'model_name': 'xgboost', 'feature_set_name': 'I_full_40', 'feature_count': 40, 'numeric_feature_count': 38, 'categorical_feature_count': 2, 'fold_id': 3, 'train_events': 83825, 'validation_events': 10397, 'train_positive_fraction': 0.4746555323590814, 'validation_positive_fraction': 0.7263633740502068, 'average_uniqueness_weighting_applied': True, 'train_sample_weight_mean': 1.0, 'train_sample_weight_min': 0.3437930721380264, 'train_sample_weight_max': 10.65758523627913, 'validation_metrics_weighted': False, 'fit_seconds': 3.8247154999990016, 'inference_seconds': 0.06698019999021199}, {'events': 10319, 'positive_fraction': 0.888070549471848, 'roc_auc': 0.5209566986192914, 'average_precision': 0.9047522494668747, 'log_loss': 0.6667486807483767, 'brier_score': 0.23839593480939764, 'threshold': 0.5, 'accuracy': 0.532319023161159, 'balanced_accuracy': 0.5070351989055613, 'precision': 0.8906700288184438, 'sensitivity': 0.5396115233522479, 'recall': 0.5396115233522479, 'specificity': 0.47445887445887447, 'f1': 0.6720576243544442, 'mcc': 0.008898004152014853, 'tn': 548, 'fp': 607, 'fn': 4219, 'tp': 4945, 'model_name': 'xgboost', 'feature_set_name': 'I_full_40', 'feature_count': 40, 'numeric_feature_count': 38, 'categorical_feature_count': 2, 'fold_id': 4, 'train_events': 94059, 'validation_events': 10319, 'train_positive_fraction': 0.49821920284077015, 'validation_positive_fraction': 0.888070549471848, 'average_uniqueness_weighting_applied': True, 'train_sample_weight_mean': 1.0, 'train_sample_weight_min': 0.3302478543176708, 'train_sample_weight_max': 10.237683483848098, 'validation_metrics_weighted': False, 'fit_seconds': 3.890754399995785, 'inference_seconds': 0.057879500003764406}, {'events': 10372, 'positive_fraction': 0.5071345931353645, 'roc_auc': 0.555404286194565, 'average_precision': 0.5769392197162312, 'log_loss': 0.70963505232533, 'brier_score': 0.25783398226218696, 'threshold': 0.5, 'accuracy': 0.49527574238333977, 'balanced_accuracy': 0.4898601367393206, 'precision': 0.5013704637649381, 'sensitivity': 0.8693916349809886, 'recall': 0.8693916349809886, 'specificity': 0.11032863849765258, 'f1': 0.635978026562826, 'mcc': -0.03113153292904448, 'tn': 564, 'fp': 4548, 'fn': 687, 'tp': 4573, 'model_name': 'xgboost', 'feature_set_name': 'I_full_40', 'feature_count': 40, 'numeric_feature_count': 38, 'categorical_feature_count': 2, 'fold_id': 5, 'train_events': 107360, 'validation_events': 10372, 'train_positive_fraction': 0.5392883755588673, 'validation_positive_fraction': 0.5071345931353645, 'average_uniqueness_weighting_applied': True, 'train_sample_weight_mean': 1.0, 'train_sample_weight_min': 0.31837299323945095, 'train_sample_weight_max': 9.869562790423288, 'validation_metrics_weighted': False, 'fit_seconds': 4.374068999997689, 'inference_seconds': 0.06429380000918172}]",5,0.5612557154984957,0.6223581419295476,0.5227934492043504,0.4827992493066056,True,1029,"[{'fold_id': 1, 'true_positive': 247, 'false_positive': 314, 'true_negative': 6040, 'false_negative': 3743, 'signals': 561, 'events': 10344, 'dates': 92, 'precision': 0.44028520499108736, 'specificity': 0.9505823103556814, 'sensitivity': 0.06190476190476191}, {'fold_id': 2, 'true_positive': 295, 'false_positive': 271, 'true_negative': 5280, 'false_negative': 4562, 'signals': 566, 'events': 10408, 'dates': 91, 'precision': 0.5212014134275619, 'specificity': 0.9511799675734102, 'sensitivity': 0.060737080502367716}, {'fold_id': 3, 'true_positive': 473, 'false_positive': 121, 'true_negative': 2724, 'false_negative': 7079, 'signals': 594, 'events': 10397, 'dates': 136, 'precision': 0.7962962962962963, 'specificity': 0.957469244288225, 'sensitivity': 0.0626324152542373}, {'fold_id': 4, 'true_positive': 560, 'false_positive': 64, 'true_negative': 1091, 'false_negative': 8604, 'signals': 624, 'events': 10319, 'dates': 231, 'precision': 0.8974358974358975, 'specificity': 0.9445887445887445, 'sensitivity': 0.06110868616324749}, {'fold_id': 5, 'true_positive': 412, 'false_positive': 259, 'true_negative': 4853, 'false_negative': 4848, 'signals': 671, 'events': 10372, 'dates': 288, 'precision': 0.6140089418777943, 'specificity': 0.9493348982785602, 'sensitivity': 0.07832699619771863}]",0.9445887445887445,0.6588196286472149,3016,0.9510396345815293,0.004129262673777876,1987,0.03162538789114246,False,False,COMPLETE,1,True
11,0.5268685265098071,2026-07-19 18:38:13.822462,2026-07-19 18:38:31.920971,0 days 00:00:18.098509,none,0.703203497708313,3.831808620886339,0.07402633118738208,1,5,0.7677408535634409,150,0.0003807822583607033,0.7319963758969193,0.6189837466762094,True,"[{'events': 10344, 'positive_fraction': 0.3857308584686775, 'roc_auc': 0.49668988729298846, 'average_precision': 0.4080751486761087, 'log_loss': 0.7893769475785221, 'brier_score': 0.29444184961645525, 'threshold': 0.5, 'accuracy': 0.41850348027842227, 'balanced_accuracy': 0.4840163439760875, 'precision': 0.3761467889908257, 'sensitivity': 0.7706766917293233, 'recall': 0.7706766917293233, 'specificity': 0.19735599622285174, 'f1': 0.5055487053020962, 'mcc': -0.038224561923157915, 'tn': 1254, 'fp': 5100, 'fn': 915, 'tp': 3075, 'model_name': 'xgboost', 'feature_set_name': 'I_full_40', 'feature_count': 40, 'numeric_feature_count': 38, 'categorical_feature_count': 2, 'fold_id': 1, 'train_events': 62717, 'validation_events': 10344, 'train_positive_fraction': 0.5022721112298101, 'validation_positive_fraction': 0.3857308584686775, 'average_uniqueness_weighting_applied': True, 'train_sample_weight_mean': 0.9999999999999998, 'train_sample_weight_min': 0.33537416646232093, 'train_sample_weight_max': 10.396599160332254, 'validation_metrics_weighted': False, 'fit_seconds': 2.7271325000037905, 'inference_seconds': 0.0602937999938149}, {'events': 10408, 'positive_fraction': 0.46666026133743277, 'roc_auc': 0.450018502509921, 'average_precision': 0.43148716193583847, 'log_loss': 0.7494632123321684, 'brier_score': 0.2761873618883651, 'threshold': 0.5, 'accuracy': 0.46176018447348194, 'balanced_accuracy': 0.47275442824202935, 'precision': 0.4463179132439833, 'sensitivity': 0.6376364010706197, 'recall': 0.6376364010706197, 'specificity': 0.307872455413439, 'f1': 0.5250932519498135, 'mcc': -0.05766934165026224, 'tn': 1709, 'fp': 3842, 'fn': 1760, 'tp': 3097, 'model_name': 'xgboost', 'feature_set_name': 'I_full_40', 'feature_count': 40, 'numeric_feature_count': 38, 'categorical_feature_count': 2, 'fold_id': 2, 'train_events': 73590, 'validation_events': 10408, 'train_positive_fraction': 0.4856366354124202, 'validation_positive_fraction': 0.46666026133743277, 'average_uniqueness_weighting_applied': True, 'train_sample_weight_mean': 1.0000000000000002, 'train_sample_weight_min': 0.34266121177818065, 'train_sample_weight_max': 10.622497565123911, 'validation_metrics_weighted': False, 'fit_seconds': 2.69124090000696, 'inference_seconds': 0.04848269998910837}, {'events': 10397, 'positive_fraction': 0.7263633740502068, 'roc_auc': 0.5991116076747789, 'average_precision': 0.7980235868001798, 'log_loss': 0.7391599279278321, 'brier_score': 0.27183250216639726, 'threshold': 0.5, 'accuracy': 0.45792055400596327, 'balanced_accuracy': 0.5577345169565995, 'precision': 0.8014474512271869, 'sensitivity': 0.3372616525423729, 'recall': 0.3372616525423729, 'specificity': 0.778207381370826, 'f1': 0.47474370922646786, 'mcc': 0.11174347962791226, 'tn': 2214, 'fp': 631, 'fn': 5005, 'tp': 2547, 'model_name': 'xgboost', 'feature_set_name': 'I_full_40', 'feature_count': 40, 'numeric_feature_count': 38, 'categorical_feature_count': 2, 'fold_id': 3, 'train_events': 83825, 'validation_events': 10397, 'train_positive_fraction': 0.4746555323590814, 'validation_positive_fraction': 0.7263633740502068, 'average_uniqueness_weighting_applied': True, 'train_sample_weight_mean': 1.0, 'train_sample_weight_min': 0.3437930721380264, 'train_sample_weight_max': 10.65758523627913, 'validation_metrics_weighted': False, 'fit_seconds': 3.1485519999987446, 'inference_seconds': 0.0668524999928195}, {'events': 10319, 'positive_fraction': 0.888070549471848, 'roc_auc': 0.5087141288799952, 'average_precision': 0.9010292039708563, 'log_loss': 0.681707116062843, 'brier_score': 0.24589319656745712, 'threshold': 0.5, 'accuracy': 0.5541234615757341, 'balanced_accuracy': 0.4973678293189424, 'precision': 0.887154250806041, 'sensitivity': 0.5704932343954605, 'recall': 0.5704932343954605, 'specificity': 0.42424242424242425, 'f1': 0.6944278408713556, 'mcc': -0.00335354122928618, 'tn': 490, 'fp': 665, 'fn': 3936, 'tp': 5228, 'model_name': 'xgboost', 'feature_set_name': 'I_full_40', 'feature_count': 40, 'numeric_feature_count': 38, 'categorical_feature_count': 2, 'fold_id': 4, 'train_events': 94059, 'validation_events': 10319, 'train_positive_fraction': 0.49821920284077015, 'validation_positive_fraction': 0.888070549471848, 'average_uniqueness_weighting_applied': True, 'train_sample_weight_mean': 1.0, 'train_sample_weight_min': 0.3302478543176708, 'train_sample_weight_max': 10.237683483848098, 'validation_metrics_weighted': False, 'fit_seconds': 3.3723121999937575, 'inference_seconds': 0.05100720000336878}, {'events': 10372, 'positive_fraction': 0.5071345931353645, 'roc_auc': 0.5798085061913517, 'average_precision': 0.5865292210570678, 'log_loss': 0.8167717519482998, 'brier_score': 0.29484080044010286, 'threshold': 0.5, 'accuracy': 0.51263015811801, 'balanced_accuracy': 0.5071823101685737, 'precision': 0.5112058598447579, 'sensitivity': 0.8889733840304183, 'recall': 0.8889733840304183, 'specificity': 0.12539123630672927, 'f1': 0.6491288956757132, 'mcc': 0.022252308008333124, 'tn': 641, 'fp': 4471, 'fn': 584, 'tp': 4676, 'model_name': 'xgboost', 'feature_set_name': 'I_full_40', 'feature_count': 40, 'numeric_feature_count': 38, 'categorical_feature_count': 2, 'fold_id': 5, 'train_events': 107360, 'validation_events': 10372, 'train_positive_fraction': 0.5392883755588673, 'validation_positive_fraction': 0.5071345931353645, 'average_uniqueness_weighting_applied': True, 'train_sample_weight_mean': 1.0, 'train_sample_weight_min': 0.31837299323945095, 'train_sample_weight_max': 9.869562790423288, 'validation_metrics_weighted': False, 'fit_seconds': 3.8756319000094663, 'inference_seconds': 0.05225800001062453}]",5,0.5991116076747789,0.6250288644880102,0.5268685265098071,0.450018502509921,True,1036,"[{'fold_id': 1, 'true_positive': 261, 'false_positive': 300, 'true_negative': 6054, 'false_negative': 3729, 'signals': 561, 'events': 10344, 'dates': 92, 'precision': 0.46524064171123, 'specificity': 0.9527856468366384, 'sensitivity': 0.06541353383458647}, {'fold_id': 2, 'true_positive': 288, 'false_positive': 278, 'true_negative': 5273, 'false_negative': 4569, 'signals': 566, 'events': 10408, 'dates': 91, 'precision': 0.508833922261484, 'specificity': 0.949918933525491, 'sensitivity': 0.0592958616429895}, {'fold_id': 3, 'true_positive': 459, 'false_positive': 135, 'true_negative': 2710, 'false_negative': 7093, 'signals': 594, 'events': 10397, 'dates': 136, 'precision': 0.7727272727272727, 'specificity': 0.9525483304042179, 'sensitivity': 0.06077860169491525}, {'fold_id': 4, 'true_positive': 556, 'false_positive': 68, 'true_negative': 1087, 'false_negative': 8608, 'signals': 624, 'events': 10319, 'dates': 231, 'precision': 0.8910256410256411, 'specificity': 0.9411255411255411, 'sensitivity': 0.060672195547795724}, {'fold_id': 5, 'true_positive': 416, 'false_positive': 255, 'true_negative': 4857, 'false_negative': 4844, 'signals': 671, 'events': 10372, 'dates': 288, 'precision': 0.6199701937406855, 'specificity': 0.9501173708920188, 'sensitivity': 0.07908745247148288}]",0.9411255411255411,0.656498673740053,3016,0.9507065708711995,0.004256156307496757,1980,0.05507805884733839,False,False,COMPLETE,4,False
