number,value,datetime_start,datetime_complete,duration,params_class_weight_mode,params_colsample_bytree,params_gamma,params_learning_rate,params_max_delta_step,params_max_depth,params_min_child_weight,params_n_estimators,params_reg_alpha,params_reg_lambda,params_subsample,user_attrs_average_uniqueness_weighting,user_attrs_fold_metrics,user_attrs_folds_evaluated,user_attrs_max_roc_auc,user_attrs_mean_average_precision,user_attrs_mean_roc_auc,user_attrs_min_roc_auc,user_attrs_policy_complete,user_attrs_policy_false_positive,user_attrs_policy_fold_metrics,user_attrs_policy_min_fold_specificity,user_attrs_policy_precision,user_attrs_policy_signals,user_attrs_policy_specificity,user_attrs_policy_specificity_std,user_attrs_policy_true_positive,user_attrs_std_roc_auc,user_attrs_threshold_selected,user_attrs_validation_metrics_weighted,state,policy_selection_rank,selected_by_policy_hierarchy
12,0.5400741693764752,2026-07-19 18:38:32.179646,2026-07-19 18:38:43.276564,0 days 00:00:11.096918,fold_weighted_ratio,0.5148925941567644,2.773277538958433,0.09704539032582862,2,5,10.893968325290635,50,0.03897228135493708,6.689453084118078,0.6277916355735728,True,"[{'events': 10344, 'positive_fraction': 0.3857308584686775, 'roc_auc': 0.5002609017034244, 'average_precision': 0.40982837671147565, 'log_loss': 0.7472204075893069, 'brier_score': 0.2760470433252804, 'threshold': 0.5, 'accuracy': 0.42614075792730083, 'balanced_accuracy': 0.4830063828125555, 'precision': 0.37503210891343436, 'sensitivity': 0.731829573934837, 'recall': 0.731829573934837, 'specificity': 0.23418319169027385, 'f1': 0.49592391304347827, 'mcc': -0.038345853589782486, 'tn': 1488, 'fp': 4866, 'fn': 1070, 'tp': 2920, 'model_name': 'xgboost', 'feature_set_name': 'I_full_40', 'feature_count': 40, 'numeric_feature_count': 38, 'categorical_feature_count': 2, 'fold_id': 1, 'train_events': 62717, 'validation_events': 10344, 'train_positive_fraction': 0.5022721112298101, 'validation_positive_fraction': 0.3857308584686775, 'average_uniqueness_weighting_applied': True, 'train_sample_weight_mean': 0.9999999999999998, 'train_sample_weight_min': 0.33537416646232093, 'train_sample_weight_max': 10.396599160332254, 'validation_metrics_weighted': False, 'fit_seconds': 1.2774022999947192, 'inference_seconds': 0.038941199993132614}, {'events': 10408, 'positive_fraction': 0.46666026133743277, 'roc_auc': 0.49398274342836357, 'average_precision': 0.460565038674255, 'log_loss': 0.7172434487206292, 'brier_score': 0.26145908687960584, 'threshold': 0.5, 'accuracy': 0.4865488086087625, 'balanced_accuracy': 0.49603209529899756, 'precision': 0.4635860625093465, 'sensitivity': 0.6382540662960675, 'recall': 0.6382540662960675, 'specificity': 0.3538101243019276, 'f1': 0.5370755370755371, 'mcc': -0.008260672363233931, 'tn': 1964, 'fp': 3587, 'fn': 1757, 'tp': 3100, 'model_name': 'xgboost', 'feature_set_name': 'I_full_40', 'feature_count': 40, 'numeric_feature_count': 38, 'categorical_feature_count': 2, 'fold_id': 2, 'train_events': 73590, 'validation_events': 10408, 'train_positive_fraction': 0.4856366354124202, 'validation_positive_fraction': 0.46666026133743277, 'average_uniqueness_weighting_applied': True, 'train_sample_weight_mean': 1.0000000000000002, 'train_sample_weight_min': 0.34266121177818065, 'train_sample_weight_max': 10.622497565123911, 'validation_metrics_weighted': False, 'fit_seconds': 1.747021199989831, 'inference_seconds': 0.046146099994075485}, {'events': 10397, 'positive_fraction': 0.7263633740502068, 'roc_auc': 0.6173895670742605, 'average_precision': 0.8105618622444131, 'log_loss': 0.7569307447245545, 'brier_score': 0.28104140984136994, 'threshold': 0.5, 'accuracy': 0.4061748581321535, 'balanced_accuracy': 0.5542098276786512, 'precision': 0.8354430379746836, 'sensitivity': 0.22722457627118645, 'recall': 0.22722457627118645, 'specificity': 0.8811950790861159, 'f1': 0.35727670206121176, 'mcc': 0.12140003361871762, 'tn': 2507, 'fp': 338, 'fn': 5836, 'tp': 1716, 'model_name': 'xgboost', 'feature_set_name': 'I_full_40', 'feature_count': 40, 'numeric_feature_count': 38, 'categorical_feature_count': 2, 'fold_id': 3, 'train_events': 83825, 'validation_events': 10397, 'train_positive_fraction': 0.4746555323590814, 'validation_positive_fraction': 0.7263633740502068, 'average_uniqueness_weighting_applied': True, 'train_sample_weight_mean': 1.0, 'train_sample_weight_min': 0.3437930721380264, 'train_sample_weight_max': 10.65758523627913, 'validation_metrics_weighted': False, 'fit_seconds': 1.6855081999965478, 'inference_seconds': 0.04366460000164807}, {'events': 10319, 'positive_fraction': 0.888070549471848, 'roc_auc': 0.5111048597844757, 'average_precision': 0.9036429871191732, 'log_loss': 0.7063317934701616, 'brier_score': 0.258047908890315, 'threshold': 0.5, 'accuracy': 0.5034402558387441, 'balanced_accuracy': 0.5233130865933135, 'precision': 0.8974813065722157, 'sensitivity': 0.49770842426887824, 'recall': 0.49770842426887824, 'specificity': 0.5489177489177489, 'f1': 0.6403200898497824, 'mcc': 0.029403883104632947, 'tn': 634, 'fp': 521, 'fn': 4603, 'tp': 4561, 'model_name': 'xgboost', 'feature_set_name': 'I_full_40', 'feature_count': 40, 'numeric_feature_count': 38, 'categorical_feature_count': 2, 'fold_id': 4, 'train_events': 94059, 'validation_events': 10319, 'train_positive_fraction': 0.49821920284077015, 'validation_positive_fraction': 0.888070549471848, 'average_uniqueness_weighting_applied': True, 'train_sample_weight_mean': 1.0, 'train_sample_weight_min': 0.3302478543176708, 'train_sample_weight_max': 10.237683483848098, 'validation_metrics_weighted': False, 'fit_seconds': 2.0364281000074698, 'inference_seconds': 0.040266999989398755}, {'events': 10372, 'positive_fraction': 0.5071345931353645, 'roc_auc': 0.5776327748918522, 'average_precision': 0.5968790954007888, 'log_loss': 0.733711065474632, 'brier_score': 0.2671661630351667, 'threshold': 0.5, 'accuracy': 0.5164866949479368, 'balanced_accuracy': 0.511991839078408, 'precision': 0.514488468361916, 'sensitivity': 0.8269961977186312, 'recall': 0.8269961977186312, 'specificity': 0.19698748043818468, 'f1': 0.6343419613561794, 'mcc': 0.030891302472380287, 'tn': 1007, 'fp': 4105, 'fn': 910, 'tp': 4350, 'model_name': 'xgboost', 'feature_set_name': 'I_full_40', 'feature_count': 40, 'numeric_feature_count': 38, 'categorical_feature_count': 2, 'fold_id': 5, 'train_events': 107360, 'validation_events': 10372, 'train_positive_fraction': 0.5392883755588673, 'validation_positive_fraction': 0.5071345931353645, 'average_uniqueness_weighting_applied': True, 'train_sample_weight_mean': 1.0, 'train_sample_weight_min': 0.31837299323945095, 'train_sample_weight_max': 9.869562790423288, 'validation_metrics_weighted': False, 'fit_seconds': 2.186655299999984, 'inference_seconds': 0.039784699998563156}]",5,0.6173895670742605,0.6362954720300211,0.5400741693764752,0.49398274342836357,True,1085,"[{'fold_id': 1, 'true_positive': 232, 'false_positive': 329, 'true_negative': 6025, 'false_negative': 3758, 'signals': 561, 'events': 10344, 'dates': 92, 'precision': 0.41354723707664887, 'specificity': 0.9482215926975134, 'sensitivity': 0.058145363408521306}, {'fold_id': 2, 'true_positive': 275, 'false_positive': 291, 'true_negative': 5260, 'false_negative': 4582, 'signals': 566, 'events': 10408, 'dates': 91, 'precision': 0.48586572438162545, 'specificity': 0.9475770131507837, 'sensitivity': 0.056619312332715666}, {'fold_id': 3, 'true_positive': 463, 'false_positive': 131, 'true_negative': 2714, 'false_negative': 7089, 'signals': 594, 'events': 10397, 'dates': 136, 'precision': 0.7794612794612794, 'specificity': 0.9539543057996485, 'sensitivity': 0.06130826271186441}, {'fold_id': 4, 'true_positive': 553, 'false_positive': 71, 'true_negative': 1084, 'false_negative': 8611, 'signals': 624, 'events': 10319, 'dates': 231, 'precision': 0.8862179487179487, 'specificity': 0.9385281385281385, 'sensitivity': 0.0603448275862069}, {'fold_id': 5, 'true_positive': 408, 'false_positive': 263, 'true_negative': 4849, 'false_negative': 4852, 'signals': 671, 'events': 10372, 'dates': 288, 'precision': 0.6080476900149031, 'specificity': 0.9485524256651017, 'sensitivity': 0.07756653992395438}]",0.9385281385281385,0.6402519893899205,3016,0.9483751248988914,0.004973886560062546,1931,0.04886114263174732,False,False,COMPLETE,25,False
13,0.5226260473437445,2026-07-19 18:38:43.476032,2026-07-19 18:38:54.738138,0 days 00:00:11.262106,fold_weighted_ratio,0.727898928312688,1.6567832161482734,0.1714945160435956,2,5,14.972850909131667,50,1.8164680047878659,7.0654952758816405,0.6346176939891819,True,"[{'events': 10344, 'positive_fraction': 0.3857308584686775, 'roc_auc': 0.47456996283595354, 'average_precision': 0.3828991375028484, 'log_loss': 0.7761757798157275, 'brier_score': 0.28862781686900874, 'threshold': 0.5, 'accuracy': 0.42788089713843774, 'balanced_accuracy': 0.47425906598412937, 'precision': 0.3685215493726132, 'sensitivity': 0.6771929824561403, 'recall': 0.6771929824561403, 'specificity': 0.27132514951211834, 'f1': 0.4773008302420067, 'mcc': -0.055160175360225765, 'tn': 1724, 'fp': 4630, 'fn': 1288, 'tp': 2702, 'model_name': 'xgboost', 'feature_set_name': 'I_full_40', 'feature_count': 40, 'numeric_feature_count': 38, 'categorical_feature_count': 2, 'fold_id': 1, 'train_events': 62717, 'validation_events': 10344, 'train_positive_fraction': 0.5022721112298101, 'validation_positive_fraction': 0.3857308584686775, 'average_uniqueness_weighting_applied': True, 'train_sample_weight_mean': 0.9999999999999998, 'train_sample_weight_min': 0.33537416646232093, 'train_sample_weight_max': 10.396599160332254, 'validation_metrics_weighted': False, 'fit_seconds': 1.2873037999961525, 'inference_seconds': 0.037587800004985183}, {'events': 10408, 'positive_fraction': 0.46666026133743277, 'roc_auc': 0.4788518184664359, 'average_precision': 0.4511996437974998, 'log_loss': 0.7405677453947905, 'brier_score': 0.2717967803884382, 'threshold': 0.5, 'accuracy': 0.47578785549577246, 'balanced_accuracy': 0.48760409724980047, 'precision': 0.4575598696329885, 'sensitivity': 0.6648136709903233, 'recall': 0.6648136709903233, 'specificity': 0.3103945235092776, 'f1': 0.5420513681383247, 'mcc': -0.026471621763557215, 'tn': 1723, 'fp': 3828, 'fn': 1628, 'tp': 3229, 'model_name': 'xgboost', 'feature_set_name': 'I_full_40', 'feature_count': 40, 'numeric_feature_count': 38, 'categorical_feature_count': 2, 'fold_id': 2, 'train_events': 73590, 'validation_events': 10408, 'train_positive_fraction': 0.4856366354124202, 'validation_positive_fraction': 0.46666026133743277, 'average_uniqueness_weighting_applied': True, 'train_sample_weight_mean': 1.0000000000000002, 'train_sample_weight_min': 0.34266121177818065, 'train_sample_weight_max': 10.622497565123911, 'validation_metrics_weighted': False, 'fit_seconds': 1.6922564999986207, 'inference_seconds': 0.04782130000239704}, {'events': 10397, 'positive_fraction': 0.7263633740502068, 'roc_auc': 0.5818225970703881, 'average_precision': 0.7932379742539506, 'log_loss': 0.7732480076641283, 'brier_score': 0.2876681403925961, 'threshold': 0.5, 'accuracy': 0.41194575358276425, 'balanced_accuracy': 0.5424086264931042, 'precision': 0.7993338884263114, 'sensitivity': 0.2542372881355932, 'recall': 0.2542372881355932, 'specificity': 0.8305799648506151, 'f1': 0.3857745629897529, 'mcc': 0.08971407694541492, 'tn': 2363, 'fp': 482, 'fn': 5632, 'tp': 1920, 'model_name': 'xgboost', 'feature_set_name': 'I_full_40', 'feature_count': 40, 'numeric_feature_count': 38, 'categorical_feature_count': 2, 'fold_id': 3, 'train_events': 83825, 'validation_events': 10397, 'train_positive_fraction': 0.4746555323590814, 'validation_positive_fraction': 0.7263633740502068, 'average_uniqueness_weighting_applied': True, 'train_sample_weight_mean': 1.0, 'train_sample_weight_min': 0.3437930721380264, 'train_sample_weight_max': 10.65758523627913, 'validation_metrics_weighted': False, 'fit_seconds': 1.718699299992295, 'inference_seconds': 0.042224199991323985}, {'events': 10319, 'positive_fraction': 0.888070549471848, 'roc_auc': 0.5081077659427725, 'average_precision': 0.9026126376643384, 'log_loss': 0.6959192121097438, 'brier_score': 0.25269208204105303, 'threshold': 0.5, 'accuracy': 0.543754239751914, 'balanced_accuracy': 0.5127167572715369, 'precision': 0.8926683115967572, 'sensitivity': 0.552706241815801, 'recall': 0.552706241815801, 'specificity': 0.4727272727272727, 'f1': 0.6827065642269847, 'mcc': 0.016117674654077516, 'tn': 546, 'fp': 609, 'fn': 4099, 'tp': 5065, 'model_name': 'xgboost', 'feature_set_name': 'I_full_40', 'feature_count': 40, 'numeric_feature_count': 38, 'categorical_feature_count': 2, 'fold_id': 4, 'train_events': 94059, 'validation_events': 10319, 'train_positive_fraction': 0.49821920284077015, 'validation_positive_fraction': 0.888070549471848, 'average_uniqueness_weighting_applied': True, 'train_sample_weight_mean': 1.0, 'train_sample_weight_min': 0.3302478543176708, 'train_sample_weight_max': 10.237683483848098, 'validation_metrics_weighted': False, 'fit_seconds': 1.9910963000002084, 'inference_seconds': 0.04863739998836536}, {'events': 10372, 'positive_fraction': 0.5071345931353645, 'roc_auc': 0.5697780924031728, 'average_precision': 0.5813468417934317, 'log_loss': 0.765872821613662, 'brier_score': 0.27747072958509816, 'threshold': 0.5, 'accuracy': 0.5215966062475896, 'balanced_accuracy': 0.5175885265118383, 'precision': 0.5183905208590471, 'sensitivity': 0.7984790874524715, 'recall': 0.7984790874524715, 'specificity': 0.236697965571205, 'f1': 0.6286484059272563, 'mcc': 0.04253424223016907, 'tn': 1210, 'fp': 3902, 'fn': 1060, 'tp': 4200, 'model_name': 'xgboost', 'feature_set_name': 'I_full_40', 'feature_count': 40, 'numeric_feature_count': 38, 'categorical_feature_count': 2, 'fold_id': 5, 'train_events': 107360, 'validation_events': 10372, 'train_positive_fraction': 0.5392883755588673, 'validation_positive_fraction': 0.5071345931353645, 'average_uniqueness_weighting_applied': True, 'train_sample_weight_mean': 1.0, 'train_sample_weight_min': 0.31837299323945095, 'train_sample_weight_max': 9.869562790423288, 'validation_metrics_weighted': False, 'fit_seconds': 2.276338499999838, 'inference_seconds': 0.04103419999592006}]",5,0.5818225970703881,0.6222592470024139,0.5226260473437445,0.47456996283595354,True,1057,"[{'fold_id': 1, 'true_positive': 244, 'false_positive': 317, 'true_negative': 6037, 'false_negative': 3746, 'signals': 561, 'events': 10344, 'dates': 92, 'precision': 0.43493761140819964, 'specificity': 0.9501101668240478, 'sensitivity': 0.061152882205513785}, {'fold_id': 2, 'true_positive': 301, 'false_positive': 265, 'true_negative': 5286, 'false_negative': 4556, 'signals': 566, 'events': 10408, 'dates': 91, 'precision': 0.5318021201413428, 'specificity': 0.9522608539001982, 'sensitivity': 0.06197241095326333}, {'fold_id': 3, 'true_positive': 448, 'false_positive': 146, 'true_negative': 2699, 'false_negative': 7104, 'signals': 594, 'events': 10397, 'dates': 136, 'precision': 0.7542087542087542, 'specificity': 0.9486818980667838, 'sensitivity': 0.059322033898305086}, {'fold_id': 4, 'true_positive': 547, 'false_positive': 77, 'true_negative': 1078, 'false_negative': 8617, 'signals': 624, 'events': 10319, 'dates': 231, 'precision': 0.8766025641025641, 'specificity': 0.9333333333333333, 'sensitivity': 0.05969009166302924}, {'fold_id': 5, 'true_positive': 419, 'false_positive': 252, 'true_negative': 4860, 'false_negative': 4841, 'signals': 671, 'events': 10372, 'dates': 288, 'precision': 0.624441132637854, 'specificity': 0.9507042253521126, 'sensitivity': 0.07965779467680609}]",0.9333333333333333,0.6495358090185677,3016,0.9497073797402104,0.006937952558816628,1959,0.04508635651654743,False,False,COMPLETE,13,False
