number,value,datetime_start,datetime_complete,duration,params_class_weight_mode,params_colsample_bytree,params_gamma,params_learning_rate,params_max_delta_step,params_max_depth,params_min_child_weight,params_n_estimators,params_reg_alpha,params_reg_lambda,params_subsample,user_attrs_average_uniqueness_weighting,user_attrs_fold_metrics,user_attrs_folds_evaluated,user_attrs_max_roc_auc,user_attrs_mean_average_precision,user_attrs_mean_roc_auc,user_attrs_min_roc_auc,user_attrs_policy_complete,user_attrs_policy_false_positive,user_attrs_policy_fold_metrics,user_attrs_policy_min_fold_specificity,user_attrs_policy_precision,user_attrs_policy_signals,user_attrs_policy_specificity,user_attrs_policy_specificity_std,user_attrs_policy_true_positive,user_attrs_std_roc_auc,user_attrs_threshold_selected,user_attrs_validation_metrics_weighted,state,policy_selection_rank,selected_by_policy_hierarchy
22,0.5353164747926034,2026-07-19 18:40:28.588785,2026-07-19 18:40:40.165664,0 days 00:00:11.576879,fold_weighted_ratio,0.5432409639748771,3.396247018497024,0.08981584101799607,2,5,7.007056132238108,50,0.20971213053996787,0.5587144012711984,0.6487916728331423,True,"[{'events': 10344, 'positive_fraction': 0.3857308584686775, 'roc_auc': 0.4881143881106607, 'average_precision': 0.40693800873710434, 'log_loss': 0.7559673390584591, 'brier_score': 0.28017309395119416, 'threshold': 0.5, 'accuracy': 0.4258507347254447, 'balanced_accuracy': 0.4795533451191719, 'precision': 0.37263102862370934, 'sensitivity': 0.7145363408521304, 'recall': 0.7145363408521304, 'specificity': 0.24457034938621341, 'f1': 0.4898204621596083, 'mcc': -0.04536125250099856, 'tn': 1554, 'fp': 4800, 'fn': 1139, 'tp': 2851, 'model_name': 'xgboost', 'feature_set_name': 'I_full_40', 'feature_count': 40, 'numeric_feature_count': 38, 'categorical_feature_count': 2, 'fold_id': 1, 'train_events': 62717, 'validation_events': 10344, 'train_positive_fraction': 0.5022721112298101, 'validation_positive_fraction': 0.3857308584686775, 'average_uniqueness_weighting_applied': True, 'train_sample_weight_mean': 0.9999999999999998, 'train_sample_weight_min': 0.33537416646232093, 'train_sample_weight_max': 10.396599160332254, 'validation_metrics_weighted': False, 'fit_seconds': 1.380418999993708, 'inference_seconds': 0.04123930000059772}, {'events': 10408, 'positive_fraction': 0.46666026133743277, 'roc_auc': 0.488783588212501, 'average_precision': 0.45823524463699294, 'log_loss': 0.7160995446697033, 'brier_score': 0.26095622308393457, 'threshold': 0.5, 'accuracy': 0.48232129131437357, 'balanced_accuracy': 0.4894561656679539, 'precision': 0.45802371541501974, 'sensitivity': 0.5964587193740992, 'recall': 0.5964587193740992, 'specificity': 0.38245361196180866, 'f1': 0.518154176354856, 'mcc': -0.02154657670204163, 'tn': 2123, 'fp': 3428, 'fn': 1960, 'tp': 2897, 'model_name': 'xgboost', 'feature_set_name': 'I_full_40', 'feature_count': 40, 'numeric_feature_count': 38, 'categorical_feature_count': 2, 'fold_id': 2, 'train_events': 73590, 'validation_events': 10408, 'train_positive_fraction': 0.4856366354124202, 'validation_positive_fraction': 0.46666026133743277, 'average_uniqueness_weighting_applied': True, 'train_sample_weight_mean': 1.0000000000000002, 'train_sample_weight_min': 0.34266121177818065, 'train_sample_weight_max': 10.622497565123911, 'validation_metrics_weighted': False, 'fit_seconds': 1.7522626999998465, 'inference_seconds': 0.04168690000369679}, {'events': 10397, 'positive_fraction': 0.7263633740502068, 'roc_auc': 0.5995758290265408, 'average_precision': 0.8013556151643341, 'log_loss': 0.7486192988372282, 'brier_score': 0.2769727811155394, 'threshold': 0.5, 'accuracy': 0.417524285851688, 'balanced_accuracy': 0.5505207014610825, 'precision': 0.8140218303946264, 'sensitivity': 0.2567531779661017, 'recall': 0.2567531779661017, 'specificity': 0.8442882249560633, 'f1': 0.39037648479967785, 'mcc': 0.10718866246744753, 'tn': 2402, 'fp': 443, 'fn': 5613, 'tp': 1939, 'model_name': 'xgboost', 'feature_set_name': 'I_full_40', 'feature_count': 40, 'numeric_feature_count': 38, 'categorical_feature_count': 2, 'fold_id': 3, 'train_events': 83825, 'validation_events': 10397, 'train_positive_fraction': 0.4746555323590814, 'validation_positive_fraction': 0.7263633740502068, 'average_uniqueness_weighting_applied': True, 'train_sample_weight_mean': 1.0, 'train_sample_weight_min': 0.3437930721380264, 'train_sample_weight_max': 10.65758523627913, 'validation_metrics_weighted': False, 'fit_seconds': 1.6782366999977967, 'inference_seconds': 0.04177670000353828}, {'events': 10319, 'positive_fraction': 0.888070549471848, 'roc_auc': 0.5163607925611418, 'average_precision': 0.9033214347262823, 'log_loss': 0.6912351471599019, 'brier_score': 0.25085487471883705, 'threshold': 0.5, 'accuracy': 0.5219498013373389, 'balanced_accuracy': 0.5204924313283108, 'precision': 0.8959386112670784, 'sensitivity': 0.5223701440419031, 'recall': 0.5223701440419031, 'specificity': 0.5186147186147186, 'f1': 0.6599572620114428, 'mcc': 0.02585974532595954, 'tn': 599, 'fp': 556, 'fn': 4377, 'tp': 4787, 'model_name': 'xgboost', 'feature_set_name': 'I_full_40', 'feature_count': 40, 'numeric_feature_count': 38, 'categorical_feature_count': 2, 'fold_id': 4, 'train_events': 94059, 'validation_events': 10319, 'train_positive_fraction': 0.49821920284077015, 'validation_positive_fraction': 0.888070549471848, 'average_uniqueness_weighting_applied': True, 'train_sample_weight_mean': 1.0, 'train_sample_weight_min': 0.3302478543176708, 'train_sample_weight_max': 10.237683483848098, 'validation_metrics_weighted': False, 'fit_seconds': 1.9997838999988744, 'inference_seconds': 0.04423559999850113}, {'events': 10372, 'positive_fraction': 0.5071345931353645, 'roc_auc': 0.5837477760521728, 'average_precision': 0.5925489377231488, 'log_loss': 0.7321759123908127, 'brier_score': 0.26607909076528075, 'threshold': 0.5, 'accuracy': 0.5293096799074432, 'balanced_accuracy': 0.5250499830414681, 'precision': 0.5228095582910934, 'sensitivity': 0.823574144486692, 'recall': 0.823574144486692, 'specificity': 0.22652582159624413, 'f1': 0.6395984054333382, 'mcc': 0.06248792592619519, 'tn': 1158, 'fp': 3954, 'fn': 928, 'tp': 4332, 'model_name': 'xgboost', 'feature_set_name': 'I_full_40', 'feature_count': 40, 'numeric_feature_count': 38, 'categorical_feature_count': 2, 'fold_id': 5, 'train_events': 107360, 'validation_events': 10372, 'train_positive_fraction': 0.5392883755588673, 'validation_positive_fraction': 0.5071345931353645, 'average_uniqueness_weighting_applied': True, 'train_sample_weight_mean': 1.0, 'train_sample_weight_min': 0.31837299323945095, 'train_sample_weight_max': 9.869562790423288, 'validation_metrics_weighted': False, 'fit_seconds': 2.3919680999970296, 'inference_seconds': 0.04649769999377895}]",5,0.5995758290265408,0.6324798481975724,0.5353164747926034,0.4881143881106607,True,1055,"[{'fold_id': 1, 'true_positive': 241, 'false_positive': 320, 'true_negative': 6034, 'false_negative': 3749, 'signals': 561, 'events': 10344, 'dates': 92, 'precision': 0.4295900178253119, 'specificity': 0.9496380232924142, 'sensitivity': 0.060401002506265664}, {'fold_id': 2, 'true_positive': 292, 'false_positive': 274, 'true_negative': 5277, 'false_negative': 4565, 'signals': 566, 'events': 10408, 'dates': 91, 'precision': 0.5159010600706714, 'specificity': 0.9506395244100162, 'sensitivity': 0.060119415276919906}, {'fold_id': 3, 'true_positive': 466, 'false_positive': 128, 'true_negative': 2717, 'false_negative': 7086, 'signals': 594, 'events': 10397, 'dates': 136, 'precision': 0.7845117845117845, 'specificity': 0.9550087873462214, 'sensitivity': 0.06170550847457627}, {'fold_id': 4, 'true_positive': 555, 'false_positive': 69, 'true_negative': 1086, 'false_negative': 8609, 'signals': 624, 'events': 10319, 'dates': 231, 'precision': 0.8894230769230769, 'specificity': 0.9402597402597402, 'sensitivity': 0.06056307289393278}, {'fold_id': 5, 'true_positive': 407, 'false_positive': 264, 'true_negative': 4848, 'false_negative': 4853, 'signals': 671, 'events': 10372, 'dates': 288, 'precision': 0.6065573770491803, 'specificity': 0.9483568075117371, 'sensitivity': 0.07737642585551331}]",0.9402597402597402,0.6501989389920424,3016,0.9498025408003045,0.004811771878792726,1961,0.0473867491134901,False,False,COMPLETE,12,False
23,0.5422394286373509,2026-07-19 18:40:40.492382,2026-07-19 18:40:51.393782,0 days 00:00:10.901400,fold_weighted_ratio,0.5725331818881692,3.7191194538005115,0.15601935594232072,2,5,6.574765264604336,50,0.588509696533379,0.15932303405909207,0.6285883238476777,True,"[{'events': 10344, 'positive_fraction': 0.3857308584686775, 'roc_auc': 0.5094991965276743, 'average_precision': 0.4167587549821078, 'log_loss': 0.7635193551893454, 'brier_score': 0.28285922591766177, 'threshold': 0.5, 'accuracy': 0.44035189481825215, 'balanced_accuracy': 0.49061097029637357, 'precision': 0.3795688847235239, 'sensitivity': 0.7105263157894737, 'recall': 0.7105263157894737, 'specificity': 0.2706956248032735, 'f1': 0.49480757483200977, 'mcc': -0.020403778842150964, 'tn': 1720, 'fp': 4634, 'fn': 1155, 'tp': 2835, 'model_name': 'xgboost', 'feature_set_name': 'I_full_40', 'feature_count': 40, 'numeric_feature_count': 38, 'categorical_feature_count': 2, 'fold_id': 1, 'train_events': 62717, 'validation_events': 10344, 'train_positive_fraction': 0.5022721112298101, 'validation_positive_fraction': 0.3857308584686775, 'average_uniqueness_weighting_applied': True, 'train_sample_weight_mean': 0.9999999999999998, 'train_sample_weight_min': 0.33537416646232093, 'train_sample_weight_max': 10.396599160332254, 'validation_metrics_weighted': False, 'fit_seconds': 1.2769722000084585, 'inference_seconds': 0.0364560000016354}, {'events': 10408, 'positive_fraction': 0.46666026133743277, 'roc_auc': 0.4634986482615559, 'average_precision': 0.44590742345877266, 'log_loss': 0.7335161230086049, 'brier_score': 0.26906683973685325, 'threshold': 0.5, 'accuracy': 0.4621445042275173, 'balanced_accuracy': 0.4705406549491645, 'precision': 0.4433052792654935, 'sensitivity': 0.5964587193740992, 'recall': 0.5964587193740992, 'specificity': 0.3446225905242299, 'f1': 0.5086025280898876, 'mcc': -0.060810168087298236, 'tn': 1913, 'fp': 3638, 'fn': 1960, 'tp': 2897, 'model_name': 'xgboost', 'feature_set_name': 'I_full_40', 'feature_count': 40, 'numeric_feature_count': 38, 'categorical_feature_count': 2, 'fold_id': 2, 'train_events': 73590, 'validation_events': 10408, 'train_positive_fraction': 0.4856366354124202, 'validation_positive_fraction': 0.46666026133743277, 'average_uniqueness_weighting_applied': True, 'train_sample_weight_mean': 1.0000000000000002, 'train_sample_weight_min': 0.34266121177818065, 'train_sample_weight_max': 10.622497565123911, 'validation_metrics_weighted': False, 'fit_seconds': 1.7328660000057425, 'inference_seconds': 0.045088300001225434}, {'events': 10397, 'positive_fraction': 0.7263633740502068, 'roc_auc': 0.611757404083882, 'average_precision': 0.7988519440513143, 'log_loss': 0.7418107832687907, 'brier_score': 0.27312694838073465, 'threshold': 0.5, 'accuracy': 0.4514763874194479, 'balanced_accuracy': 0.5555989311831641, 'precision': 0.8012381883349625, 'sensitivity': 0.3256091101694915, 'recall': 0.3256091101694915, 'specificity': 0.7855887521968365, 'f1': 0.4630449110253272, 'mcc': 0.10868694709710061, 'tn': 2235, 'fp': 610, 'fn': 5093, 'tp': 2459, 'model_name': 'xgboost', 'feature_set_name': 'I_full_40', 'feature_count': 40, 'numeric_feature_count': 38, 'categorical_feature_count': 2, 'fold_id': 3, 'train_events': 83825, 'validation_events': 10397, 'train_positive_fraction': 0.4746555323590814, 'validation_positive_fraction': 0.7263633740502068, 'average_uniqueness_weighting_applied': True, 'train_sample_weight_mean': 1.0, 'train_sample_weight_min': 0.3437930721380264, 'train_sample_weight_max': 10.65758523627913, 'validation_metrics_weighted': False, 'fit_seconds': 1.666995899999165, 'inference_seconds': 0.042600400003721006}, {'events': 10319, 'positive_fraction': 0.888070549471848, 'roc_auc': 0.5434158413970722, 'average_precision': 0.9084623477100213, 'log_loss': 0.732068682335864, 'brier_score': 0.2690351651888417, 'threshold': 0.5, 'accuracy': 0.49491229770326584, 'balanced_accuracy': 0.5431037317113266, 'precision': 0.90625, 'sensitivity': 0.4810126582278481, 'recall': 0.4810126582278481, 'specificity': 0.6051948051948052, 'f1': 0.628457370972341, 'mcc': 0.05444828917956684, 'tn': 699, 'fp': 456, 'fn': 4756, 'tp': 4408, 'model_name': 'xgboost', 'feature_set_name': 'I_full_40', 'feature_count': 40, 'numeric_feature_count': 38, 'categorical_feature_count': 2, 'fold_id': 4, 'train_events': 94059, 'validation_events': 10319, 'train_positive_fraction': 0.49821920284077015, 'validation_positive_fraction': 0.888070549471848, 'average_uniqueness_weighting_applied': True, 'train_sample_weight_mean': 1.0, 'train_sample_weight_min': 0.3302478543176708, 'train_sample_weight_max': 10.237683483848098, 'validation_metrics_weighted': False, 'fit_seconds': 2.0098462000023574, 'inference_seconds': 0.044259800008148886}, {'events': 10372, 'positive_fraction': 0.5071345931353645, 'roc_auc': 0.58302605291657, 'average_precision': 0.5858112033205012, 'log_loss': 0.7733253106076993, 'brier_score': 0.27901462996157633, 'threshold': 0.5, 'accuracy': 0.5274778249132279, 'balanced_accuracy': 0.5235824006140773, 'precision': 0.5223787557661139, 'sensitivity': 0.7965779467680608, 'recall': 0.7965779467680608, 'specificity': 0.2505868544600939, 'f1': 0.6309765830886228, 'mcc': 0.056320399974302195, 'tn': 1281, 'fp': 3831, 'fn': 1070, 'tp': 4190, 'model_name': 'xgboost', 'feature_set_name': 'I_full_40', 'feature_count': 40, 'numeric_feature_count': 38, 'categorical_feature_count': 2, 'fold_id': 5, 'train_events': 107360, 'validation_events': 10372, 'train_positive_fraction': 0.5392883755588673, 'validation_positive_fraction': 0.5071345931353645, 'average_uniqueness_weighting_applied': True, 'train_sample_weight_mean': 1.0, 'train_sample_weight_min': 0.31837299323945095, 'train_sample_weight_max': 9.869562790423288, 'validation_metrics_weighted': False, 'fit_seconds': 2.111667999997735, 'inference_seconds': 0.04235279999556951}]",5,0.611757404083882,0.6311583347045435,0.5422394286373509,0.4634986482615559,True,1072,"[{'fold_id': 1, 'true_positive': 241, 'false_positive': 320, 'true_negative': 6034, 'false_negative': 3749, 'signals': 561, 'events': 10344, 'dates': 92, 'precision': 0.4295900178253119, 'specificity': 0.9496380232924142, 'sensitivity': 0.060401002506265664}, {'fold_id': 2, 'true_positive': 286, 'false_positive': 280, 'true_negative': 5271, 'false_negative': 4571, 'signals': 566, 'events': 10408, 'dates': 91, 'precision': 0.5053003533568905, 'specificity': 0.9495586380832283, 'sensitivity': 0.058884084826024294}, {'fold_id': 3, 'true_positive': 454, 'false_positive': 140, 'true_negative': 2705, 'false_negative': 7098, 'signals': 594, 'events': 10397, 'dates': 136, 'precision': 0.7643097643097643, 'specificity': 0.9507908611599297, 'sensitivity': 0.06011652542372881}, {'fold_id': 4, 'true_positive': 550, 'false_positive': 74, 'true_negative': 1081, 'false_negative': 8614, 'signals': 624, 'events': 10319, 'dates': 231, 'precision': 0.8814102564102564, 'specificity': 0.935930735930736, 'sensitivity': 0.06001745962461807}, {'fold_id': 5, 'true_positive': 413, 'false_positive': 258, 'true_negative': 4854, 'false_negative': 4847, 'signals': 671, 'events': 10372, 'dates': 288, 'precision': 0.6154992548435171, 'specificity': 0.9495305164319249, 'sensitivity': 0.07851711026615969}]",0.935930735930736,0.6445623342175066,3016,0.9489936717895038,0.005599433270101802,1944,0.05247802372430692,False,False,COMPLETE,18,False
