number,value,datetime_start,datetime_complete,duration,params_class_weight_mode,params_colsample_bytree,params_gamma,params_learning_rate,params_max_delta_step,params_max_depth,params_min_child_weight,params_n_estimators,params_reg_alpha,params_reg_lambda,params_subsample,user_attrs_average_uniqueness_weighting,user_attrs_fold_metrics,user_attrs_folds_evaluated,user_attrs_max_roc_auc,user_attrs_mean_average_precision,user_attrs_mean_roc_auc,user_attrs_min_roc_auc,user_attrs_policy_complete,user_attrs_policy_false_positive,user_attrs_policy_fold_metrics,user_attrs_policy_min_fold_specificity,user_attrs_policy_precision,user_attrs_policy_signals,user_attrs_policy_specificity,user_attrs_policy_specificity_std,user_attrs_policy_true_positive,user_attrs_std_roc_auc,user_attrs_threshold_selected,user_attrs_validation_metrics_weighted,state,policy_selection_rank,selected_by_policy_hierarchy
26,0.5456230605140748,2026-07-19 18:41:15.895943,2026-07-19 18:41:27.915153,0 days 00:00:12.019210,fold_weighted_ratio,0.6849018379326975,4.911286743954799,0.14288233150472937,3,3,18.381867542066114,100,0.1102171999986443,0.7662549324995056,0.8188510078494289,True,"[{'events': 10344, 'positive_fraction': 0.3857308584686775, 'roc_auc': 0.49256472547437213, 'average_precision': 0.39257670797522987, 'log_loss': 0.7614007948739939, 'brier_score': 0.2822921971127277, 'threshold': 0.5, 'accuracy': 0.4316511987625677, 'balanced_accuracy': 0.4836220627110742, 'precision': 0.3751156948300939, 'sensitivity': 0.7110275689223058, 'recall': 0.7110275689223058, 'specificity': 0.2562165564998426, 'f1': 0.4911278455812343, 'mcc': -0.035962651792717806, 'tn': 1628, 'fp': 4726, 'fn': 1153, 'tp': 2837, 'model_name': 'xgboost', 'feature_set_name': 'I_full_40', 'feature_count': 40, 'numeric_feature_count': 38, 'categorical_feature_count': 2, 'fold_id': 1, 'train_events': 62717, 'validation_events': 10344, 'train_positive_fraction': 0.5022721112298101, 'validation_positive_fraction': 0.3857308584686775, 'average_uniqueness_weighting_applied': True, 'train_sample_weight_mean': 0.9999999999999998, 'train_sample_weight_min': 0.33537416646232093, 'train_sample_weight_max': 10.396599160332254, 'validation_metrics_weighted': False, 'fit_seconds': 1.5537615999928676, 'inference_seconds': 0.053255500009981915}, {'events': 10408, 'positive_fraction': 0.46666026133743277, 'roc_auc': 0.4724070587789337, 'average_precision': 0.45344008519617096, 'log_loss': 0.7305116026611241, 'brier_score': 0.26774858350120534, 'threshold': 0.5, 'accuracy': 0.47492313604919295, 'balanced_accuracy': 0.48334418039963867, 'precision': 0.4534456355283308, 'sensitivity': 0.6096355775169858, 'recall': 0.6096355775169858, 'specificity': 0.35705278328229145, 'f1': 0.5200667427768508, 'mcc': -0.034372029542548796, 'tn': 1982, 'fp': 3569, 'fn': 1896, 'tp': 2961, 'model_name': 'xgboost', 'feature_set_name': 'I_full_40', 'feature_count': 40, 'numeric_feature_count': 38, 'categorical_feature_count': 2, 'fold_id': 2, 'train_events': 73590, 'validation_events': 10408, 'train_positive_fraction': 0.4856366354124202, 'validation_positive_fraction': 0.46666026133743277, 'average_uniqueness_weighting_applied': True, 'train_sample_weight_mean': 1.0000000000000002, 'train_sample_weight_min': 0.34266121177818065, 'train_sample_weight_max': 10.622497565123911, 'validation_metrics_weighted': False, 'fit_seconds': 1.8438131000002613, 'inference_seconds': 0.04276189999654889}, {'events': 10397, 'positive_fraction': 0.7263633740502068, 'roc_auc': 0.6035861262324624, 'average_precision': 0.8036813848252089, 'log_loss': 0.7628911851702193, 'brier_score': 0.2831889045096145, 'threshold': 0.5, 'accuracy': 0.43243243243243246, 'balanced_accuracy': 0.5601256478806113, 'precision': 0.8238524911730091, 'sensitivity': 0.2780720338983051, 'recall': 0.2780720338983051, 'specificity': 0.8421792618629174, 'f1': 0.4158004158004158, 'mcc': 0.12462279173798625, 'tn': 2396, 'fp': 449, 'fn': 5452, 'tp': 2100, 'model_name': 'xgboost', 'feature_set_name': 'I_full_40', 'feature_count': 40, 'numeric_feature_count': 38, 'categorical_feature_count': 2, 'fold_id': 3, 'train_events': 83825, 'validation_events': 10397, 'train_positive_fraction': 0.4746555323590814, 'validation_positive_fraction': 0.7263633740502068, 'average_uniqueness_weighting_applied': True, 'train_sample_weight_mean': 1.0, 'train_sample_weight_min': 0.3437930721380264, 'train_sample_weight_max': 10.65758523627913, 'validation_metrics_weighted': False, 'fit_seconds': 1.8775655000063125, 'inference_seconds': 0.058153799996944144}, {'events': 10319, 'positive_fraction': 0.888070549471848, 'roc_auc': 0.5651309660803332, 'average_precision': 0.9120017506795604, 'log_loss': 0.6861905242030977, 'brier_score': 0.2479165904745444, 'threshold': 0.5, 'accuracy': 0.535807733307491, 'balanced_accuracy': 0.5634802379346247, 'precision': 0.9126415094339623, 'sensitivity': 0.5278262767350502, 'recall': 0.5278262767350502, 'specificity': 0.5991341991341992, 'f1': 0.6688329646017699, 'mcc': 0.08008580425288013, 'tn': 692, 'fp': 463, 'fn': 4327, 'tp': 4837, 'model_name': 'xgboost', 'feature_set_name': 'I_full_40', 'feature_count': 40, 'numeric_feature_count': 38, 'categorical_feature_count': 2, 'fold_id': 4, 'train_events': 94059, 'validation_events': 10319, 'train_positive_fraction': 0.49821920284077015, 'validation_positive_fraction': 0.888070549471848, 'average_uniqueness_weighting_applied': True, 'train_sample_weight_mean': 1.0, 'train_sample_weight_min': 0.3302478543176708, 'train_sample_weight_max': 10.237683483848098, 'validation_metrics_weighted': False, 'fit_seconds': 2.100600299992948, 'inference_seconds': 0.040228399986517616}, {'events': 10372, 'positive_fraction': 0.5071345931353645, 'roc_auc': 0.5944264260042724, 'average_precision': 0.6024955823027949, 'log_loss': 0.7616097956084323, 'brier_score': 0.27266550006958545, 'threshold': 0.5, 'accuracy': 0.5451214809101427, 'balanced_accuracy': 0.5414759575620176, 'precision': 0.5345575108390717, 'sensitivity': 0.7969581749049429, 'recall': 0.7969581749049429, 'specificity': 0.28599374021909235, 'f1': 0.6399023049916044, 'mcc': 0.09656973334071534, 'tn': 1462, 'fp': 3650, 'fn': 1068, 'tp': 4192, 'model_name': 'xgboost', 'feature_set_name': 'I_full_40', 'feature_count': 40, 'numeric_feature_count': 38, 'categorical_feature_count': 2, 'fold_id': 5, 'train_events': 107360, 'validation_events': 10372, 'train_positive_fraction': 0.5392883755588673, 'validation_positive_fraction': 0.5071345931353645, 'average_uniqueness_weighting_applied': True, 'train_sample_weight_mean': 1.0, 'train_sample_weight_min': 0.31837299323945095, 'train_sample_weight_max': 9.869562790423288, 'validation_metrics_weighted': False, 'fit_seconds': 2.442131399991922, 'inference_seconds': 0.04292019999411423}]",5,0.6035861262324624,0.6328391021957931,0.5456230605140748,0.4724070587789337,True,1050,"[{'fold_id': 1, 'true_positive': 250, 'false_positive': 311, 'true_negative': 6043, 'false_negative': 3740, 'signals': 561, 'events': 10344, 'dates': 92, 'precision': 0.44563279857397503, 'specificity': 0.9510544538873151, 'sensitivity': 0.06265664160401002}, {'fold_id': 2, 'true_positive': 287, 'false_positive': 279, 'true_negative': 5272, 'false_negative': 4570, 'signals': 566, 'events': 10408, 'dates': 91, 'precision': 0.5070671378091873, 'specificity': 0.9497387858043596, 'sensitivity': 0.0590899732345069}, {'fold_id': 3, 'true_positive': 469, 'false_positive': 125, 'true_negative': 2720, 'false_negative': 7083, 'signals': 594, 'events': 10397, 'dates': 136, 'precision': 0.7895622895622896, 'specificity': 0.9560632688927944, 'sensitivity': 0.06210275423728814}, {'fold_id': 4, 'true_positive': 545, 'false_positive': 79, 'true_negative': 1076, 'false_negative': 8619, 'signals': 624, 'events': 10319, 'dates': 231, 'precision': 0.8733974358974359, 'specificity': 0.9316017316017317, 'sensitivity': 0.05947184635530336}, {'fold_id': 5, 'true_positive': 415, 'false_positive': 256, 'true_negative': 4856, 'false_negative': 4845, 'signals': 671, 'events': 10372, 'dates': 288, 'precision': 0.6184798807749627, 'specificity': 0.9499217527386542, 'sensitivity': 0.07889733840304182}]",0.9316017316017317,0.6518567639257294,3016,0.9500404434505401,0.00835991417810194,1966,0.05347487948091424,False,False,COMPLETE,8,False
27,0.5363471494431581,2026-07-19 18:41:28.135564,2026-07-19 18:41:41.566317,0 days 00:00:13.430753,fold_weighted_ratio,0.6123464932205975,3.9826151657113353,0.19078549914028192,2,4,13.024382471687519,100,6.464648122625873,0.7422909954171365,0.9774249216061992,True,"[{'events': 10344, 'positive_fraction': 0.3857308584686775, 'roc_auc': 0.5016722045907971, 'average_precision': 0.4054543400952141, 'log_loss': 0.7680134674384054, 'brier_score': 0.284565276676186, 'threshold': 0.5, 'accuracy': 0.43764501160092806, 'balanced_accuracy': 0.48738193453416356, 'precision': 0.377431906614786, 'sensitivity': 0.7050125313283208, 'recall': 0.7050125313283208, 'specificity': 0.2697513377400063, 'f1': 0.49165428646334003, 'mcc': -0.027374312363845226, 'tn': 1714, 'fp': 4640, 'fn': 1177, 'tp': 2813, 'model_name': 'xgboost', 'feature_set_name': 'I_full_40', 'feature_count': 40, 'numeric_feature_count': 38, 'categorical_feature_count': 2, 'fold_id': 1, 'train_events': 62717, 'validation_events': 10344, 'train_positive_fraction': 0.5022721112298101, 'validation_positive_fraction': 0.3857308584686775, 'average_uniqueness_weighting_applied': True, 'train_sample_weight_mean': 0.9999999999999998, 'train_sample_weight_min': 0.33537416646232093, 'train_sample_weight_max': 10.396599160332254, 'validation_metrics_weighted': False, 'fit_seconds': 1.6960382999968715, 'inference_seconds': 0.05798969999887049}, {'events': 10408, 'positive_fraction': 0.46666026133743277, 'roc_auc': 0.4638115608103154, 'average_precision': 0.43766730070052035, 'log_loss': 0.7472473117208579, 'brier_score': 0.2747204825312079, 'threshold': 0.5, 'accuracy': 0.47598001537279017, 'balanced_accuracy': 0.48280342196846004, 'precision': 0.45247572042668366, 'sensitivity': 0.5851348569075561, 'recall': 0.5851348569075561, 'specificity': 0.3804719870293641, 'f1': 0.5103250134674089, 'mcc': -0.03507600026056393, 'tn': 2112, 'fp': 3439, 'fn': 2015, 'tp': 2842, 'model_name': 'xgboost', 'feature_set_name': 'I_full_40', 'feature_count': 40, 'numeric_feature_count': 38, 'categorical_feature_count': 2, 'fold_id': 2, 'train_events': 73590, 'validation_events': 10408, 'train_positive_fraction': 0.4856366354124202, 'validation_positive_fraction': 0.46666026133743277, 'average_uniqueness_weighting_applied': True, 'train_sample_weight_mean': 1.0000000000000002, 'train_sample_weight_min': 0.34266121177818065, 'train_sample_weight_max': 10.622497565123911, 'validation_metrics_weighted': False, 'fit_seconds': 2.074841900001047, 'inference_seconds': 0.05064159999892581}, {'events': 10397, 'positive_fraction': 0.7263633740502068, 'roc_auc': 0.5713523437267285, 'average_precision': 0.7872718487267844, 'log_loss': 0.7332866666801607, 'brier_score': 0.2687956090103086, 'threshold': 0.5, 'accuracy': 0.48783302875829565, 'balanced_accuracy': 0.5411912672023473, 'precision': 0.7672186225101992, 'sensitivity': 0.4233315677966102, 'recall': 0.4233315677966102, 'specificity': 0.6590509666080844, 'f1': 0.5456096936598686, 'mcc': 0.07494652497754631, 'tn': 1875, 'fp': 970, 'fn': 4355, 'tp': 3197, 'model_name': 'xgboost', 'feature_set_name': 'I_full_40', 'feature_count': 40, 'numeric_feature_count': 38, 'categorical_feature_count': 2, 'fold_id': 3, 'train_events': 83825, 'validation_events': 10397, 'train_positive_fraction': 0.4746555323590814, 'validation_positive_fraction': 0.7263633740502068, 'average_uniqueness_weighting_applied': True, 'train_sample_weight_mean': 1.0, 'train_sample_weight_min': 0.3437930721380264, 'train_sample_weight_max': 10.65758523627913, 'validation_metrics_weighted': False, 'fit_seconds': 2.222784600002342, 'inference_seconds': 0.05109510000329465}, {'events': 10319, 'positive_fraction': 0.888070549471848, 'roc_auc': 0.5439671233756787, 'average_precision': 0.9090061822971751, 'log_loss': 0.7057729564721388, 'brier_score': 0.2564272266040112, 'threshold': 0.5, 'accuracy': 0.5425913363698033, 'balanced_accuracy': 0.5430858280378141, 'precision': 0.9041469625318298, 'sensitivity': 0.5424487123526844, 'recall': 0.5424487123526844, 'specificity': 0.5437229437229437, 'f1': 0.678079388896467, 'mcc': 0.05445365535609969, 'tn': 628, 'fp': 527, 'fn': 4193, 'tp': 4971, 'model_name': 'xgboost', 'feature_set_name': 'I_full_40', 'feature_count': 40, 'numeric_feature_count': 38, 'categorical_feature_count': 2, 'fold_id': 4, 'train_events': 94059, 'validation_events': 10319, 'train_positive_fraction': 0.49821920284077015, 'validation_positive_fraction': 0.888070549471848, 'average_uniqueness_weighting_applied': True, 'train_sample_weight_mean': 1.0, 'train_sample_weight_min': 0.3302478543176708, 'train_sample_weight_max': 10.237683483848098, 'validation_metrics_weighted': False, 'fit_seconds': 2.40941570000723, 'inference_seconds': 0.06133150000823662}, {'events': 10372, 'positive_fraction': 0.5071345931353645, 'roc_auc': 0.6009325147122703, 'average_precision': 0.6104088379158462, 'log_loss': 0.763768144837738, 'brier_score': 0.2734795333416541, 'threshold': 0.5, 'accuracy': 0.5430967990744312, 'balanced_accuracy': 0.5395403047775458, 'precision': 0.5334962067635335, 'sensitivity': 0.7887832699619772, 'recall': 0.7887832699619772, 'specificity': 0.29029733959311427, 'f1': 0.6364961264094501, 'mcc': 0.09128166902876059, 'tn': 1484, 'fp': 3628, 'fn': 1111, 'tp': 4149, 'model_name': 'xgboost', 'feature_set_name': 'I_full_40', 'feature_count': 40, 'numeric_feature_count': 38, 'categorical_feature_count': 2, 'fold_id': 5, 'train_events': 107360, 'validation_events': 10372, 'train_positive_fraction': 0.5392883755588673, 'validation_positive_fraction': 0.5071345931353645, 'average_uniqueness_weighting_applied': True, 'train_sample_weight_mean': 1.0, 'train_sample_weight_min': 0.31837299323945095, 'train_sample_weight_max': 9.869562790423288, 'validation_metrics_weighted': False, 'fit_seconds': 2.6510091999953147, 'inference_seconds': 0.049547899994649924}]",5,0.6009325147122703,0.629961701947108,0.5363471494431581,0.4638115608103154,True,1046,"[{'fold_id': 1, 'true_positive': 242, 'false_positive': 319, 'true_negative': 6035, 'false_negative': 3748, 'signals': 561, 'events': 10344, 'dates': 92, 'precision': 0.43137254901960786, 'specificity': 0.9497954044696254, 'sensitivity': 0.060651629072681706}, {'fold_id': 2, 'true_positive': 286, 'false_positive': 280, 'true_negative': 5271, 'false_negative': 4571, 'signals': 566, 'events': 10408, 'dates': 91, 'precision': 0.5053003533568905, 'specificity': 0.9495586380832283, 'sensitivity': 0.058884084826024294}, {'fold_id': 3, 'true_positive': 480, 'false_positive': 114, 'true_negative': 2731, 'false_negative': 7072, 'signals': 594, 'events': 10397, 'dates': 136, 'precision': 0.8080808080808081, 'specificity': 0.9599297012302285, 'sensitivity': 0.0635593220338983}, {'fold_id': 4, 'true_positive': 543, 'false_positive': 81, 'true_negative': 1074, 'false_negative': 8621, 'signals': 624, 'events': 10319, 'dates': 231, 'precision': 0.8701923076923077, 'specificity': 0.9298701298701298, 'sensitivity': 0.05925360104757748}, {'fold_id': 5, 'true_positive': 419, 'false_positive': 252, 'true_negative': 4860, 'false_negative': 4841, 'signals': 671, 'events': 10372, 'dates': 288, 'precision': 0.624441132637854, 'specificity': 0.9507042253521126, 'sensitivity': 0.07965779467680609}]",0.9298701298701298,0.653183023872679,3016,0.9502307655707285,0.009838410438979091,1970,0.048823069250784924,False,False,COMPLETE,6,False
