number,value,datetime_start,datetime_complete,duration,params_class_weight_mode,params_colsample_bytree,params_gamma,params_learning_rate,params_max_delta_step,params_max_depth,params_min_child_weight,params_n_estimators,params_reg_alpha,params_reg_lambda,params_subsample,user_attrs_average_uniqueness_weighting,user_attrs_fold_metrics,user_attrs_folds_evaluated,user_attrs_max_roc_auc,user_attrs_mean_average_precision,user_attrs_mean_roc_auc,user_attrs_min_roc_auc,user_attrs_policy_complete,user_attrs_policy_false_positive,user_attrs_policy_fold_metrics,user_attrs_policy_min_fold_specificity,user_attrs_policy_precision,user_attrs_policy_signals,user_attrs_policy_specificity,user_attrs_policy_specificity_std,user_attrs_policy_true_positive,user_attrs_std_roc_auc,user_attrs_threshold_selected,user_attrs_validation_metrics_weighted,state,policy_selection_rank,selected_by_policy_hierarchy
28,0.5404183066786419,2026-07-19 18:41:41.834802,2026-07-19 18:41:55.835913,0 days 00:00:14.001111,fold_weighted_ratio,0.7526018124568483,4.17737039896674,0.1704576403211369,4,2,9.464134751449988,150,0.23455330877218794,6.34541870528128,0.7710178867556868,True,"[{'events': 10344, 'positive_fraction': 0.3857308584686775, 'roc_auc': 0.5089309676457433, 'average_precision': 0.4171249043425372, 'log_loss': 0.76977838906857, 'brier_score': 0.2859001429670699, 'threshold': 0.5, 'accuracy': 0.42208043310131477, 'balanced_accuracy': 0.4904245978496761, 'precision': 0.38006756756756754, 'sensitivity': 0.7894736842105263, 'recall': 0.7894736842105263, 'specificity': 0.19137551148882595, 'f1': 0.5131128848346637, 'mcc': -0.02335934414539078, 'tn': 1216, 'fp': 5138, 'fn': 840, 'tp': 3150, 'model_name': 'xgboost', 'feature_set_name': 'I_full_40', 'feature_count': 40, 'numeric_feature_count': 38, 'categorical_feature_count': 2, 'fold_id': 1, 'train_events': 62717, 'validation_events': 10344, 'train_positive_fraction': 0.5022721112298101, 'validation_positive_fraction': 0.3857308584686775, 'average_uniqueness_weighting_applied': True, 'train_sample_weight_mean': 0.9999999999999998, 'train_sample_weight_min': 0.33537416646232093, 'train_sample_weight_max': 10.396599160332254, 'validation_metrics_weighted': False, 'fit_seconds': 1.9724264999968, 'inference_seconds': 0.04631309999967925}, {'events': 10408, 'positive_fraction': 0.46666026133743277, 'roc_auc': 0.44824463904750256, 'average_precision': 0.4331572548160935, 'log_loss': 0.7393268423202365, 'brier_score': 0.2719162566973708, 'threshold': 0.5, 'accuracy': 0.457532667179093, 'balanced_accuracy': 0.46413211396655946, 'precision': 0.4369707621025723, 'sensitivity': 0.5631047971999177, 'recall': 0.5631047971999177, 'specificity': 0.36515943073320123, 'f1': 0.49208348326736234, 'mcc': -0.07309391923863075, 'tn': 2027, 'fp': 3524, 'fn': 2122, 'tp': 2735, 'model_name': 'xgboost', 'feature_set_name': 'I_full_40', 'feature_count': 40, 'numeric_feature_count': 38, 'categorical_feature_count': 2, 'fold_id': 2, 'train_events': 73590, 'validation_events': 10408, 'train_positive_fraction': 0.4856366354124202, 'validation_positive_fraction': 0.46666026133743277, 'average_uniqueness_weighting_applied': True, 'train_sample_weight_mean': 1.0000000000000002, 'train_sample_weight_min': 0.34266121177818065, 'train_sample_weight_max': 10.622497565123911, 'validation_metrics_weighted': False, 'fit_seconds': 2.06419669999741, 'inference_seconds': 0.04531020000285935}, {'events': 10397, 'positive_fraction': 0.7263633740502068, 'roc_auc': 0.6237114296937832, 'average_precision': 0.8145074488750275, 'log_loss': 0.7712540090887362, 'brier_score': 0.2869280159012445, 'threshold': 0.5, 'accuracy': 0.43031643743387515, 'balanced_accuracy': 0.5704993241935004, 'precision': 0.8524448290783211, 'sensitivity': 0.2608580508474576, 'recall': 0.2608580508474576, 'specificity': 0.8801405975395431, 'f1': 0.3994727770455237, 'mcc': 0.1511890138494553, 'tn': 2504, 'fp': 341, 'fn': 5582, 'tp': 1970, 'model_name': 'xgboost', 'feature_set_name': 'I_full_40', 'feature_count': 40, 'numeric_feature_count': 38, 'categorical_feature_count': 2, 'fold_id': 3, 'train_events': 83825, 'validation_events': 10397, 'train_positive_fraction': 0.4746555323590814, 'validation_positive_fraction': 0.7263633740502068, 'average_uniqueness_weighting_applied': True, 'train_sample_weight_mean': 1.0, 'train_sample_weight_min': 0.3437930721380264, 'train_sample_weight_max': 10.65758523627913, 'validation_metrics_weighted': False, 'fit_seconds': 2.3641521999961697, 'inference_seconds': 0.047288499990827404}, {'events': 10319, 'positive_fraction': 0.888070549471848, 'roc_auc': 0.5125318628701431, 'average_precision': 0.8999898350375636, 'log_loss': 0.6646786127083308, 'brier_score': 0.23869562271745923, 'threshold': 0.5, 'accuracy': 0.5473398585134218, 'balanced_accuracy': 0.507168744248622, 'precision': 0.8906277169187967, 'sensitivity': 0.5589262330859887, 'recall': 0.5589262330859887, 'specificity': 0.45541125541125543, 'f1': 0.6868253436138116, 'mcc': 0.009100638918755342, 'tn': 526, 'fp': 629, 'fn': 4042, 'tp': 5122, 'model_name': 'xgboost', 'feature_set_name': 'I_full_40', 'feature_count': 40, 'numeric_feature_count': 38, 'categorical_feature_count': 2, 'fold_id': 4, 'train_events': 94059, 'validation_events': 10319, 'train_positive_fraction': 0.49821920284077015, 'validation_positive_fraction': 0.888070549471848, 'average_uniqueness_weighting_applied': True, 'train_sample_weight_mean': 1.0, 'train_sample_weight_min': 0.3302478543176708, 'train_sample_weight_max': 10.237683483848098, 'validation_metrics_weighted': False, 'fit_seconds': 2.4821451000025263, 'inference_seconds': 0.04275720000441652}, {'events': 10372, 'positive_fraction': 0.5071345931353645, 'roc_auc': 0.6086726341360372, 'average_precision': 0.6213213981924111, 'log_loss': 0.7497072914721292, 'brier_score': 0.2695846159156181, 'threshold': 0.5, 'accuracy': 0.5444465869649056, 'balanced_accuracy': 0.5401005313673337, 'precision': 0.5320320919650341, 'sensitivity': 0.8446768060836501, 'recall': 0.8446768060836501, 'specificity': 0.23552425665101723, 'f1': 0.6528543090147675, 'mcc': 0.10123158090565028, 'tn': 1204, 'fp': 3908, 'fn': 817, 'tp': 4443, 'model_name': 'xgboost', 'feature_set_name': 'I_full_40', 'feature_count': 40, 'numeric_feature_count': 38, 'categorical_feature_count': 2, 'fold_id': 5, 'train_events': 107360, 'validation_events': 10372, 'train_positive_fraction': 0.5392883755588673, 'validation_positive_fraction': 0.5071345931353645, 'average_uniqueness_weighting_applied': True, 'train_sample_weight_mean': 1.0, 'train_sample_weight_min': 0.31837299323945095, 'train_sample_weight_max': 9.869562790423288, 'validation_metrics_weighted': False, 'fit_seconds': 2.911549600001308, 'inference_seconds': 0.04227309999987483}]",5,0.6237114296937832,0.6372201682527265,0.5404183066786419,0.44824463904750256,True,1053,"[{'fold_id': 1, 'true_positive': 247, 'false_positive': 314, 'true_negative': 6040, 'false_negative': 3743, 'signals': 561, 'events': 10344, 'dates': 92, 'precision': 0.44028520499108736, 'specificity': 0.9505823103556814, 'sensitivity': 0.06190476190476191}, {'fold_id': 2, 'true_positive': 277, 'false_positive': 289, 'true_negative': 5262, 'false_negative': 4580, 'signals': 566, 'events': 10408, 'dates': 91, 'precision': 0.48939929328621906, 'specificity': 0.9479373085930463, 'sensitivity': 0.05703108914968087}, {'fold_id': 3, 'true_positive': 460, 'false_positive': 134, 'true_negative': 2711, 'false_negative': 7092, 'signals': 594, 'events': 10397, 'dates': 136, 'precision': 0.7744107744107744, 'specificity': 0.9528998242530756, 'sensitivity': 0.06091101694915254}, {'fold_id': 4, 'true_positive': 556, 'false_positive': 68, 'true_negative': 1087, 'false_negative': 8608, 'signals': 624, 'events': 10319, 'dates': 231, 'precision': 0.8910256410256411, 'specificity': 0.9411255411255411, 'sensitivity': 0.060672195547795724}, {'fold_id': 5, 'true_positive': 423, 'false_positive': 248, 'true_negative': 4864, 'false_negative': 4837, 'signals': 671, 'events': 10372, 'dates': 288, 'precision': 0.6304023845007451, 'specificity': 0.9514866979655712, 'sensitivity': 0.08041825095057034}]",0.9411255411255411,0.6508620689655172,3016,0.9498977018603987,0.004167610581475574,1963,0.06612335265321902,False,False,COMPLETE,11,False
29,0.5186381740637895,2026-07-19 18:41:56.118935,2026-07-19 18:42:05.740897,0 days 00:00:09.621962,none,0.610428371498802,4.6458239099300185,0.10623346298601705,2,6,11.759754879278674,25,2.270467571874403,0.1964914481424482,0.6278960054193973,True,"[{'events': 10344, 'positive_fraction': 0.3857308584686775, 'roc_auc': 0.4765097351499618, 'average_precision': 0.38540948315961127, 'log_loss': 0.7801166332135981, 'brier_score': 0.291643850064754, 'threshold': 0.5, 'accuracy': 0.4061291569992266, 'balanced_accuracy': 0.47883933156782416, 'precision': 0.3735463408904029, 'sensitivity': 0.7969924812030075, 'recall': 0.7969924812030075, 'specificity': 0.16068618193264086, 'f1': 0.508677917299848, 'mcc': -0.05397391765826987, 'tn': 1021, 'fp': 5333, 'fn': 810, 'tp': 3180, 'model_name': 'xgboost', 'feature_set_name': 'I_full_40', 'feature_count': 40, 'numeric_feature_count': 38, 'categorical_feature_count': 2, 'fold_id': 1, 'train_events': 62717, 'validation_events': 10344, 'train_positive_fraction': 0.5022721112298101, 'validation_positive_fraction': 0.3857308584686775, 'average_uniqueness_weighting_applied': True, 'train_sample_weight_mean': 0.9999999999999998, 'train_sample_weight_min': 0.33537416646232093, 'train_sample_weight_max': 10.396599160332254, 'validation_metrics_weighted': False, 'fit_seconds': 1.1215243000042392, 'inference_seconds': 0.03767750000406522}, {'events': 10408, 'positive_fraction': 0.46666026133743277, 'roc_auc': 0.49361966621153125, 'average_precision': 0.47955501002796597, 'log_loss': 0.7178846850273706, 'brier_score': 0.26201923062915883, 'threshold': 0.5, 'accuracy': 0.46617986164488856, 'balanced_accuracy': 0.48532790093559236, 'precision': 0.4573936364744606, 'sensitivity': 0.7724933086267243, 'recall': 0.7724933086267243, 'specificity': 0.19816249324446045, 'f1': 0.5745788667687596, 'mcc': -0.035826242319666204, 'tn': 1100, 'fp': 4451, 'fn': 1105, 'tp': 3752, 'model_name': 'xgboost', 'feature_set_name': 'I_full_40', 'feature_count': 40, 'numeric_feature_count': 38, 'categorical_feature_count': 2, 'fold_id': 2, 'train_events': 73590, 'validation_events': 10408, 'train_positive_fraction': 0.4856366354124202, 'validation_positive_fraction': 0.46666026133743277, 'average_uniqueness_weighting_applied': True, 'train_sample_weight_mean': 1.0000000000000002, 'train_sample_weight_min': 0.34266121177818065, 'train_sample_weight_max': 10.622497565123911, 'validation_metrics_weighted': False, 'fit_seconds': 1.5615269999980228, 'inference_seconds': 0.04603329999372363}, {'events': 10397, 'positive_fraction': 0.7263633740502068, 'roc_auc': 0.5594010874340949, 'average_precision': 0.7781205607644963, 'log_loss': 0.7260890891448137, 'brier_score': 0.2660773268006919, 'threshold': 0.5, 'accuracy': 0.4521496585553525, 'balanced_accuracy': 0.5291157174346907, 'precision': 0.7600896860986547, 'sensitivity': 0.3591101694915254, 'recall': 0.3591101694915254, 'specificity': 0.6991212653778559, 'f1': 0.48776978417266187, 'mcc': 0.05468127575196075, 'tn': 1989, 'fp': 856, 'fn': 4840, 'tp': 2712, 'model_name': 'xgboost', 'feature_set_name': 'I_full_40', 'feature_count': 40, 'numeric_feature_count': 38, 'categorical_feature_count': 2, 'fold_id': 3, 'train_events': 83825, 'validation_events': 10397, 'train_positive_fraction': 0.4746555323590814, 'validation_positive_fraction': 0.7263633740502068, 'average_uniqueness_weighting_applied': True, 'train_sample_weight_mean': 1.0, 'train_sample_weight_min': 0.3437930721380264, 'train_sample_weight_max': 10.65758523627913, 'validation_metrics_weighted': False, 'fit_seconds': 1.4345247000019299, 'inference_seconds': 0.049953900001128204}, {'events': 10319, 'positive_fraction': 0.888070549471848, 'roc_auc': 0.5153494475842795, 'average_precision': 0.9032481225369347, 'log_loss': 0.6436370582338796, 'brier_score': 0.22825737916349087, 'threshold': 0.5, 'accuracy': 0.577769163678651, 'balanced_accuracy': 0.4985739416992145, 'precision': 0.8875987743912273, 'sensitivity': 0.6006110868616324, 'recall': 0.6006110868616324, 'specificity': 0.3965367965367965, 'f1': 0.7164334526521314, 'mcc': -0.0018362287044849572, 'tn': 458, 'fp': 697, 'fn': 3660, 'tp': 5504, 'model_name': 'xgboost', 'feature_set_name': 'I_full_40', 'feature_count': 40, 'numeric_feature_count': 38, 'categorical_feature_count': 2, 'fold_id': 4, 'train_events': 94059, 'validation_events': 10319, 'train_positive_fraction': 0.49821920284077015, 'validation_positive_fraction': 0.888070549471848, 'average_uniqueness_weighting_applied': True, 'train_sample_weight_mean': 1.0, 'train_sample_weight_min': 0.3302478543176708, 'train_sample_weight_max': 10.237683483848098, 'validation_metrics_weighted': False, 'fit_seconds': 1.5710720000060974, 'inference_seconds': 0.039638900008867495}, {'events': 10372, 'positive_fraction': 0.5071345931353645, 'roc_auc': 0.5483109339390803, 'average_precision': 0.5735924218377482, 'log_loss': 0.784291069030053, 'brier_score': 0.28935808614227254, 'threshold': 0.5, 'accuracy': 0.4843810258387968, 'balanced_accuracy': 0.4782215260298589, 'precision': 0.4954451345755694, 'sensitivity': 0.9098859315589354, 'recall': 0.9098859315589354, 'specificity': 0.04655712050078247, 'f1': 0.6415549597855228, 'mcc': -0.08612260853241246, 'tn': 238, 'fp': 4874, 'fn': 474, 'tp': 4786, 'model_name': 'xgboost', 'feature_set_name': 'I_full_40', 'feature_count': 40, 'numeric_feature_count': 38, 'categorical_feature_count': 2, 'fold_id': 5, 'train_events': 107360, 'validation_events': 10372, 'train_positive_fraction': 0.5392883755588673, 'validation_positive_fraction': 0.5071345931353645, 'average_uniqueness_weighting_applied': True, 'train_sample_weight_mean': 1.0, 'train_sample_weight_min': 0.31837299323945095, 'train_sample_weight_max': 9.869562790423288, 'validation_metrics_weighted': False, 'fit_seconds': 1.8422682999953395, 'inference_seconds': 0.03871670000080485}]",5,0.5594010874340949,0.6239851196653513,0.5186381740637895,0.4765097351499618,True,1084,"[{'fold_id': 1, 'true_positive': 221, 'false_positive': 340, 'true_negative': 6014, 'false_negative': 3769, 'signals': 561, 'events': 10344, 'dates': 92, 'precision': 0.3939393939393939, 'specificity': 0.9464903997481902, 'sensitivity': 0.05538847117794486}, {'fold_id': 2, 'true_positive': 298, 'false_positive': 268, 'true_negative': 5283, 'false_negative': 4559, 'signals': 566, 'events': 10408, 'dates': 91, 'precision': 0.5265017667844523, 'specificity': 0.9517204107368041, 'sensitivity': 0.061354745727815525}, {'fold_id': 3, 'true_positive': 455, 'false_positive': 139, 'true_negative': 2706, 'false_negative': 7097, 'signals': 594, 'events': 10397, 'dates': 136, 'precision': 0.765993265993266, 'specificity': 0.9511423550087873, 'sensitivity': 0.0602489406779661}, {'fold_id': 4, 'true_positive': 553, 'false_positive': 71, 'true_negative': 1084, 'false_negative': 8611, 'signals': 624, 'events': 10319, 'dates': 231, 'precision': 0.8862179487179487, 'specificity': 0.9385281385281385, 'sensitivity': 0.0603448275862069}, {'fold_id': 5, 'true_positive': 405, 'false_positive': 266, 'true_negative': 4846, 'false_negative': 4855, 'signals': 671, 'events': 10372, 'dates': 288, 'precision': 0.6035767511177347, 'specificity': 0.9479655712050078, 'sensitivity': 0.07699619771863118}]",0.9385281385281385,0.6405835543766578,3016,0.9484227054289385,0.004738404794442102,1932,0.03147581486595172,False,False,COMPLETE,24,False
