number,value,datetime_start,datetime_complete,duration,params_class_weight_mode,params_colsample_bytree,params_gamma,params_learning_rate,params_max_delta_step,params_max_depth,params_min_child_weight,params_n_estimators,params_reg_alpha,params_reg_lambda,params_subsample,user_attrs_average_uniqueness_weighting,user_attrs_fold_metrics,user_attrs_folds_evaluated,user_attrs_max_roc_auc,user_attrs_mean_average_precision,user_attrs_mean_roc_auc,user_attrs_min_roc_auc,user_attrs_policy_complete,user_attrs_policy_false_positive,user_attrs_policy_fold_metrics,user_attrs_policy_min_fold_specificity,user_attrs_policy_precision,user_attrs_policy_signals,user_attrs_policy_specificity,user_attrs_policy_specificity_std,user_attrs_policy_true_positive,user_attrs_std_roc_auc,user_attrs_threshold_selected,user_attrs_validation_metrics_weighted,state,policy_selection_rank,selected_by_policy_hierarchy
16,0.5421368938906779,2026-07-19 18:39:17.756121,2026-07-19 18:39:28.734551,0 days 00:00:10.978430,none,0.6441554893381738,3.439498426783169,0.029578124901580075,3,2,8.260807218625397,75,0.02884910128144843,12.3230099660256,0.7586226546771278,True,"[{'events': 10344, 'positive_fraction': 0.3857308584686775, 'roc_auc': 0.4843187998324423, 'average_precision': 0.387414358202883, 'log_loss': 0.7335945157135654, 'brier_score': 0.2700250712746035, 'threshold': 0.5, 'accuracy': 0.39752513534416084, 'balanced_accuracy': 0.4709500379844796, 'precision': 0.3691032227930873, 'sensitivity': 0.7922305764411027, 'recall': 0.7922305764411027, 'specificity': 0.14966949952785646, 'f1': 0.5035845148956508, 'mcc': -0.07492681762446596, 'tn': 951, 'fp': 5403, 'fn': 829, 'tp': 3161, 'model_name': 'xgboost', 'feature_set_name': 'I_full_40', 'feature_count': 40, 'numeric_feature_count': 38, 'categorical_feature_count': 2, 'fold_id': 1, 'train_events': 62717, 'validation_events': 10344, 'train_positive_fraction': 0.5022721112298101, 'validation_positive_fraction': 0.3857308584686775, 'average_uniqueness_weighting_applied': True, 'train_sample_weight_mean': 0.9999999999999998, 'train_sample_weight_min': 0.33537416646232093, 'train_sample_weight_max': 10.396599160332254, 'validation_metrics_weighted': False, 'fit_seconds': 1.1857787000044482, 'inference_seconds': 0.03835309999703895}, {'events': 10408, 'positive_fraction': 0.46666026133743277, 'roc_auc': 0.5302046195483755, 'average_precision': 0.5178018446789162, 'log_loss': 0.7008712640564116, 'brier_score': 0.2538510231613701, 'threshold': 0.5, 'accuracy': 0.465315142198309, 'balanced_accuracy': 0.4870269532072507, 'precision': 0.4588467798186468, 'sensitivity': 0.8126415482808318, 'recall': 0.8126415482808318, 'specificity': 0.1614123581336696, 'f1': 0.5865220298684894, 'mcc': -0.03418086535442569, 'tn': 896, 'fp': 4655, 'fn': 910, 'tp': 3947, 'model_name': 'xgboost', 'feature_set_name': 'I_full_40', 'feature_count': 40, 'numeric_feature_count': 38, 'categorical_feature_count': 2, 'fold_id': 2, 'train_events': 73590, 'validation_events': 10408, 'train_positive_fraction': 0.4856366354124202, 'validation_positive_fraction': 0.46666026133743277, 'average_uniqueness_weighting_applied': True, 'train_sample_weight_mean': 1.0000000000000002, 'train_sample_weight_min': 0.34266121177818065, 'train_sample_weight_max': 10.622497565123911, 'validation_metrics_weighted': False, 'fit_seconds': 1.8557306000002427, 'inference_seconds': 0.049975400004768744}, {'events': 10397, 'positive_fraction': 0.7263633740502068, 'roc_auc': 0.6102767734800869, 'average_precision': 0.8129907572867893, 'log_loss': 0.7259968211969617, 'brier_score': 0.2662860268875668, 'threshold': 0.5, 'accuracy': 0.3932865249591228, 'balanced_accuracy': 0.5588113392139049, 'precision': 0.8715651135005974, 'sensitivity': 0.1931938559322034, 'recall': 0.1931938559322034, 'specificity': 0.9244288224956063, 'f1': 0.3162800780403208, 'mcc': 0.14267652644165543, 'tn': 2630, 'fp': 215, 'fn': 6093, 'tp': 1459, 'model_name': 'xgboost', 'feature_set_name': 'I_full_40', 'feature_count': 40, 'numeric_feature_count': 38, 'categorical_feature_count': 2, 'fold_id': 3, 'train_events': 83825, 'validation_events': 10397, 'train_positive_fraction': 0.4746555323590814, 'validation_positive_fraction': 0.7263633740502068, 'average_uniqueness_weighting_applied': True, 'train_sample_weight_mean': 1.0, 'train_sample_weight_min': 0.3437930721380264, 'train_sample_weight_max': 10.65758523627913, 'validation_metrics_weighted': False, 'fit_seconds': 1.7442147999972804, 'inference_seconds': 0.04618819999450352}, {'events': 10319, 'positive_fraction': 0.888070549471848, 'roc_auc': 0.5370683986463123, 'average_precision': 0.9014537732519122, 'log_loss': 0.5717022388685943, 'brier_score': 0.1919671824327835, 'threshold': 0.5, 'accuracy': 0.7955228219788739, 'balanced_accuracy': 0.48837621711912416, 'precision': 0.885464480874317, 'sensitivity': 0.8841117415975557, 'recall': 0.8841117415975557, 'specificity': 0.09264069264069263, 'f1': 0.884787594190237, 'mcc': -0.02312561092728333, 'tn': 107, 'fp': 1048, 'fn': 1062, 'tp': 8102, 'model_name': 'xgboost', 'feature_set_name': 'I_full_40', 'feature_count': 40, 'numeric_feature_count': 38, 'categorical_feature_count': 2, 'fold_id': 4, 'train_events': 94059, 'validation_events': 10319, 'train_positive_fraction': 0.49821920284077015, 'validation_positive_fraction': 0.888070549471848, 'average_uniqueness_weighting_applied': True, 'train_sample_weight_mean': 1.0, 'train_sample_weight_min': 0.3302478543176708, 'train_sample_weight_max': 10.237683483848098, 'validation_metrics_weighted': False, 'fit_seconds': 1.9849564000032842, 'inference_seconds': 0.04491170000983402}, {'events': 10372, 'positive_fraction': 0.5071345931353645, 'roc_auc': 0.548815877946173, 'average_precision': 0.5848882033168246, 'log_loss': 0.7382789244442849, 'brier_score': 0.27093892224491184, 'threshold': 0.5, 'accuracy': 0.5047242576166603, 'balanced_accuracy': 0.4976235741444867, 'precision': 0.5059437518121195, 'sensitivity': 0.9952471482889734, 'recall': 0.9952471482889734, 'specificity': 0.0, 'f1': 0.670852822451464, 'mcc': -0.04845798267100229, 'tn': 0, 'fp': 5112, 'fn': 25, 'tp': 5235, 'model_name': 'xgboost', 'feature_set_name': 'I_full_40', 'feature_count': 40, 'numeric_feature_count': 38, 'categorical_feature_count': 2, 'fold_id': 5, 'train_events': 107360, 'validation_events': 10372, 'train_positive_fraction': 0.5392883755588673, 'validation_positive_fraction': 0.5071345931353645, 'average_uniqueness_weighting_applied': True, 'train_sample_weight_mean': 1.0, 'train_sample_weight_min': 0.31837299323945095, 'train_sample_weight_max': 9.869562790423288, 'validation_metrics_weighted': False, 'fit_seconds': 2.1180965999956243, 'inference_seconds': 0.03463360000750981}]",5,0.6102767734800869,0.6409097873474651,0.5421368938906779,0.4843187998324423,True,1098,"[{'fold_id': 1, 'true_positive': 247, 'false_positive': 314, 'true_negative': 6040, 'false_negative': 3743, 'signals': 561, 'events': 10344, 'dates': 92, 'precision': 0.44028520499108736, 'specificity': 0.9505823103556814, 'sensitivity': 0.06190476190476191}, {'fold_id': 2, 'true_positive': 289, 'false_positive': 277, 'true_negative': 5274, 'false_negative': 4568, 'signals': 566, 'events': 10408, 'dates': 91, 'precision': 0.5106007067137809, 'specificity': 0.9500990812466222, 'sensitivity': 0.0595017500514721}, {'fold_id': 3, 'true_positive': 458, 'false_positive': 136, 'true_negative': 2709, 'false_negative': 7094, 'signals': 594, 'events': 10397, 'dates': 136, 'precision': 0.7710437710437711, 'specificity': 0.9521968365553602, 'sensitivity': 0.060646186440677964}, {'fold_id': 4, 'true_positive': 551, 'false_positive': 73, 'true_negative': 1082, 'false_negative': 8613, 'signals': 624, 'events': 10319, 'dates': 231, 'precision': 0.8830128205128205, 'specificity': 0.9367965367965368, 'sensitivity': 0.060126582278481014}, {'fold_id': 5, 'true_positive': 373, 'false_positive': 298, 'true_negative': 4814, 'false_negative': 4887, 'signals': 671, 'events': 10372, 'dates': 288, 'precision': 0.555886736214605, 'specificity': 0.9417057902973396, 'sensitivity': 0.07091254752851711}]",0.9367965367965368,0.6359416445623343,3016,0.9477565780082791,0.0059827017960693354,1918,0.04049358673672121,False,False,COMPLETE,27,False
17,0.503113214589227,2026-07-19 18:39:28.962934,2026-07-19 18:39:41.336988,0 days 00:00:12.374054,fold_weighted_ratio,0.5723716781137475,3.950413755326524,0.050144550095593245,4,9,12.458752222539248,25,4.086025690446198,4.674812368547457,0.7793673704573663,True,"[{'events': 10344, 'positive_fraction': 0.3857308584686775, 'roc_auc': 0.5065472936354105, 'average_precision': 0.4156072267691896, 'log_loss': 0.7204869564744728, 'brier_score': 0.2634760762650067, 'threshold': 0.5, 'accuracy': 0.43020108275328695, 'balanced_accuracy': 0.48570529250415934, 'precision': 0.3766519823788546, 'sensitivity': 0.7285714285714285, 'recall': 0.7285714285714285, 'specificity': 0.24283915643689014, 'f1': 0.4965835326272634, 'mcc': -0.03197536965058339, 'tn': 1543, 'fp': 4811, 'fn': 1083, 'tp': 2907, 'model_name': 'xgboost', 'feature_set_name': 'I_full_40', 'feature_count': 40, 'numeric_feature_count': 38, 'categorical_feature_count': 2, 'fold_id': 1, 'train_events': 62717, 'validation_events': 10344, 'train_positive_fraction': 0.5022721112298101, 'validation_positive_fraction': 0.3857308584686775, 'average_uniqueness_weighting_applied': True, 'train_sample_weight_mean': 0.9999999999999998, 'train_sample_weight_min': 0.33537416646232093, 'train_sample_weight_max': 10.396599160332254, 'validation_metrics_weighted': False, 'fit_seconds': 1.9146751999942353, 'inference_seconds': 0.05521230000886135}, {'events': 10408, 'positive_fraction': 0.46666026133743277, 'roc_auc': 0.4595747326890817, 'average_precision': 0.43492203641967375, 'log_loss': 0.7097643226451616, 'brier_score': 0.25815421049292925, 'threshold': 0.5, 'accuracy': 0.462336664104535, 'balanced_accuracy': 0.47097820954380865, 'precision': 0.4437851818043511, 'sensitivity': 0.6005764875437513, 'recall': 0.6005764875437513, 'specificity': 0.341379931543866, 'f1': 0.510411198600175, 'mcc': -0.060028758691682574, 'tn': 1895, 'fp': 3656, 'fn': 1940, 'tp': 2917, 'model_name': 'xgboost', 'feature_set_name': 'I_full_40', 'feature_count': 40, 'numeric_feature_count': 38, 'categorical_feature_count': 2, 'fold_id': 2, 'train_events': 73590, 'validation_events': 10408, 'train_positive_fraction': 0.4856366354124202, 'validation_positive_fraction': 0.46666026133743277, 'average_uniqueness_weighting_applied': True, 'train_sample_weight_mean': 1.0000000000000002, 'train_sample_weight_min': 0.34266121177818065, 'train_sample_weight_max': 10.622497565123911, 'validation_metrics_weighted': False, 'fit_seconds': 1.82801150000887, 'inference_seconds': 0.04576180000731256}, {'events': 10397, 'positive_fraction': 0.7263633740502068, 'roc_auc': 0.503858962162283, 'average_precision': 0.7566027610145363, 'log_loss': 0.7314453374747968, 'brier_score': 0.268844205273505, 'threshold': 0.5, 'accuracy': 0.40790612676733673, 'balanced_accuracy': 0.5146529463674004, 'precision': 0.7478693181818182, 'sensitivity': 0.2788665254237288, 'recall': 0.2788665254237288, 'specificity': 0.7504393673110721, 'f1': 0.40625, 'mcc': 0.0294000120308203, 'tn': 2135, 'fp': 710, 'fn': 5446, 'tp': 2106, 'model_name': 'xgboost', 'feature_set_name': 'I_full_40', 'feature_count': 40, 'numeric_feature_count': 38, 'categorical_feature_count': 2, 'fold_id': 3, 'train_events': 83825, 'validation_events': 10397, 'train_positive_fraction': 0.4746555323590814, 'validation_positive_fraction': 0.7263633740502068, 'average_uniqueness_weighting_applied': True, 'train_sample_weight_mean': 1.0, 'train_sample_weight_min': 0.3437930721380264, 'train_sample_weight_max': 10.65758523627913, 'validation_metrics_weighted': False, 'fit_seconds': 1.9019919999991544, 'inference_seconds': 0.038884800000232644}, {'events': 10319, 'positive_fraction': 0.888070549471848, 'roc_auc': 0.5158561829557028, 'average_precision': 0.9020167565587281, 'log_loss': 0.6858551750802571, 'brier_score': 0.24749907275533525, 'threshold': 0.5, 'accuracy': 0.48299253803663145, 'balanced_accuracy': 0.5076389164451146, 'precision': 0.8912732474964234, 'sensitivity': 0.47588389349628984, 'recall': 0.47588389349628984, 'specificity': 0.5393939393939394, 'f1': 0.6204737853026961, 'mcc': 0.009646455943320685, 'tn': 623, 'fp': 532, 'fn': 4803, 'tp': 4361, 'model_name': 'xgboost', 'feature_set_name': 'I_full_40', 'feature_count': 40, 'numeric_feature_count': 38, 'categorical_feature_count': 2, 'fold_id': 4, 'train_events': 94059, 'validation_events': 10319, 'train_positive_fraction': 0.49821920284077015, 'validation_positive_fraction': 0.888070549471848, 'average_uniqueness_weighting_applied': True, 'train_sample_weight_mean': 1.0, 'train_sample_weight_min': 0.3302478543176708, 'train_sample_weight_max': 10.237683483848098, 'validation_metrics_weighted': False, 'fit_seconds': 2.1175049000012223, 'inference_seconds': 0.04404770000837743}, {'events': 10372, 'positive_fraction': 0.5071345931353645, 'roc_auc': 0.5297289015036566, 'average_precision': 0.5527357513576863, 'log_loss': 0.7131640421560793, 'brier_score': 0.25954727852564313, 'threshold': 0.5, 'accuracy': 0.4966255302738141, 'balanced_accuracy': 0.4916009895452138, 'precision': 0.5022066312096866, 'sensitivity': 0.8437262357414449, 'recall': 0.8437262357414449, 'specificity': 0.13947574334898277, 'f1': 0.6296375115272753, 'mcc': -0.02365047103358662, 'tn': 713, 'fp': 4399, 'fn': 822, 'tp': 4438, 'model_name': 'xgboost', 'feature_set_name': 'I_full_40', 'feature_count': 40, 'numeric_feature_count': 38, 'categorical_feature_count': 2, 'fold_id': 5, 'train_events': 107360, 'validation_events': 10372, 'train_positive_fraction': 0.5392883755588673, 'validation_positive_fraction': 0.5071345931353645, 'average_uniqueness_weighting_applied': True, 'train_sample_weight_mean': 1.0, 'train_sample_weight_min': 0.31837299323945095, 'train_sample_weight_max': 9.869562790423288, 'validation_metrics_weighted': False, 'fit_seconds': 2.2832708999922033, 'inference_seconds': 0.04574940000020433}]",5,0.5297289015036566,0.6123769064239628,0.503113214589227,0.4595747326890817,True,1080,"[{'fold_id': 1, 'true_positive': 235, 'false_positive': 326, 'true_negative': 6028, 'false_negative': 3755, 'signals': 561, 'events': 10344, 'dates': 92, 'precision': 0.41889483065953653, 'specificity': 0.948693736229147, 'sensitivity': 0.05889724310776942}, {'fold_id': 2, 'true_positive': 288, 'false_positive': 278, 'true_negative': 5273, 'false_negative': 4569, 'signals': 566, 'events': 10408, 'dates': 91, 'precision': 0.508833922261484, 'specificity': 0.949918933525491, 'sensitivity': 0.0592958616429895}, {'fold_id': 3, 'true_positive': 452, 'false_positive': 142, 'true_negative': 2703, 'false_negative': 7100, 'signals': 594, 'events': 10397, 'dates': 136, 'precision': 0.7609427609427609, 'specificity': 0.9500878734622145, 'sensitivity': 0.05985169491525424}, {'fold_id': 4, 'true_positive': 559, 'false_positive': 65, 'true_negative': 1090, 'false_negative': 8605, 'signals': 624, 'events': 10319, 'dates': 231, 'precision': 0.8958333333333334, 'specificity': 0.9437229437229437, 'sensitivity': 0.06099956350938455}, {'fold_id': 5, 'true_positive': 402, 'false_positive': 269, 'true_negative': 4843, 'false_negative': 4858, 'signals': 671, 'events': 10372, 'dates': 288, 'precision': 0.5991058122205664, 'specificity': 0.9473787167449139, 'sensitivity': 0.07642585551330798}]",0.9437229437229437,0.6419098143236074,3016,0.9486130275491269,0.0023321307865894593,1936,0.0235742506868124,False,False,COMPLETE,22,False
