number,value,datetime_start,datetime_complete,duration,params_class_weight_mode,params_colsample_bytree,params_gamma,params_learning_rate,params_max_delta_step,params_max_depth,params_min_child_weight,params_n_estimators,params_reg_alpha,params_reg_lambda,params_subsample,user_attrs_average_uniqueness_weighting,user_attrs_fold_metrics,user_attrs_folds_evaluated,user_attrs_max_roc_auc,user_attrs_mean_average_precision,user_attrs_mean_roc_auc,user_attrs_min_roc_auc,user_attrs_policy_complete,user_attrs_policy_false_positive,user_attrs_policy_fold_metrics,user_attrs_policy_min_fold_specificity,user_attrs_policy_precision,user_attrs_policy_signals,user_attrs_policy_specificity,user_attrs_policy_specificity_std,user_attrs_policy_true_positive,user_attrs_std_roc_auc,user_attrs_threshold_selected,user_attrs_validation_metrics_weighted,state,policy_selection_rank,selected_by_policy_hierarchy
20,0.5325530783408461,2026-07-19 18:40:06.686434,2026-07-19 18:40:16.667232,0 days 00:00:09.980798,none,0.7447143454774485,3.173313932636448,0.018946414348823055,1,2,16.88868995713149,50,0.4552645947187622,0.7954232414680962,0.6900305897401621,True,"[{'events': 10344, 'positive_fraction': 0.3857308584686775, 'roc_auc': 0.4912382467026868, 'average_precision': 0.3921599094767644, 'log_loss': 0.7245364752893246, 'brier_score': 0.26560598401732777, 'threshold': 0.5, 'accuracy': 0.39752513534416084, 'balanced_accuracy': 0.4709500379844796, 'precision': 0.3691032227930873, 'sensitivity': 0.7922305764411027, 'recall': 0.7922305764411027, 'specificity': 0.14966949952785646, 'f1': 0.5035845148956508, 'mcc': -0.07492681762446596, 'tn': 951, 'fp': 5403, 'fn': 829, 'tp': 3161, 'model_name': 'xgboost', 'feature_set_name': 'I_full_40', 'feature_count': 40, 'numeric_feature_count': 38, 'categorical_feature_count': 2, 'fold_id': 1, 'train_events': 62717, 'validation_events': 10344, 'train_positive_fraction': 0.5022721112298101, 'validation_positive_fraction': 0.3857308584686775, 'average_uniqueness_weighting_applied': True, 'train_sample_weight_mean': 0.9999999999999998, 'train_sample_weight_min': 0.33537416646232093, 'train_sample_weight_max': 10.396599160332254, 'validation_metrics_weighted': False, 'fit_seconds': 1.1567471000016667, 'inference_seconds': 0.038350799994077533}, {'events': 10408, 'positive_fraction': 0.46666026133743277, 'roc_auc': 0.5181223340631597, 'average_precision': 0.5121935657605396, 'log_loss': 0.6984443036644702, 'brier_score': 0.25264710529580325, 'threshold': 0.5, 'accuracy': 0.462913143735588, 'balanced_accuracy': 0.49090139028271246, 'precision': 0.46173922121307026, 'sensitivity': 0.9106444307185505, 'recall': 0.9106444307185505, 'specificity': 0.07115834984687444, 'f1': 0.612773621501801, 'mcc': -0.033530292780933744, 'tn': 395, 'fp': 5156, 'fn': 434, 'tp': 4423, 'model_name': 'xgboost', 'feature_set_name': 'I_full_40', 'feature_count': 40, 'numeric_feature_count': 38, 'categorical_feature_count': 2, 'fold_id': 2, 'train_events': 73590, 'validation_events': 10408, 'train_positive_fraction': 0.4856366354124202, 'validation_positive_fraction': 0.46666026133743277, 'average_uniqueness_weighting_applied': True, 'train_sample_weight_mean': 1.0000000000000002, 'train_sample_weight_min': 0.34266121177818065, 'train_sample_weight_max': 10.622497565123911, 'validation_metrics_weighted': False, 'fit_seconds': 1.5225107000005664, 'inference_seconds': 0.049561100007849745}, {'events': 10397, 'positive_fraction': 0.7263633740502068, 'roc_auc': 0.5942015383441065, 'average_precision': 0.8062675847204656, 'log_loss': 0.716080956670989, 'brier_score': 0.2614307534534551, 'threshold': 0.5, 'accuracy': 0.39174761950562664, 'balanced_accuracy': 0.5589569494504185, 'precision': 0.8753056234718827, 'sensitivity': 0.1896186440677966, 'recall': 0.1896186440677966, 'specificity': 0.9282952548330404, 'f1': 0.31171092729647365, 'mcc': 0.1443672341039529, 'tn': 2641, 'fp': 204, 'fn': 6120, 'tp': 1432, 'model_name': 'xgboost', 'feature_set_name': 'I_full_40', 'feature_count': 40, 'numeric_feature_count': 38, 'categorical_feature_count': 2, 'fold_id': 3, 'train_events': 83825, 'validation_events': 10397, 'train_positive_fraction': 0.4746555323590814, 'validation_positive_fraction': 0.7263633740502068, 'average_uniqueness_weighting_applied': True, 'train_sample_weight_mean': 1.0, 'train_sample_weight_min': 0.3437930721380264, 'train_sample_weight_max': 10.65758523627913, 'validation_metrics_weighted': False, 'fit_seconds': 1.5342126000032295, 'inference_seconds': 0.04125370000838302}, {'events': 10319, 'positive_fraction': 0.888070549471848, 'roc_auc': 0.5261870749649012, 'average_precision': 0.8997375003911537, 'log_loss': 0.5880283060159617, 'brier_score': 0.19866036900515396, 'threshold': 0.5, 'accuracy': 0.8612268630681268, 'balanced_accuracy': 0.5022901113145548, 'precision': 0.8885427135678392, 'sensitivity': 0.9647533828022697, 'recall': 0.9647533828022697, 'specificity': 0.03982683982683983, 'f1': 0.9250810923930104, 'mcc': 0.007776700920808015, 'tn': 46, 'fp': 1109, 'fn': 323, 'tp': 8841, 'model_name': 'xgboost', 'feature_set_name': 'I_full_40', 'feature_count': 40, 'numeric_feature_count': 38, 'categorical_feature_count': 2, 'fold_id': 4, 'train_events': 94059, 'validation_events': 10319, 'train_positive_fraction': 0.49821920284077015, 'validation_positive_fraction': 0.888070549471848, 'average_uniqueness_weighting_applied': True, 'train_sample_weight_mean': 1.0, 'train_sample_weight_min': 0.3302478543176708, 'train_sample_weight_max': 10.237683483848098, 'validation_metrics_weighted': False, 'fit_seconds': 1.6323639000038384, 'inference_seconds': 0.03939989999344107}, {'events': 10372, 'positive_fraction': 0.5071345931353645, 'roc_auc': 0.5330161976293757, 'average_precision': 0.5723900936858989, 'log_loss': 0.7232780595154131, 'brier_score': 0.26446467037981924, 'threshold': 0.5, 'accuracy': 0.5071345931353645, 'balanced_accuracy': 0.5, 'precision': 0.5071345931353645, 'sensitivity': 1.0, 'recall': 1.0, 'specificity': 0.0, 'f1': 0.672978505629478, 'mcc': 0.0, 'tn': 0, 'fp': 5112, 'fn': 0, 'tp': 5260, 'model_name': 'xgboost', 'feature_set_name': 'I_full_40', 'feature_count': 40, 'numeric_feature_count': 38, 'categorical_feature_count': 2, 'fold_id': 5, 'train_events': 107360, 'validation_events': 10372, 'train_positive_fraction': 0.5392883755588673, 'validation_positive_fraction': 0.5071345931353645, 'average_uniqueness_weighting_applied': True, 'train_sample_weight_mean': 1.0, 'train_sample_weight_min': 0.31837299323945095, 'train_sample_weight_max': 9.869562790423288, 'validation_metrics_weighted': False, 'fit_seconds': 2.023088399990229, 'inference_seconds': 0.04172019999532495}]",5,0.5942015383441065,0.6365497308069645,0.5325530783408461,0.4912382467026868,True,1170,"[{'fold_id': 1, 'true_positive': 240, 'false_positive': 321, 'true_negative': 6033, 'false_negative': 3750, 'signals': 561, 'events': 10344, 'dates': 92, 'precision': 0.42780748663101603, 'specificity': 0.949480642115203, 'sensitivity': 0.06015037593984962}, {'fold_id': 2, 'true_positive': 298, 'false_positive': 268, 'true_negative': 5283, 'false_negative': 4559, 'signals': 566, 'events': 10408, 'dates': 91, 'precision': 0.5265017667844523, 'specificity': 0.9517204107368041, 'sensitivity': 0.061354745727815525}, {'fold_id': 3, 'true_positive': 433, 'false_positive': 161, 'true_negative': 2684, 'false_negative': 7119, 'signals': 594, 'events': 10397, 'dates': 136, 'precision': 0.7289562289562289, 'specificity': 0.9434094903339192, 'sensitivity': 0.05733580508474576}, {'fold_id': 4, 'true_positive': 558, 'false_positive': 66, 'true_negative': 1089, 'false_negative': 8606, 'signals': 624, 'events': 10319, 'dates': 231, 'precision': 0.8942307692307693, 'specificity': 0.9428571428571428, 'sensitivity': 0.06089044085552161}, {'fold_id': 5, 'true_positive': 317, 'false_positive': 354, 'true_negative': 4758, 'false_negative': 4943, 'signals': 671, 'events': 10372, 'dates': 288, 'precision': 0.47242921013412814, 'specificity': 0.9307511737089202, 'sensitivity': 0.060266159695817494}]",0.9307511737089202,0.6120689655172413,3016,0.9443307798448874,0.007296491074882521,1846,0.03393061977898127,False,False,COMPLETE,30,False
21,0.5327268119008985,2026-07-19 18:40:16.882083,2026-07-19 18:40:28.388851,0 days 00:00:11.506768,fold_weighted_ratio,0.640259869003636,1.870638909676237,0.0398708875421607,1,3,3.2179858421068017,75,2.5496774069635187e-05,8.710279519698569,0.6007369152051403,True,"[{'events': 10344, 'positive_fraction': 0.3857308584686775, 'roc_auc': 0.4756942127115081, 'average_precision': 0.38284571897098324, 'log_loss': 0.7355299863120234, 'brier_score': 0.27082326791114125, 'threshold': 0.5, 'accuracy': 0.40545243619489557, 'balanced_accuracy': 0.4677983911620411, 'precision': 0.36617100371747213, 'sensitivity': 0.7406015037593985, 'recall': 0.7406015037593985, 'specificity': 0.19499527856468366, 'f1': 0.4900497512437811, 'mcc': -0.07569821197954406, 'tn': 1239, 'fp': 5115, 'fn': 1035, 'tp': 2955, 'model_name': 'xgboost', 'feature_set_name': 'I_full_40', 'feature_count': 40, 'numeric_feature_count': 38, 'categorical_feature_count': 2, 'fold_id': 1, 'train_events': 62717, 'validation_events': 10344, 'train_positive_fraction': 0.5022721112298101, 'validation_positive_fraction': 0.3857308584686775, 'average_uniqueness_weighting_applied': True, 'train_sample_weight_mean': 0.9999999999999998, 'train_sample_weight_min': 0.33537416646232093, 'train_sample_weight_max': 10.396599160332254, 'validation_metrics_weighted': False, 'fit_seconds': 1.327867799991509, 'inference_seconds': 0.03984800000034738}, {'events': 10408, 'positive_fraction': 0.46666026133743277, 'roc_auc': 0.5094477409709439, 'average_precision': 0.47922841047515385, 'log_loss': 0.7032470128672471, 'brier_score': 0.25495498836900576, 'threshold': 0.5, 'accuracy': 0.4912567255956956, 'balanced_accuracy': 0.5053621857508086, 'precision': 0.4704134017833018, 'sensitivity': 0.7169034383364217, 'recall': 0.7169034383364217, 'specificity': 0.2938209331651955, 'f1': 0.5680724365772086, 'mcc': 0.011805176559262573, 'tn': 1631, 'fp': 3920, 'fn': 1375, 'tp': 3482, 'model_name': 'xgboost', 'feature_set_name': 'I_full_40', 'feature_count': 40, 'numeric_feature_count': 38, 'categorical_feature_count': 2, 'fold_id': 2, 'train_events': 73590, 'validation_events': 10408, 'train_positive_fraction': 0.4856366354124202, 'validation_positive_fraction': 0.46666026133743277, 'average_uniqueness_weighting_applied': True, 'train_sample_weight_mean': 1.0000000000000002, 'train_sample_weight_min': 0.34266121177818065, 'train_sample_weight_max': 10.622497565123911, 'validation_metrics_weighted': False, 'fit_seconds': 1.7746374999987893, 'inference_seconds': 0.03747609999845736}, {'events': 10397, 'positive_fraction': 0.7263633740502068, 'roc_auc': 0.5928237913675494, 'average_precision': 0.7982048794705026, 'log_loss': 0.7333138177976108, 'brier_score': 0.2699891916418152, 'threshold': 0.5, 'accuracy': 0.3900163508704434, 'balanced_accuracy': 0.5404580031872748, 'precision': 0.81282316442606, 'sensitivity': 0.20815677966101695, 'recall': 0.20815677966101695, 'specificity': 0.8727592267135326, 'f1': 0.3314358001265022, 'mcc': 0.09270777554782346, 'tn': 2483, 'fp': 362, 'fn': 5980, 'tp': 1572, 'model_name': 'xgboost', 'feature_set_name': 'I_full_40', 'feature_count': 40, 'numeric_feature_count': 38, 'categorical_feature_count': 2, 'fold_id': 3, 'train_events': 83825, 'validation_events': 10397, 'train_positive_fraction': 0.4746555323590814, 'validation_positive_fraction': 0.7263633740502068, 'average_uniqueness_weighting_applied': True, 'train_sample_weight_mean': 1.0, 'train_sample_weight_min': 0.3437930721380264, 'train_sample_weight_max': 10.65758523627913, 'validation_metrics_weighted': False, 'fit_seconds': 1.7241046999988612, 'inference_seconds': 0.03825539999525063}, {'events': 10319, 'positive_fraction': 0.888070549471848, 'roc_auc': 0.5273859125015825, 'average_precision': 0.9033156458957425, 'log_loss': 0.630764188666668, 'brier_score': 0.22120401040106383, 'threshold': 0.5, 'accuracy': 0.6086830119197597, 'balanced_accuracy': 0.5057638491291918, 'precision': 0.8898691816245817, 'sensitivity': 0.6383675250982104, 'recall': 0.6383675250982104, 'specificity': 0.37316017316017314, 'f1': 0.7434235608082348, 'mcc': 0.007558495722291837, 'tn': 431, 'fp': 724, 'fn': 3314, 'tp': 5850, 'model_name': 'xgboost', 'feature_set_name': 'I_full_40', 'feature_count': 40, 'numeric_feature_count': 38, 'categorical_feature_count': 2, 'fold_id': 4, 'train_events': 94059, 'validation_events': 10319, 'train_positive_fraction': 0.49821920284077015, 'validation_positive_fraction': 0.888070549471848, 'average_uniqueness_weighting_applied': True, 'train_sample_weight_mean': 1.0, 'train_sample_weight_min': 0.3302478543176708, 'train_sample_weight_max': 10.237683483848098, 'validation_metrics_weighted': False, 'fit_seconds': 2.0401753000041936, 'inference_seconds': 0.03713240000070073}, {'events': 10372, 'positive_fraction': 0.5071345931353645, 'roc_auc': 0.5582824019529088, 'average_precision': 0.5836460127410895, 'log_loss': 0.7110356782259525, 'brier_score': 0.2583606211760127, 'threshold': 0.5, 'accuracy': 0.5, 'balanced_accuracy': 0.4948123999595375, 'precision': 0.5041313086199196, 'sensitivity': 0.8583650190114068, 'recall': 0.8583650190114068, 'specificity': 0.13125978090766824, 'f1': 0.6351997749015195, 'mcc': -0.015107621865050647, 'tn': 671, 'fp': 4441, 'fn': 745, 'tp': 4515, 'model_name': 'xgboost', 'feature_set_name': 'I_full_40', 'feature_count': 40, 'numeric_feature_count': 38, 'categorical_feature_count': 2, 'fold_id': 5, 'train_events': 107360, 'validation_events': 10372, 'train_positive_fraction': 0.5392883755588673, 'validation_positive_fraction': 0.5071345931353645, 'average_uniqueness_weighting_applied': True, 'train_sample_weight_mean': 1.0, 'train_sample_weight_min': 0.31837299323945095, 'train_sample_weight_max': 9.869562790423288, 'validation_metrics_weighted': False, 'fit_seconds': 2.3899209999945015, 'inference_seconds': 0.04626429999188986}]",5,0.5928237913675494,0.6294481335106943,0.5327268119008985,0.4756942127115081,True,1070,"[{'fold_id': 1, 'true_positive': 227, 'false_positive': 334, 'true_negative': 6020, 'false_negative': 3763, 'signals': 561, 'events': 10344, 'dates': 92, 'precision': 0.40463458110516937, 'specificity': 0.9474346868114574, 'sensitivity': 0.056892230576441105}, {'fold_id': 2, 'true_positive': 294, 'false_positive': 272, 'true_negative': 5279, 'false_negative': 4563, 'signals': 566, 'events': 10408, 'dates': 91, 'precision': 0.519434628975265, 'specificity': 0.9509998198522789, 'sensitivity': 0.06053119209388511}, {'fold_id': 3, 'true_positive': 467, 'false_positive': 127, 'true_negative': 2718, 'false_negative': 7085, 'signals': 594, 'events': 10397, 'dates': 136, 'precision': 0.7861952861952862, 'specificity': 0.9553602811950791, 'sensitivity': 0.06183792372881356}, {'fold_id': 4, 'true_positive': 560, 'false_positive': 64, 'true_negative': 1091, 'false_negative': 8604, 'signals': 624, 'events': 10319, 'dates': 231, 'precision': 0.8974358974358975, 'specificity': 0.9445887445887445, 'sensitivity': 0.06110868616324749}, {'fold_id': 5, 'true_positive': 398, 'false_positive': 273, 'true_negative': 4839, 'false_negative': 4862, 'signals': 671, 'events': 10372, 'dates': 288, 'precision': 0.5931445603576752, 'specificity': 0.9465962441314554, 'sensitivity': 0.07566539923954373}]",0.9445887445887445,0.6452254641909815,3016,0.949088832849598,0.0037984153664867427,1946,0.04021913187520235,False,False,COMPLETE,17,False
