number,value,datetime_start,datetime_complete,duration,params_class_weight_mode,params_colsample_bytree,params_gamma,params_learning_rate,params_max_delta_step,params_max_depth,params_min_child_weight,params_n_estimators,params_reg_alpha,params_reg_lambda,params_subsample,user_attrs_average_uniqueness_weighting,user_attrs_fold_metrics,user_attrs_folds_evaluated,user_attrs_max_roc_auc,user_attrs_mean_average_precision,user_attrs_mean_roc_auc,user_attrs_min_roc_auc,user_attrs_policy_complete,user_attrs_policy_false_positive,user_attrs_policy_fold_metrics,user_attrs_policy_min_fold_specificity,user_attrs_policy_precision,user_attrs_policy_signals,user_attrs_policy_specificity,user_attrs_policy_specificity_std,user_attrs_policy_true_positive,user_attrs_std_roc_auc,user_attrs_threshold_selected,user_attrs_validation_metrics_weighted,state,policy_selection_rank,selected_by_policy_hierarchy
14,0.5289919676250102,2026-07-19 18:38:54.984823,2026-07-19 18:39:07.153357,0 days 00:00:12.168534,fold_weighted_ratio,0.6723559883537326,4.271469341348619,0.1209484152234156,3,6,1.7754544473423408,50,0.0021143671050673643,25.184032884318423,0.6328976033079332,True,"[{'events': 10344, 'positive_fraction': 0.3857308584686775, 'roc_auc': 0.4976937543733429, 'average_precision': 0.40832954426452517, 'log_loss': 0.7831947261805614, 'brier_score': 0.29207001159228657, 'threshold': 0.5, 'accuracy': 0.4218870843000773, 'balanced_accuracy': 0.4835535486497168, 'precision': 0.37565608597850536, 'sensitivity': 0.7533834586466165, 'recall': 0.7533834586466165, 'specificity': 0.21372363865281713, 'f1': 0.5013342228152101, 'mcc': -0.038257759662141476, 'tn': 1358, 'fp': 4996, 'fn': 984, 'tp': 3006, 'model_name': 'xgboost', 'feature_set_name': 'I_full_40', 'feature_count': 40, 'numeric_feature_count': 38, 'categorical_feature_count': 2, 'fold_id': 1, 'train_events': 62717, 'validation_events': 10344, 'train_positive_fraction': 0.5022721112298101, 'validation_positive_fraction': 0.3857308584686775, 'average_uniqueness_weighting_applied': True, 'train_sample_weight_mean': 0.9999999999999998, 'train_sample_weight_min': 0.33537416646232093, 'train_sample_weight_max': 10.396599160332254, 'validation_metrics_weighted': False, 'fit_seconds': 1.4859484000044176, 'inference_seconds': 0.05384340000455268}, {'events': 10408, 'positive_fraction': 0.46666026133743277, 'roc_auc': 0.4414606697689758, 'average_precision': 0.4260217374343669, 'log_loss': 0.7480173112380388, 'brier_score': 0.27549612159863324, 'threshold': 0.5, 'accuracy': 0.4509031514219831, 'balanced_accuracy': 0.45856053477131054, 'precision': 0.43326073428749223, 'sensitivity': 0.5733992176240478, 'recall': 0.5733992176240478, 'specificity': 0.34372185191857324, 'f1': 0.4935755427558706, 'mcc': -0.08508134234606295, 'tn': 1908, 'fp': 3643, 'fn': 2072, 'tp': 2785, 'model_name': 'xgboost', 'feature_set_name': 'I_full_40', 'feature_count': 40, 'numeric_feature_count': 38, 'categorical_feature_count': 2, 'fold_id': 2, 'train_events': 73590, 'validation_events': 10408, 'train_positive_fraction': 0.4856366354124202, 'validation_positive_fraction': 0.46666026133743277, 'average_uniqueness_weighting_applied': True, 'train_sample_weight_mean': 1.0000000000000002, 'train_sample_weight_min': 0.34266121177818065, 'train_sample_weight_max': 10.622497565123911, 'validation_metrics_weighted': False, 'fit_seconds': 1.82258959999308, 'inference_seconds': 0.047759699999005534}, {'events': 10397, 'positive_fraction': 0.7263633740502068, 'roc_auc': 0.5988521528998243, 'average_precision': 0.8032613758869556, 'log_loss': 0.7370720321547776, 'brier_score': 0.27094423167927617, 'threshold': 0.5, 'accuracy': 0.45061075310185633, 'balanced_accuracy': 0.5582892414584016, 'precision': 0.8066666666666666, 'sensitivity': 0.3204449152542373, 'recall': 0.3204449152542373, 'specificity': 0.7961335676625659, 'f1': 0.4586808188021228, 'mcc': 0.11471021365630876, 'tn': 2265, 'fp': 580, 'fn': 5132, 'tp': 2420, 'model_name': 'xgboost', 'feature_set_name': 'I_full_40', 'feature_count': 40, 'numeric_feature_count': 38, 'categorical_feature_count': 2, 'fold_id': 3, 'train_events': 83825, 'validation_events': 10397, 'train_positive_fraction': 0.4746555323590814, 'validation_positive_fraction': 0.7263633740502068, 'average_uniqueness_weighting_applied': True, 'train_sample_weight_mean': 1.0, 'train_sample_weight_min': 0.3437930721380264, 'train_sample_weight_max': 10.65758523627913, 'validation_metrics_weighted': False, 'fit_seconds': 1.9089022999978624, 'inference_seconds': 0.04335039999568835}, {'events': 10319, 'positive_fraction': 0.888070549471848, 'roc_auc': 0.5189234743141334, 'average_precision': 0.9050054474954784, 'log_loss': 0.7190722529652608, 'brier_score': 0.26316813441074993, 'threshold': 0.5, 'accuracy': 0.5066382401395484, 'balanced_accuracy': 0.526626966805928, 'precision': 0.8987663990601136, 'sensitivity': 0.5008729812309035, 'recall': 0.5008729812309035, 'specificity': 0.5523809523809524, 'f1': 0.6432625604372504, 'mcc': 0.033581500108368204, 'tn': 638, 'fp': 517, 'fn': 4574, 'tp': 4590, 'model_name': 'xgboost', 'feature_set_name': 'I_full_40', 'feature_count': 40, 'numeric_feature_count': 38, 'categorical_feature_count': 2, 'fold_id': 4, 'train_events': 94059, 'validation_events': 10319, 'train_positive_fraction': 0.49821920284077015, 'validation_positive_fraction': 0.888070549471848, 'average_uniqueness_weighting_applied': True, 'train_sample_weight_mean': 1.0, 'train_sample_weight_min': 0.3302478543176708, 'train_sample_weight_max': 10.237683483848098, 'validation_metrics_weighted': False, 'fit_seconds': 2.1630704999988666, 'inference_seconds': 0.04436859999259468}, {'events': 10372, 'positive_fraction': 0.5071345931353645, 'roc_auc': 0.5880297867687749, 'average_precision': 0.5963942332452107, 'log_loss': 0.7269433299674509, 'brier_score': 0.26378522669588916, 'threshold': 0.5, 'accuracy': 0.5268029309679907, 'balanced_accuracy': 0.5224188816889508, 'precision': 0.5210124164278892, 'sensitivity': 0.8296577946768061, 'recall': 0.8296577946768061, 'specificity': 0.21517996870109546, 'f1': 0.6400704018773834, 'mcc': 0.05686350591691784, 'tn': 1100, 'fp': 4012, 'fn': 896, 'tp': 4364, 'model_name': 'xgboost', 'feature_set_name': 'I_full_40', 'feature_count': 40, 'numeric_feature_count': 38, 'categorical_feature_count': 2, 'fold_id': 5, 'train_events': 107360, 'validation_events': 10372, 'train_positive_fraction': 0.5392883755588673, 'validation_positive_fraction': 0.5071345931353645, 'average_uniqueness_weighting_applied': True, 'train_sample_weight_mean': 1.0, 'train_sample_weight_min': 0.31837299323945095, 'train_sample_weight_max': 9.869562790423288, 'validation_metrics_weighted': False, 'fit_seconds': 2.398658100006287, 'inference_seconds': 0.05050019999907818}]",5,0.5988521528998243,0.6278024676653073,0.5289919676250102,0.4414606697689758,True,1033,"[{'fold_id': 1, 'true_positive': 256, 'false_positive': 305, 'true_negative': 6049, 'false_negative': 3734, 'signals': 561, 'events': 10344, 'dates': 92, 'precision': 0.4563279857397504, 'specificity': 0.9519987409505823, 'sensitivity': 0.06416040100250626}, {'fold_id': 2, 'true_positive': 284, 'false_positive': 282, 'true_negative': 5269, 'false_negative': 4573, 'signals': 566, 'events': 10408, 'dates': 91, 'precision': 0.5017667844522968, 'specificity': 0.9491983426409656, 'sensitivity': 0.05847230800905909}, {'fold_id': 3, 'true_positive': 466, 'false_positive': 128, 'true_negative': 2717, 'false_negative': 7086, 'signals': 594, 'events': 10397, 'dates': 136, 'precision': 0.7845117845117845, 'specificity': 0.9550087873462214, 'sensitivity': 0.06170550847457627}, {'fold_id': 4, 'true_positive': 565, 'false_positive': 59, 'true_negative': 1096, 'false_negative': 8599, 'signals': 624, 'events': 10319, 'dates': 231, 'precision': 0.905448717948718, 'specificity': 0.9489177489177489, 'sensitivity': 0.0616542994325622}, {'fold_id': 5, 'true_positive': 412, 'false_positive': 259, 'true_negative': 4853, 'false_negative': 4848, 'signals': 671, 'events': 10372, 'dates': 288, 'precision': 0.6140089418777943, 'specificity': 0.9493348982785602, 'sensitivity': 0.07832699619771863}]",0.9489177489177489,0.6574933687002652,3016,0.9508493124613409,0.002339381178987767,1983,0.05849545348237425,False,False,COMPLETE,3,False
15,0.5264402037040334,2026-07-19 18:39:07.393828,2026-07-19 18:39:17.540987,0 days 00:00:10.147159,fold_weighted_ratio,0.5029769432041901,2.533486672728196,0.03715979012844991,0,3,2.0149895769792967,50,0.06992635397307269,0.08027734558602313,0.6833299741118579,True,"[{'events': 10344, 'positive_fraction': 0.3857308584686775, 'roc_auc': 0.48010049123438114, 'average_precision': 0.38399270322847234, 'log_loss': 0.7233766822085173, 'brier_score': 0.26499368383980565, 'threshold': 0.5, 'accuracy': 0.40032869296210366, 'balanced_accuracy': 0.46777720978555926, 'precision': 0.36670280689073603, 'sensitivity': 0.7629072681704261, 'recall': 0.7629072681704261, 'specificity': 0.17264715140069248, 'f1': 0.4953217801643479, 'mcc': -0.07879593302026446, 'tn': 1097, 'fp': 5257, 'fn': 946, 'tp': 3044, 'model_name': 'xgboost', 'feature_set_name': 'I_full_40', 'feature_count': 40, 'numeric_feature_count': 38, 'categorical_feature_count': 2, 'fold_id': 1, 'train_events': 62717, 'validation_events': 10344, 'train_positive_fraction': 0.5022721112298101, 'validation_positive_fraction': 0.3857308584686775, 'average_uniqueness_weighting_applied': True, 'train_sample_weight_mean': 0.9999999999999998, 'train_sample_weight_min': 0.33537416646232093, 'train_sample_weight_max': 10.396599160332254, 'validation_metrics_weighted': False, 'fit_seconds': 1.1618140000064159, 'inference_seconds': 0.04050070000812411}, {'events': 10408, 'positive_fraction': 0.46666026133743277, 'roc_auc': 0.5329690543898868, 'average_precision': 0.5172771460174874, 'log_loss': 0.6966292969753195, 'brier_score': 0.2517377710459991, 'threshold': 0.5, 'accuracy': 0.48693312836279784, 'balanced_accuracy': 0.5012316399632999, 'precision': 0.46751849361129794, 'sensitivity': 0.715668107885526, 'recall': 0.715668107885526, 'specificity': 0.2867951720410737, 'f1': 0.5655711031565246, 'mcc': 0.002720479716049936, 'tn': 1592, 'fp': 3959, 'fn': 1381, 'tp': 3476, 'model_name': 'xgboost', 'feature_set_name': 'I_full_40', 'feature_count': 40, 'numeric_feature_count': 38, 'categorical_feature_count': 2, 'fold_id': 2, 'train_events': 73590, 'validation_events': 10408, 'train_positive_fraction': 0.4856366354124202, 'validation_positive_fraction': 0.46666026133743277, 'average_uniqueness_weighting_applied': True, 'train_sample_weight_mean': 1.0000000000000002, 'train_sample_weight_min': 0.34266121177818065, 'train_sample_weight_max': 10.622497565123911, 'validation_metrics_weighted': False, 'fit_seconds': 1.5609625000070082, 'inference_seconds': 0.04283229999418836}, {'events': 10397, 'positive_fraction': 0.7263633740502068, 'roc_auc': 0.5762499627654821, 'average_precision': 0.7940705528385401, 'log_loss': 0.7275944753857752, 'brier_score': 0.26727435442787195, 'threshold': 0.5, 'accuracy': 0.38357218428392803, 'balanced_accuracy': 0.5474141790905841, 'precision': 0.8444846292947559, 'sensitivity': 0.1855137711864407, 'recall': 0.1855137711864407, 'specificity': 0.9093145869947276, 'f1': 0.30420149820866355, 'mcc': 0.11544659923967686, 'tn': 2587, 'fp': 258, 'fn': 6151, 'tp': 1401, 'model_name': 'xgboost', 'feature_set_name': 'I_full_40', 'feature_count': 40, 'numeric_feature_count': 38, 'categorical_feature_count': 2, 'fold_id': 3, 'train_events': 83825, 'validation_events': 10397, 'train_positive_fraction': 0.4746555323590814, 'validation_positive_fraction': 0.7263633740502068, 'average_uniqueness_weighting_applied': True, 'train_sample_weight_mean': 1.0, 'train_sample_weight_min': 0.3437930721380264, 'train_sample_weight_max': 10.65758523627913, 'validation_metrics_weighted': False, 'fit_seconds': 1.5296805999969365, 'inference_seconds': 0.04672860000573564}, {'events': 10319, 'positive_fraction': 0.888070549471848, 'roc_auc': 0.5127720271871298, 'average_precision': 0.9009839576870856, 'log_loss': 0.6372112566835438, 'brier_score': 0.22416904915597352, 'threshold': 0.5, 'accuracy': 0.5869754821203605, 'balanced_accuracy': 0.49505546832041813, 'precision': 0.8864711447492905, 'sensitivity': 0.6134875600174596, 'recall': 0.6134875600174596, 'specificity': 0.37662337662337664, 'f1': 0.7251386560041274, 'mcc': -0.006406159942049404, 'tn': 435, 'fp': 720, 'fn': 3542, 'tp': 5622, 'model_name': 'xgboost', 'feature_set_name': 'I_full_40', 'feature_count': 40, 'numeric_feature_count': 38, 'categorical_feature_count': 2, 'fold_id': 4, 'train_events': 94059, 'validation_events': 10319, 'train_positive_fraction': 0.49821920284077015, 'validation_positive_fraction': 0.888070549471848, 'average_uniqueness_weighting_applied': True, 'train_sample_weight_mean': 1.0, 'train_sample_weight_min': 0.3302478543176708, 'train_sample_weight_max': 10.237683483848098, 'validation_metrics_weighted': False, 'fit_seconds': 1.7725684000033652, 'inference_seconds': 0.03714620000391733}, {'events': 10372, 'positive_fraction': 0.5071345931353645, 'roc_auc': 0.5301094829432871, 'average_precision': 0.5671189842351351, 'log_loss': 0.7096962030778676, 'brier_score': 0.25797092024441604, 'threshold': 0.5, 'accuracy': 0.49469726185885077, 'balanced_accuracy': 0.48921548938752923, 'precision': 0.5010360999018432, 'sensitivity': 0.873384030418251, 'recall': 0.873384030418251, 'specificity': 0.10504694835680752, 'f1': 0.6367731651535103, 'mcc': -0.03367634363485924, 'tn': 537, 'fp': 4575, 'fn': 666, 'tp': 4594, 'model_name': 'xgboost', 'feature_set_name': 'I_full_40', 'feature_count': 40, 'numeric_feature_count': 38, 'categorical_feature_count': 2, 'fold_id': 5, 'train_events': 107360, 'validation_events': 10372, 'train_positive_fraction': 0.5392883755588673, 'validation_positive_fraction': 0.5071345931353645, 'average_uniqueness_weighting_applied': True, 'train_sample_weight_mean': 1.0, 'train_sample_weight_min': 0.31837299323945095, 'train_sample_weight_max': 9.869562790423288, 'validation_metrics_weighted': False, 'fit_seconds': 1.9841849000076763, 'inference_seconds': 0.039850000001024455}]",5,0.5762499627654821,0.6326886688013441,0.5264402037040334,0.48010049123438114,True,1108,"[{'fold_id': 1, 'true_positive': 234, 'false_positive': 327, 'true_negative': 6027, 'false_negative': 3756, 'signals': 561, 'events': 10344, 'dates': 92, 'precision': 0.41711229946524064, 'specificity': 0.9485363550519358, 'sensitivity': 0.058646616541353384}, {'fold_id': 2, 'true_positive': 303, 'false_positive': 263, 'true_negative': 5288, 'false_negative': 4554, 'signals': 566, 'events': 10408, 'dates': 91, 'precision': 0.5353356890459364, 'specificity': 0.9526211493424608, 'sensitivity': 0.062384187770228534}, {'fold_id': 3, 'true_positive': 440, 'false_positive': 154, 'true_negative': 2691, 'false_negative': 7112, 'signals': 594, 'events': 10397, 'dates': 136, 'precision': 0.7407407407407407, 'specificity': 0.9458699472759227, 'sensitivity': 0.05826271186440678}, {'fold_id': 4, 'true_positive': 562, 'false_positive': 62, 'true_negative': 1093, 'false_negative': 8602, 'signals': 624, 'events': 10319, 'dates': 231, 'precision': 0.9006410256410257, 'specificity': 0.9463203463203463, 'sensitivity': 0.06132693147097337}, {'fold_id': 5, 'true_positive': 369, 'false_positive': 302, 'true_negative': 4810, 'false_negative': 4891, 'signals': 671, 'events': 10372, 'dates': 288, 'precision': 0.5499254843517138, 'specificity': 0.940923317683881, 'sensitivity': 0.07015209125475286}]",0.940923317683881,0.6326259946949602,3016,0.947280772707808,0.0038083190139055257,1908,0.03121310494084381,False,False,COMPLETE,29,False
