number,value,datetime_start,datetime_complete,duration,params_class_weight_mode,params_colsample_bytree,params_gamma,params_learning_rate,params_max_delta_step,params_max_depth,params_min_child_weight,params_n_estimators,params_reg_alpha,params_reg_lambda,params_subsample,user_attrs_average_uniqueness_weighting,user_attrs_fold_metrics,user_attrs_folds_evaluated,user_attrs_max_roc_auc,user_attrs_mean_average_precision,user_attrs_mean_roc_auc,user_attrs_min_roc_auc,user_attrs_policy_complete,user_attrs_policy_false_positive,user_attrs_policy_fold_metrics,user_attrs_policy_min_fold_specificity,user_attrs_policy_precision,user_attrs_policy_signals,user_attrs_policy_specificity,user_attrs_policy_specificity_std,user_attrs_policy_true_positive,user_attrs_std_roc_auc,user_attrs_threshold_selected,user_attrs_validation_metrics_weighted,state,policy_selection_rank,selected_by_policy_hierarchy
6,0.5349136616084801,2026-07-19 18:36:59.700488,2026-07-19 18:37:11.269932,0 days 00:00:11.569444,fold_weighted_ratio,0.5696027880946366,3.2600610770904486,0.0424008319201514,1,3,2.7504364241264527,75,0.0017686045712469187,9.717654149884089,0.6690603490357511,True,"[{'events': 10344, 'positive_fraction': 0.3857308584686775, 'roc_auc': 0.48516301771110176, 'average_precision': 0.3923747184163389, 'log_loss': 0.7313260574044318, 'brier_score': 0.2687935603325245, 'threshold': 0.5, 'accuracy': 0.4061291569992266, 'balanced_accuracy': 0.46634444941437636, 'precision': 0.365049517362417, 'sensitivity': 0.7298245614035088, 'recall': 0.7298245614035088, 'specificity': 0.20286433742524393, 'f1': 0.4866716804545834, 'mcc': -0.07799698649240995, 'tn': 1289, 'fp': 5065, 'fn': 1078, 'tp': 2912, 'model_name': 'xgboost', 'feature_set_name': 'I_full_40', 'feature_count': 40, 'numeric_feature_count': 38, 'categorical_feature_count': 2, 'fold_id': 1, 'train_events': 62717, 'validation_events': 10344, 'train_positive_fraction': 0.5022721112298101, 'validation_positive_fraction': 0.3857308584686775, 'average_uniqueness_weighting_applied': True, 'train_sample_weight_mean': 0.9999999999999998, 'train_sample_weight_min': 0.33537416646232093, 'train_sample_weight_max': 10.396599160332254, 'validation_metrics_weighted': False, 'fit_seconds': 1.319952599995304, 'inference_seconds': 0.037627599987899885}, {'events': 10408, 'positive_fraction': 0.46666026133743277, 'roc_auc': 0.5114174784533941, 'average_precision': 0.487901138266625, 'log_loss': 0.7034308466518062, 'brier_score': 0.25505148990687654, 'threshold': 0.5, 'accuracy': 0.48722136817832434, 'balanced_accuracy': 0.5008454740175393, 'precision': 0.46725784447476126, 'sensitivity': 0.7051677990529133, 'recall': 0.7051677990529133, 'specificity': 0.29652314898216536, 'f1': 0.5620743415114466, 'mcc': 0.001848475214807826, 'tn': 1646, 'fp': 3905, 'fn': 1432, 'tp': 3425, 'model_name': 'xgboost', 'feature_set_name': 'I_full_40', 'feature_count': 40, 'numeric_feature_count': 38, 'categorical_feature_count': 2, 'fold_id': 2, 'train_events': 73590, 'validation_events': 10408, 'train_positive_fraction': 0.4856366354124202, 'validation_positive_fraction': 0.46666026133743277, 'average_uniqueness_weighting_applied': True, 'train_sample_weight_mean': 1.0000000000000002, 'train_sample_weight_min': 0.34266121177818065, 'train_sample_weight_max': 10.622497565123911, 'validation_metrics_weighted': False, 'fit_seconds': 1.9161483000061708, 'inference_seconds': 0.038157800008775666}, {'events': 10397, 'positive_fraction': 0.7263633740502068, 'roc_auc': 0.5839416134833637, 'average_precision': 0.7962186013866628, 'log_loss': 0.7321659662886107, 'brier_score': 0.26936803910531226, 'threshold': 0.5, 'accuracy': 0.40348177358853515, 'balanced_accuracy': 0.5470981278484406, 'precision': 0.8180961357210179, 'sensitivity': 0.2298728813559322, 'recall': 0.2298728813559322, 'specificity': 0.8643233743409491, 'f1': 0.3589001447178003, 'mcc': 0.10419552684374109, 'tn': 2459, 'fp': 386, 'fn': 5816, 'tp': 1736, 'model_name': 'xgboost', 'feature_set_name': 'I_full_40', 'feature_count': 40, 'numeric_feature_count': 38, 'categorical_feature_count': 2, 'fold_id': 3, 'train_events': 83825, 'validation_events': 10397, 'train_positive_fraction': 0.4746555323590814, 'validation_positive_fraction': 0.7263633740502068, 'average_uniqueness_weighting_applied': True, 'train_sample_weight_mean': 1.0, 'train_sample_weight_min': 0.3437930721380264, 'train_sample_weight_max': 10.65758523627913, 'validation_metrics_weighted': False, 'fit_seconds': 1.7246311000053538, 'inference_seconds': 0.04098299999895971}, {'events': 10319, 'positive_fraction': 0.888070549471848, 'roc_auc': 0.53782795845214, 'average_precision': 0.90566193011916, 'log_loss': 0.6320989610040139, 'brier_score': 0.22204623557417846, 'threshold': 0.5, 'accuracy': 0.5860063959686016, 'balanced_accuracy': 0.5225069488928066, 'precision': 0.8955368693402329, 'sensitivity': 0.6043212570929725, 'recall': 0.6043212570929725, 'specificity': 0.4406926406926407, 'f1': 0.7216575449569976, 'mcc': 0.028960606679375982, 'tn': 509, 'fp': 646, 'fn': 3626, 'tp': 5538, 'model_name': 'xgboost', 'feature_set_name': 'I_full_40', 'feature_count': 40, 'numeric_feature_count': 38, 'categorical_feature_count': 2, 'fold_id': 4, 'train_events': 94059, 'validation_events': 10319, 'train_positive_fraction': 0.49821920284077015, 'validation_positive_fraction': 0.888070549471848, 'average_uniqueness_weighting_applied': True, 'train_sample_weight_mean': 1.0, 'train_sample_weight_min': 0.3302478543176708, 'train_sample_weight_max': 10.237683483848098, 'validation_metrics_weighted': False, 'fit_seconds': 2.2666165999980876, 'inference_seconds': 0.0436733000096865}, {'events': 10372, 'positive_fraction': 0.5071345931353645, 'roc_auc': 0.5562182399424005, 'average_precision': 0.5857435842619801, 'log_loss': 0.7173630957154363, 'brier_score': 0.2613754981172521, 'threshold': 0.5, 'accuracy': 0.4942151947551099, 'balanced_accuracy': 0.4887787328108915, 'precision': 0.5007661996497373, 'sensitivity': 0.8697718631178707, 'recall': 0.8697718631178707, 'specificity': 0.10778560250391236, 'f1': 0.635593220338983, 'mcc': -0.03463162841037016, 'tn': 551, 'fp': 4561, 'fn': 685, 'tp': 4575, 'model_name': 'xgboost', 'feature_set_name': 'I_full_40', 'feature_count': 40, 'numeric_feature_count': 38, 'categorical_feature_count': 2, 'fold_id': 5, 'train_events': 107360, 'validation_events': 10372, 'train_positive_fraction': 0.5392883755588673, 'validation_positive_fraction': 0.5071345931353645, 'average_uniqueness_weighting_applied': True, 'train_sample_weight_mean': 1.0, 'train_sample_weight_min': 0.31837299323945095, 'train_sample_weight_max': 9.869562790423288, 'validation_metrics_weighted': False, 'fit_seconds': 2.316653900008532, 'inference_seconds': 0.04845170000044163}]",5,0.5839416134833637,0.6335799944901532,0.5349136616084801,0.48516301771110176,True,1105,"[{'fold_id': 1, 'true_positive': 216, 'false_positive': 345, 'true_negative': 6009, 'false_negative': 3774, 'signals': 561, 'events': 10344, 'dates': 92, 'precision': 0.3850267379679144, 'specificity': 0.945703493862134, 'sensitivity': 0.05413533834586466}, {'fold_id': 2, 'true_positive': 294, 'false_positive': 272, 'true_negative': 5279, 'false_negative': 4563, 'signals': 566, 'events': 10408, 'dates': 91, 'precision': 0.519434628975265, 'specificity': 0.9509998198522789, 'sensitivity': 0.06053119209388511}, {'fold_id': 3, 'true_positive': 452, 'false_positive': 142, 'true_negative': 2703, 'false_negative': 7100, 'signals': 594, 'events': 10397, 'dates': 136, 'precision': 0.7609427609427609, 'specificity': 0.9500878734622145, 'sensitivity': 0.05985169491525424}, {'fold_id': 4, 'true_positive': 557, 'false_positive': 67, 'true_negative': 1088, 'false_negative': 8607, 'signals': 624, 'events': 10319, 'dates': 231, 'precision': 0.8926282051282052, 'specificity': 0.941991341991342, 'sensitivity': 0.06078131820165866}, {'fold_id': 5, 'true_positive': 392, 'false_positive': 279, 'true_negative': 4833, 'false_negative': 4868, 'signals': 671, 'events': 10372, 'dates': 288, 'precision': 0.5842026825633383, 'specificity': 0.9454225352112676, 'sensitivity': 0.07452471482889733}]",0.941991341991342,0.6336206896551724,3016,0.9474235142979492,0.003306451729997251,1911,0.03433166305376456,False,False,COMPLETE,28,False
7,0.5316287270564153,2026-07-19 18:37:11.494277,2026-07-19 18:37:27.890501,0 days 00:00:16.396224,none,0.7525520953305544,2.237121259750385,0.024617299363422367,2,4,0.377756125412337,150,0.1490187907734814,0.31824330941482953,0.6567002096710227,True,"[{'events': 10344, 'positive_fraction': 0.3857308584686775, 'roc_auc': 0.49379939855935084, 'average_precision': 0.4055562386789282, 'log_loss': 0.7592473729716751, 'brier_score': 0.2820912981855459, 'threshold': 0.5, 'accuracy': 0.4048723897911833, 'balanced_accuracy': 0.47977450708925284, 'precision': 0.3742160278745645, 'sensitivity': 0.8075187969924812, 'recall': 0.8075187969924812, 'specificity': 0.15203021718602455, 'f1': 0.5114285714285715, 'mcc': -0.05271243044431867, 'tn': 966, 'fp': 5388, 'fn': 768, 'tp': 3222, 'model_name': 'xgboost', 'feature_set_name': 'I_full_40', 'feature_count': 40, 'numeric_feature_count': 38, 'categorical_feature_count': 2, 'fold_id': 1, 'train_events': 62717, 'validation_events': 10344, 'train_positive_fraction': 0.5022721112298101, 'validation_positive_fraction': 0.3857308584686775, 'average_uniqueness_weighting_applied': True, 'train_sample_weight_mean': 0.9999999999999998, 'train_sample_weight_min': 0.33537416646232093, 'train_sample_weight_max': 10.396599160332254, 'validation_metrics_weighted': False, 'fit_seconds': 2.231430999992881, 'inference_seconds': 0.05403069999010768}, {'events': 10408, 'positive_fraction': 0.46666026133743277, 'roc_auc': 0.48930793417371854, 'average_precision': 0.4642476126272784, 'log_loss': 0.7177536526366621, 'brier_score': 0.26192761949950283, 'threshold': 0.5, 'accuracy': 0.4764604150653344, 'balanced_accuracy': 0.49539052535741446, 'precision': 0.46373437882871843, 'sensitivity': 0.7792876261066501, 'recall': 0.7792876261066501, 'specificity': 0.21149342460817872, 'f1': 0.5814578692679929, 'mcc': -0.01118015745843848, 'tn': 1174, 'fp': 4377, 'fn': 1072, 'tp': 3785, 'model_name': 'xgboost', 'feature_set_name': 'I_full_40', 'feature_count': 40, 'numeric_feature_count': 38, 'categorical_feature_count': 2, 'fold_id': 2, 'train_events': 73590, 'validation_events': 10408, 'train_positive_fraction': 0.4856366354124202, 'validation_positive_fraction': 0.46666026133743277, 'average_uniqueness_weighting_applied': True, 'train_sample_weight_mean': 1.0000000000000002, 'train_sample_weight_min': 0.34266121177818065, 'train_sample_weight_max': 10.622497565123911, 'validation_metrics_weighted': False, 'fit_seconds': 2.632610400003614, 'inference_seconds': 0.051858199993148446}, {'events': 10397, 'positive_fraction': 0.7263633740502068, 'roc_auc': 0.5900896839906468, 'average_precision': 0.7966833186964817, 'log_loss': 0.7326480257226474, 'brier_score': 0.26968239565042335, 'threshold': 0.5, 'accuracy': 0.4044435894969703, 'balanced_accuracy': 0.5433786322272199, 'precision': 0.8074141048824593, 'sensitivity': 0.2364936440677966, 'recall': 0.2364936440677966, 'specificity': 0.8502636203866433, 'f1': 0.365833674723474, 'mcc': 0.09450963211033082, 'tn': 2419, 'fp': 426, 'fn': 5766, 'tp': 1786, 'model_name': 'xgboost', 'feature_set_name': 'I_full_40', 'feature_count': 40, 'numeric_feature_count': 38, 'categorical_feature_count': 2, 'fold_id': 3, 'train_events': 83825, 'validation_events': 10397, 'train_positive_fraction': 0.4746555323590814, 'validation_positive_fraction': 0.7263633740502068, 'average_uniqueness_weighting_applied': True, 'train_sample_weight_mean': 1.0, 'train_sample_weight_min': 0.3437930721380264, 'train_sample_weight_max': 10.65758523627913, 'validation_metrics_weighted': False, 'fit_seconds': 2.824738699986483, 'inference_seconds': 0.052566800004569814}, {'events': 10319, 'positive_fraction': 0.888070549471848, 'roc_auc': 0.5293680239446281, 'average_precision': 0.9061856913317602, 'log_loss': 0.6013495467291153, 'brier_score': 0.20808672426647956, 'threshold': 0.5, 'accuracy': 0.633685434635139, 'balanced_accuracy': 0.4891952038940254, 'precision': 0.8849013440091507, 'sensitivity': 0.6753601047577477, 'recall': 0.6753601047577477, 'specificity': 0.30303030303030304, 'f1': 0.7660601559598961, 'mcc': -0.014578789492217574, 'tn': 350, 'fp': 805, 'fn': 2975, 'tp': 6189, 'model_name': 'xgboost', 'feature_set_name': 'I_full_40', 'feature_count': 40, 'numeric_feature_count': 38, 'categorical_feature_count': 2, 'fold_id': 4, 'train_events': 94059, 'validation_events': 10319, 'train_positive_fraction': 0.49821920284077015, 'validation_positive_fraction': 0.888070549471848, 'average_uniqueness_weighting_applied': True, 'train_sample_weight_mean': 1.0, 'train_sample_weight_min': 0.3302478543176708, 'train_sample_weight_max': 10.237683483848098, 'validation_metrics_weighted': False, 'fit_seconds': 2.9393215000018245, 'inference_seconds': 0.0406788999971468}, {'events': 10372, 'positive_fraction': 0.5071345931353645, 'roc_auc': 0.5555785946137323, 'average_precision': 0.5754332907037042, 'log_loss': 0.7766886074959897, 'brier_score': 0.2858428804078087, 'threshold': 0.5, 'accuracy': 0.4909371384496722, 'balanced_accuracy': 0.48447349708729776, 'precision': 0.4989880590973487, 'sensitivity': 0.9374524714828897, 'recall': 0.9374524714828897, 'specificity': 0.03149452269170579, 'f1': 0.6513010170387004, 'mcc': -0.07317647322710484, 'tn': 161, 'fp': 4951, 'fn': 329, 'tp': 4931, 'model_name': 'xgboost', 'feature_set_name': 'I_full_40', 'feature_count': 40, 'numeric_feature_count': 38, 'categorical_feature_count': 2, 'fold_id': 5, 'train_events': 107360, 'validation_events': 10372, 'train_positive_fraction': 0.5392883755588673, 'validation_positive_fraction': 0.5071345931353645, 'average_uniqueness_weighting_applied': True, 'train_sample_weight_mean': 1.0, 'train_sample_weight_min': 0.31837299323945095, 'train_sample_weight_max': 9.869562790423288, 'validation_metrics_weighted': False, 'fit_seconds': 3.58307419999619, 'inference_seconds': 0.053689699998358265}]",5,0.5900896839906468,0.6296212304076305,0.5316287270564153,0.48930793417371854,True,1052,"[{'fold_id': 1, 'true_positive': 239, 'false_positive': 322, 'true_negative': 6032, 'false_negative': 3751, 'signals': 561, 'events': 10344, 'dates': 92, 'precision': 0.42602495543672014, 'specificity': 0.9493232609379918, 'sensitivity': 0.059899749373433585}, {'fold_id': 2, 'true_positive': 295, 'false_positive': 271, 'true_negative': 5280, 'false_negative': 4562, 'signals': 566, 'events': 10408, 'dates': 91, 'precision': 0.5212014134275619, 'specificity': 0.9511799675734102, 'sensitivity': 0.060737080502367716}, {'fold_id': 3, 'true_positive': 463, 'false_positive': 131, 'true_negative': 2714, 'false_negative': 7089, 'signals': 594, 'events': 10397, 'dates': 136, 'precision': 0.7794612794612794, 'specificity': 0.9539543057996485, 'sensitivity': 0.06130826271186441}, {'fold_id': 4, 'true_positive': 559, 'false_positive': 65, 'true_negative': 1090, 'false_negative': 8605, 'signals': 624, 'events': 10319, 'dates': 231, 'precision': 0.8958333333333334, 'specificity': 0.9437229437229437, 'sensitivity': 0.06099956350938455}, {'fold_id': 5, 'true_positive': 408, 'false_positive': 263, 'true_negative': 4849, 'false_negative': 4852, 'signals': 671, 'events': 10372, 'dates': 288, 'precision': 0.6080476900149031, 'specificity': 0.9485524256651017, 'sensitivity': 0.07756653992395438}]",0.9437229437229437,0.6511936339522546,3016,0.9499452823904458,0.0033719121252485823,1964,0.03799604722862014,False,False,COMPLETE,10,False
