number,value,datetime_start,datetime_complete,duration,params_class_weight_mode,params_colsample_bytree,params_gamma,params_learning_rate,params_max_delta_step,params_max_depth,params_min_child_weight,params_n_estimators,params_reg_alpha,params_reg_lambda,params_subsample,user_attrs_average_uniqueness_weighting,user_attrs_fold_metrics,user_attrs_folds_evaluated,user_attrs_max_roc_auc,user_attrs_mean_average_precision,user_attrs_mean_roc_auc,user_attrs_min_roc_auc,user_attrs_policy_complete,user_attrs_policy_false_positive,user_attrs_policy_fold_metrics,user_attrs_policy_min_fold_specificity,user_attrs_policy_precision,user_attrs_policy_signals,user_attrs_policy_specificity,user_attrs_policy_specificity_std,user_attrs_policy_true_positive,user_attrs_std_roc_auc,user_attrs_threshold_selected,user_attrs_validation_metrics_weighted,state,policy_selection_rank,selected_by_policy_hierarchy
24,0.5293854166966414,2026-07-19 18:40:51.565958,2026-07-19 18:41:03.919882,0 days 00:00:12.353924,none,0.645230234503519,3.1539335579628234,0.030796769816185798,3,3,9.170175843225309,100,0.0035394423935902865,15.608867195687266,0.7419083309737629,True,"[{'events': 10344, 'positive_fraction': 0.3857308584686775, 'roc_auc': 0.47827822231057654, 'average_precision': 0.38738874202606816, 'log_loss': 0.753650986414097, 'brier_score': 0.27961613381387806, 'threshold': 0.5, 'accuracy': 0.3996519721577726, 'balanced_accuracy': 0.47137579548493513, 'precision': 0.36919632335611596, 'sensitivity': 0.7852130325814536, 'recall': 0.7852130325814536, 'specificity': 0.15753855838841674, 'f1': 0.502244309073421, 'mcc': -0.07259372909296292, 'tn': 1001, 'fp': 5353, 'fn': 857, 'tp': 3133, 'model_name': 'xgboost', 'feature_set_name': 'I_full_40', 'feature_count': 40, 'numeric_feature_count': 38, 'categorical_feature_count': 2, 'fold_id': 1, 'train_events': 62717, 'validation_events': 10344, 'train_positive_fraction': 0.5022721112298101, 'validation_positive_fraction': 0.3857308584686775, 'average_uniqueness_weighting_applied': True, 'train_sample_weight_mean': 0.9999999999999998, 'train_sample_weight_min': 0.33537416646232093, 'train_sample_weight_max': 10.396599160332254, 'validation_metrics_weighted': False, 'fit_seconds': 1.5894805999996606, 'inference_seconds': 0.05383340000116732}, {'events': 10408, 'positive_fraction': 0.46666026133743277, 'roc_auc': 0.5107817502384073, 'average_precision': 0.4903004323788296, 'log_loss': 0.7089994348193809, 'brier_score': 0.25779573093233216, 'threshold': 0.5, 'accuracy': 0.4740584166026134, 'balanced_accuracy': 0.49436136149245835, 'precision': 0.46317297361824045, 'sensitivity': 0.7988470249124974, 'recall': 0.7988470249124974, 'specificity': 0.18987569807241939, 'f1': 0.5863684449146139, 'mcc': -0.014196284510891088, 'tn': 1054, 'fp': 4497, 'fn': 977, 'tp': 3880, 'model_name': 'xgboost', 'feature_set_name': 'I_full_40', 'feature_count': 40, 'numeric_feature_count': 38, 'categorical_feature_count': 2, 'fold_id': 2, 'train_events': 73590, 'validation_events': 10408, 'train_positive_fraction': 0.4856366354124202, 'validation_positive_fraction': 0.46666026133743277, 'average_uniqueness_weighting_applied': True, 'train_sample_weight_mean': 1.0000000000000002, 'train_sample_weight_min': 0.34266121177818065, 'train_sample_weight_max': 10.622497565123911, 'validation_metrics_weighted': False, 'fit_seconds': 1.8253891999920597, 'inference_seconds': 0.043082999996840954}, {'events': 10397, 'positive_fraction': 0.7263633740502068, 'roc_auc': 0.5750026064162521, 'average_precision': 0.7931758527113776, 'log_loss': 0.7218012884315734, 'brier_score': 0.26439298110203685, 'threshold': 0.5, 'accuracy': 0.41252284312782533, 'balanced_accuracy': 0.5503640837702184, 'precision': 0.8180616740088106, 'sensitivity': 0.24589512711864406, 'recall': 0.24589512711864406, 'specificity': 0.8548330404217926, 'f1': 0.37813072693952354, 'mcc': 0.10870386875021472, 'tn': 2432, 'fp': 413, 'fn': 5695, 'tp': 1857, 'model_name': 'xgboost', 'feature_set_name': 'I_full_40', 'feature_count': 40, 'numeric_feature_count': 38, 'categorical_feature_count': 2, 'fold_id': 3, 'train_events': 83825, 'validation_events': 10397, 'train_positive_fraction': 0.4746555323590814, 'validation_positive_fraction': 0.7263633740502068, 'average_uniqueness_weighting_applied': True, 'train_sample_weight_mean': 1.0, 'train_sample_weight_min': 0.3437930721380264, 'train_sample_weight_max': 10.65758523627913, 'validation_metrics_weighted': False, 'fit_seconds': 1.9471056000038516, 'inference_seconds': 0.04683379999187309}, {'events': 10319, 'positive_fraction': 0.888070549471848, 'roc_auc': 0.5269870715636756, 'average_precision': 0.9031638877444123, 'log_loss': 0.5877166164611413, 'brier_score': 0.2008287404884613, 'threshold': 0.5, 'accuracy': 0.6999709274154472, 'balanced_accuracy': 0.49511300571972766, 'precision': 0.8867924528301887, 'sensitivity': 0.7590571802706242, 'recall': 0.7590571802706242, 'specificity': 0.23116883116883116, 'f1': 0.8179680150517403, 'mcc': -0.007216871368699814, 'tn': 267, 'fp': 888, 'fn': 2208, 'tp': 6956, 'model_name': 'xgboost', 'feature_set_name': 'I_full_40', 'feature_count': 40, 'numeric_feature_count': 38, 'categorical_feature_count': 2, 'fold_id': 4, 'train_events': 94059, 'validation_events': 10319, 'train_positive_fraction': 0.49821920284077015, 'validation_positive_fraction': 0.888070549471848, 'average_uniqueness_weighting_applied': True, 'train_sample_weight_mean': 1.0, 'train_sample_weight_min': 0.3302478543176708, 'train_sample_weight_max': 10.237683483848098, 'validation_metrics_weighted': False, 'fit_seconds': 2.3523980000027223, 'inference_seconds': 0.044611100005568005}, {'events': 10372, 'positive_fraction': 0.5071345931353645, 'roc_auc': 0.5558774329542953, 'average_precision': 0.5828762806669704, 'log_loss': 0.7608126247432658, 'brier_score': 0.2798929092869043, 'threshold': 0.5, 'accuracy': 0.49855379868877747, 'balanced_accuracy': 0.4916830301623854, 'precision': 0.5028981235877787, 'sensitivity': 0.9731939163498099, 'recall': 0.9731939163498099, 'specificity': 0.010172143974960876, 'f1': 0.6631258501198264, 'mcc': -0.061539250857684115, 'tn': 52, 'fp': 5060, 'fn': 141, 'tp': 5119, 'model_name': 'xgboost', 'feature_set_name': 'I_full_40', 'feature_count': 40, 'numeric_feature_count': 38, 'categorical_feature_count': 2, 'fold_id': 5, 'train_events': 107360, 'validation_events': 10372, 'train_positive_fraction': 0.5392883755588673, 'validation_positive_fraction': 0.5071345931353645, 'average_uniqueness_weighting_applied': True, 'train_sample_weight_mean': 1.0, 'train_sample_weight_min': 0.31837299323945095, 'train_sample_weight_max': 9.869562790423288, 'validation_metrics_weighted': False, 'fit_seconds': 2.475078499992378, 'inference_seconds': 0.03880829999980051}]",5,0.5750026064162521,0.6313810391055317,0.5293854166966414,0.47827822231057654,True,1077,"[{'fold_id': 1, 'true_positive': 228, 'false_positive': 333, 'true_negative': 6021, 'false_negative': 3762, 'signals': 561, 'events': 10344, 'dates': 92, 'precision': 0.40641711229946526, 'specificity': 0.9475920679886686, 'sensitivity': 0.05714285714285714}, {'fold_id': 2, 'true_positive': 302, 'false_positive': 264, 'true_negative': 5287, 'false_negative': 4555, 'signals': 566, 'events': 10408, 'dates': 91, 'precision': 0.5335689045936396, 'specificity': 0.9524410016213295, 'sensitivity': 0.06217829936174593}, {'fold_id': 3, 'true_positive': 461, 'false_positive': 133, 'true_negative': 2712, 'false_negative': 7091, 'signals': 594, 'events': 10397, 'dates': 136, 'precision': 0.7760942760942761, 'specificity': 0.9532513181019332, 'sensitivity': 0.06104343220338983}, {'fold_id': 4, 'true_positive': 556, 'false_positive': 68, 'true_negative': 1087, 'false_negative': 8608, 'signals': 624, 'events': 10319, 'dates': 231, 'precision': 0.8910256410256411, 'specificity': 0.9411255411255411, 'sensitivity': 0.060672195547795724}, {'fold_id': 5, 'true_positive': 392, 'false_positive': 279, 'true_negative': 4833, 'false_negative': 4868, 'signals': 671, 'events': 10372, 'dates': 288, 'precision': 0.5842026825633383, 'specificity': 0.9454225352112676, 'sensitivity': 0.07452471482889733}]",0.9411255411255411,0.6429045092838196,3016,0.9487557691392682,0.004502469136573839,1939,0.03390147107838189,False,False,COMPLETE,21,False
25,0.5415356968337841,2026-07-19 18:41:04.151240,2026-07-19 18:41:15.675457,0 days 00:00:11.524217,none,0.5836075673833783,4.795277451331194,0.17439323065351162,2,2,10.002245467747123,100,0.02850239358651448,1.8445941406053232,0.745018065101396,True,"[{'events': 10344, 'positive_fraction': 0.3857308584686775, 'roc_auc': 0.4918215431559699, 'average_precision': 0.3990380514642746, 'log_loss': 0.7690111231406668, 'brier_score': 0.28608423516779785, 'threshold': 0.5, 'accuracy': 0.41540989945862333, 'balanced_accuracy': 0.4800063189134309, 'precision': 0.3736951983298539, 'sensitivity': 0.76265664160401, 'recall': 0.76265664160401, 'specificity': 0.19735599622285174, 'f1': 0.5016071870106321, 'mcc': -0.0475587652423039, 'tn': 1254, 'fp': 5100, 'fn': 947, 'tp': 3043, 'model_name': 'xgboost', 'feature_set_name': 'I_full_40', 'feature_count': 40, 'numeric_feature_count': 38, 'categorical_feature_count': 2, 'fold_id': 1, 'train_events': 62717, 'validation_events': 10344, 'train_positive_fraction': 0.5022721112298101, 'validation_positive_fraction': 0.3857308584686775, 'average_uniqueness_weighting_applied': True, 'train_sample_weight_mean': 0.9999999999999998, 'train_sample_weight_min': 0.33537416646232093, 'train_sample_weight_max': 10.396599160332254, 'validation_metrics_weighted': False, 'fit_seconds': 1.4365316000039456, 'inference_seconds': 0.05043909999949392}, {'events': 10408, 'positive_fraction': 0.46666026133743277, 'roc_auc': 0.47411516109052537, 'average_precision': 0.4514474336482335, 'log_loss': 0.728780976604832, 'brier_score': 0.2669570632859454, 'threshold': 0.5, 'accuracy': 0.4724250576479631, 'balanced_accuracy': 0.48639493402502343, 'precision': 0.4571274005950771, 'sensitivity': 0.6959028206711962, 'recall': 0.6959028206711962, 'specificity': 0.27688704737885067, 'f1': 0.551791690474247, 'mcc': -0.029928776708489178, 'tn': 1537, 'fp': 4014, 'fn': 1477, 'tp': 3380, 'model_name': 'xgboost', 'feature_set_name': 'I_full_40', 'feature_count': 40, 'numeric_feature_count': 38, 'categorical_feature_count': 2, 'fold_id': 2, 'train_events': 73590, 'validation_events': 10408, 'train_positive_fraction': 0.4856366354124202, 'validation_positive_fraction': 0.46666026133743277, 'average_uniqueness_weighting_applied': True, 'train_sample_weight_mean': 1.0000000000000002, 'train_sample_weight_min': 0.34266121177818065, 'train_sample_weight_max': 10.622497565123911, 'validation_metrics_weighted': False, 'fit_seconds': 1.6360958000004757, 'inference_seconds': 0.056285600003320724}, {'events': 10397, 'positive_fraction': 0.7263633740502068, 'roc_auc': 0.6273823109975872, 'average_precision': 0.8180384330449919, 'log_loss': 0.7570484209361815, 'brier_score': 0.2805929494099924, 'threshold': 0.5, 'accuracy': 0.4305088006155622, 'balanced_accuracy': 0.5698649643665663, 'precision': 0.8504512247529007, 'sensitivity': 0.2620497881355932, 'recall': 0.2620497881355932, 'specificity': 0.8776801405975395, 'f1': 0.40064783885008604, 'mcc': 0.14946055979856665, 'tn': 2497, 'fp': 348, 'fn': 5573, 'tp': 1979, 'model_name': 'xgboost', 'feature_set_name': 'I_full_40', 'feature_count': 40, 'numeric_feature_count': 38, 'categorical_feature_count': 2, 'fold_id': 3, 'train_events': 83825, 'validation_events': 10397, 'train_positive_fraction': 0.4746555323590814, 'validation_positive_fraction': 0.7263633740502068, 'average_uniqueness_weighting_applied': True, 'train_sample_weight_mean': 1.0, 'train_sample_weight_min': 0.3437930721380264, 'train_sample_weight_max': 10.65758523627913, 'validation_metrics_weighted': False, 'fit_seconds': 1.8270186000008835, 'inference_seconds': 0.04813700000522658}, {'events': 10319, 'positive_fraction': 0.888070549471848, 'roc_auc': 0.5306684258561168, 'average_precision': 0.9035122592592688, 'log_loss': 0.6049047919419305, 'brier_score': 0.21082243454660002, 'threshold': 0.5, 'accuracy': 0.6182769648221726, 'balanced_accuracy': 0.5070036903297488, 'precision': 0.8902165795369679, 'sensitivity': 0.650371017023134, 'recall': 0.650371017023134, 'specificity': 0.36363636363636365, 'f1': 0.7516236837127184, 'mcc': 0.009251690127166387, 'tn': 420, 'fp': 735, 'fn': 3204, 'tp': 5960, 'model_name': 'xgboost', 'feature_set_name': 'I_full_40', 'feature_count': 40, 'numeric_feature_count': 38, 'categorical_feature_count': 2, 'fold_id': 4, 'train_events': 94059, 'validation_events': 10319, 'train_positive_fraction': 0.49821920284077015, 'validation_positive_fraction': 0.888070549471848, 'average_uniqueness_weighting_applied': True, 'train_sample_weight_mean': 1.0, 'train_sample_weight_min': 0.3302478543176708, 'train_sample_weight_max': 10.237683483848098, 'validation_metrics_weighted': False, 'fit_seconds': 1.9557116999931168, 'inference_seconds': 0.042524099990259856}, {'events': 10372, 'positive_fraction': 0.5071345931353645, 'roc_auc': 0.5836910430687208, 'average_precision': 0.5894576894918563, 'log_loss': 0.8255824054320013, 'brier_score': 0.29647216261225884, 'threshold': 0.5, 'accuracy': 0.5247782491322792, 'balanced_accuracy': 0.5186751370070869, 'precision': 0.5171948051948052, 'sensitivity': 0.9463878326996198, 'recall': 0.9463878326996198, 'specificity': 0.09096244131455399, 'f1': 0.6688612697346322, 'mcc': 0.07223063234965794, 'tn': 465, 'fp': 4647, 'fn': 282, 'tp': 4978, 'model_name': 'xgboost', 'feature_set_name': 'I_full_40', 'feature_count': 40, 'numeric_feature_count': 38, 'categorical_feature_count': 2, 'fold_id': 5, 'train_events': 107360, 'validation_events': 10372, 'train_positive_fraction': 0.5392883755588673, 'validation_positive_fraction': 0.5071345931353645, 'average_uniqueness_weighting_applied': True, 'train_sample_weight_mean': 1.0, 'train_sample_weight_min': 0.31837299323945095, 'train_sample_weight_max': 9.869562790423288, 'validation_metrics_weighted': False, 'fit_seconds': 2.4129171000095084, 'inference_seconds': 0.04037260000768583}]",5,0.6273823109975872,0.6322987733817251,0.5415356968337841,0.47411516109052537,True,1059,"[{'fold_id': 1, 'true_positive': 252, 'false_positive': 309, 'true_negative': 6045, 'false_negative': 3738, 'signals': 561, 'events': 10344, 'dates': 92, 'precision': 0.44919786096256686, 'specificity': 0.9513692162417375, 'sensitivity': 0.06315789473684211}, {'fold_id': 2, 'true_positive': 297, 'false_positive': 269, 'true_negative': 5282, 'false_negative': 4560, 'signals': 566, 'events': 10408, 'dates': 91, 'precision': 0.5247349823321554, 'specificity': 0.9515402630156728, 'sensitivity': 0.06114885731933292}, {'fold_id': 3, 'true_positive': 470, 'false_positive': 124, 'true_negative': 2721, 'false_negative': 7082, 'signals': 594, 'events': 10397, 'dates': 136, 'precision': 0.7912457912457912, 'specificity': 0.956414762741652, 'sensitivity': 0.062235169491525424}, {'fold_id': 4, 'true_positive': 549, 'false_positive': 75, 'true_negative': 1080, 'false_negative': 8615, 'signals': 624, 'events': 10319, 'dates': 231, 'precision': 0.8798076923076923, 'specificity': 0.935064935064935, 'sensitivity': 0.05990833697075513}, {'fold_id': 5, 'true_positive': 389, 'false_positive': 282, 'true_negative': 4830, 'false_negative': 4871, 'signals': 671, 'events': 10372, 'dates': 288, 'precision': 0.5797317436661699, 'specificity': 0.9448356807511737, 'sensitivity': 0.07395437262357414}]",0.935064935064935,0.6488726790450928,3016,0.9496122186801161,0.0073743062643685155,1957,0.05706459090169259,False,False,COMPLETE,15,False
