number,value,datetime_start,datetime_complete,duration,params_class_weight_mode,params_colsample_bytree,params_gamma,params_learning_rate,params_max_delta_step,params_max_depth,params_min_child_weight,params_n_estimators,params_reg_alpha,params_reg_lambda,params_subsample,user_attrs_average_uniqueness_weighting,user_attrs_fold_metrics,user_attrs_folds_evaluated,user_attrs_max_roc_auc,user_attrs_mean_average_precision,user_attrs_mean_roc_auc,user_attrs_min_roc_auc,user_attrs_policy_complete,user_attrs_policy_false_positive,user_attrs_policy_fold_metrics,user_attrs_policy_min_fold_specificity,user_attrs_policy_precision,user_attrs_policy_signals,user_attrs_policy_specificity,user_attrs_policy_specificity_std,user_attrs_policy_true_positive,user_attrs_std_roc_auc,user_attrs_threshold_selected,user_attrs_validation_metrics_weighted,state,policy_selection_rank,selected_by_policy_hierarchy
8,0.5010374617656771,2026-07-19 18:37:28.117699,2026-07-19 18:37:38.719159,0 days 00:00:10.601460,fold_weighted_ratio,0.7633699682209327,4.936025087758343,0.04026565483617951,4,7,0.5100058839739163,25,1.192801030610176e-08,0.04174694071147548,0.7282943766349034,True,"[{'events': 10344, 'positive_fraction': 0.3857308584686775, 'roc_auc': 0.4850079242803263, 'average_precision': 0.38585970850769125, 'log_loss': 0.7333982733512331, 'brier_score': 0.2697708159907022, 'threshold': 0.5, 'accuracy': 0.42797757153905647, 'balanced_accuracy': 0.48762522453442386, 'precision': 0.3780534109606379, 'sensitivity': 0.7486215538847117, 'recall': 0.7486215538847117, 'specificity': 0.22662889518413598, 'f1': 0.5023967706668909, 'mcc': -0.028364466012404686, 'tn': 1440, 'fp': 4914, 'fn': 1003, 'tp': 2987, 'model_name': 'xgboost', 'feature_set_name': 'I_full_40', 'feature_count': 40, 'numeric_feature_count': 38, 'categorical_feature_count': 2, 'fold_id': 1, 'train_events': 62717, 'validation_events': 10344, 'train_positive_fraction': 0.5022721112298101, 'validation_positive_fraction': 0.3857308584686775, 'average_uniqueness_weighting_applied': True, 'train_sample_weight_mean': 0.9999999999999998, 'train_sample_weight_min': 0.33537416646232093, 'train_sample_weight_max': 10.396599160332254, 'validation_metrics_weighted': False, 'fit_seconds': 1.3139668999938294, 'inference_seconds': 0.043307899992214516}, {'events': 10408, 'positive_fraction': 0.46666026133743277, 'roc_auc': 0.4687372119504888, 'average_precision': 0.4504294282222403, 'log_loss': 0.7059422797856266, 'brier_score': 0.2563305696076334, 'threshold': 0.5, 'accuracy': 0.46272098385857036, 'balanced_accuracy': 0.4761134024897328, 'precision': 0.4497332786212556, 'sensitivity': 0.6769610870907968, 'recall': 0.6769610870907968, 'specificity': 0.2752657178886687, 'f1': 0.5404339250493096, 'mcc': -0.05213086824180369, 'tn': 1528, 'fp': 4023, 'fn': 1569, 'tp': 3288, 'model_name': 'xgboost', 'feature_set_name': 'I_full_40', 'feature_count': 40, 'numeric_feature_count': 38, 'categorical_feature_count': 2, 'fold_id': 2, 'train_events': 73590, 'validation_events': 10408, 'train_positive_fraction': 0.4856366354124202, 'validation_positive_fraction': 0.46666026133743277, 'average_uniqueness_weighting_applied': True, 'train_sample_weight_mean': 1.0000000000000002, 'train_sample_weight_min': 0.34266121177818065, 'train_sample_weight_max': 10.622497565123911, 'validation_metrics_weighted': False, 'fit_seconds': 1.5804533000045922, 'inference_seconds': 0.038874899997608736}, {'events': 10397, 'positive_fraction': 0.7263633740502068, 'roc_auc': 0.5393878598716154, 'average_precision': 0.7713436981144347, 'log_loss': 0.7266084716634349, 'brier_score': 0.26664236117772716, 'threshold': 0.5, 'accuracy': 0.3931903433682793, 'balanced_accuracy': 0.5287313641237973, 'precision': 0.779828905898244, 'sensitivity': 0.22934322033898305, 'recall': 0.22934322033898305, 'specificity': 0.8281195079086116, 'f1': 0.3544459224393738, 'mcc': 0.06250483990738316, 'tn': 2356, 'fp': 489, 'fn': 5820, 'tp': 1732, 'model_name': 'xgboost', 'feature_set_name': 'I_full_40', 'feature_count': 40, 'numeric_feature_count': 38, 'categorical_feature_count': 2, 'fold_id': 3, 'train_events': 83825, 'validation_events': 10397, 'train_positive_fraction': 0.4746555323590814, 'validation_positive_fraction': 0.7263633740502068, 'average_uniqueness_weighting_applied': True, 'train_sample_weight_mean': 1.0, 'train_sample_weight_min': 0.3437930721380264, 'train_sample_weight_max': 10.65758523627913, 'validation_metrics_weighted': False, 'fit_seconds': 1.6524943999975221, 'inference_seconds': 0.038185400000656955}, {'events': 10319, 'positive_fraction': 0.888070549471848, 'roc_auc': 0.49934616162246015, 'average_precision': 0.8983715841434484, 'log_loss': 0.6713596333894971, 'brier_score': 0.24037733819030055, 'threshold': 0.5, 'accuracy': 0.5217559841069871, 'balanced_accuracy': 0.5026013706939066, 'precision': 0.8890524379024839, 'sensitivity': 0.5272806634657354, 'recall': 0.5272806634657354, 'specificity': 0.4779220779220779, 'f1': 0.6619631481608329, 'mcc': 0.0032853237217246927, 'tn': 552, 'fp': 603, 'fn': 4332, 'tp': 4832, 'model_name': 'xgboost', 'feature_set_name': 'I_full_40', 'feature_count': 40, 'numeric_feature_count': 38, 'categorical_feature_count': 2, 'fold_id': 4, 'train_events': 94059, 'validation_events': 10319, 'train_positive_fraction': 0.49821920284077015, 'validation_positive_fraction': 0.888070549471848, 'average_uniqueness_weighting_applied': True, 'train_sample_weight_mean': 1.0, 'train_sample_weight_min': 0.3302478543176708, 'train_sample_weight_max': 10.237683483848098, 'validation_metrics_weighted': False, 'fit_seconds': 1.8924116999987746, 'inference_seconds': 0.04147260000172537}, {'events': 10372, 'positive_fraction': 0.5071345931353645, 'roc_auc': 0.5127081511034947, 'average_precision': 0.5323919175167146, 'log_loss': 0.7134264946762655, 'brier_score': 0.25965665639095403, 'threshold': 0.5, 'accuracy': 0.4847666795217894, 'balanced_accuracy': 0.4802970123231999, 'precision': 0.4950189753320683, 'sensitivity': 0.7935361216730038, 'recall': 0.7935361216730038, 'specificity': 0.16705790297339593, 'f1': 0.609699094361671, 'mcc': -0.050522427823139406, 'tn': 854, 'fp': 4258, 'fn': 1086, 'tp': 4174, 'model_name': 'xgboost', 'feature_set_name': 'I_full_40', 'feature_count': 40, 'numeric_feature_count': 38, 'categorical_feature_count': 2, 'fold_id': 5, 'train_events': 107360, 'validation_events': 10372, 'train_positive_fraction': 0.5392883755588673, 'validation_positive_fraction': 0.5071345931353645, 'average_uniqueness_weighting_applied': True, 'train_sample_weight_mean': 1.0, 'train_sample_weight_min': 0.31837299323945095, 'train_sample_weight_max': 9.869562790423288, 'validation_metrics_weighted': False, 'fit_seconds': 2.040019599997322, 'inference_seconds': 0.038855699996929616}]",5,0.5393878598716154,0.6076792673009058,0.5010374617656771,0.4687372119504888,True,1074,"[{'fold_id': 1, 'true_positive': 230, 'false_positive': 331, 'true_negative': 6023, 'false_negative': 3760, 'signals': 561, 'events': 10344, 'dates': 92, 'precision': 0.40998217468805703, 'specificity': 0.947906830343091, 'sensitivity': 0.05764411027568922}, {'fold_id': 2, 'true_positive': 301, 'false_positive': 265, 'true_negative': 5286, 'false_negative': 4556, 'signals': 566, 'events': 10408, 'dates': 91, 'precision': 0.5318021201413428, 'specificity': 0.9522608539001982, 'sensitivity': 0.06197241095326333}, {'fold_id': 3, 'true_positive': 470, 'false_positive': 124, 'true_negative': 2721, 'false_negative': 7082, 'signals': 594, 'events': 10397, 'dates': 136, 'precision': 0.7912457912457912, 'specificity': 0.956414762741652, 'sensitivity': 0.062235169491525424}, {'fold_id': 4, 'true_positive': 550, 'false_positive': 74, 'true_negative': 1081, 'false_negative': 8614, 'signals': 624, 'events': 10319, 'dates': 231, 'precision': 0.8814102564102564, 'specificity': 0.935930735930736, 'sensitivity': 0.06001745962461807}, {'fold_id': 5, 'true_positive': 391, 'false_positive': 280, 'true_negative': 4832, 'false_negative': 4869, 'signals': 671, 'events': 10372, 'dates': 288, 'precision': 0.5827123695976155, 'specificity': 0.945226917057903, 'sensitivity': 0.07433460076045627}]",0.935930735930736,0.6438992042440318,3016,0.9488985107294096,0.006947049490159024,1942,0.02412496935043065,False,False,COMPLETE,19,False
9,0.48769567496040656,2026-07-19 18:37:38.919375,2026-07-19 18:37:52.315116,0 days 00:00:13.395741,none,0.8733316260082894,3.440082530869729,0.022732548632903242,3,10,17.074809631038708,25,9.147980456589107,0.20821487359400057,0.7911782058185849,True,"[{'events': 10344, 'positive_fraction': 0.3857308584686775, 'roc_auc': 0.4824348800865873, 'average_precision': 0.3793348447803216, 'log_loss': 0.7347360644375494, 'brier_score': 0.2705084052133401, 'threshold': 0.5, 'accuracy': 0.40226218097447797, 'balanced_accuracy': 0.47778972928070884, 'precision': 0.373134328358209, 'sensitivity': 0.8082706766917294, 'recall': 0.8082706766917294, 'specificity': 0.14730878186968838, 'f1': 0.5105675611493707, 'mcc': -0.05833235197023686, 'tn': 936, 'fp': 5418, 'fn': 765, 'tp': 3225, 'model_name': 'xgboost', 'feature_set_name': 'I_full_40', 'feature_count': 40, 'numeric_feature_count': 38, 'categorical_feature_count': 2, 'fold_id': 1, 'train_events': 62717, 'validation_events': 10344, 'train_positive_fraction': 0.5022721112298101, 'validation_positive_fraction': 0.3857308584686775, 'average_uniqueness_weighting_applied': True, 'train_sample_weight_mean': 0.9999999999999998, 'train_sample_weight_min': 0.33537416646232093, 'train_sample_weight_max': 10.396599160332254, 'validation_metrics_weighted': False, 'fit_seconds': 1.9792444999911822, 'inference_seconds': 0.049989899998763576}, {'events': 10408, 'positive_fraction': 0.46666026133743277, 'roc_auc': 0.43203451536869253, 'average_precision': 0.42302159539226253, 'log_loss': 0.7082183397829923, 'brier_score': 0.25747433036707107, 'threshold': 0.5, 'accuracy': 0.45724442736356646, 'balanced_accuracy': 0.4799240812920579, 'precision': 0.4547841973053208, 'sensitivity': 0.8200535309862055, 'recall': 0.8200535309862055, 'specificity': 0.13979463159791028, 'f1': 0.5850899742930591, 'mcc': -0.05484419255894488, 'tn': 776, 'fp': 4775, 'fn': 874, 'tp': 3983, 'model_name': 'xgboost', 'feature_set_name': 'I_full_40', 'feature_count': 40, 'numeric_feature_count': 38, 'categorical_feature_count': 2, 'fold_id': 2, 'train_events': 73590, 'validation_events': 10408, 'train_positive_fraction': 0.4856366354124202, 'validation_positive_fraction': 0.46666026133743277, 'average_uniqueness_weighting_applied': True, 'train_sample_weight_mean': 1.0000000000000002, 'train_sample_weight_min': 0.34266121177818065, 'train_sample_weight_max': 10.622497565123911, 'validation_metrics_weighted': False, 'fit_seconds': 2.0595117999910144, 'inference_seconds': 0.05034509999677539}, {'events': 10397, 'positive_fraction': 0.7263633740502068, 'roc_auc': 0.48625750740966905, 'average_precision': 0.7533363882947338, 'log_loss': 0.7074586224740586, 'brier_score': 0.2571839899673385, 'threshold': 0.5, 'accuracy': 0.4161777435798788, 'balanced_accuracy': 0.4847465306737958, 'precision': 0.7086148648648649, 'sensitivity': 0.3332891949152542, 'recall': 0.3332891949152542, 'specificity': 0.6362038664323374, 'f1': 0.453350144092219, 'mcc': -0.02867791346492221, 'tn': 1810, 'fp': 1035, 'fn': 5035, 'tp': 2517, 'model_name': 'xgboost', 'feature_set_name': 'I_full_40', 'feature_count': 40, 'numeric_feature_count': 38, 'categorical_feature_count': 2, 'fold_id': 3, 'train_events': 83825, 'validation_events': 10397, 'train_positive_fraction': 0.4746555323590814, 'validation_positive_fraction': 0.7263633740502068, 'average_uniqueness_weighting_applied': True, 'train_sample_weight_mean': 1.0, 'train_sample_weight_min': 0.3437930721380264, 'train_sample_weight_max': 10.65758523627913, 'validation_metrics_weighted': False, 'fit_seconds': 2.2036115000082646, 'inference_seconds': 0.049205500006792136}, {'events': 10319, 'positive_fraction': 0.888070549471848, 'roc_auc': 0.4996375805192915, 'average_precision': 0.9005618860465624, 'log_loss': 0.6269869724796393, 'brier_score': 0.21790414614555403, 'threshold': 0.5, 'accuracy': 0.6668281810252932, 'balanced_accuracy': 0.472669640849475, 'precision': 0.8806168572188248, 'sensitivity': 0.7228284591881274, 'recall': 0.7228284591881274, 'specificity': 0.22251082251082252, 'f1': 0.7939590075512406, 'mcc': -0.038770015009234784, 'tn': 257, 'fp': 898, 'fn': 2540, 'tp': 6624, 'model_name': 'xgboost', 'feature_set_name': 'I_full_40', 'feature_count': 40, 'numeric_feature_count': 38, 'categorical_feature_count': 2, 'fold_id': 4, 'train_events': 94059, 'validation_events': 10319, 'train_positive_fraction': 0.49821920284077015, 'validation_positive_fraction': 0.888070549471848, 'average_uniqueness_weighting_applied': True, 'train_sample_weight_mean': 1.0, 'train_sample_weight_min': 0.3302478543176708, 'train_sample_weight_max': 10.237683483848098, 'validation_metrics_weighted': False, 'fit_seconds': 2.3987861999921734, 'inference_seconds': 0.04263379999611061}, {'events': 10372, 'positive_fraction': 0.5071345931353645, 'roc_auc': 0.5381138914177928, 'average_precision': 0.5491731240493165, 'log_loss': 0.7191009205375248, 'brier_score': 0.2624772488982632, 'threshold': 0.5, 'accuracy': 0.4903586579251832, 'balanced_accuracy': 0.48360318225364013, 'precision': 0.498712106201704, 'sensitivity': 0.9570342205323193, 'recall': 0.9570342205323193, 'specificity': 0.010172143974960876, 'f1': 0.655724892536147, 'mcc': -0.10151350230855762, 'tn': 52, 'fp': 5060, 'fn': 226, 'tp': 5034, 'model_name': 'xgboost', 'feature_set_name': 'I_full_40', 'feature_count': 40, 'numeric_feature_count': 38, 'categorical_feature_count': 2, 'fold_id': 5, 'train_events': 107360, 'validation_events': 10372, 'train_positive_fraction': 0.5392883755588673, 'validation_positive_fraction': 0.5071345931353645, 'average_uniqueness_weighting_applied': True, 'train_sample_weight_mean': 1.0, 'train_sample_weight_min': 0.31837299323945095, 'train_sample_weight_max': 9.869562790423288, 'validation_metrics_weighted': False, 'fit_seconds': 2.6370545999961905, 'inference_seconds': 0.04394220000540372}]",5,0.5381138914177928,0.6010855677126393,0.48769567496040656,0.43203451536869253,True,1096,"[{'fold_id': 1, 'true_positive': 228, 'false_positive': 333, 'true_negative': 6021, 'false_negative': 3762, 'signals': 561, 'events': 10344, 'dates': 92, 'precision': 0.40641711229946526, 'specificity': 0.9475920679886686, 'sensitivity': 0.05714285714285714}, {'fold_id': 2, 'true_positive': 292, 'false_positive': 274, 'true_negative': 5277, 'false_negative': 4565, 'signals': 566, 'events': 10408, 'dates': 91, 'precision': 0.5159010600706714, 'specificity': 0.9506395244100162, 'sensitivity': 0.060119415276919906}, {'fold_id': 3, 'true_positive': 445, 'false_positive': 149, 'true_negative': 2696, 'false_negative': 7107, 'signals': 594, 'events': 10397, 'dates': 136, 'precision': 0.7491582491582491, 'specificity': 0.9476274165202109, 'sensitivity': 0.05892478813559322}, {'fold_id': 4, 'true_positive': 552, 'false_positive': 72, 'true_negative': 1083, 'false_negative': 8612, 'signals': 624, 'events': 10319, 'dates': 231, 'precision': 0.8846153846153846, 'specificity': 0.9376623376623376, 'sensitivity': 0.06023570493234395}, {'fold_id': 5, 'true_positive': 403, 'false_positive': 268, 'true_negative': 4844, 'false_negative': 4857, 'signals': 671, 'events': 10372, 'dates': 288, 'precision': 0.6005961251862891, 'specificity': 0.9475743348982786, 'sensitivity': 0.07661596958174904}]",0.9376623376623376,0.636604774535809,3016,0.9478517390683732,0.004437643334244805,1920,0.0340954971655315,False,False,COMPLETE,26,False
