number,value,datetime_start,datetime_complete,duration,params_class_weight_mode,params_colsample_bytree,params_gamma,params_learning_rate,params_max_delta_step,params_max_depth,params_min_child_weight,params_n_estimators,params_reg_alpha,params_reg_lambda,params_subsample,user_attrs_average_uniqueness_weighting,user_attrs_fold_metrics,user_attrs_folds_evaluated,user_attrs_max_roc_auc,user_attrs_mean_average_precision,user_attrs_mean_roc_auc,user_attrs_min_roc_auc,user_attrs_policy_complete,user_attrs_policy_false_positive,user_attrs_policy_fold_metrics,user_attrs_policy_min_fold_specificity,user_attrs_policy_precision,user_attrs_policy_signals,user_attrs_policy_specificity,user_attrs_policy_specificity_std,user_attrs_policy_true_positive,user_attrs_std_roc_auc,user_attrs_threshold_selected,user_attrs_validation_metrics_weighted,state,policy_selection_rank,selected_by_policy_hierarchy
2,0.5189087299815961,2026-07-19 18:35:47.746128,2026-07-19 18:35:58.970692,0 days 00:00:11.224564,fold_weighted_ratio,0.7233760882140008,3.6664444386874213,0.0181058100511422,0,3,0.5208306573476699,75,0.00013257583699858251,0.3282966167618031,0.7940840742497186,True,"[{'events': 10344, 'positive_fraction': 0.3857308584686775, 'roc_auc': 0.47592322401849757, 'average_precision': 0.38539097227449076, 'log_loss': 0.7196083676600671, 'brier_score': 0.26314751299879896, 'threshold': 0.5, 'accuracy': 0.39791183294663574, 'balanced_accuracy': 0.4705188372252634, 'precision': 0.3687851782363977, 'sensitivity': 0.7882205513784462, 'recall': 0.7882205513784462, 'specificity': 0.1528171230720806, 'f1': 0.5024764339351334, 'mcc': -0.07544025356821923, 'tn': 971, 'fp': 5383, 'fn': 845, 'tp': 3145, 'model_name': 'xgboost', 'feature_set_name': 'I_full_40', 'feature_count': 40, 'numeric_feature_count': 38, 'categorical_feature_count': 2, 'fold_id': 1, 'train_events': 62717, 'validation_events': 10344, 'train_positive_fraction': 0.5022721112298101, 'validation_positive_fraction': 0.3857308584686775, 'average_uniqueness_weighting_applied': True, 'train_sample_weight_mean': 0.9999999999999998, 'train_sample_weight_min': 0.33537416646232093, 'train_sample_weight_max': 10.396599160332254, 'validation_metrics_weighted': False, 'fit_seconds': 1.3315675999911036, 'inference_seconds': 0.04873249999945983}, {'events': 10408, 'positive_fraction': 0.46666026133743277, 'roc_auc': 0.5244662080596021, 'average_precision': 0.5158825449683184, 'log_loss': 0.6964481857238499, 'brier_score': 0.25165192506891837, 'threshold': 0.5, 'accuracy': 0.48155265180630286, 'balanced_accuracy': 0.49374213847325155, 'precision': 0.46210097032766134, 'sensitivity': 0.6765493102738316, 'recall': 0.6765493102738316, 'specificity': 0.31093496667267156, 'f1': 0.5491310160427807, 'mcc': -0.013421492006629262, 'tn': 1726, 'fp': 3825, 'fn': 1571, 'tp': 3286, 'model_name': 'xgboost', 'feature_set_name': 'I_full_40', 'feature_count': 40, 'numeric_feature_count': 38, 'categorical_feature_count': 2, 'fold_id': 2, 'train_events': 73590, 'validation_events': 10408, 'train_positive_fraction': 0.4856366354124202, 'validation_positive_fraction': 0.46666026133743277, 'average_uniqueness_weighting_applied': True, 'train_sample_weight_mean': 1.0000000000000002, 'train_sample_weight_min': 0.34266121177818065, 'train_sample_weight_max': 10.622497565123911, 'validation_metrics_weighted': False, 'fit_seconds': 1.6278156000043964, 'inference_seconds': 0.041279200013377704}, {'events': 10397, 'positive_fraction': 0.7263633740502068, 'roc_auc': 0.5273547807259242, 'average_precision': 0.7730227385094175, 'log_loss': 0.7202973604365364, 'brier_score': 0.2636241937013062, 'threshold': 0.5, 'accuracy': 0.38732326632682507, 'balanced_accuracy': 0.5446288509800126, 'precision': 0.829064587973274, 'sensitivity': 0.19716631355932204, 'recall': 0.19716631355932204, 'specificity': 0.892091388400703, 'f1': 0.3185708172871202, 'mcc': 0.10526650094968712, 'tn': 2538, 'fp': 307, 'fn': 6063, 'tp': 1489, 'model_name': 'xgboost', 'feature_set_name': 'I_full_40', 'feature_count': 40, 'numeric_feature_count': 38, 'categorical_feature_count': 2, 'fold_id': 3, 'train_events': 83825, 'validation_events': 10397, 'train_positive_fraction': 0.4746555323590814, 'validation_positive_fraction': 0.7263633740502068, 'average_uniqueness_weighting_applied': True, 'train_sample_weight_mean': 1.0, 'train_sample_weight_min': 0.3437930721380264, 'train_sample_weight_max': 10.65758523627913, 'validation_metrics_weighted': False, 'fit_seconds': 1.7862586999981431, 'inference_seconds': 0.04700880000018515}, {'events': 10319, 'positive_fraction': 0.888070549471848, 'roc_auc': 0.5320591964415622, 'average_precision': 0.9036614194487662, 'log_loss': 0.6266219536732637, 'brier_score': 0.21837076399202904, 'threshold': 0.5, 'accuracy': 0.6437639306134315, 'balanced_accuracy': 0.5096248070276879, 'precision': 0.8908831908831909, 'sensitivity': 0.682453077258839, 'recall': 0.682453077258839, 'specificity': 0.3367965367965368, 'f1': 0.7728620860108749, 'mcc': 0.013013551799429167, 'tn': 389, 'fp': 766, 'fn': 2910, 'tp': 6254, 'model_name': 'xgboost', 'feature_set_name': 'I_full_40', 'feature_count': 40, 'numeric_feature_count': 38, 'categorical_feature_count': 2, 'fold_id': 4, 'train_events': 94059, 'validation_events': 10319, 'train_positive_fraction': 0.49821920284077015, 'validation_positive_fraction': 0.888070549471848, 'average_uniqueness_weighting_applied': True, 'train_sample_weight_mean': 1.0, 'train_sample_weight_min': 0.3302478543176708, 'train_sample_weight_max': 10.237683483848098, 'validation_metrics_weighted': False, 'fit_seconds': 2.0021902000007685, 'inference_seconds': 0.04386089999752585}, {'events': 10372, 'positive_fraction': 0.5071345931353645, 'roc_auc': 0.5347402406623942, 'average_precision': 0.5766785460424276, 'log_loss': 0.7031408271755245, 'brier_score': 0.25497348143811993, 'threshold': 0.5, 'accuracy': 0.4863092942537601, 'balanced_accuracy': 0.48094002332541935, 'precision': 0.49625797930882676, 'sensitivity': 0.8572243346007604, 'recall': 0.8572243346007604, 'specificity': 0.10465571205007825, 'f1': 0.6286072772898369, 'mcc': -0.057827418420142475, 'tn': 535, 'fp': 4577, 'fn': 751, 'tp': 4509, 'model_name': 'xgboost', 'feature_set_name': 'I_full_40', 'feature_count': 40, 'numeric_feature_count': 38, 'categorical_feature_count': 2, 'fold_id': 5, 'train_events': 107360, 'validation_events': 10372, 'train_positive_fraction': 0.5392883755588673, 'validation_positive_fraction': 0.5071345931353645, 'average_uniqueness_weighting_applied': True, 'train_sample_weight_mean': 1.0, 'train_sample_weight_min': 0.31837299323945095, 'train_sample_weight_max': 9.869562790423288, 'validation_metrics_weighted': False, 'fit_seconds': 2.2876955999963684, 'inference_seconds': 0.04948820000572596}]",5,0.5347402406623942,0.6309272442486841,0.5189087299815961,0.47592322401849757,True,1080,"[{'fold_id': 1, 'true_positive': 245, 'false_positive': 316, 'true_negative': 6038, 'false_negative': 3745, 'signals': 561, 'events': 10344, 'dates': 92, 'precision': 0.43672014260249553, 'specificity': 0.950267548001259, 'sensitivity': 0.06140350877192982}, {'fold_id': 2, 'true_positive': 300, 'false_positive': 266, 'true_negative': 5285, 'false_negative': 4557, 'signals': 566, 'events': 10408, 'dates': 91, 'precision': 0.5300353356890459, 'specificity': 0.9520807061790668, 'sensitivity': 0.06176652254478073}, {'fold_id': 3, 'true_positive': 454, 'false_positive': 140, 'true_negative': 2705, 'false_negative': 7098, 'signals': 594, 'events': 10397, 'dates': 136, 'precision': 0.7643097643097643, 'specificity': 0.9507908611599297, 'sensitivity': 0.06011652542372881}, {'fold_id': 4, 'true_positive': 561, 'false_positive': 63, 'true_negative': 1092, 'false_negative': 8603, 'signals': 624, 'events': 10319, 'dates': 231, 'precision': 0.8990384615384616, 'specificity': 0.9454545454545454, 'sensitivity': 0.06121780881711043}, {'fold_id': 5, 'true_positive': 376, 'false_positive': 295, 'true_negative': 4817, 'false_negative': 4884, 'signals': 671, 'events': 10372, 'dates': 288, 'precision': 0.5603576751117735, 'specificity': 0.9422926447574335, 'sensitivity': 0.0714828897338403}]",0.9422926447574335,0.6419098143236074,3016,0.9486130275491269,0.0037007831082984267,1936,0.02178782484424629,False,False,COMPLETE,23,False
3,0.517186479349403,2026-07-19 18:35:59.186318,2026-07-19 18:36:21.886961,0 days 00:00:22.700643,none,0.7207719251177404,3.192354308975916,0.04317270489571364,2,10,0.13846355260046292,75,0.00012218118285850692,78.98592942030656,0.6568756203864206,True,"[{'events': 10344, 'positive_fraction': 0.3857308584686775, 'roc_auc': 0.49429968531653334, 'average_precision': 0.395433468728691, 'log_loss': 0.7702359460233767, 'brier_score': 0.28659908027867603, 'threshold': 0.5, 'accuracy': 0.420630317092034, 'balanced_accuracy': 0.48383600644671165, 'precision': 0.3759137653326725, 'sensitivity': 0.7604010025062656, 'recall': 0.7604010025062656, 'specificity': 0.2072710103871577, 'f1': 0.5031091949257939, 'mcc': -0.03800365140490592, 'tn': 1317, 'fp': 5037, 'fn': 956, 'tp': 3034, 'model_name': 'xgboost', 'feature_set_name': 'I_full_40', 'feature_count': 40, 'numeric_feature_count': 38, 'categorical_feature_count': 2, 'fold_id': 1, 'train_events': 62717, 'validation_events': 10344, 'train_positive_fraction': 0.5022721112298101, 'validation_positive_fraction': 0.3857308584686775, 'average_uniqueness_weighting_applied': True, 'train_sample_weight_mean': 0.9999999999999998, 'train_sample_weight_min': 0.33537416646232093, 'train_sample_weight_max': 10.396599160332254, 'validation_metrics_weighted': False, 'fit_seconds': 3.6165818000008585, 'inference_seconds': 0.0663559999957215}, {'events': 10408, 'positive_fraction': 0.46666026133743277, 'roc_auc': 0.4636640340323043, 'average_precision': 0.43182972088977384, 'log_loss': 0.7344189915037542, 'brier_score': 0.2693887945489107, 'threshold': 0.5, 'accuracy': 0.46983089930822447, 'balanced_accuracy': 0.4825472019854304, 'precision': 0.4541035967226774, 'sensitivity': 0.6732550957381099, 'recall': 0.6732550957381099, 'specificity': 0.29183930823275084, 'f1': 0.5423785038978272, 'mcc': -0.03771541042706026, 'tn': 1620, 'fp': 3931, 'fn': 1587, 'tp': 3270, 'model_name': 'xgboost', 'feature_set_name': 'I_full_40', 'feature_count': 40, 'numeric_feature_count': 38, 'categorical_feature_count': 2, 'fold_id': 2, 'train_events': 73590, 'validation_events': 10408, 'train_positive_fraction': 0.4856366354124202, 'validation_positive_fraction': 0.46666026133743277, 'average_uniqueness_weighting_applied': True, 'train_sample_weight_mean': 1.0000000000000002, 'train_sample_weight_min': 0.34266121177818065, 'train_sample_weight_max': 10.622497565123911, 'validation_metrics_weighted': False, 'fit_seconds': 3.647358299989719, 'inference_seconds': 0.05696820000594016}, {'events': 10397, 'positive_fraction': 0.7263633740502068, 'roc_auc': 0.5494864196404635, 'average_precision': 0.7835878559673215, 'log_loss': 0.7442103842702118, 'brier_score': 0.2743862824414797, 'threshold': 0.5, 'accuracy': 0.4246417235741079, 'balanced_accuracy': 0.5456710684072563, 'precision': 0.7980258162490509, 'sensitivity': 0.2783368644067797, 'recall': 0.2783368644067797, 'specificity': 0.8130052724077329, 'f1': 0.4127233457687021, 'mcc': 0.09363120544181906, 'tn': 2313, 'fp': 532, 'fn': 5450, 'tp': 2102, 'model_name': 'xgboost', 'feature_set_name': 'I_full_40', 'feature_count': 40, 'numeric_feature_count': 38, 'categorical_feature_count': 2, 'fold_id': 3, 'train_events': 83825, 'validation_events': 10397, 'train_positive_fraction': 0.4746555323590814, 'validation_positive_fraction': 0.7263633740502068, 'average_uniqueness_weighting_applied': True, 'train_sample_weight_mean': 1.0, 'train_sample_weight_min': 0.3437930721380264, 'train_sample_weight_max': 10.65758523627913, 'validation_metrics_weighted': False, 'fit_seconds': 3.9864259000023594, 'inference_seconds': 0.06787340001028497}, {'events': 10319, 'positive_fraction': 0.888070549471848, 'roc_auc': 0.5086927295024196, 'average_precision': 0.9019655051009817, 'log_loss': 0.6417918509334455, 'brier_score': 0.22741217571160446, 'threshold': 0.5, 'accuracy': 0.5764124430661886, 'balanced_accuracy': 0.4917566574266705, 'precision': 0.8853513426595916, 'sensitivity': 0.6008293321693584, 'recall': 0.6008293321693584, 'specificity': 0.3826839826839827, 'f1': 0.7158551647923032, 'mcc': -0.010622204780284292, 'tn': 442, 'fp': 713, 'fn': 3658, 'tp': 5506, 'model_name': 'xgboost', 'feature_set_name': 'I_full_40', 'feature_count': 40, 'numeric_feature_count': 38, 'categorical_feature_count': 2, 'fold_id': 4, 'train_events': 94059, 'validation_events': 10319, 'train_positive_fraction': 0.49821920284077015, 'validation_positive_fraction': 0.888070549471848, 'average_uniqueness_weighting_applied': True, 'train_sample_weight_mean': 1.0, 'train_sample_weight_min': 0.3302478543176708, 'train_sample_weight_max': 10.237683483848098, 'validation_metrics_weighted': False, 'fit_seconds': 4.415253400002257, 'inference_seconds': 0.054376899992348626}, {'events': 10372, 'positive_fraction': 0.5071345931353645, 'roc_auc': 0.5697895282552943, 'average_precision': 0.5738379301871802, 'log_loss': 0.75767716652394, 'brier_score': 0.2778552371369566, 'threshold': 0.5, 'accuracy': 0.4869841881989973, 'balanced_accuracy': 0.4806036791088738, 'precision': 0.4968944099378882, 'sensitivity': 0.9277566539923955, 'recall': 0.9277566539923955, 'specificity': 0.03345070422535211, 'f1': 0.6471719382003845, 'mcc': -0.08647369084526015, 'tn': 171, 'fp': 4941, 'fn': 380, 'tp': 4880, 'model_name': 'xgboost', 'feature_set_name': 'I_full_40', 'feature_count': 40, 'numeric_feature_count': 38, 'categorical_feature_count': 2, 'fold_id': 5, 'train_events': 107360, 'validation_events': 10372, 'train_positive_fraction': 0.5392883755588673, 'validation_positive_fraction': 0.5071345931353645, 'average_uniqueness_weighting_applied': True, 'train_sample_weight_mean': 1.0, 'train_sample_weight_min': 0.31837299323945095, 'train_sample_weight_max': 9.869562790423288, 'validation_metrics_weighted': False, 'fit_seconds': 4.7044219999952475, 'inference_seconds': 0.05488199999672361}]",5,0.5697895282552943,0.6173308961747896,0.517186479349403,0.4636640340323043,True,1075,"[{'fold_id': 1, 'true_positive': 218, 'false_positive': 343, 'true_negative': 6011, 'false_negative': 3772, 'signals': 561, 'events': 10344, 'dates': 92, 'precision': 0.38859180035650626, 'specificity': 0.9460182562165566, 'sensitivity': 0.05463659147869674}, {'fold_id': 2, 'true_positive': 289, 'false_positive': 277, 'true_negative': 5274, 'false_negative': 4568, 'signals': 566, 'events': 10408, 'dates': 91, 'precision': 0.5106007067137809, 'specificity': 0.9500990812466222, 'sensitivity': 0.0595017500514721}, {'fold_id': 3, 'true_positive': 456, 'false_positive': 138, 'true_negative': 2707, 'false_negative': 7096, 'signals': 594, 'events': 10397, 'dates': 136, 'precision': 0.7676767676767676, 'specificity': 0.951493848857645, 'sensitivity': 0.06038135593220339}, {'fold_id': 4, 'true_positive': 559, 'false_positive': 65, 'true_negative': 1090, 'false_negative': 8605, 'signals': 624, 'events': 10319, 'dates': 231, 'precision': 0.8958333333333334, 'specificity': 0.9437229437229437, 'sensitivity': 0.06099956350938455}, {'fold_id': 5, 'true_positive': 419, 'false_positive': 252, 'true_negative': 4860, 'false_negative': 4841, 'signals': 671, 'events': 10372, 'dates': 288, 'precision': 0.624441132637854, 'specificity': 0.9507042253521126, 'sensitivity': 0.07965779467680609}]",0.9437229437229437,0.6435676392572944,3016,0.9488509301993624,0.0030104981963567875,1941,0.03813389090373448,False,False,COMPLETE,20,False
